INFO:root:[-0.42, -0.14, 138.2, 3.5, 0.5, 0]
INFO:root:Scan update starts at: [-0.42, -0.14, 138.2, 3.5, 0.5, 0]
INFO:root:Start Tcounts: [7054, 99691, -52909, -12790, 102875, -26583]
INFO:root:-44.974345
INFO:root:Monitor start (loss then pos)
INFO:root:-44.974345
INFO:root:7054
INFO:root:-44.417895
INFO:root:7054
INFO:root:-44.40519
INFO:root:7054
INFO:root:-44.40671
INFO:root:7054
INFO:root:-44.40063
INFO:root:7057
INFO:root:-44.39455
INFO:root:7028
INFO:root:-44.2188
INFO:root:7013
INFO:root:-44.112895
INFO:root:6999
INFO:root:-44.00699
INFO:root:6975
INFO:root:-43.86383
INFO:root:6957
INFO:root:-43.36909
INFO:root:6844
INFO:root:-43.307204999999996
INFO:root:6813
INFO:root:-43.24532
INFO:root:6782
INFO:root:-43.11616
INFO:root:6752
INFO:root:-43.0225
INFO:root:6721
INFO:root:-42.92884
INFO:root:6692
INFO:root:-42.854195000000004
INFO:root:6661
INFO:root:-42.77955
INFO:root:6631
INFO:root:-42.65582
INFO:root:6601
INFO:root:-42.61148
INFO:root:6569
INFO:root:-42.56714
INFO:root:6539
INFO:root:-42.470535
INFO:root:6509
INFO:root:-42.37393
INFO:root:6480
INFO:root:-42.12282
INFO:root:6450
INFO:root:-41.99283
INFO:root:6419
INFO:root:-41.86284
INFO:root:6390
INFO:root:-41.52123
INFO:root:6286
INFO:root:-41.33621
INFO:root:6252
INFO:root:-41.318965000000006
INFO:root:6221
INFO:root:-41.30172
INFO:root:6191
INFO:root:-41.332350000000005
INFO:root:6161
INFO:root:-41.36298
INFO:root:6131
INFO:root:-41.4868
INFO:root:6101
INFO:root:-41.566975
INFO:root:6070
INFO:root:-41.64715
INFO:root:6040
INFO:root:-41.743635
INFO:root:6011
INFO:root:-41.84012
INFO:root:5981
INFO:root:-42.02014
INFO:root:5952
INFO:root:-42.112089999999995
INFO:root:5921
INFO:root:-42.20404
INFO:root:5891
INFO:root:-42.32264
INFO:root:5860
INFO:root:-42.44124
INFO:root:5831
INFO:root:-42.61229
INFO:root:5802
INFO:root:-42.85928
INFO:root:5687
INFO:root:-42.99639
INFO:root:5642
INFO:root:-43.079229999999995
INFO:root:5611
INFO:root:-43.16207
INFO:root:5582
INFO:root:-43.35564
INFO:root:5552
INFO:root:-43.448620000000005
INFO:root:5521
INFO:root:-43.5416
INFO:root:5492
INFO:root:-43.674985
INFO:root:5461
INFO:root:-43.80837
INFO:root:5428
INFO:root:-44.11095
INFO:root:5399
INFO:root:-44.291885
INFO:root:5369
INFO:root:-44.47282
INFO:root:5338
INFO:root:-44.69355
INFO:root:5308
INFO:root:x scan done: has max
INFO:root:-41.361295
INFO:root:Monitor start (loss then pos)
INFO:root:-41.361295
INFO:root:99691
INFO:root:-41.35846
INFO:root:99691
INFO:root:-41.3533
INFO:root:99691
INFO:root:-41.35903
INFO:root:99690
INFO:root:-41.36476
INFO:root:99681
INFO:root:-41.40061
INFO:root:99669
INFO:root:-41.43646
INFO:root:99655
INFO:root:-41.6813
INFO:root:99642
INFO:root:-42.02312
INFO:root:99625
INFO:root:-42.02312
INFO:root:99609
INFO:root:-42.41731
INFO:root:99589
INFO:root:-42.677710000000005
INFO:root:99568
INFO:root:-42.93811
INFO:root:99547
INFO:root:-43.57364
INFO:root:99523
INFO:root:y scan done: decreasing
INFO:root:Monitor start (loss then pos)
INFO:root:-43.57364
INFO:root:99547
INFO:root:-43.91347
INFO:root:99548
INFO:root:-43.85386
INFO:root:99554
INFO:root:-43.794855
INFO:root:99562
INFO:root:-43.73585
INFO:root:99572
INFO:root:-43.50447
INFO:root:99583
INFO:root:-43.50447
INFO:root:99595
INFO:root:-43.14162
INFO:root:99611
INFO:root:-42.940035
INFO:root:99628
INFO:root:-42.73845
INFO:root:99645
INFO:root:-42.2594
INFO:root:99676
INFO:root:-41.73698
INFO:root:99739
INFO:root:-41.15488
INFO:root:99772
INFO:root:-40.48352
INFO:root:99818
INFO:root:-39.68687
INFO:root:99850
INFO:root:-38.21546
INFO:root:99951
INFO:root:-37.58682
INFO:root:100001
INFO:root:-37.1635
INFO:root:100032
INFO:root:-36.74018
INFO:root:100061
INFO:root:-36.365015
INFO:root:100091
INFO:root:-35.98985
INFO:root:100123
INFO:root:-35.21572
INFO:root:100152
INFO:root:-34.84365
INFO:root:100183
INFO:root:-34.47158
INFO:root:100212
INFO:root:-34.13096
INFO:root:100242
INFO:root:-33.79034
INFO:root:100273
INFO:root:-33.14216
INFO:root:100302
INFO:root:-32.833495
INFO:root:100335
INFO:root:-32.52483
INFO:root:100365
INFO:root:-31.91758
INFO:root:100395
INFO:root:-31.91758
INFO:root:100426
INFO:root:-30.78463
INFO:root:100566
INFO:root:-29.61721
INFO:root:100600
INFO:root:-29.323365000000003
INFO:root:100631
INFO:root:-29.02952
INFO:root:100660
INFO:root:-28.729175
INFO:root:100693
INFO:root:-28.42883
INFO:root:100723
INFO:root:-27.86
INFO:root:100753
INFO:root:-27.86
INFO:root:100784
INFO:root:-27.86
INFO:root:100816
INFO:root:-26.87399
INFO:root:100845
INFO:root:-26.660895
INFO:root:100876
INFO:root:-26.4478
INFO:root:100906
INFO:root:-26.28403
INFO:root:100938
INFO:root:-26.12026
INFO:root:100967
INFO:root:-25.83124
INFO:root:100996
INFO:root:-25.692320000000002
INFO:root:101026
INFO:root:-25.284205
INFO:root:101167
INFO:root:-24.66948
INFO:root:101202
INFO:root:-24.48381
INFO:root:101232
INFO:root:-24.29814
INFO:root:101262
INFO:root:-23.88883
INFO:root:101292
INFO:root:-23.88883
INFO:root:101325
INFO:root:-23.49055
INFO:root:101357
INFO:root:-23.3191
INFO:root:101389
INFO:root:-23.14765
INFO:root:101419
INFO:root:-22.86783
INFO:root:101449
INFO:root:-22.784785
INFO:root:101479
INFO:root:-22.70174
INFO:root:101509
INFO:root:-22.63206
INFO:root:101540
INFO:root:-22.63206
INFO:root:101570
INFO:root:-22.67554
INFO:root:101599
INFO:root:-22.749685
INFO:root:101630
INFO:root:-23.162255000000002
INFO:root:101744
INFO:root:-23.43395
INFO:root:101788
INFO:root:y scan done: has max
INFO:root:Scan update ends at: [-0.46165, -0.049100000000000005, 138.2, 3.5, 0.5, 0]
INFO:root:X change: -833; Y change: 1818
INFO:root:Z optim starts at (pos then loss): 
INFO:root:[-0.46165, -0.049100000000000005, 138.2, 3.5, 0.5, 0]
INFO:root:-22.633665
INFO:root:[-0.46165, -0.049100000000000005, 138.29039999999998, 3.5, 0.5, 0]
INFO:root:-22.96452
INFO:root:[-0.46165, -0.049100000000000005, 138.38079999999997, 3.5, 0.5, 0]
INFO:root:-23.54311
INFO:root:[-0.46165, -0.049100000000000005, 138.47119999999995, 3.5, 0.5, 0]
INFO:root:-25.59762
INFO:root:[-0.46165, -0.049100000000000005, 138.56159999999994, 3.5, 0.5, 0]
INFO:root:-28.998649999999998
INFO:root:[-0.46165, -0.049100000000000005, 138.65199999999993, 3.5, 0.5, 0]
INFO:root:-35.23981
INFO:root:[-0.46165, -0.049100000000000005, 138.56139999999994, 3.5, 0.5, 0]
INFO:root:Z optim ends at: [-0.46165, -0.049100000000000005, 138.56139999999994, 3.5, 0.5, 0]
INFO:root:Scan update starts at: [-0.46165, -0.049100000000000005, 138.56139999999994, 3.5, 0.5, 0]
INFO:root:Start Tcounts: [16952, 101951, -47633, -2938, 109854, -34888]
INFO:root:-29.06332
INFO:root:Monitor start (loss then pos)
INFO:root:-29.06332
INFO:root:16952
INFO:root:-29.07278
INFO:root:16947
INFO:root:-29.07278
INFO:root:16947
INFO:root:-29.06855
INFO:root:16948
INFO:root:-29.08143
INFO:root:16950
INFO:root:-29.093989999999998
INFO:root:16931
INFO:root:-29.10655
INFO:root:16912
INFO:root:-29.52753
INFO:root:16831
INFO:root:-29.75857
INFO:root:16795
INFO:root:-29.9197
INFO:root:16771
INFO:root:-30.08083
INFO:root:16745
INFO:root:x scan done: decreasing
INFO:root:Monitor start (loss then pos)
INFO:root:-30.08083
INFO:root:16771
INFO:root:-30.42042
INFO:root:16770
INFO:root:-30.386184999999998
INFO:root:16773
INFO:root:-30.35195
INFO:root:16778
INFO:root:-30.327039999999997
INFO:root:16786
INFO:root:-30.30213
INFO:root:16796
INFO:root:-30.22214
INFO:root:16808
INFO:root:-30.16261
INFO:root:16821
INFO:root:-29.815655
INFO:root:16908
INFO:root:-29.411189999999998
INFO:root:16948
INFO:root:-29.29415
INFO:root:16976
INFO:root:-29.10143
INFO:root:17006
INFO:root:-29.06598
INFO:root:17037
INFO:root:-29.03053
INFO:root:17067
INFO:root:-29.06336
INFO:root:17098
INFO:root:-29.09619
INFO:root:17129
INFO:root:-29.26199
INFO:root:17158
INFO:root:-29.379415
INFO:root:17187
INFO:root:-29.49684
INFO:root:17216
INFO:root:-29.603655
INFO:root:17247
INFO:root:-29.71047
INFO:root:17279
INFO:root:-29.923
INFO:root:17308
INFO:root:-30.045955
INFO:root:17338
INFO:root:-30.466124999999998
INFO:root:17448
INFO:root:x scan done: has max
INFO:root:-29.02304
INFO:root:Monitor start (loss then pos)
INFO:root:-29.02304
INFO:root:101951
INFO:root:-29.00815
INFO:root:101949
INFO:root:-29.006935
INFO:root:101949
INFO:root:-29.02948
INFO:root:101948
INFO:root:-29.05324
INFO:root:101953
INFO:root:-29.145575
INFO:root:101973
INFO:root:-29.23791
INFO:root:101989
INFO:root:-29.61971
INFO:root:102005
INFO:root:-29.83994
INFO:root:102021
INFO:root:-30.06017
INFO:root:102038
INFO:root:y scan done: decreasing
INFO:root:Monitor start (loss then pos)
INFO:root:-30.06017
INFO:root:102021
INFO:root:-30.39333
INFO:root:102015
INFO:root:-30.343135
INFO:root:102011
INFO:root:-30.29294
INFO:root:102006
INFO:root:-30.17072
INFO:root:101998
INFO:root:-30.06571
INFO:root:101988
INFO:root:-29.9607
INFO:root:101977
INFO:root:-29.80628
INFO:root:101964
INFO:root:-29.460324999999997
INFO:root:101946
INFO:root:-29.26879
INFO:root:101929
INFO:root:-29.06017
INFO:root:101910
INFO:root:-28.85155
INFO:root:101890
INFO:root:-28.37597
INFO:root:101867
INFO:root:-28.097595
INFO:root:101843
INFO:root:-27.81922
INFO:root:101816
INFO:root:-27.81922
INFO:root:101789
INFO:root:-27.260514999999998
INFO:root:101759
INFO:root:-26.70181
INFO:root:101730
INFO:root:-24.14354
INFO:root:101583
INFO:root:-23.3899
INFO:root:101548
INFO:root:-22.7948
INFO:root:101505
INFO:root:-22.526764999999997
INFO:root:101468
INFO:root:-22.25873
INFO:root:101437
INFO:root:-21.76091
INFO:root:101406
INFO:root:-21.76091
INFO:root:101376
INFO:root:-21.26576
INFO:root:101345
INFO:root:-21.034045
INFO:root:101315
INFO:root:-20.80233
INFO:root:101284
INFO:root:-20.40696
INFO:root:101253
INFO:root:-20.26462
INFO:root:101220
INFO:root:-20.12228
INFO:root:101189
INFO:root:-19.98895
INFO:root:101150
INFO:root:-19.99624
INFO:root:101042
INFO:root:-20.08591
INFO:root:100993
INFO:root:-20.145135
INFO:root:100962
INFO:root:-20.20436
INFO:root:100932
INFO:root:-20.37613
INFO:root:100902
INFO:root:-20.51322
INFO:root:100871
INFO:root:-20.65031
INFO:root:100843
INFO:root:y scan done: has max
INFO:root:Scan update ends at: [-0.45740000000000003, -0.0872, 138.56139999999994, 3.5, 0.5, 0]
INFO:root:X change: 85; Y change: -762
INFO:root:Z optim starts at (pos then loss): 
INFO:root:[-0.45740000000000003, -0.0872, 138.56139999999994, 3.5, 0.5, 0]
INFO:root:-19.97339
INFO:root:[-0.45740000000000003, -0.0872, 138.64139999999995, 3.5, 0.5, 0]
INFO:root:-20.22918
INFO:root:[-0.45740000000000003, -0.0872, 138.72139999999996, 3.5, 0.5, 0]
INFO:root:-23.17419
INFO:root:[-0.45740000000000003, -0.0872, 138.80139999999997, 3.5, 0.5, 0]
INFO:root:-28.61193
INFO:root:[-0.45740000000000003, -0.0872, 138.88139999999999, 3.5, 0.5, 0]
INFO:root:-42.05192
INFO:root:[-0.45740000000000003, -0.0872, 138.80119999999997, 3.5, 0.5, 0]
INFO:root:Z optim ends at: [-0.45740000000000003, -0.0872, 138.80119999999997, 3.5, 0.5, 0]
INFO:root:Scan update starts at: [-0.45740000000000003, -0.0872, 138.80119999999997, 3.5, 0.5, 0]
INFO:root:Start Tcounts: [24264, 101482, -44731, 1699, 113913, -42481]
INFO:root:-28.31875
INFO:root:Monitor start (loss then pos)
INFO:root:-28.31875
INFO:root:24264
INFO:root:-28.30367
INFO:root:24259
INFO:root:-28.3069
INFO:root:24263
INFO:root:-28.31013
INFO:root:24269
INFO:root:-28.29499
INFO:root:24276
INFO:root:-28.143974999999998
INFO:root:24338
INFO:root:-28.00074
INFO:root:24364
INFO:root:-28.00852
INFO:root:24386
INFO:root:-28.07457
INFO:root:24407
INFO:root:-28.10996
INFO:root:24433
INFO:root:-28.14535
INFO:root:24459
INFO:root:-28.165480000000002
INFO:root:24485
INFO:root:-28.18561
INFO:root:24516
INFO:root:-28.21704
INFO:root:24546
INFO:root:-28.330175
INFO:root:24576
INFO:root:-28.44331
INFO:root:24606
INFO:root:-28.661575
INFO:root:24636
INFO:root:-28.87984
INFO:root:24667
INFO:root:-29.47351
INFO:root:24697
INFO:root:x scan done: decreasing
INFO:root:Monitor start (loss then pos)
INFO:root:-29.47351
INFO:root:24667
INFO:root:-29.87276
INFO:root:24653
INFO:root:-29.81803
INFO:root:24644
INFO:root:-29.7633
INFO:root:24635
INFO:root:-29.60044
INFO:root:24624
INFO:root:-29.494675
INFO:root:24610
INFO:root:-29.38891
INFO:root:24594
INFO:root:-29.14165
INFO:root:24576
INFO:root:-29.00883
INFO:root:24556
INFO:root:-28.87601
INFO:root:24537
INFO:root:-28.748165
INFO:root:24514
INFO:root:-28.62032
INFO:root:24489
INFO:root:-28.42876
INFO:root:24456
INFO:root:-28.398015
INFO:root:24426
INFO:root:-28.36727
INFO:root:24396
INFO:root:-28.33095
INFO:root:24366
INFO:root:-28.246650000000002
INFO:root:24263
INFO:root:-28.27892
INFO:root:24226
INFO:root:-28.39549
INFO:root:24195
INFO:root:-28.97698
INFO:root:24166
INFO:root:-29.449555
INFO:root:24136
INFO:root:x scan done: has max
INFO:root:-28.09461
INFO:root:Monitor start (loss then pos)
INFO:root:-28.09461
INFO:root:101482
INFO:root:-28.10501
INFO:root:101478
INFO:root:-28.10989
INFO:root:101478
INFO:root:-28.11477
INFO:root:101476
INFO:root:-28.1023
INFO:root:101466
INFO:root:-28.08983
INFO:root:101456
INFO:root:-27.8547
INFO:root:101446
INFO:root:-27.8547
INFO:root:101433
INFO:root:-27.8547
INFO:root:101419
INFO:root:-25.03988
INFO:root:101330
INFO:root:-23.97709
INFO:root:101291
INFO:root:-23.43801
INFO:root:101263
INFO:root:-22.89893
INFO:root:101233
INFO:root:-21.8983
INFO:root:101204
INFO:root:-21.344015
INFO:root:101173
INFO:root:-20.78973
INFO:root:101144
INFO:root:-19.66936
INFO:root:101114
INFO:root:-19.66936
INFO:root:101081
INFO:root:-18.5651
INFO:root:101051
INFO:root:-18.14543
INFO:root:101021
INFO:root:-17.72576
INFO:root:100991
INFO:root:-17.72576
INFO:root:100961
INFO:root:-17.369115
INFO:root:100931
INFO:root:-17.01247
INFO:root:100902
INFO:root:-16.810355
INFO:root:100791
INFO:root:-16.74811
INFO:root:100757
INFO:root:-16.87961
INFO:root:100727
INFO:root:-16.87961
INFO:root:100697
INFO:root:-17.2757
INFO:root:100666
INFO:root:-17.58941
INFO:root:100636
INFO:root:y scan done: has max
INFO:root:Scan update ends at: [-0.45230000000000004, -0.12175, 138.80119999999997, 3.5, 0.5, 0]
INFO:root:X change: 102; Y change: -691
INFO:root:Z optim starts at (pos then loss): 
INFO:root:[-0.45230000000000004, -0.12175, 138.80119999999997, 3.5, 0.5, 0]
INFO:root:-16.86139
INFO:root:[-0.45230000000000004, -0.12175, 138.86879999999996, 3.5, 0.5, 0]
INFO:root:-15.82571
INFO:root:[-0.45230000000000004, -0.12175, 138.93639999999996, 3.5, 0.5, 0]
INFO:root:-19.07267
INFO:root:[-0.45230000000000004, -0.12175, 139.00399999999996, 3.5, 0.5, 0]
INFO:root:-29.68264
INFO:root:[-0.45230000000000004, -0.12175, 138.93619999999996, 3.5, 0.5, 0]
INFO:root:Z optim ends at: [-0.45230000000000004, -0.12175, 138.93619999999996, 3.5, 0.5, 0]
INFO:root:Scan update starts at: [-0.45230000000000004, -0.12175, 138.93619999999996, 3.5, 0.5, 0]
INFO:root:Start Tcounts: [28474, 100956, -43138, 4072, 116168, -47059]
INFO:root:-19.09371
INFO:root:Monitor start (loss then pos)
INFO:root:-19.09371
INFO:root:28474
INFO:root:-19.06893
INFO:root:28469
INFO:root:-19.04241
INFO:root:28469
INFO:root:-19.03565
INFO:root:28456
INFO:root:-19.0568
INFO:root:28420
INFO:root:-19.0568
INFO:root:28405
INFO:root:-19.604895
INFO:root:28387
INFO:root:-20.15299
INFO:root:28369
INFO:root:x scan done: decreasing
INFO:root:Monitor start (loss then pos)
INFO:root:-20.15299
INFO:root:28387
INFO:root:-21.08491
INFO:root:28387
INFO:root:-20.983
INFO:root:28390
INFO:root:-20.88109
INFO:root:28395
INFO:root:-20.6947
INFO:root:28403
INFO:root:-20.565575000000003
INFO:root:28411
INFO:root:-20.43645
INFO:root:28422
INFO:root:-20.10641
INFO:root:28434
INFO:root:-19.41599
INFO:root:28520
INFO:root:-18.72557
INFO:root:28551
INFO:root:-18.39359
INFO:root:28581
INFO:root:-18.22101
INFO:root:28611
INFO:root:-18.261065000000002
INFO:root:28641
INFO:root:-18.30112
INFO:root:28671
INFO:root:-18.514960000000002
INFO:root:28701
INFO:root:-18.7288
INFO:root:28732
INFO:root:-19.47132
INFO:root:28761
INFO:root:x scan done: has max
INFO:root:-18.234765
INFO:root:Monitor start (loss then pos)
INFO:root:-18.234765
INFO:root:100956
INFO:root:-18.20716
INFO:root:100951
INFO:root:-18.20337
INFO:root:100951
INFO:root:-18.082794999999997
INFO:root:100922
INFO:root:-17.96222
INFO:root:100901
INFO:root:-16.79327
INFO:root:100881
INFO:root:-16.480725
INFO:root:100865
INFO:root:-16.16818
INFO:root:100845
INFO:root:-15.5245
INFO:root:100824
INFO:root:-15.19801
INFO:root:100801
INFO:root:-14.87152
INFO:root:100777
INFO:root:-14.587395
INFO:root:100752
INFO:root:-14.30327
INFO:root:100725
INFO:root:-13.89989
INFO:root:100695
INFO:root:-13.89989
INFO:root:100665
INFO:root:-13.68911
INFO:root:100635
INFO:root:-13.76203
INFO:root:100606
INFO:root:-13.83495
INFO:root:100576
INFO:root:-14.27463
INFO:root:100545
INFO:root:-15.856675
INFO:root:100397
INFO:root:y scan done: has max
INFO:root:Scan update ends at: [-0.44695, -0.1363, 138.93619999999996, 3.5, 0.5, 0]
INFO:root:X change: 107; Y change: -291
INFO:root:Z optim starts at (pos then loss): 
INFO:root:[-0.44695, -0.1363, 138.93619999999996, 3.5, 0.5, 0]
INFO:root:-13.7435
INFO:root:[-0.44695, -0.1363, 138.99099999999996, 3.5, 0.5, 0]
INFO:root:-13.15154
INFO:root:[-0.44695, -0.1363, 139.04579999999996, 3.5, 0.5, 0]
INFO:root:-17.20367
INFO:root:[-0.44695, -0.1363, 139.10059999999996, 3.5, 0.5, 0]
INFO:root:-32.81738
INFO:root:[-0.44695, -0.1363, 139.04559999999995, 3.5, 0.5, 0]
INFO:root:Z optim ends at: [-0.44695, -0.1363, 139.04559999999995, 3.5, 0.5, 0]
INFO:root:Scan update starts at: [-0.44695, -0.1363, 139.04559999999995, 3.5, 0.5, 0]
INFO:root:Start Tcounts: [31930, 100799, -41863, 6277, 117983, -50523]
INFO:root:-17.24803
INFO:root:Monitor start (loss then pos)
INFO:root:-17.24803
INFO:root:31930
INFO:root:-17.20119
INFO:root:31925
INFO:root:-17.16241
INFO:root:31948
INFO:root:-17.13117
INFO:root:31959
INFO:root:-17.05235
INFO:root:31972
INFO:root:-16.97353
INFO:root:31987
INFO:root:-16.78731
INFO:root:32005
INFO:root:-16.800645000000003
INFO:root:32025
INFO:root:-16.81398
INFO:root:32045
INFO:root:-16.95175
INFO:root:32067
INFO:root:-17.08952
INFO:root:32091
INFO:root:-17.7295
INFO:root:32117
INFO:root:x scan done: has max
INFO:root:-16.71767
INFO:root:Monitor start (loss then pos)
INFO:root:-16.71767
INFO:root:100799
INFO:root:-16.70853
INFO:root:100786
INFO:root:-16.64041
INFO:root:100766
INFO:root:-15.74297
INFO:root:100754
INFO:root:-15.155165
INFO:root:100740
INFO:root:-14.56736
INFO:root:100725
INFO:root:-14.019475
INFO:root:100707
INFO:root:-13.47159
INFO:root:100689
INFO:root:-12.40728
INFO:root:100668
INFO:root:-11.93069
INFO:root:100646
INFO:root:-11.4541
INFO:root:100622
INFO:root:-11.06345
INFO:root:100596
INFO:root:-10.6728
INFO:root:100568
INFO:root:-10.25389
INFO:root:100537
INFO:root:-10.3415
INFO:root:100507
INFO:root:-10.42911
INFO:root:100477
INFO:root:-11.24149
INFO:root:100446
INFO:root:y scan done: has max
INFO:root:Scan update ends at: [-0.4441, -0.14785, 139.04559999999995, 3.5, 0.5, 0]
INFO:root:X change: 57; Y change: -231
INFO:root:Z optim starts at (pos then loss): 
INFO:root:[-0.4441, -0.14785, 139.04559999999995, 3.5, 0.5, 0]
INFO:root:-10.2575
INFO:root:[-0.4441, -0.14785, 139.06619999999995, 3.5, 0.5, 0]
INFO:root:-9.631034
INFO:root:[-0.4441, -0.14785, 139.08679999999995, 3.5, 0.5, 0]
INFO:root:-9.7027125
INFO:root:[-0.4441, -0.14785, 139.10739999999996, 3.5, 0.5, 0]
INFO:root:-11.4463
INFO:root:[-0.4441, -0.14785, 139.08659999999995, 3.5, 0.5, 0]
INFO:root:Z optim ends at: [-0.4441, -0.14785, 139.08659999999995, 3.5, 0.5, 0]
INFO:root:Scan update starts at: [-0.4441, -0.14785, 139.08659999999995, 3.5, 0.5, 0]
INFO:root:Start Tcounts: [33247, 100618, -41400, 6984, 118650, -51948]
INFO:root:-9.717449
INFO:root:Monitor start (loss then pos)
INFO:root:-9.717449
INFO:root:33247
INFO:root:-9.7195045
INFO:root:33243
INFO:root:-9.72156
INFO:root:33246
INFO:root:-9.728335
INFO:root:33252
INFO:root:-9.727491
INFO:root:33273
INFO:root:-9.730396
INFO:root:33288
INFO:root:-9.760478
INFO:root:33303
INFO:root:-9.908529000000001
INFO:root:33321
INFO:root:-10.05658
INFO:root:33339
INFO:root:x scan done: decreasing
INFO:root:Monitor start (loss then pos)
INFO:root:-10.05658
INFO:root:33321
INFO:root:-10.63382
INFO:root:33316
INFO:root:-10.526655
INFO:root:33313
INFO:root:-10.41949
INFO:root:33307
INFO:root:-10.28119
INFO:root:33300
INFO:root:-10.28119
INFO:root:33291
INFO:root:-10.08733
INFO:root:33281
INFO:root:-9.987194500000001
INFO:root:33269
INFO:root:-9.887059
INFO:root:33255
INFO:root:-9.740956
INFO:root:33239
INFO:root:-9.755737
INFO:root:33190
INFO:root:-10.11238
INFO:root:33155
INFO:root:-11.03293
INFO:root:33129
INFO:root:x scan done: has max
INFO:root:-9.770620000000001
INFO:root:Monitor start (loss then pos)
INFO:root:-9.770620000000001
INFO:root:100618
INFO:root:-9.764185999999999
INFO:root:100615
INFO:root:-9.764489
INFO:root:100615
INFO:root:-9.761291
INFO:root:100615
INFO:root:-9.7531005
INFO:root:100603
INFO:root:-9.74491
INFO:root:100589
INFO:root:-9.382834
INFO:root:100575
INFO:root:-9.382834
INFO:root:100561
INFO:root:-8.8079
INFO:root:100499
INFO:root:-8.8706435
INFO:root:100463
INFO:root:-9.048903
INFO:root:100438
INFO:root:-9.5469315
INFO:root:100412
INFO:root:y scan done: has max
INFO:root:Scan update ends at: [-0.4437, -0.1507, 139.08659999999995, 3.5, 0.5, 0]
INFO:root:X change: 8; Y change: -57
INFO:root:Z optim starts at (pos then loss): 
INFO:root:[-0.4437, -0.1507, 139.08659999999995, 3.5, 0.5, 0]
INFO:root:-8.756375
INFO:root:[-0.4437, -0.1507, 139.10419999999993, 3.5, 0.5, 0]
INFO:root:-8.571304
INFO:root:[-0.4437, -0.1507, 139.12179999999992, 3.5, 0.5, 0]
INFO:root:-9.499894
INFO:root:[-0.4437, -0.1507, 139.10399999999993, 3.5, 0.5, 0]
INFO:root:Z optim ends at: [-0.4437, -0.1507, 139.10399999999993, 3.5, 0.5, 0]
INFO:root:Scan update starts at: [-0.4437, -0.1507, 139.10399999999993, 3.5, 0.5, 0]
INFO:root:Start Tcounts: [33790, 100583, -41188, 7326, 118950, -52512]
INFO:root:-8.666407
INFO:root:Monitor start (loss then pos)
INFO:root:-8.666407
INFO:root:33790
INFO:root:-8.634076
INFO:root:33786
INFO:root:-8.62811
INFO:root:33786
INFO:root:-8.622144
INFO:root:33787
INFO:root:-8.633638
INFO:root:33791
INFO:root:-8.6514005
INFO:root:33766
INFO:root:-9.001083999999999
INFO:root:33714
INFO:root:-9.333005
INFO:root:33692
INFO:root:x scan done: decreasing
INFO:root:Monitor start (loss then pos)
INFO:root:-9.333005
INFO:root:33714
INFO:root:-10.72732
INFO:root:33714
INFO:root:-10.44007
INFO:root:33717
INFO:root:-10.44007
INFO:root:33722
INFO:root:-10.10014
INFO:root:33729
INFO:root:-9.932798
INFO:root:33738
INFO:root:-9.765456
INFO:root:33748
INFO:root:-9.366546
INFO:root:33761
INFO:root:-9.366546
INFO:root:33775
INFO:root:-8.983178
INFO:root:33791
INFO:root:-8.8435865
INFO:root:33808
INFO:root:-8.703995
INFO:root:33826
INFO:root:-8.645533
INFO:root:33848
INFO:root:-9.050945
INFO:root:33909
INFO:root:-10.23264
INFO:root:33943
INFO:root:x scan done: has max
INFO:root:-8.750984
INFO:root:Monitor start (loss then pos)
INFO:root:-8.750984
INFO:root:100583
INFO:root:-8.747648
INFO:root:100579
INFO:root:-8.745386
INFO:root:100579
INFO:root:-8.743124
INFO:root:100577
INFO:root:-8.650396
INFO:root:100560
INFO:root:-8.4726815
INFO:root:100546
INFO:root:-8.294967
INFO:root:100532
INFO:root:-8.036763
INFO:root:100517
INFO:root:-7.997522
INFO:root:100497
INFO:root:-8.600715
INFO:root:100424
INFO:root:-9.7254575
INFO:root:100386
INFO:root:y scan done: has max
INFO:root:Scan update ends at: [-0.44189999999999996, -0.154, 139.10399999999993, 3.5, 0.5, 0]
INFO:root:X change: 36; Y change: -66
INFO:root:Z optim starts at (pos then loss): 
INFO:root:[-0.44189999999999996, -0.154, 139.10399999999993, 3.5, 0.5, 0]
INFO:root:-7.964983999999999
INFO:root:[-0.44189999999999996, -0.154, 139.11999999999992, 3.5, 0.5, 0]
INFO:root:-7.234908
INFO:root:[-0.44189999999999996, -0.154, 139.1359999999999, 3.5, 0.5, 0]
INFO:root:-7.37501
INFO:root:[-0.44189999999999996, -0.154, 139.1197999999999, 3.5, 0.5, 0]
INFO:root:Z optim ends at: [-0.44189999999999996, -0.154, 139.1197999999999, 3.5, 0.5, 0]
INFO:root:Scan update starts at: [-0.44189999999999996, -0.154, 139.1197999999999, 3.5, 0.5, 0]
INFO:root:Start Tcounts: [34313, 100536, -41023, 7622, 119193, -53040]
INFO:root:-7.289045
INFO:root:Monitor start (loss then pos)
INFO:root:-7.289045
INFO:root:34313
INFO:root:-7.29344
INFO:root:34309
INFO:root:-7.2968035
INFO:root:34311
INFO:root:-7.300167
INFO:root:34317
INFO:root:-7.672254
INFO:root:34351
INFO:root:-7.840367
INFO:root:34365
INFO:root:x scan done: decreasing
INFO:root:Monitor start (loss then pos)
INFO:root:-7.840367
INFO:root:34351
INFO:root:-8.552408
INFO:root:34346
INFO:root:-8.371606
INFO:root:34343
INFO:root:-8.190804
INFO:root:34337
INFO:root:-7.986519
INFO:root:34330
INFO:root:-7.850538500000001
INFO:root:34320
INFO:root:-7.714558
INFO:root:34309
INFO:root:-7.430362
INFO:root:34297
INFO:root:-7.430362
INFO:root:34282
INFO:root:-7.251416
INFO:root:34265
INFO:root:-7.293838
INFO:root:34247
INFO:root:-7.33626
INFO:root:34227
INFO:root:-10.146936
INFO:root:34137
INFO:root:-11.26819
INFO:root:34101
INFO:root:x scan done: has max
INFO:root:-7.300859
INFO:root:Monitor start (loss then pos)
INFO:root:-7.300859
INFO:root:100536
INFO:root:-7.280729
INFO:root:100532
INFO:root:-7.280729
INFO:root:100532
INFO:root:-7.278511
INFO:root:100532
INFO:root:-7.2615099999999995
INFO:root:100517
INFO:root:-7.244509
INFO:root:100506
INFO:root:-7.1550355
INFO:root:100494
INFO:root:-7.065562
INFO:root:100481
INFO:root:-7.092637
INFO:root:100466
INFO:root:-8.172152
INFO:root:100368
INFO:root:-11.08173
INFO:root:100339
INFO:root:y scan done: has max
INFO:root:Scan update ends at: [-0.44344999999999996, -0.1561, 139.1197999999999, 3.5, 0.5, 0]
INFO:root:X change: -31; Y change: -42
INFO:root:Z optim starts at (pos then loss): 
INFO:root:[-0.44344999999999996, -0.1561, 139.1197999999999, 3.5, 0.5, 0]
INFO:root:-7.104298
INFO:root:[-0.44344999999999996, -0.1561, 139.1339999999999, 3.5, 0.5, 0]
INFO:root:-6.398225
INFO:root:[-0.44344999999999996, -0.1561, 139.1481999999999, 3.5, 0.5, 0]
INFO:root:-6.4837945
INFO:root:[-0.44344999999999996, -0.1561, 139.1337999999999, 3.5, 0.5, 0]
INFO:root:Z optim ends at: [-0.44344999999999996, -0.1561, 139.1337999999999, 3.5, 0.5, 0]
INFO:root:Scan update starts at: [-0.44344999999999996, -0.1561, 139.1337999999999, 3.5, 0.5, 0]
INFO:root:Start Tcounts: [34713, 100511, -40814, 7901, 119472, -53491]
INFO:root:-6.396142
INFO:root:Monitor start (loss then pos)
INFO:root:-6.396142
INFO:root:34713
INFO:root:-6.404638
INFO:root:34708
INFO:root:-6.4086055
INFO:root:34707
INFO:root:-6.412573
INFO:root:34701
INFO:root:-6.44139
INFO:root:34694
INFO:root:-6.44139
INFO:root:34686
INFO:root:-6.58458
INFO:root:34674
INFO:root:-6.743189
INFO:root:34661
INFO:root:x scan done: decreasing
INFO:root:Monitor start (loss then pos)
INFO:root:-6.743189
INFO:root:34674
INFO:root:-7.449588
INFO:root:34671
INFO:root:-7.400124
INFO:root:34675
INFO:root:-7.3211825
INFO:root:34681
INFO:root:-7.242241
INFO:root:34689
INFO:root:-7.075561
INFO:root:34697
INFO:root:-6.8749845
INFO:root:34708
INFO:root:-6.4169295
INFO:root:34759
INFO:root:-6.409946
INFO:root:34778
INFO:root:-6.804483
INFO:root:34799
INFO:root:-7.3199885
INFO:root:34822
INFO:root:x scan done: has max
INFO:root:-6.755888
INFO:root:Monitor start (loss then pos)
INFO:root:-6.755888
INFO:root:100511
INFO:root:-6.731245
INFO:root:100508
INFO:root:-6.722706
INFO:root:100508
INFO:root:-6.722706
INFO:root:100508
INFO:root:-6.69849
INFO:root:100496
INFO:root:-6.6802015
INFO:root:100482
INFO:root:-6.661913
INFO:root:100470
INFO:root:-6.897645499999999
INFO:root:100434
INFO:root:-7.4265845
INFO:root:100409
INFO:root:y scan done: has max
INFO:root:Scan update ends at: [-0.44114999999999993, -0.15755, 139.1337999999999, 3.5, 0.5, 0]
INFO:root:X change: 46; Y change: -29
INFO:root:Z optim starts at (pos then loss): 
INFO:root:[-0.44114999999999993, -0.15755, 139.1337999999999, 3.5, 0.5, 0]
INFO:root:-6.727710999999999
INFO:root:[-0.44114999999999993, -0.15755, 139.14719999999988, 3.5, 0.5, 0]
INFO:root:-5.8415245
INFO:root:[-0.44114999999999993, -0.15755, 139.16059999999987, 3.5, 0.5, 0]
INFO:root:-5.915808
INFO:root:[-0.44114999999999993, -0.15755, 139.17399999999986, 3.5, 0.5, 0]
INFO:root:-7.222049
INFO:root:[-0.44114999999999993, -0.15755, 139.16039999999987, 3.5, 0.5, 0]
INFO:root:Z optim ends at: [-0.44114999999999993, -0.15755, 139.16039999999987, 3.5, 0.5, 0]
INFO:root:Scan update starts at: [-0.44114999999999993, -0.15755, 139.16039999999987, 3.5, 0.5, 0]
INFO:root:Start Tcounts: [35580, 100515, -40522, 8483, 119898, -54298]
INFO:root:-6.115927
INFO:root:Monitor start (loss then pos)
INFO:root:-6.115927
INFO:root:35580
INFO:root:-6.118933
INFO:root:35585
INFO:root:-6.187685
INFO:root:35593
INFO:root:-6.269024
INFO:root:35605
INFO:root:-6.580544
INFO:root:35619
INFO:root:x scan done: decreasing
INFO:root:Monitor start (loss then pos)
INFO:root:-6.580544
INFO:root:35605
INFO:root:-7.626748
INFO:root:35600
INFO:root:-7.143603
INFO:root:35597
INFO:root:-6.944324
INFO:root:35592
INFO:root:-6.745045
INFO:root:35585
INFO:root:-6.5548865
INFO:root:35576
INFO:root:-6.364728
INFO:root:35565
INFO:root:-5.984651
INFO:root:35551
INFO:root:-5.848414
INFO:root:35536
INFO:root:-5.712177
INFO:root:35519
INFO:root:-6.547773
INFO:root:35442
INFO:root:-6.547773
INFO:root:35409
INFO:root:-12.05899
INFO:root:35381
INFO:root:x scan done: has max
INFO:root:-5.92417
INFO:root:Monitor start (loss then pos)
INFO:root:-5.92417
INFO:root:100515
INFO:root:-5.908943000000001
INFO:root:100512
INFO:root:-5.893716
INFO:root:100512
INFO:root:-5.882716
INFO:root:100508
INFO:root:-5.840579
INFO:root:100495
INFO:root:-5.798442
INFO:root:100485
INFO:root:-5.425294
INFO:root:100473
INFO:root:-5.241251500000001
INFO:root:100460
INFO:root:-5.3968215
INFO:root:100401
INFO:root:-5.699221
INFO:root:100374
INFO:root:y scan done: has max
INFO:root:Scan update ends at: [-0.4433499999999999, -0.15965, 139.16039999999987, 3.5, 0.5, 0]
INFO:root:X change: -44; Y change: -42
INFO:root:Z optim starts at (pos then loss): 
INFO:root:[-0.4433499999999999, -0.15965, 139.16039999999987, 3.5, 0.5, 0]
INFO:root:-5.016778
INFO:root:[-0.4433499999999999, -0.15965, 139.17039999999986, 3.5, 0.5, 0]
INFO:root:-4.767282
INFO:root:[-0.4433499999999999, -0.15965, 139.18039999999985, 3.5, 0.5, 0]
INFO:root:-5.233425
INFO:root:[-0.4433499999999999, -0.15965, 139.17019999999985, 3.5, 0.5, 0]
INFO:root:Z optim ends at: [-0.4433499999999999, -0.15965, 139.17019999999985, 3.5, 0.5, 0]
INFO:root:Scan update starts at: [-0.4433499999999999, -0.15965, 139.17019999999985, 3.5, 0.5, 0]
INFO:root:Start Tcounts: [35839, 100485, -40353, 8667, 120116, -54628]
INFO:root:-4.743264
INFO:root:Monitor start (loss then pos)
INFO:root:-4.743264
INFO:root:35839
INFO:root:-4.750419
INFO:root:35834
INFO:root:-4.7526150000000005
INFO:root:35833
INFO:root:-4.754811
INFO:root:35824
INFO:root:-4.858963
INFO:root:35817
INFO:root:-5.019559
INFO:root:35806
INFO:root:x scan done: decreasing
INFO:root:Monitor start (loss then pos)
INFO:root:-5.019559
INFO:root:35817
INFO:root:-5.650237
INFO:root:35819
INFO:root:-5.5265094999999995
INFO:root:35825
INFO:root:-5.402782
INFO:root:35832
INFO:root:-5.242212
INFO:root:35841
INFO:root:-5.029041
INFO:root:35852
INFO:root:-4.81587
INFO:root:35864
INFO:root:-4.583557
INFO:root:35878
INFO:root:-4.583557
INFO:root:35895
INFO:root:-4.804681
INFO:root:35912
INFO:root:-5.2854175
INFO:root:35932
INFO:root:x scan done: has max
INFO:root:-4.550286
INFO:root:Monitor start (loss then pos)
INFO:root:-4.550286
INFO:root:100485
INFO:root:-4.5568935
INFO:root:100481
INFO:root:-4.561187
INFO:root:100469
INFO:root:-4.461264
INFO:root:100454
INFO:root:-4.3556255
INFO:root:100439
INFO:root:-4.249987
INFO:root:100425
INFO:root:-4.427226
INFO:root:100409
INFO:root:-4.8183055
INFO:root:100392
INFO:root:y scan done: has max
INFO:root:Scan update ends at: [-0.44209999999999994, -0.16194999999999998, 139.17019999999985, 3.5, 0.5, 0]
INFO:root:X change: 25; Y change: -46
INFO:root:Z optim starts at (pos then loss): 
INFO:root:[-0.44209999999999994, -0.16194999999999998, 139.17019999999985, 3.5, 0.5, 0]
INFO:root:-4.481749
INFO:root:[-0.44209999999999994, -0.16194999999999998, 139.17919999999984, 3.5, 0.5, 0]
INFO:root:-3.645279
INFO:root:[-0.44209999999999994, -0.16194999999999998, 139.18819999999982, 3.5, 0.5, 0]
INFO:root:-3.192468
INFO:root:[-0.44209999999999994, -0.16194999999999998, 139.1971999999998, 3.5, 0.5, 0]
INFO:root:-3.823233
INFO:root:[-0.44209999999999994, -0.16194999999999998, 139.18799999999982, 3.5, 0.5, 0]
INFO:root:Z optim ends at: [-0.44209999999999994, -0.16194999999999998, 139.18799999999982, 3.5, 0.5, 0]
INFO:root:Scan update starts at: [-0.44209999999999994, -0.16194999999999998, 139.18799999999982, 3.5, 0.5, 0]
INFO:root:Start Tcounts: [36414, 100460, -40151, 9030, 120407, -55195]
INFO:root:Start Xstep (loss then pos)
INFO:root:-3.254568
INFO:root:36414
INFO:root:-3.388579
INFO:root:36424
INFO:root:Change direction
INFO:root:-3.312668
INFO:root:36404
INFO:root:-3.730156
INFO:root:36394
INFO:root:Over
INFO:root:Start Ystep (loss then pos)
INFO:root:-3.210428
INFO:root:100460
INFO:root:-3.029157
INFO:root:100450
INFO:root:-3.009769
INFO:root:100440
INFO:root:-3.1886185
INFO:root:100430
INFO:root:Over
INFO:root:Scan update ends at: [-0.44259999999999994, -0.16294999999999998, 139.18799999999982, 3.5, 0.5, 0]
INFO:root:X change: -10; Y change: -20
INFO:root:Z optim starts at (pos then loss): 
INFO:root:[-0.44259999999999994, -0.16294999999999998, 139.18799999999982, 3.5, 0.5, 0]
INFO:root:-3.0501945
INFO:root:[-0.44259999999999994, -0.16294999999999998, 139.19264999999982, 3.5, 0.5, 0]
INFO:root:-2.944535
INFO:root:[-0.44259999999999994, -0.16294999999999998, 139.1972999999998, 3.5, 0.5, 0]
INFO:root:-2.6695105000000003
INFO:root:[-0.44259999999999994, -0.16294999999999998, 139.2019499999998, 3.5, 0.5, 0]
INFO:root:-3.2219175
INFO:root:[-0.44259999999999994, -0.16294999999999998, 139.1970999999998, 3.5, 0.5, 0]
INFO:root:Z optim ends at: [-0.44259999999999994, -0.16294999999999998, 139.1970999999998, 3.5, 0.5, 0]
INFO:root:Scan update starts at: [-0.44259999999999994, -0.16294999999999998, 139.1970999999998, 3.5, 0.5, 0]
INFO:root:Start Tcounts: [36686, 100451, -40026, 9219, 120578, -55482]
INFO:root:Start Xstep (loss then pos)
INFO:root:-2.6856644999999997
INFO:root:36686
INFO:root:-3.327955
INFO:root:36676
INFO:root:Change direction
INFO:root:-2.6903259999999998
INFO:root:36696
INFO:root:-2.8515505
INFO:root:36706
INFO:root:Over
INFO:root:Start Ystep (loss then pos)
INFO:root:-2.685583
INFO:root:100451
INFO:root:-2.4965995000000003
INFO:root:100441
INFO:root:-2.3501849999999997
INFO:root:100431
INFO:root:-2.4260289999999998
INFO:root:100421
INFO:root:Over
INFO:root:Scan update ends at: [-0.44209999999999994, -0.16394999999999998, 139.1970999999998, 3.5, 0.5, 0]
INFO:root:X change: 10; Y change: -20
INFO:root:Z optim starts at (pos then loss): 
INFO:root:[-0.44209999999999994, -0.16394999999999998, 139.1970999999998, 3.5, 0.5, 0]
INFO:root:-2.3513865
INFO:root:[-0.44209999999999994, -0.16394999999999998, 139.2006999999998, 3.5, 0.5, 0]
INFO:root:-2.1902134999999996
INFO:root:[-0.44209999999999994, -0.16394999999999998, 139.20429999999982, 3.5, 0.5, 0]
INFO:root:-1.9350925
INFO:root:[-0.44209999999999994, -0.16394999999999998, 139.20789999999982, 3.5, 0.5, 0]
INFO:root:-2.26377
INFO:root:[-0.44209999999999994, -0.16394999999999998, 139.2040999999998, 3.5, 0.5, 0]
INFO:root:Z optim ends at: [-0.44209999999999994, -0.16394999999999998, 139.2040999999998, 3.5, 0.5, 0]
INFO:root:Change to Final_adjust
INFO:root:Scan update starts at: [-0.44209999999999994, -0.16394999999999998, 139.2040999999998, 3.5, 0.5, 0]
INFO:root:Start Tcounts: [36912, 100440, -39946, 9361, 120693, -55708]
INFO:root:Start Xstep (loss then pos)
INFO:root:-1.98882
INFO:root:36912
INFO:root:-2.0356195
INFO:root:36915
INFO:root:Change direction
INFO:root:-2.102183
INFO:root:36909
INFO:root:Over
INFO:root:Start Ystep (loss then pos)
INFO:root:-2.037635
INFO:root:100440
INFO:root:-1.987817
INFO:root:100437
INFO:root:-1.922192
INFO:root:100434
INFO:root:-1.883008
INFO:root:100431
INFO:root:-1.85368
INFO:root:100428
INFO:root:-1.853152
INFO:root:100425
INFO:root:-1.8542945
INFO:root:100422
INFO:root:-1.889458
INFO:root:100419
INFO:root:Over
INFO:root:Scan update ends at: [-0.44204999999999994, -0.16485, 139.2040999999998, 3.5, 0.5, 0]
INFO:root:X change: 1; Y change: -18
INFO:root:Change to Final_adjust
INFO:root:Z optim starts at (pos then loss): 
INFO:root:[-0.44204999999999994, -0.16485, 139.2040999999998, 3.5, 0.5, 0]
INFO:root:-1.859301
INFO:root:[-0.44204999999999994, -0.16485, 139.20637999999983, 3.5, 0.5, 0]
INFO:root:-1.70955
INFO:root:[-0.44204999999999994, -0.16485, 139.20865999999984, 3.5, 0.5, 0]
INFO:root:-1.586612
INFO:root:[-0.44204999999999994, -0.16485, 139.21093999999985, 3.5, 0.5, 0]
INFO:root:-1.468052
INFO:root:[-0.44204999999999994, -0.16485, 139.21321999999986, 3.5, 0.5, 0]
INFO:root:-1.398169
INFO:root:[-0.44204999999999994, -0.16485, 139.21549999999988, 3.5, 0.5, 0]
INFO:root:-1.4770645
INFO:root:[-0.44204999999999994, -0.16485, 139.21301999999986, 3.5, 0.5, 0]
INFO:root:Z optim ends at: [-0.44204999999999994, -0.16485, 139.21301999999986, 3.5, 0.5, 0]
INFO:root:Change to Final_adjust
INFO:root:Scan update starts at: [-0.44204999999999994, -0.16485, 139.21301999999986, 3.5, 0.5, 0]
INFO:root:Start Tcounts: [37189, 100433, -39834, 9548, 120851, -55988]
INFO:root:Start Xstep (loss then pos)
INFO:root:-1.419878
INFO:root:37189
INFO:root:-1.444897
INFO:root:37186
INFO:root:Change direction
INFO:root:-1.443166
INFO:root:37192
INFO:root:-1.429715
INFO:root:37195
INFO:root:-1.536246
INFO:root:37198
INFO:root:Over
INFO:root:Start Ystep (loss then pos)
INFO:root:-1.425327
INFO:root:100433
INFO:root:-1.411919
INFO:root:100430
INFO:root:-1.337076
INFO:root:100427
INFO:root:-1.287781
INFO:root:100424
INFO:root:-1.282417
INFO:root:100421
INFO:root:-1.2827790000000001
INFO:root:100418
INFO:root:-1.3194995
INFO:root:100415
INFO:root:Over
INFO:root:Scan update ends at: [-0.4417499999999999, -0.1656, 139.21301999999986, 3.5, 0.5, 0]
INFO:root:X change: 6; Y change: -15
INFO:root:Change to Final_adjust
INFO:root:Z optim starts at (pos then loss): 
INFO:root:[-0.4417499999999999, -0.1656, 139.21301999999986, 3.5, 0.5, 0]
INFO:root:-1.283782
INFO:root:[-0.4417499999999999, -0.1656, 139.21457999999987, 3.5, 0.5, 0]
INFO:root:-1.235873
INFO:root:[-0.4417499999999999, -0.1656, 139.21613999999988, 3.5, 0.5, 0]
INFO:root:-1.148727
INFO:root:[-0.4417499999999999, -0.1656, 139.2176999999999, 3.5, 0.5, 0]
INFO:root:-1.109205
INFO:root:[-0.4417499999999999, -0.1656, 139.2192599999999, 3.5, 0.5, 0]
INFO:root:-1.0781239999999999
INFO:root:[-0.4417499999999999, -0.1656, 139.22081999999992, 3.5, 0.5, 0]
INFO:root:-1.124709
INFO:root:[-0.4417499999999999, -0.1656, 139.2190599999999, 3.5, 0.5, 0]
INFO:root:Z optim ends at: [-0.4417499999999999, -0.1656, 139.2190599999999, 3.5, 0.5, 0]
INFO:root:Change to Final_adjust
INFO:root:Scan update starts at: [-0.4417499999999999, -0.1656, 139.2190599999999, 3.5, 0.5, 0]
INFO:root:Start Tcounts: [37382, 100425, -39762, 9672, 120952, -56180]
INFO:root:Start Xstep (loss then pos)
INFO:root:-1.0252985
INFO:root:37382
INFO:root:-1.136229
INFO:root:37385
INFO:root:Change direction
INFO:root:-1.0511295
INFO:root:37379
INFO:root:-1.080334
INFO:root:37376
INFO:root:Over
INFO:root:Start Ystep (loss then pos)
INFO:root:-1.0646689999999999
INFO:root:100425
INFO:root:-0.990575
INFO:root:100422
INFO:root:-0.9406273
INFO:root:100419
INFO:root:-0.91877065
INFO:root:100416
INFO:root:-0.9164235000000001
INFO:root:100413
INFO:root:-0.9306823
INFO:root:100410
INFO:root:Over
INFO:root:Scan update ends at: [-0.4418999999999999, -0.1662, 139.2190599999999, 3.5, 0.5, 0]
INFO:root:X change: -3; Y change: -12
INFO:root:Change to Final_adjust
INFO:root:Z optim starts at (pos then loss): 
INFO:root:[-0.4418999999999999, -0.1662, 139.2190599999999, 3.5, 0.5, 0]
INFO:root:-0.9171023
INFO:root:[-0.4418999999999999, -0.1662, 139.2205599999999, 3.5, 0.5, 0]
INFO:root:-0.8465393
INFO:root:[-0.4418999999999999, -0.1662, 139.22205999999989, 3.5, 0.5, 0]
INFO:root:-0.7859249
INFO:root:[-0.4418999999999999, -0.1662, 139.22355999999988, 3.5, 0.5, 0]
INFO:root:-0.7786421
INFO:root:[-0.4418999999999999, -0.1662, 139.22505999999987, 3.5, 0.5, 0]
INFO:root:-0.7787293
INFO:root:[-0.4418999999999999, -0.1662, 139.22655999999986, 3.5, 0.5, 0]
INFO:root:-0.8645232
INFO:root:[-0.4418999999999999, -0.1662, 139.22485999999986, 3.5, 0.5, 0]
INFO:root:Z optim ends at: [-0.4418999999999999, -0.1662, 139.22485999999986, 3.5, 0.5, 0]
INFO:root:Change to Final_adjust
INFO:root:Scan update starts at: [-0.4418999999999999, -0.1662, 139.22485999999986, 3.5, 0.5, 0]
INFO:root:Start Tcounts: [37559, 100420, -39685, 9794, 121058, -56363]
INFO:root:Start Xstep (loss then pos)
INFO:root:-0.79843185
INFO:root:37559
INFO:root:-0.8176549
INFO:root:37556
INFO:root:Change direction
INFO:root:-0.83701765
INFO:root:37562
INFO:root:Over
INFO:root:Start Ystep (loss then pos)
INFO:root:-0.811232
INFO:root:100420
INFO:root:-0.7451876
INFO:root:100417
INFO:root:-0.7187701
INFO:root:100414
INFO:root:-0.6539108
INFO:root:100411
INFO:root:-0.6460681500000001
INFO:root:100408
INFO:root:-0.6518872
INFO:root:100405
INFO:root:Over
INFO:root:Scan update ends at: [-0.4418499999999999, -0.16679999999999998, 139.22485999999986, 3.5, 0.5, 0]
INFO:root:X change: 1; Y change: -12
INFO:root:Change to Final_adjust
INFO:root:Z optim starts at (pos then loss): 
INFO:root:[-0.4418499999999999, -0.16679999999999998, 139.22485999999986, 3.5, 0.5, 0]
INFO:root:-0.6430603
INFO:root:[-0.4418499999999999, -0.16679999999999998, 139.22635999999986, 3.5, 0.5, 0]
INFO:root:-0.5652754
INFO:root:[-0.4418499999999999, -0.16679999999999998, 139.22785999999985, 3.5, 0.5, 0]
INFO:root:-0.5422277
INFO:root:[-0.4418499999999999, -0.16679999999999998, 139.22935999999984, 3.5, 0.5, 0]
INFO:root:-0.5716168
INFO:root:[-0.4418499999999999, -0.16679999999999998, 139.22765999999984, 3.5, 0.5, 0]
INFO:root:Z optim ends at: [-0.4418499999999999, -0.16679999999999998, 139.22765999999984, 3.5, 0.5, 0]
INFO:root:Change to Final_adjust
INFO:root:Scan update starts at: [-0.4418499999999999, -0.16679999999999998, 139.22765999999984, 3.5, 0.5, 0]
INFO:root:Start Tcounts: [37647, 100412, -39651, 9846, 121107, -56457]
INFO:root:Start Xstep (loss then pos)
INFO:root:-0.5599785
INFO:root:37647
INFO:root:-0.6173829
INFO:root:37650
INFO:root:Change direction
INFO:root:-0.5974498
INFO:root:37644
INFO:root:-0.697363
INFO:root:37641
INFO:root:Over
INFO:root:Start Ystep (loss then pos)
INFO:root:-0.5648138
INFO:root:100412
INFO:root:-0.5061116
INFO:root:100409
INFO:root:-0.5037522
INFO:root:100406
INFO:root:-0.50915715
INFO:root:100403
INFO:root:Over
INFO:root:Scan update ends at: [-0.4419999999999999, -0.16709999999999997, 139.22765999999984, 3.5, 0.5, 0]
INFO:root:X change: -3; Y change: -6
INFO:root:Change to Final_adjust
INFO:root:Z optim starts at (pos then loss): 
INFO:root:[-0.4419999999999999, -0.16709999999999997, 139.22765999999984, 3.5, 0.5, 0]
INFO:root:-0.5073716
INFO:root:[-0.4419999999999999, -0.16709999999999997, 139.22915999999984, 3.5, 0.5, 0]
INFO:root:-0.4662252
INFO:root:[-0.4419999999999999, -0.16709999999999997, 139.23065999999983, 3.5, 0.5, 0]
INFO:root:-0.4671166
INFO:root:[-0.4419999999999999, -0.16709999999999997, 139.23215999999982, 3.5, 0.5, 0]
INFO:root:-0.476629
INFO:root:[-0.4419999999999999, -0.16709999999999997, 139.23045999999982, 3.5, 0.5, 0]
INFO:root:Z optim ends at: [-0.4419999999999999, -0.16709999999999997, 139.23045999999982, 3.5, 0.5, 0]
INFO:root:Change to Final_adjust
INFO:root:Scan update starts at: [-0.4419999999999999, -0.16709999999999997, 139.23045999999982, 3.5, 0.5, 0]
INFO:root:Start Tcounts: [37730, 100409, -39612, 9905, 121160, -56546]
INFO:root:Start Xstep (loss then pos)
INFO:root:-0.54389895
INFO:root:37730
INFO:root:-0.5587579
INFO:root:37727
INFO:root:Change direction
INFO:root:-0.46857305000000005
INFO:root:37733
INFO:root:-0.4648041
INFO:root:37736
INFO:root:-0.5785635
INFO:root:37739
INFO:root:Over
INFO:root:Start Ystep (loss then pos)
INFO:root:-0.4770816
INFO:root:100409
INFO:root:-0.4169695
INFO:root:100406
INFO:root:-0.4053972
INFO:root:100403
INFO:root:-0.4111664
INFO:root:100400
INFO:root:Over
INFO:root:Scan update ends at: [-0.44169999999999987, -0.16739999999999997, 139.23045999999982, 3.5, 0.5, 0]
INFO:root:X change: 6; Y change: -6
INFO:root:Change to Final_adjust
INFO:root:Z optim starts at (pos then loss): 
INFO:root:[-0.44169999999999987, -0.16739999999999997, 139.23045999999982, 3.5, 0.5, 0]
INFO:root:-0.4178106
INFO:root:[-0.44169999999999987, -0.16739999999999997, 139.23195999999982, 3.5, 0.5, 0]
INFO:root:-0.40338050000000003
INFO:root:[-0.44169999999999987, -0.16739999999999997, 139.2334599999998, 3.5, 0.5, 0]
INFO:root:-0.3967839
INFO:root:[-0.44169999999999987, -0.16739999999999997, 139.2349599999998, 3.5, 0.5, 0]
INFO:root:-0.4629577
INFO:root:[-0.44169999999999987, -0.16739999999999997, 139.2332599999998, 3.5, 0.5, 0]
INFO:root:Z optim ends at: [-0.44169999999999987, -0.16739999999999997, 139.2332599999998, 3.5, 0.5, 0]
INFO:root:Change to Final_adjust
INFO:root:Scan update starts at: [-0.44169999999999987, -0.16739999999999997, 139.2332599999998, 3.5, 0.5, 0]
INFO:root:Start Tcounts: [37823, 100407, -39582, 9963, 121204, -56634]
INFO:root:Start Xstep (loss then pos)
INFO:root:-0.4089544
INFO:root:37823
INFO:root:-0.4857759
INFO:root:37826
INFO:root:Change direction
INFO:root:-0.41647104999999995
INFO:root:37820
INFO:root:-0.57836735
INFO:root:37817
INFO:root:Over
INFO:root:Start Ystep (loss then pos)
INFO:root:-0.4198083
INFO:root:100407
INFO:root:-0.342825
INFO:root:100404
INFO:root:-0.33397469999999996
INFO:root:100401
INFO:root:-0.3336914
INFO:root:100398
INFO:root:-0.3817454
INFO:root:100395
INFO:root:Over
INFO:root:Scan update ends at: [-0.44184999999999985, -0.16784999999999997, 139.2332599999998, 3.5, 0.5, 0]
INFO:root:X change: -3; Y change: -9
INFO:root:Change to Final_adjust
INFO:root:Z optim starts at (pos then loss): 
INFO:root:[-0.44184999999999985, -0.16784999999999997, 139.2332599999998, 3.5, 0.5, 0]
INFO:root:-0.333665
INFO:root:[-0.44184999999999985, -0.16784999999999997, 139.2347599999998, 3.5, 0.5, 0]
INFO:root:-0.30105185
INFO:root:[-0.44184999999999985, -0.16784999999999997, 139.2362599999998, 3.5, 0.5, 0]
INFO:root:-0.3792702
INFO:root:[-0.44184999999999985, -0.16784999999999997, 139.2345599999998, 3.5, 0.5, 0]
INFO:root:Z optim ends at: [-0.44184999999999985, -0.16784999999999997, 139.2345599999998, 3.5, 0.5, 0]
INFO:root:Change to Final_adjust
INFO:root:Scan update starts at: [-0.44184999999999985, -0.16784999999999997, 139.2345599999998, 3.5, 0.5, 0]
INFO:root:Start Tcounts: [37861, 100399, -39563, 9984, 121230, -56681]
INFO:root:Start Xstep (loss then pos)
INFO:root:-0.3713929
INFO:root:37861
INFO:root:-0.35635665000000005
INFO:root:37858
INFO:root:-0.487912
INFO:root:37855
INFO:root:Over
INFO:root:Start Ystep (loss then pos)
INFO:root:-0.3181503
INFO:root:100399
INFO:root:-0.3226468
INFO:root:100396
INFO:root:Change direction
INFO:root:-0.3247567
INFO:root:100402
INFO:root:Over
INFO:root:Scan update ends at: [-0.44199999999999984, -0.16779999999999998, 139.2345599999998, 3.5, 0.5, 0]
INFO:root:X change: -3; Y change: 1
INFO:root:Change to Final_adjust
INFO:root:Z optim starts at (pos then loss): 
INFO:root:[-0.44199999999999984, -0.16779999999999998, 139.2345599999998, 3.5, 0.5, 0]
INFO:root:-0.3215922
INFO:root:[-0.44199999999999984, -0.16779999999999998, 139.23605999999978, 3.5, 0.5, 0]
INFO:root:-0.36966964999999996
INFO:root:[-0.44199999999999984, -0.16779999999999998, 139.23515999999978, 3.5, 0.5, 0]
INFO:root:-0.4724565
INFO:root:[-0.44199999999999984, -0.16779999999999998, 139.23479999999978, 3.5, 0.5, 0]
INFO:root:-0.3203585
INFO:root:[-0.44199999999999984, -0.16779999999999998, 139.23503999999977, 3.5, 0.5, 0]
INFO:root:-0.3127469
INFO:root:[-0.44199999999999984, -0.16779999999999998, 139.23527999999976, 3.5, 0.5, 0]
INFO:root:-0.319268
INFO:root:Z step is too small
INFO:root:Another Try
INFO:root:[-0.44199999999999984, -0.16779999999999998, 139.2255599999998, 3.5, 0.5, 0]
INFO:root:Change to Final_adjust
INFO:root:Scan update starts at: [-0.44199999999999984, -0.16779999999999998, 139.2255599999998, 3.5, 0.5, 0]
INFO:root:Start Tcounts: [37579, 100389, -39675, 9778, 121073, -56415]
INFO:root:Start Xstep (loss then pos)
INFO:root:-0.92413115
INFO:root:37579
INFO:root:-0.9353621000000001
INFO:root:37576
INFO:root:Change direction
INFO:root:-0.9432436
INFO:root:37582
INFO:root:Over
INFO:root:Start Ystep (loss then pos)
INFO:root:-1.020182
INFO:root:100389
INFO:root:-0.7123529
INFO:root:100392
INFO:root:-0.6830896
INFO:root:100395
INFO:root:-0.6228592
INFO:root:100398
INFO:root:-0.5917305500000001
INFO:root:100401
INFO:root:-0.59014345
INFO:root:100404
INFO:root:-0.6117309
INFO:root:100407
INFO:root:Over
INFO:root:Scan update ends at: [-0.44194999999999984, -0.16704999999999998, 139.2255599999998, 3.5, 0.5, 0]
INFO:root:X change: 1; Y change: 15
INFO:root:Change to Final_adjust
INFO:root:Z optim starts at (pos then loss): 
INFO:root:[-0.44194999999999984, -0.16704999999999998, 139.2255599999998, 3.5, 0.5, 0]
INFO:root:-0.5876832
INFO:root:[-0.44194999999999984, -0.16704999999999998, 139.2270599999998, 3.5, 0.5, 0]
INFO:root:-0.5415522
INFO:root:[-0.44194999999999984, -0.16704999999999998, 139.2285599999998, 3.5, 0.5, 0]
INFO:root:-0.5267043
INFO:root:[-0.44194999999999984, -0.16704999999999998, 139.23005999999978, 3.5, 0.5, 0]
INFO:root:-0.5476664
INFO:root:[-0.44194999999999984, -0.16704999999999998, 139.22835999999978, 3.5, 0.5, 0]
INFO:root:Z optim ends at: [-0.44194999999999984, -0.16704999999999998, 139.22835999999978, 3.5, 0.5, 0]
INFO:root:Change to Final_adjust
INFO:root:Scan update starts at: [-0.44194999999999984, -0.16704999999999998, 139.22835999999978, 3.5, 0.5, 0]
INFO:root:Start Tcounts: [37666, 100408, -39640, 9857, 121122, -56483]
INFO:root:Start Xstep (loss then pos)
INFO:root:-0.5099487
INFO:root:37666
INFO:root:-0.5447972
INFO:root:37669
INFO:root:Change direction
INFO:root:-0.5655485
INFO:root:37663
INFO:root:Over
INFO:root:Start Ystep (loss then pos)
INFO:root:-0.5270014
INFO:root:100408
INFO:root:-0.6368778
INFO:root:100411
INFO:root:Change direction
INFO:root:-0.48830474999999995
INFO:root:100405
INFO:root:-0.46336975
INFO:root:100402
INFO:root:-0.4852912
INFO:root:100399
INFO:root:Over
INFO:root:Scan update ends at: [-0.44189999999999985, -0.16734999999999997, 139.22835999999978, 3.5, 0.5, 0]
INFO:root:X change: 1; Y change: -6
INFO:root:Change to Final_adjust
INFO:root:Z optim starts at (pos then loss): 
INFO:root:[-0.44189999999999985, -0.16734999999999997, 139.22835999999978, 3.5, 0.5, 0]
INFO:root:-0.4673948
INFO:root:[-0.44189999999999985, -0.16734999999999997, 139.22985999999977, 3.5, 0.5, 0]
INFO:root:-0.4354806
INFO:root:[-0.44189999999999985, -0.16734999999999997, 139.23135999999977, 3.5, 0.5, 0]
INFO:root:-0.428299
INFO:root:[-0.44189999999999985, -0.16734999999999997, 139.23285999999976, 3.5, 0.5, 0]
INFO:root:-0.4312342
INFO:root:[-0.44189999999999985, -0.16734999999999997, 139.23115999999976, 3.5, 0.5, 0]
INFO:root:Z optim ends at: [-0.44189999999999985, -0.16734999999999997, 139.23115999999976, 3.5, 0.5, 0]
INFO:root:Change to Final_adjust
INFO:root:Scan update starts at: [-0.44189999999999985, -0.16734999999999997, 139.23115999999976, 3.5, 0.5, 0]
INFO:root:Start Tcounts: [37754, 100405, -39605, 9916, 121171, -56571]
INFO:root:Start Xstep (loss then pos)
INFO:root:-0.4381836
INFO:root:37754
INFO:root:-0.4385427
INFO:root:37751
INFO:root:-0.534446
INFO:root:37748
INFO:root:Over
INFO:root:Start Ystep (loss then pos)
INFO:root:-0.430997
INFO:root:100405
INFO:root:-0.3824235
INFO:root:100402
INFO:root:-0.3807555
INFO:root:100399
INFO:root:-0.40697645000000005
INFO:root:100396
INFO:root:Over
INFO:root:Scan update ends at: [-0.44204999999999983, -0.16764999999999997, 139.23115999999976, 3.5, 0.5, 0]
INFO:root:X change: -3; Y change: -6
INFO:root:Change to Final_adjust
INFO:root:Z optim starts at (pos then loss): 
INFO:root:[-0.44204999999999983, -0.16764999999999997, 139.23115999999976, 3.5, 0.5, 0]
INFO:root:-0.3832316
INFO:root:[-0.44204999999999983, -0.16764999999999997, 139.23265999999975, 3.5, 0.5, 0]
INFO:root:-0.35721159999999996
INFO:root:[-0.44204999999999983, -0.16764999999999997, 139.23415999999975, 3.5, 0.5, 0]
INFO:root:-0.3681886
INFO:root:[-0.44204999999999983, -0.16764999999999997, 139.23245999999975, 3.5, 0.5, 0]
INFO:root:Z optim ends at: [-0.44204999999999983, -0.16764999999999997, 139.23245999999975, 3.5, 0.5, 0]
INFO:root:Change to Final_adjust
INFO:root:Scan update starts at: [-0.44204999999999983, -0.16764999999999997, 139.23245999999975, 3.5, 0.5, 0]
INFO:root:Start Tcounts: [37791, 100401, -39585, 9940, 121197, -56615]
INFO:root:Start Xstep (loss then pos)
INFO:root:-0.4826665
INFO:root:37791
INFO:root:-0.45168745
INFO:root:37788
INFO:root:-0.6332042
INFO:root:37785
INFO:root:Over
INFO:root:Start Ystep (loss then pos)
INFO:root:-0.3982231
INFO:root:100401
INFO:root:-0.3937257
INFO:root:100398
INFO:root:-0.4041658
INFO:root:100395
INFO:root:Over
INFO:root:Scan update ends at: [-0.4421999999999998, -0.16779999999999998, 139.23245999999975, 3.5, 0.5, 0]
INFO:root:X change: -3; Y change: -3
INFO:root:Change to Final_adjust
INFO:root:Z optim starts at (pos then loss): 
INFO:root:[-0.4421999999999998, -0.16779999999999998, 139.23245999999975, 3.5, 0.5, 0]
INFO:root:-0.3892327
INFO:root:[-0.4421999999999998, -0.16779999999999998, 139.23395999999974, 3.5, 0.5, 0]
INFO:root:-0.3490287
INFO:root:[-0.4421999999999998, -0.16779999999999998, 139.23545999999973, 3.5, 0.5, 0]
INFO:root:-0.3140563
INFO:root:[-0.4421999999999998, -0.16779999999999998, 139.23695999999973, 3.5, 0.5, 0]
INFO:root:-0.53162595
INFO:root:[-0.4421999999999998, -0.16779999999999998, 139.23525999999973, 3.5, 0.5, 0]
INFO:root:Z optim ends at: [-0.4421999999999998, -0.16779999999999998, 139.23525999999973, 3.5, 0.5, 0]
INFO:root:Change to Final_adjust
INFO:root:Scan update starts at: [-0.4421999999999998, -0.16779999999999998, 139.23525999999973, 3.5, 0.5, 0]
INFO:root:Start Tcounts: [37875, 100401, -39547, 10002, 121250, -56701]
INFO:root:Start Xstep (loss then pos)
INFO:root:-0.5751565
INFO:root:37875
INFO:root:-0.5496984
INFO:root:37872
INFO:root:-0.6116897
INFO:root:37869
INFO:root:Over
INFO:root:Start Ystep (loss then pos)
INFO:root:-0.62747865
INFO:root:100401
INFO:root:-0.6071702
INFO:root:100398
INFO:root:-0.6071285500000001
INFO:root:100395
INFO:root:-0.61434265
INFO:root:100392
INFO:root:Over
INFO:root:Scan update ends at: [-0.4423499999999998, -0.16809999999999997, 139.23525999999973, 3.5, 0.5, 0]
INFO:root:X change: -3; Y change: -6
INFO:root:Change to Final_adjust
INFO:root:Z optim starts at (pos then loss): 
INFO:root:[-0.4423499999999998, -0.16809999999999997, 139.23525999999973, 3.5, 0.5, 0]
INFO:root:-0.5903903
INFO:root:[-0.4423499999999998, -0.16809999999999997, 139.23675999999972, 3.5, 0.5, 0]
INFO:root:-0.8962201000000001
INFO:root:[-0.4423499999999998, -0.16809999999999997, 139.23585999999972, 3.5, 0.5, 0]
INFO:root:-0.8755276
INFO:root:[-0.4423499999999998, -0.16809999999999997, 139.23549999999972, 3.5, 0.5, 0]
INFO:root:-0.7726792
INFO:root:Z step is too small
INFO:root:Scan update starts at: [-0.4423499999999998, -0.16809999999999997, 139.23525999999973, 3.5, 0.5, 0]
INFO:root:Start Tcounts: [37872, 100395, -39544, 9996, 121253, -56707]
INFO:root:Start Xstep (loss then pos)
INFO:root:-0.741222
INFO:root:37872
INFO:root:-0.7707708499999999
INFO:root:37869
INFO:root:Change direction
INFO:root:-0.6661956
INFO:root:37875
INFO:root:-0.572868
INFO:root:37878
INFO:root:-0.4571434
INFO:root:37881
INFO:root:-0.40809035000000005
INFO:root:37884
INFO:root:-0.35745285
INFO:root:37887
INFO:root:-0.36018035000000004
INFO:root:37890
INFO:root:Over
INFO:root:Start Ystep (loss then pos)
INFO:root:-0.3419214
INFO:root:100395
INFO:root:-0.3535068
INFO:root:100392
INFO:root:Change direction
INFO:root:-0.300337
INFO:root:100398
INFO:root:-0.2976776
INFO:root:100401
INFO:root:-0.33490335
INFO:root:100404
INFO:root:Over
INFO:root:Scan update ends at: [-0.4415999999999998, -0.16779999999999998, 139.23525999999973, 3.5, 0.5, 0]
INFO:root:X change: 15; Y change: 6
INFO:root:++++++++++++++++++++++++++++++
INFO:root:Curing Active Alignment Starts
INFO:root:-0.8175666
INFO:root:Scan update starts at: [-0.4415999999999998, -0.16779999999999998, 139.23525999999973, 3.5, 0.5, 0]
INFO:root:Start Tcounts: [37887, 100401, -39559, 10002, 121238, -56701]
INFO:root:Start Xstep (loss then pos)
INFO:root:-0.81604185
INFO:root:37887
INFO:root:-1.037027
INFO:root:37877
INFO:root:Change direction
INFO:root:-0.7368863
INFO:root:37897
INFO:root:-0.8477536
INFO:root:37907
INFO:root:Over
INFO:root:Start Ystep (loss then pos)
INFO:root:-0.625699
INFO:root:100401
INFO:root:-0.8657805
INFO:root:100391
INFO:root:Change direction
INFO:root:-0.4230696
INFO:root:100411
INFO:root:-0.3544696
INFO:root:100421
INFO:root:-0.4143163
INFO:root:100431
INFO:root:Over
INFO:root:Scan update ends at: [-0.4410999999999998, -0.16679999999999998, 139.23525999999973, 3.5, 0.5, 0]
INFO:root:X change: 10; Y change: 20
INFO:root:Start Zstep (pos then loss)
INFO:root:[-0.4410999999999998, -0.16679999999999998, 139.23525999999973, 3.5, 0.5, 0]
INFO:root:-0.3887886
INFO:root:[-0.4410999999999998, -0.16679999999999998, 139.23475999999974, 3.5, 0.5, 0]
INFO:root:-0.41666735
INFO:root:Change direction
INFO:root:[-0.4410999999999998, -0.16679999999999998, 139.23595999999972, 3.5, 0.5, 0]
INFO:root:-0.3206933
INFO:root:[-0.4410999999999998, -0.16679999999999998, 139.2364599999997, 3.5, 0.5, 0]
INFO:root:-0.31219565
INFO:root:[-0.4410999999999998, -0.16679999999999998, 139.2369599999997, 3.5, 0.5, 0]
INFO:root:-0.3073762
INFO:root:[-0.4410999999999998, -0.16679999999999998, 139.2374599999997, 3.5, 0.5, 0]
INFO:root:-0.30682575
INFO:root:[-0.4410999999999998, -0.16679999999999998, 139.23795999999967, 3.5, 0.5, 0]
INFO:root:-0.31148935
INFO:root:Over
INFO:root:[-0.4410999999999998, -0.16679999999999998, 139.23725999999968, 3.5, 0.5, 0]
INFO:root:Scan update starts at: [-0.4410999999999998, -0.16679999999999998, 139.23725999999968, 3.5, 0.5, 0]
INFO:root:Start Tcounts: [37959, 100424, -39543, 10068, 121263, -56740]
INFO:root:Start Xstep (loss then pos)
INFO:root:-0.30865745
INFO:root:37959
INFO:root:-0.3083485
INFO:root:37963
INFO:root:-0.30784924999999996
INFO:root:37967
INFO:root:-0.31378609999999996
INFO:root:37971
INFO:root:Over
INFO:root:Start Ystep (loss then pos)
INFO:root:-0.3084011
INFO:root:100424
INFO:root:-0.3047886
INFO:root:100428
INFO:root:-0.303305
INFO:root:100432
INFO:root:-0.3043528
INFO:root:100436
INFO:root:-0.3261974
INFO:root:100440
INFO:root:Over
INFO:root:Scan update ends at: [-0.4406999999999998, -0.1662, 139.23725999999968, 3.5, 0.5, 0]
INFO:root:X change: 8; Y change: 12
INFO:root:-0.4394009
INFO:root:Scan update starts at: [-0.4406999999999998, -0.1662, 139.23725999999968, 3.5, 0.5, 0]
INFO:root:Start Tcounts: [37967, 100436, -39551, 10080, 121255, -56728]
INFO:root:Start Xstep (loss then pos)
INFO:root:-0.4393085
INFO:root:37967
INFO:root:-0.4422939
INFO:root:37971
INFO:root:Change direction
INFO:root:-0.4364043
INFO:root:37963
INFO:root:-0.4332119
INFO:root:37959
INFO:root:-0.4334755
INFO:root:37955
INFO:root:-0.4301535
INFO:root:37951
INFO:root:-0.42879645
INFO:root:37947
INFO:root:-0.4403915
INFO:root:37943
INFO:root:Over
INFO:root:Start Ystep (loss then pos)
INFO:root:-0.4413163
INFO:root:100436
INFO:root:-0.4576234
INFO:root:100440
INFO:root:Change direction
INFO:root:-0.4511831
INFO:root:100432
INFO:root:-0.4221489
INFO:root:100428
INFO:root:-0.3937775
INFO:root:100424
INFO:root:-0.3918444
INFO:root:100420
INFO:root:-0.4046899
INFO:root:100416
INFO:root:Over
INFO:root:Scan update ends at: [-0.4416999999999998, -0.16699999999999998, 139.23725999999968, 3.5, 0.5, 0]
INFO:root:X change: -20; Y change: -16
INFO:root:Start Zstep (pos then loss)
INFO:root:[-0.4416999999999998, -0.16699999999999998, 139.23725999999968, 3.5, 0.5, 0]
INFO:root:-0.437249
INFO:root:[-0.4416999999999998, -0.16699999999999998, 139.2367599999997, 3.5, 0.5, 0]
INFO:root:-0.44037824999999997
INFO:root:Change direction
INFO:root:[-0.4416999999999998, -0.16699999999999998, 139.23795999999967, 3.5, 0.5, 0]
INFO:root:-0.6713724
INFO:root:Over
INFO:root:[-0.4416999999999998, -0.16699999999999998, 139.23725999999968, 3.5, 0.5, 0]
INFO:root:-0.6694781
INFO:root:Scan update starts at: [-0.4416999999999998, -0.16699999999999998, 139.23725999999968, 3.5, 0.5, 0]
INFO:root:Start Tcounts: [37947, 100420, -39531, 10064, 121275, -56744]
INFO:root:Start Xstep (loss then pos)
INFO:root:-0.6697009
INFO:root:37947
INFO:root:-0.6891013
INFO:root:37943
INFO:root:Change direction
INFO:root:-0.65940875
INFO:root:37951
INFO:root:-0.6222682500000001
INFO:root:37955
INFO:root:-0.6171057
INFO:root:37959
INFO:root:-0.56018195
INFO:root:37963
INFO:root:-0.5539534
INFO:root:37967
INFO:root:-0.470892
INFO:root:37971
INFO:root:-0.46413985
INFO:root:37975
INFO:root:-0.42899184999999995
INFO:root:37979
INFO:root:-0.4183885
INFO:root:37983
INFO:root:-0.4401537
INFO:root:37987
INFO:root:Over
INFO:root:Start Ystep (loss then pos)
INFO:root:-0.45020360000000004
INFO:root:100420
INFO:root:-0.46206995
INFO:root:100416
INFO:root:Change direction
INFO:root:-0.4469744
INFO:root:100424
INFO:root:-0.4279282
INFO:root:100428
INFO:root:-0.4175632
INFO:root:100432
INFO:root:-0.3910339
INFO:root:100436
INFO:root:-0.36820405
INFO:root:100440
INFO:root:-0.35692619999999997
INFO:root:100444
INFO:root:-0.36494295
INFO:root:100448
INFO:root:Over
INFO:root:Scan update ends at: [-0.4398999999999998, -0.16579999999999998, 139.23725999999968, 3.5, 0.5, 0]
INFO:root:X change: 36; Y change: 24
INFO:root:Start Zstep (pos then loss)
INFO:root:[-0.4398999999999998, -0.16579999999999998, 139.23725999999968, 3.5, 0.5, 0]
INFO:root:-0.37671835
INFO:root:[-0.4398999999999998, -0.16579999999999998, 139.2367599999997, 3.5, 0.5, 0]
INFO:root:-0.382658
INFO:root:Change direction
INFO:root:[-0.4398999999999998, -0.16579999999999998, 139.23795999999967, 3.5, 0.5, 0]
INFO:root:-0.3754696
INFO:root:[-0.4398999999999998, -0.16579999999999998, 139.23845999999966, 3.5, 0.5, 0]
INFO:root:-0.3710466
INFO:root:[-0.4398999999999998, -0.16579999999999998, 139.23895999999965, 3.5, 0.5, 0]
INFO:root:-0.3653313
INFO:root:[-0.4398999999999998, -0.16579999999999998, 139.23945999999964, 3.5, 0.5, 0]
INFO:root:-0.3609444
INFO:root:[-0.4398999999999998, -0.16579999999999998, 139.23995999999963, 3.5, 0.5, 0]
INFO:root:-0.3565114
INFO:root:[-0.4398999999999998, -0.16579999999999998, 139.24045999999962, 3.5, 0.5, 0]
INFO:root:-0.35172
INFO:root:[-0.4398999999999998, -0.16579999999999998, 139.2409599999996, 3.5, 0.5, 0]
INFO:root:-0.3491586
INFO:root:[-0.4398999999999998, -0.16579999999999998, 139.2414599999996, 3.5, 0.5, 0]
INFO:root:-0.3456033
INFO:root:[-0.4398999999999998, -0.16579999999999998, 139.24195999999958, 3.5, 0.5, 0]
INFO:root:-0.3431106
INFO:root:[-0.4398999999999998, -0.16579999999999998, 139.24245999999957, 3.5, 0.5, 0]
INFO:root:-0.3411984
INFO:root:[-0.4398999999999998, -0.16579999999999998, 139.24295999999956, 3.5, 0.5, 0]
INFO:root:-0.3398559
INFO:root:[-0.4398999999999998, -0.16579999999999998, 139.24345999999954, 3.5, 0.5, 0]
INFO:root:-0.3387972
INFO:root:[-0.4398999999999998, -0.16579999999999998, 139.24395999999953, 3.5, 0.5, 0]
INFO:root:-0.3398559
INFO:root:[-0.4398999999999998, -0.16579999999999998, 139.24445999999952, 3.5, 0.5, 0]
INFO:root:-0.3396758
INFO:root:[-0.4398999999999998, -0.16579999999999998, 139.2449599999995, 3.5, 0.5, 0]
INFO:root:-0.3409917
INFO:root:[-0.4398999999999998, -0.16579999999999998, 139.2454599999995, 3.5, 0.5, 0]
INFO:root:-0.3424906
INFO:root:Over
INFO:root:[-0.4398999999999998, -0.16579999999999998, 139.2447599999995, 3.5, 0.5, 0]
INFO:root:-0.3412116
INFO:root:Scan update starts at: [-0.4398999999999998, -0.16579999999999998, 139.2447599999995, 3.5, 0.5, 0]
INFO:root:Start Tcounts: [38216, 100453, -39471, 10261, 121373, -56940]
INFO:root:Start Xstep (loss then pos)
INFO:root:-0.34128955000000005
INFO:root:38216
INFO:root:-0.3420246
INFO:root:38220
INFO:root:-0.34100505
INFO:root:38224
INFO:root:-0.34139284999999997
INFO:root:38228
INFO:root:-0.34326455
INFO:root:38232
INFO:root:-0.3423215
INFO:root:38236
INFO:root:X step failed
INFO:root:XY Value doesnt change
INFO:root:Scan update starts at: [-0.4398999999999998, -0.16579999999999998, 139.2447599999995, 3.5, 0.5, 0]
INFO:root:Start Tcounts: [38216, 100453, -39471, 10261, 121373, -56940]
INFO:root:Start Xstep (loss then pos)
INFO:root:-0.338953
INFO:root:38216
INFO:root:-0.3400624
INFO:root:38220
INFO:root:-0.3408116
INFO:root:38224
INFO:root:-0.3429282
INFO:root:38228
INFO:root:Over
INFO:root:Start Ystep (loss then pos)
INFO:root:-0.3409917
INFO:root:100453
INFO:root:-0.33701725
INFO:root:100457
INFO:root:-0.3338976
INFO:root:100461
INFO:root:-0.3312439
INFO:root:100465
INFO:root:-0.3293105
INFO:root:100469
INFO:root:-0.32780525000000005
INFO:root:100473
INFO:root:-0.3245367
INFO:root:100477
INFO:root:-0.3220035
INFO:root:100481
INFO:root:-0.3206167
INFO:root:100485
INFO:root:-0.3173547
INFO:root:100489
INFO:root:-0.3153247
INFO:root:100493
INFO:root:-0.31349015
INFO:root:100497
INFO:root:-0.31123285
INFO:root:100501
INFO:root:-0.3087088
INFO:root:100505
INFO:root:-0.306659
INFO:root:100509
INFO:root:-0.30463494999999996
INFO:root:100513
INFO:root:-0.3028694
INFO:root:100517
INFO:root:-0.3012813
INFO:root:100521
INFO:root:-0.2991329
INFO:root:100525
INFO:root:-0.2980602
INFO:root:100529
INFO:root:-0.29624625000000004
INFO:root:100533
INFO:root:-0.295414
INFO:root:100537
INFO:root:-0.29370315
INFO:root:100541
INFO:root:-0.2924657
INFO:root:100545
INFO:root:-0.2912139
INFO:root:100549
INFO:root:-0.2905753
INFO:root:100553
INFO:root:-0.2894903
INFO:root:100557
INFO:root:-0.2888137
INFO:root:100561
INFO:root:-0.2882015
INFO:root:100565
INFO:root:-0.2876681
INFO:root:100569
INFO:root:-0.2870939
INFO:root:100573
INFO:root:-0.286648
INFO:root:100577
INFO:root:-0.2860361
INFO:root:100581
INFO:root:-0.2861119
INFO:root:100585
INFO:root:-0.2857798
INFO:root:100589
INFO:root:-0.28567925
INFO:root:100593
INFO:root:-0.2853456
INFO:root:100597
INFO:root:Y step failed
INFO:root:XY Value doesnt change
INFO:root:End program
