INFO:root: 
INFO:root:*************************
INFO:root:Reset
INFO:root:*************************
INFO:root: 
INFO:root:*************************
INFO:root:Reset
INFO:root:*************************
INFO:root: 
INFO:root:*************************
INFO:root:Reset
INFO:root:*************************
INFO:root: 
INFO:root:*************************
INFO:root:Reset
INFO:root:*************************
INFO:root: 
INFO:root:$$$$$$$$$$$$$$$$$$$$$$$$$$$$$$
INFO:root:$$$$$$$$$$$$$$$$$$$$$$$$$$$$$$
INFO:root:A New Alignment Starts
INFO:root:$$$$$$$$$$$$$$$$$$$$$$$$$$$$$$
INFO:root:[0, 0, 138, -0.7, 0, 0]
INFO:root:Scan update starts at: [0, 0, 138, -0.7, 0, 0]
INFO:root:Start Tcounts: [1366, -31946, 10345, -7364, -21512, -11301]
INFO:root:-21.015735
INFO:root:Monitor start (loss then pos)
INFO:root:-21.015735
INFO:root:1366
INFO:root:-21.00084
INFO:root:1366
INFO:root:-21.01765
INFO:root:1366
INFO:root:-20.982805
INFO:root:1366
INFO:root:-20.992725
INFO:root:1357
INFO:root:-20.953270000000003
INFO:root:1345
INFO:root:-20.902214999999998
INFO:root:1334
INFO:root:-20.834735
INFO:root:1322
INFO:root:-20.779384999999998
INFO:root:1308
INFO:root:-20.727095
INFO:root:1293
INFO:root:-20.683385
INFO:root:1276
INFO:root:-20.645225
INFO:root:1257
INFO:root:-20.603765000000003
INFO:root:1236
INFO:root:-20.560495
INFO:root:1214
INFO:root:-20.51643
INFO:root:1190
INFO:root:-20.49016
INFO:root:1164
INFO:root:-20.490814999999998
INFO:root:1137
INFO:root:-20.530725
INFO:root:1107
INFO:root:-20.90038
INFO:root:1027
INFO:root:-21.098665
INFO:root:998
INFO:root:-21.29627
INFO:root:969
INFO:root:x scan done: has max
INFO:root:Getting X counts
INFO:root:Counts X got
INFO:root:Getting X counts
INFO:root:Counts X got
INFO:root:Getting X counts
INFO:root:Counts X got
INFO:root:-20.485934999999998
INFO:root:Monitor start (loss then pos)
INFO:root:-20.485934999999998
INFO:root:-31946
INFO:root:-20.48717
INFO:root:-31950
INFO:root:-20.485875
INFO:root:-31950
INFO:root:-20.488464999999998
INFO:root:-31950
INFO:root:-20.48801
INFO:root:-31950
INFO:root:-20.49015
INFO:root:-31960
INFO:root:-20.494055000000003
INFO:root:-31980
INFO:root:-20.512569999999997
INFO:root:-31994
INFO:root:-20.54824
INFO:root:-32008
INFO:root:-20.595475
INFO:root:-32023
INFO:root:-20.674845
INFO:root:-32040
INFO:root:-20.908105
INFO:root:-32092
INFO:root:-21.17342
INFO:root:-32116
INFO:root:y scan done: decreasing
INFO:root:Monitor start (loss then pos)
INFO:root:-21.17342
INFO:root:-32092
INFO:root:-21.19542
INFO:root:-32093
INFO:root:-21.179825
INFO:root:-32090
INFO:root:-21.15359
INFO:root:-32085
INFO:root:-21.117505
INFO:root:-32078
INFO:root:-21.067375
INFO:root:-32070
INFO:root:-21.004765
INFO:root:-32059
INFO:root:-20.897665
INFO:root:-32047
INFO:root:-20.811235
INFO:root:-32033
INFO:root:-20.7223
INFO:root:-32017
INFO:root:-20.636315
INFO:root:-31999
INFO:root:-20.555045
INFO:root:-31980
INFO:root:-20.505465
INFO:root:-31960
INFO:root:-20.48535
INFO:root:-31937
INFO:root:-20.49061
INFO:root:-31877
INFO:root:-20.503625
INFO:root:-31847
INFO:root:-20.53234
INFO:root:-31818
INFO:root:-20.59224
INFO:root:-31788
INFO:root:-20.701349999999998
INFO:root:-31758
INFO:root:-20.848125
INFO:root:-31729
INFO:root:-20.995435
INFO:root:-31699
INFO:root:-21.156885000000003
INFO:root:-31669
INFO:root:-21.347355
INFO:root:-31639
INFO:root:y scan done: has max
INFO:root:Getting Y counts
INFO:root:Counts Y got
INFO:root:Getting Y counts
INFO:root:Counts Y got
INFO:root:Getting Y counts
INFO:root:Counts Y got
INFO:root:Scan update ends at: [-0.0088, -0.0007, 138, -0.7, 0, 0]
INFO:root:X change: -176; Y change: -14
INFO:root:Z optim starts at (pos then loss): 
INFO:root:[-0.0088, -0.0007, 138, -0.7, 0, 0]
INFO:root:-20.490805
INFO:root:[-0.0088, -0.0007, 138.082, -0.7, 0, 0]
INFO:root:-19.349615
INFO:root:[-0.0088, -0.0007, 138.164, -0.7, 0, 0]
INFO:root:-18.61437
INFO:root:[-0.0088, -0.0007, 138.24599999999998, -0.7, 0, 0]
INFO:root:-19.65832
INFO:root:[-0.0088, -0.0007, 138.32799999999997, -0.7, 0, 0]
INFO:root:-21.340739999999997
INFO:root:[-0.0088, -0.0007, 138.40999999999997, -0.7, 0, 0]
INFO:root:-30.82143
INFO:root:[-0.0088, -0.0007, 138.32779999999997, -0.7, 0, 0]
INFO:root:Z optim ends at: [-0.0088, -0.0007, 138.32779999999997, -0.7, 0, 0]
INFO:root:Scan update starts at: [-0.0088, -0.0007, 138.32779999999997, -0.7, 0, 0]
INFO:root:Start Tcounts: [10531, -32040, 15344, 896, -16816, -19225]
INFO:root:-22.997419999999998
INFO:root:Monitor start (loss then pos)
INFO:root:-22.997419999999998
INFO:root:10531
INFO:root:-23.10738
INFO:root:10527
INFO:root:-23.11418
INFO:root:10527
INFO:root:-23.12545
INFO:root:10528
INFO:root:-23.417904999999998
INFO:root:10513
INFO:root:-23.86727
INFO:root:10493
INFO:root:x scan done: decreasing
INFO:root:Monitor start (loss then pos)
INFO:root:-23.86727
INFO:root:10513
INFO:root:-24.00745
INFO:root:10511
INFO:root:-23.670125
INFO:root:10515
INFO:root:-23.579259999999998
INFO:root:10519
INFO:root:-23.412205
INFO:root:10526
INFO:root:-23.20369
INFO:root:10535
INFO:root:-22.949534999999997
INFO:root:10546
INFO:root:-22.627805000000002
INFO:root:10558
INFO:root:-22.332795
INFO:root:10572
INFO:root:-21.929475
INFO:root:10588
INFO:root:-21.592425
INFO:root:10604
INFO:root:-21.22055
INFO:root:10623
INFO:root:-20.87328
INFO:root:10644
INFO:root:-20.356205000000003
INFO:root:10700
INFO:root:-19.92792
INFO:root:10727
INFO:root:-19.761435
INFO:root:10755
INFO:root:-19.724595
INFO:root:10785
INFO:root:-19.68874
INFO:root:10815
INFO:root:-19.806255
INFO:root:10845
INFO:root:-19.99663
INFO:root:10875
INFO:root:-20.35394
INFO:root:10905
INFO:root:x scan done: has max
INFO:root:Getting X counts
INFO:root:Counts X got
INFO:root:Getting X counts
INFO:root:Counts X got
INFO:root:Getting X counts
INFO:root:Counts X got
INFO:root:-19.652935
INFO:root:Monitor start (loss then pos)
INFO:root:-19.652935
INFO:root:-32040
INFO:root:-19.652594999999998
INFO:root:-32041
INFO:root:-19.646794999999997
INFO:root:-32041
INFO:root:-19.65625
INFO:root:-32041
INFO:root:-19.644095
INFO:root:-32042
INFO:root:-19.763545
INFO:root:-32027
INFO:root:-20.175890000000003
INFO:root:-32012
INFO:root:-20.879735
INFO:root:-31980
INFO:root:y scan done: decreasing
INFO:root:Monitor start (loss then pos)
INFO:root:-20.879735
INFO:root:-32012
INFO:root:-20.44668
INFO:root:-32016
INFO:root:-20.38498
INFO:root:-32020
INFO:root:-20.280704999999998
INFO:root:-32025
INFO:root:-20.13423
INFO:root:-32031
INFO:root:-19.931345
INFO:root:-32039
INFO:root:-19.697105
INFO:root:-32049
INFO:root:-19.40435
INFO:root:-32061
INFO:root:-19.014645
INFO:root:-32075
INFO:root:-18.601605
INFO:root:-32090
INFO:root:-18.21553
INFO:root:-32107
INFO:root:-17.81271
INFO:root:-32126
INFO:root:-17.36534
INFO:root:-32147
INFO:root:-16.89677
INFO:root:-32170
INFO:root:-16.404595
INFO:root:-32194
INFO:root:-15.621649999999999
INFO:root:-32261
INFO:root:-14.90522
INFO:root:-32292
INFO:root:-14.656659999999999
INFO:root:-32323
INFO:root:-14.527940000000001
INFO:root:-32354
INFO:root:-14.511305
INFO:root:-32385
INFO:root:-14.620935
INFO:root:-32414
INFO:root:-14.875405
INFO:root:-32445
INFO:root:-15.31411
INFO:root:-32476
INFO:root:y scan done: has max
INFO:root:Getting Y counts
INFO:root:Counts Y got
INFO:root:Getting Y counts
INFO:root:Counts Y got
INFO:root:Getting Y counts
INFO:root:Counts Y got
INFO:root:Scan update ends at: [0.0039000000000000007, -0.0164, 138.32779999999997, -0.7, 0, 0]
INFO:root:X change: 254; Y change: -314
INFO:root:Z optim starts at (pos then loss): 
INFO:root:[0.0039000000000000007, -0.0164, 138.32779999999997, -0.7, 0, 0]
INFO:root:-14.485945000000001
INFO:root:[0.0039000000000000007, -0.0164, 138.38579999999996, -0.7, 0, 0]
INFO:root:-13.443840000000002
INFO:root:[0.0039000000000000007, -0.0164, 138.44379999999995, -0.7, 0, 0]
INFO:root:-13.72339
INFO:root:[0.0039000000000000007, -0.0164, 138.50179999999995, -0.7, 0, 0]
INFO:root:-17.509680000000003
INFO:root:[0.0039000000000000007, -0.0164, 138.55979999999994, -0.7, 0, 0]
INFO:root:-41.49776
INFO:root:[0.0039000000000000007, -0.0164, 138.50159999999994, -0.7, 0, 0]
INFO:root:Z optim ends at: [0.0039000000000000007, -0.0164, 138.50159999999994, -0.7, 0, 0]
INFO:root:Scan update starts at: [0.0039000000000000007, -0.0164, 138.50159999999994, -0.7, 0, 0]
INFO:root:Start Tcounts: [15796, -32397, 17678, 5023, -14645, -23782]
INFO:root:-21.504115
INFO:root:Monitor start (loss then pos)
INFO:root:-21.504115
INFO:root:15796
INFO:root:-21.560805000000002
INFO:root:15792
INFO:root:-21.435465
INFO:root:15794
INFO:root:-21.431205
INFO:root:15798
INFO:root:-21.40315
INFO:root:15805
INFO:root:-21.343995
INFO:root:15813
INFO:root:-21.394370000000002
INFO:root:15823
INFO:root:-21.310724999999998
INFO:root:15835
INFO:root:-20.907835
INFO:root:15849
INFO:root:-20.72748
INFO:root:15864
INFO:root:-20.701105
INFO:root:15881
INFO:root:-20.761305
INFO:root:15901
INFO:root:-21.212874999999997
INFO:root:15921
INFO:root:-21.61412
INFO:root:15944
INFO:root:x scan done: has max
INFO:root:Getting X counts
INFO:root:Counts X got
INFO:root:Getting X counts
INFO:root:Counts X got
INFO:root:Getting X counts
INFO:root:Counts X got
INFO:root:-20.342275
INFO:root:Monitor start (loss then pos)
INFO:root:-20.342275
INFO:root:-32397
INFO:root:-20.36437
INFO:root:-32398
INFO:root:-20.3505
INFO:root:-32398
INFO:root:-20.287770000000002
INFO:root:-32405
INFO:root:-19.680455000000002
INFO:root:-32412
INFO:root:-19.37638
INFO:root:-32420
INFO:root:-18.346784999999997
INFO:root:-32431
INFO:root:-17.27198
INFO:root:-32443
INFO:root:-16.184575000000002
INFO:root:-32457
INFO:root:-15.06155
INFO:root:-32473
INFO:root:-13.82969
INFO:root:-32490
INFO:root:-12.644165000000001
INFO:root:-32509
INFO:root:-11.49849
INFO:root:-32529
INFO:root:-10.497465
INFO:root:-32552
INFO:root:-9.631186
INFO:root:-32576
INFO:root:-8.974822
INFO:root:-32602
INFO:root:-8.6314745
INFO:root:-32630
INFO:root:-9.452604999999998
INFO:root:-32714
INFO:root:-10.38326
INFO:root:-32745
INFO:root:y scan done: has max
INFO:root:Getting Y counts
INFO:root:Counts Y got
INFO:root:Getting Y counts
INFO:root:Counts Y got
INFO:root:Getting Y counts
INFO:root:Counts Y got
INFO:root:Scan update ends at: [0.007300000000000001, -0.02665, 138.50159999999994, -0.7, 0, 0]
INFO:root:X change: 68; Y change: -205
INFO:root:Z optim starts at (pos then loss): 
INFO:root:[0.007300000000000001, -0.02665, 138.50159999999994, -0.7, 0, 0]
INFO:root:-8.6801645
INFO:root:[0.007300000000000001, -0.02665, 138.51899999999995, -0.7, 0, 0]
INFO:root:-7.892251
INFO:root:[0.007300000000000001, -0.02665, 138.53639999999996, -0.7, 0, 0]
INFO:root:-7.307029
INFO:root:[0.007300000000000001, -0.02665, 138.55379999999997, -0.7, 0, 0]
INFO:root:-6.786597
INFO:root:[0.007300000000000001, -0.02665, 138.57119999999998, -0.7, 0, 0]
INFO:root:-8.076440999999999
INFO:root:[0.007300000000000001, -0.02665, 138.55359999999996, -0.7, 0, 0]
INFO:root:Z optim ends at: [0.007300000000000001, -0.02665, 138.55359999999996, -0.7, 0, 0]
INFO:root:Scan update starts at: [0.007300000000000001, -0.02665, 138.55359999999996, -0.7, 0, 0]
INFO:root:Start Tcounts: [17372, -32614, 18389, 6154, -13983, -25264]
INFO:root:-6.852316
INFO:root:Monitor start (loss then pos)
INFO:root:-6.852316
INFO:root:17372
INFO:root:-6.901166
INFO:root:17367
INFO:root:-6.973961
INFO:root:17367
INFO:root:-6.811552000000001
INFO:root:17366
INFO:root:-6.9061005
INFO:root:17366
INFO:root:-6.715712
INFO:root:17366
INFO:root:-6.680937
INFO:root:17379
INFO:root:-6.216267
INFO:root:17404
INFO:root:-5.8366385
INFO:root:17421
INFO:root:-5.8021335
INFO:root:17438
INFO:root:-5.98015
INFO:root:17456
INFO:root:-7.003152
INFO:root:17507
INFO:root:x scan done: has max
INFO:root:Getting X counts
INFO:root:Counts X got
INFO:root:Getting X counts
INFO:root:Counts X got
INFO:root:Getting X counts
INFO:root:Counts X got
INFO:root:Getting X counts
INFO:root:Counts X got
INFO:root:-5.748882
INFO:root:Monitor start (loss then pos)
INFO:root:-5.748882
INFO:root:-32614
INFO:root:-5.746764499999999
INFO:root:-32614
INFO:root:-5.7521830000000005
INFO:root:-32614
INFO:root:-5.7421025
INFO:root:-32613
INFO:root:-5.716742
INFO:root:-32613
INFO:root:-5.710103
INFO:root:-32629
INFO:root:-5.77471
INFO:root:-32645
INFO:root:-5.958811
INFO:root:-32658
INFO:root:-6.299595
INFO:root:-32671
INFO:root:y scan done: decreasing
INFO:root:Monitor start (loss then pos)
INFO:root:-6.299595
INFO:root:-32658
INFO:root:-5.973553000000001
INFO:root:-32653
INFO:root:-5.8018405
INFO:root:-32647
INFO:root:-5.726416
INFO:root:-32639
INFO:root:-5.7057865
INFO:root:-32629
INFO:root:-5.7642705
INFO:root:-32617
INFO:root:-5.9370775
INFO:root:-32605
INFO:root:-6.256126500000001
INFO:root:-32590
INFO:root:y scan done: has max
INFO:root:Getting Y counts
INFO:root:Counts Y got
INFO:root:Getting Y counts
INFO:root:Counts Y got
INFO:root:Getting Y counts
INFO:root:Counts Y got
INFO:root:Getting Y counts
INFO:root:Counts Y got
INFO:root:Scan update ends at: [0.009750000000000002, -0.0279, 138.55359999999996, -0.7, 0, 0]
INFO:root:X change: 49; Y change: -25
INFO:root:Z optim starts at (pos then loss): 
INFO:root:[0.009750000000000002, -0.0279, 138.55359999999996, -0.7, 0, 0]
INFO:root:-5.8192889999999995
INFO:root:[0.009750000000000002, -0.0279, 138.56519999999995, -0.7, 0, 0]
INFO:root:-5.099321
INFO:root:[0.009750000000000002, -0.0279, 138.57679999999993, -0.7, 0, 0]
INFO:root:-5.8951744999999995
INFO:root:[0.009750000000000002, -0.0279, 138.56499999999994, -0.7, 0, 0]
INFO:root:Z optim ends at: [0.009750000000000002, -0.0279, 138.56499999999994, -0.7, 0, 0]
INFO:root:Scan update starts at: [0.009750000000000002, -0.0279, 138.56499999999994, -0.7, 0, 0]
INFO:root:Start Tcounts: [17752, -32642, 18511, 6423, -13872, -25569]
INFO:root:-5.007697
INFO:root:Monitor start (loss then pos)
INFO:root:-5.007697
INFO:root:17752
INFO:root:-5.038342
INFO:root:17746
INFO:root:-5.02064
INFO:root:17746
INFO:root:-4.9816265
INFO:root:17746
INFO:root:-4.9793395
INFO:root:17745
INFO:root:-4.927742500000001
INFO:root:17745
INFO:root:-4.9242215
INFO:root:17752
INFO:root:-4.9699
INFO:root:17783
INFO:root:-5.347012
INFO:root:17803
INFO:root:-5.941295500000001
INFO:root:17821
INFO:root:x scan done: has max
INFO:root:Getting X counts
INFO:root:Counts X got
INFO:root:Getting X counts
INFO:root:Counts X got
INFO:root:Getting X counts
INFO:root:Counts X got
INFO:root:-5.169841
INFO:root:Monitor start (loss then pos)
INFO:root:-5.169841
INFO:root:-32642
INFO:root:-5.198708
INFO:root:-32642
INFO:root:-5.2236725
INFO:root:-32642
INFO:root:-5.1624575
INFO:root:-32638
INFO:root:-5.23362
INFO:root:-32614
INFO:root:-5.4280875
INFO:root:-32603
INFO:root:-5.7522485
INFO:root:-32589
INFO:root:y scan done: decreasing
INFO:root:Monitor start (loss then pos)
INFO:root:-5.7522485
INFO:root:-32603
INFO:root:-5.5975415
INFO:root:-32607
INFO:root:-5.45313
INFO:root:-32611
INFO:root:-5.3717925
INFO:root:-32616
INFO:root:-5.3235655
INFO:root:-32622
INFO:root:-5.323713
INFO:root:-32631
INFO:root:-5.405526
INFO:root:-32641
INFO:root:-5.6668175
INFO:root:-32653
INFO:root:-6.1188865
INFO:root:-32667
INFO:root:y scan done: has max
INFO:root:Getting Y counts
INFO:root:Counts Y got
INFO:root:Getting Y counts
INFO:root:Counts Y got
INFO:root:Getting Y counts
INFO:root:Counts Y got
INFO:root:Getting Y counts
INFO:root:Counts Y got
INFO:root:Scan update ends at: [0.009400000000000002, -0.026600000000000002, 138.56499999999994, -0.7, 0, 0]
INFO:root:X change: -7; Y change: 26
INFO:root:Z optim starts at (pos then loss): 
INFO:root:[0.009400000000000002, -0.026600000000000002, 138.56499999999994, -0.7, 0, 0]
INFO:root:-5.339459
INFO:root:[0.009400000000000002, -0.026600000000000002, 138.57559999999995, -0.7, 0, 0]
INFO:root:-5.343309
INFO:root:[0.009400000000000002, -0.026600000000000002, 138.58619999999996, -0.7, 0, 0]
INFO:root:-4.919933
INFO:root:[0.009400000000000002, -0.026600000000000002, 138.59679999999997, -0.7, 0, 0]
INFO:root:-5.9475505
INFO:root:[0.009400000000000002, -0.026600000000000002, 138.58599999999996, -0.7, 0, 0]
INFO:root:Z optim ends at: [0.009400000000000002, -0.026600000000000002, 138.58599999999996, -0.7, 0, 0]
INFO:root:Scan update starts at: [0.009400000000000002, -0.026600000000000002, 138.58599999999996, -0.7, 0, 0]
INFO:root:Start Tcounts: [18355, -32621, 18833, 6990, -13570, -26059]
INFO:root:-4.8042015
INFO:root:Monitor start (loss then pos)
INFO:root:-4.8042015
INFO:root:18355
INFO:root:-4.7495025
INFO:root:18352
INFO:root:-4.874706
INFO:root:18352
INFO:root:-4.7907095
INFO:root:18353
INFO:root:-4.7434895
INFO:root:18362
INFO:root:-4.0208645
INFO:root:18390
INFO:root:-3.344124
INFO:root:18403
INFO:root:-3.3870785
INFO:root:18417
INFO:root:-3.8344155000000004
INFO:root:18434
INFO:root:x scan done: has max
INFO:root:Getting X counts
INFO:root:Counts X got
INFO:root:Getting X counts
INFO:root:Counts X got
INFO:root:Getting X counts
INFO:root:Counts X got
INFO:root:-3.3436589999999997
INFO:root:Monitor start (loss then pos)
INFO:root:-3.3436589999999997
INFO:root:-32621
INFO:root:-3.365014
INFO:root:-32621
INFO:root:-3.3817095
INFO:root:-32621
INFO:root:-3.3793845
INFO:root:-32620
INFO:root:-3.3927795
INFO:root:-32620
INFO:root:-3.3781665
INFO:root:-32636
INFO:root:-3.4852045
INFO:root:-32652
INFO:root:y scan done: decreasing
INFO:root:Monitor start (loss then pos)
INFO:root:-3.4852045
INFO:root:-32636
INFO:root:-3.6656259999999996
INFO:root:-32638
INFO:root:-3.3240125000000003
INFO:root:-32625
INFO:root:-3.406767
INFO:root:-32618
INFO:root:-3.6053635
INFO:root:-32608
INFO:root:y scan done: has max
INFO:root:Getting Y counts
INFO:root:Counts Y got
INFO:root:Getting Y counts
INFO:root:Counts Y got
INFO:root:Getting Y counts
INFO:root:Counts Y got
INFO:root:Getting Y counts
INFO:root:Counts Y got
INFO:root:Scan update ends at: [0.011150000000000002, -0.027450000000000002, 138.58599999999996, -0.7, 0, 0]
INFO:root:X change: 35; Y change: -17
INFO:root:Z optim starts at (pos then loss): 
INFO:root:[0.011150000000000002, -0.027450000000000002, 138.58599999999996, -0.7, 0, 0]
INFO:root:-3.8524025
INFO:root:[0.011150000000000002, -0.027450000000000002, 138.59184999999997, -0.7, 0, 0]
INFO:root:-3.1194325000000003
INFO:root:[0.011150000000000002, -0.027450000000000002, 138.59769999999997, -0.7, 0, 0]
INFO:root:-3.7886455
INFO:root:[0.011150000000000002, -0.027450000000000002, 138.59164999999996, -0.7, 0, 0]
INFO:root:Z optim ends at: [0.011150000000000002, -0.027450000000000002, 138.59164999999996, -0.7, 0, 0]
INFO:root:Scan update starts at: [0.011150000000000002, -0.027450000000000002, 138.59164999999996, -0.7, 0, 0]
INFO:root:Start Tcounts: [18554, -32640, 18883, 7118, -13525, -26215]
INFO:root:Start Xstep (loss then pos)
INFO:root:-2.9773515
INFO:root:18554
INFO:root:Checking On Target 1
INFO:root:Getting X counts
INFO:root:Counts X got
INFO:root:Getting X counts
INFO:root:Counts X got
INFO:root:Getting X counts
INFO:root:Counts X got
INFO:root:Getting X counts
INFO:root:Counts X got
INFO:root:Getting X counts
INFO:root:Counts X got
INFO:root:Getting X counts
INFO:root:Counts X got
INFO:root:Getting X counts
INFO:root:Counts X got
INFO:root:Getting X counts
INFO:root:Counts X got
INFO:root:Getting X counts
INFO:root:Counts X got
INFO:root:Getting X counts
INFO:root:Counts X got
INFO:root:Getting X counts
INFO:root:Counts X got
INFO:root:Getting X counts
INFO:root:Counts X got
INFO:root:Getting X counts
INFO:root:Counts X got
INFO:root:Getting X counts
INFO:root:Counts X got
INFO:root:Getting X counts
INFO:root:Counts X got
INFO:root:Getting X counts
INFO:root:Counts X got
INFO:root:Getting X counts
INFO:root:Counts X got
INFO:root:Getting X counts
INFO:root:Counts X got
INFO:root:Getting X counts
INFO:root:Counts X got
INFO:root:Getting X counts
INFO:root:Counts X got
INFO:root:Done checking
INFO:root:-2.744519
INFO:root:18564
INFO:root:Checking On Target 1
INFO:root:Getting X counts
INFO:root:Counts X got
INFO:root:Getting X counts
INFO:root:Counts X got
INFO:root:Getting X counts
INFO:root:Counts X got
INFO:root:Getting X counts
INFO:root:Counts X got
INFO:root:Getting X counts
INFO:root:Counts X got
INFO:root:Getting X counts
INFO:root:Counts X got
INFO:root:Getting X counts
INFO:root:Counts X got
INFO:root:Done checking
INFO:root:-2.80106
INFO:root:18574
INFO:root:Over
INFO:root:Checking On Target 2
INFO:root:Getting X counts
INFO:root:Counts X got
INFO:root:Getting X counts
INFO:root:Counts X got
INFO:root:Getting X counts
INFO:root:Counts X got
INFO:root:Getting X counts
INFO:root:Counts X got
INFO:root:Getting X counts
INFO:root:Counts X got
INFO:root:Getting X counts
INFO:root:Counts X got
INFO:root:Done checking
INFO:root:Start Ystep (loss then pos)
INFO:root:-2.8295335
INFO:root:-32640
INFO:root:Checking On Target 1
INFO:root:Getting Y counts
INFO:root:Counts Y got
INFO:root:Getting Y counts
INFO:root:Counts Y got
INFO:root:Getting Y counts
INFO:root:Counts Y got
INFO:root:Getting Y counts
INFO:root:Counts Y got
INFO:root:Getting Y counts
INFO:root:Counts Y got
INFO:root:Getting Y counts
INFO:root:Counts Y got
INFO:root:Getting Y counts
INFO:root:Counts Y got
INFO:root:Getting Y counts
INFO:root:Counts Y got
INFO:root:Done checking
INFO:root:-2.903984
INFO:root:-32630
INFO:root:Change direction
INFO:root:Checking On Target 1
INFO:root:Getting Y counts
INFO:root:Counts Y got
INFO:root:Getting Y counts
INFO:root:Counts Y got
INFO:root:Getting Y counts
INFO:root:Counts Y got
INFO:root:Getting Y counts
INFO:root:Counts Y got
INFO:root:Getting Y counts
INFO:root:Counts Y got
INFO:root:Done checking
INFO:root:-3.3080715
INFO:root:-32650
INFO:root:Over
INFO:root:Checking On Target 2
INFO:root:Getting Y counts
INFO:root:Counts Y got
INFO:root:Getting Y counts
INFO:root:Counts Y got
INFO:root:Getting Y counts
INFO:root:Counts Y got
INFO:root:Getting Y counts
INFO:root:Counts Y got
INFO:root:Getting Y counts
INFO:root:Counts Y got
INFO:root:Done checking
INFO:root:Scan update ends at: [0.011650000000000002, -0.0274, 138.59164999999996, -0.7, 0, 0]
INFO:root:X change: 10; Y change: 1
INFO:root:Z optim starts at (pos then loss): 
INFO:root:[0.011650000000000002, -0.0274, 138.59164999999996, -0.7, 0, 0]
INFO:root:-3.214388
INFO:root:[0.011650000000000002, -0.0274, 138.59644999999995, -0.7, 0, 0]
INFO:root:-2.539747
INFO:root:[0.011650000000000002, -0.0274, 138.60124999999994, -0.7, 0, 0]
INFO:root:-3.555345
INFO:root:[0.011650000000000002, -0.0274, 138.59624999999994, -0.7, 0, 0]
INFO:root:Z optim ends at: [0.011650000000000002, -0.0274, 138.59624999999994, -0.7, 0, 0]
INFO:root:Scan update starts at: [0.011650000000000002, -0.0274, 138.59624999999994, -0.7, 0, 0]
INFO:root:Start Tcounts: [18698, -32640, 18942, 7238, -13471, -26328]
INFO:root:Start Xstep (loss then pos)
INFO:root:-2.474427
INFO:root:18698
INFO:root:Checking On Target 1
INFO:root:Getting X counts
INFO:root:Counts X got
INFO:root:Getting X counts
INFO:root:Counts X got
INFO:root:Getting X counts
INFO:root:Counts X got
INFO:root:Getting X counts
INFO:root:Counts X got
INFO:root:Getting X counts
INFO:root:Counts X got
INFO:root:Getting X counts
INFO:root:Counts X got
INFO:root:Getting X counts
INFO:root:Counts X got
INFO:root:Getting X counts
INFO:root:Counts X got
INFO:root:Getting X counts
INFO:root:Counts X got
INFO:root:Getting X counts
INFO:root:Counts X got
INFO:root:Getting X counts
INFO:root:Counts X got
INFO:root:Getting X counts
INFO:root:Counts X got
INFO:root:Getting X counts
INFO:root:Counts X got
INFO:root:Getting X counts
INFO:root:Counts X got
INFO:root:Getting X counts
INFO:root:Counts X got
INFO:root:Getting X counts
INFO:root:Counts X got
INFO:root:Getting X counts
INFO:root:Counts X got
INFO:root:Getting X counts
INFO:root:Counts X got
INFO:root:Done checking
INFO:root:-2.9655575
INFO:root:18708
INFO:root:Change direction
INFO:root:Checking On Target 1
INFO:root:Getting X counts
INFO:root:Counts X got
INFO:root:Getting X counts
INFO:root:Counts X got
INFO:root:Getting X counts
INFO:root:Counts X got
INFO:root:Getting X counts
INFO:root:Counts X got
INFO:root:Getting X counts
INFO:root:Counts X got
INFO:root:Getting X counts
INFO:root:Counts X got
INFO:root:Getting X counts
INFO:root:Counts X got
INFO:root:Getting X counts
INFO:root:Counts X got
INFO:root:Getting X counts
INFO:root:Counts X got
INFO:root:Getting X counts
INFO:root:Counts X got
INFO:root:Getting X counts
INFO:root:Counts X got
INFO:root:Getting X counts
INFO:root:Counts X got
INFO:root:Getting X counts
INFO:root:Counts X got
INFO:root:Getting X counts
INFO:root:Counts X got
INFO:root:Getting X counts
INFO:root:Counts X got
INFO:root:Getting X counts
INFO:root:Counts X got
INFO:root:Getting X counts
INFO:root:Counts X got
INFO:root:Getting X counts
INFO:root:Counts X got
INFO:root:Getting X counts
INFO:root:Counts X got
INFO:root:Getting X counts
INFO:root:Counts X got
INFO:root:Done checking
INFO:root:-3.5117380000000002
INFO:root:18688
INFO:root:Over
INFO:root:Checking On Target 2
INFO:root:Getting X counts
INFO:root:Counts X got
INFO:root:Getting X counts
INFO:root:Counts X got
INFO:root:Getting X counts
INFO:root:Counts X got
INFO:root:Getting X counts
INFO:root:Counts X got
INFO:root:Getting X counts
INFO:root:Counts X got
INFO:root:Getting X counts
INFO:root:Counts X got
INFO:root:Getting X counts
INFO:root:Counts X got
INFO:root:Getting X counts
INFO:root:Counts X got
INFO:root:Getting X counts
INFO:root:Counts X got
INFO:root:Getting X counts
INFO:root:Counts X got
INFO:root:Getting X counts
INFO:root:Counts X got
INFO:root:Getting X counts
INFO:root:Counts X got
INFO:root:Getting X counts
INFO:root:Counts X got
INFO:root:Getting X counts
INFO:root:Counts X got
INFO:root:Done checking
INFO:root:Start Ystep (loss then pos)
INFO:root:-2.997465
INFO:root:-32640
INFO:root:Checking On Target 1
INFO:root:Getting Y counts
INFO:root:Counts Y got
INFO:root:Getting Y counts
INFO:root:Counts Y got
INFO:root:Getting Y counts
INFO:root:Counts Y got
INFO:root:Done checking
INFO:root:-4.016519499999999
INFO:root:-32650
INFO:root:Change direction
INFO:root:Checking On Target 1
INFO:root:Getting Y counts
INFO:root:Counts Y got
INFO:root:Getting Y counts
INFO:root:Counts Y got
INFO:root:Getting Y counts
INFO:root:Counts Y got
INFO:root:Getting Y counts
INFO:root:Counts Y got
INFO:root:Done checking
INFO:root:-2.3482060000000002
INFO:root:-32630
INFO:root:Checking On Target 1
INFO:root:Getting Y counts
INFO:root:Counts Y got
INFO:root:Getting Y counts
INFO:root:Counts Y got
INFO:root:Getting Y counts
INFO:root:Counts Y got
INFO:root:Getting Y counts
INFO:root:Counts Y got
INFO:root:Getting Y counts
INFO:root:Counts Y got
INFO:root:Getting Y counts
INFO:root:Counts Y got
INFO:root:Getting Y counts
INFO:root:Counts Y got
INFO:root:Getting Y counts
INFO:root:Counts Y got
INFO:root:Done checking
INFO:root:-2.425837
INFO:root:-32620
INFO:root:Over
INFO:root:Checking On Target 2
INFO:root:Getting Y counts
INFO:root:Counts Y got
INFO:root:Getting Y counts
INFO:root:Counts Y got
INFO:root:Getting Y counts
INFO:root:Counts Y got
INFO:root:Getting Y counts
INFO:root:Counts Y got
INFO:root:Getting Y counts
INFO:root:Counts Y got
INFO:root:Getting Y counts
INFO:root:Counts Y got
INFO:root:Done checking
INFO:root:Scan update ends at: [0.011700000000000002, -0.0269, 138.59624999999994, -0.7, 0, 0]
INFO:root:X change: 1; Y change: 10
INFO:root:Z optim starts at (pos then loss): 
INFO:root:[0.011700000000000002, -0.0269, 138.59624999999994, -0.7, 0, 0]
INFO:root:-2.3585089999999997
INFO:root:[0.011700000000000002, -0.0269, 138.59984999999995, -0.7, 0, 0]
INFO:root:-2.739434
INFO:root:[0.011700000000000002, -0.0269, 138.59768999999994, -0.7, 0, 0]
INFO:root:-2.200424
INFO:root:[0.011700000000000002, -0.0269, 138.59912999999995, -0.7, 0, 0]
INFO:root:-2.6856980000000004
INFO:root:[0.011700000000000002, -0.0269, 138.59748999999994, -0.7, 0, 0]
INFO:root:Z optim ends at: [0.011700000000000002, -0.0269, 138.59748999999994, -0.7, 0, 0]
INFO:root:Scan update starts at: [0.011700000000000002, -0.0269, 138.59748999999994, -0.7, 0, 0]
INFO:root:Start Tcounts: [18735, -32630, 18960, 7280, -13454, -26348]
INFO:root:Start Xstep (loss then pos)
INFO:root:-2.2032855
INFO:root:18735
INFO:root:Checking On Target 1
INFO:root:Getting X counts
INFO:root:Counts X got
INFO:root:Getting X counts
INFO:root:Counts X got
INFO:root:Getting X counts
INFO:root:Counts X got
INFO:root:Getting X counts
INFO:root:Counts X got
INFO:root:Getting X counts
INFO:root:Counts X got
INFO:root:Getting X counts
INFO:root:Counts X got
INFO:root:Getting X counts
INFO:root:Counts X got
INFO:root:Done checking
INFO:root:-2.488957
INFO:root:18725
INFO:root:Change direction
INFO:root:Checking On Target 1
INFO:root:Getting X counts
INFO:root:Counts X got
INFO:root:Getting X counts
INFO:root:Counts X got
INFO:root:Getting X counts
INFO:root:Counts X got
INFO:root:Getting X counts
INFO:root:Counts X got
INFO:root:Done checking
INFO:root:-2.226774
INFO:root:18745
INFO:root:Checking On Target 1
INFO:root:Getting X counts
INFO:root:Counts X got
INFO:root:Getting X counts
INFO:root:Counts X got
INFO:root:Getting X counts
INFO:root:Counts X got
INFO:root:Getting X counts
INFO:root:Counts X got
INFO:root:Getting X counts
INFO:root:Counts X got
INFO:root:Getting X counts
INFO:root:Counts X got
INFO:root:Getting X counts
INFO:root:Counts X got
INFO:root:Getting X counts
INFO:root:Counts X got
INFO:root:Getting X counts
INFO:root:Counts X got
INFO:root:Getting X counts
INFO:root:Counts X got
INFO:root:Getting X counts
INFO:root:Counts X got
INFO:root:Getting X counts
INFO:root:Counts X got
INFO:root:Getting X counts
INFO:root:Counts X got
INFO:root:Getting X counts
INFO:root:Counts X got
INFO:root:Getting X counts
INFO:root:Counts X got
INFO:root:Getting X counts
INFO:root:Counts X got
INFO:root:Done checking
INFO:root:-2.575005
INFO:root:18755
INFO:root:Over
INFO:root:Checking On Target 2
INFO:root:Getting X counts
INFO:root:Counts X got
INFO:root:Getting X counts
INFO:root:Counts X got
INFO:root:Getting X counts
INFO:root:Counts X got
INFO:root:Getting X counts
INFO:root:Counts X got
INFO:root:Getting X counts
INFO:root:Counts X got
INFO:root:Getting X counts
INFO:root:Counts X got
INFO:root:Getting X counts
INFO:root:Counts X got
INFO:root:Getting X counts
INFO:root:Counts X got
INFO:root:Getting X counts
INFO:root:Counts X got
INFO:root:Getting X counts
INFO:root:Counts X got
INFO:root:Getting X counts
INFO:root:Counts X got
INFO:root:Getting X counts
INFO:root:Counts X got
INFO:root:Getting X counts
INFO:root:Counts X got
INFO:root:Getting X counts
INFO:root:Counts X got
INFO:root:Getting X counts
INFO:root:Counts X got
INFO:root:Getting X counts
INFO:root:Counts X got
INFO:root:Getting X counts
INFO:root:Counts X got
INFO:root:Getting X counts
INFO:root:Counts X got
INFO:root:Getting X counts
INFO:root:Counts X got
INFO:root:Getting X counts
INFO:root:Counts X got
INFO:root:Done checking
INFO:root:Start Ystep (loss then pos)
INFO:root:-2.3429565
INFO:root:-32630
INFO:root:Checking On Target 1
INFO:root:Getting Y counts
INFO:root:Counts Y got
INFO:root:Getting Y counts
INFO:root:Counts Y got
INFO:root:Getting Y counts
INFO:root:Counts Y got
INFO:root:Getting Y counts
INFO:root:Counts Y got
INFO:root:Getting Y counts
INFO:root:Counts Y got
INFO:root:Done checking
INFO:root:-2.2688865
INFO:root:-32620
INFO:root:Checking On Target 1
INFO:root:Getting Y counts
INFO:root:Counts Y got
INFO:root:Getting Y counts
INFO:root:Counts Y got
INFO:root:Getting Y counts
INFO:root:Counts Y got
INFO:root:Getting Y counts
INFO:root:Counts Y got
INFO:root:Getting Y counts
INFO:root:Counts Y got
INFO:root:Getting Y counts
INFO:root:Counts Y got
INFO:root:Getting Y counts
INFO:root:Counts Y got
INFO:root:Getting Y counts
INFO:root:Counts Y got
INFO:root:Getting Y counts
INFO:root:Counts Y got
INFO:root:Getting Y counts
INFO:root:Counts Y got
INFO:root:Done checking
INFO:root:-2.1828845
INFO:root:-32610
INFO:root:Checking On Target 1
INFO:root:Getting Y counts
INFO:root:Counts Y got
INFO:root:Getting Y counts
INFO:root:Counts Y got
INFO:root:Getting Y counts
INFO:root:Counts Y got
INFO:root:Getting Y counts
INFO:root:Counts Y got
INFO:root:Getting Y counts
INFO:root:Counts Y got
INFO:root:Done checking
INFO:root:-3.1329504999999997
INFO:root:-32600
INFO:root:Over
INFO:root:Checking On Target 2
INFO:root:Getting Y counts
INFO:root:Counts Y got
INFO:root:Getting Y counts
INFO:root:Counts Y got
INFO:root:Getting Y counts
INFO:root:Counts Y got
INFO:root:Getting Y counts
INFO:root:Counts Y got
INFO:root:Done checking
INFO:root:Scan update ends at: [0.012200000000000003, -0.0259, 138.59748999999994, -0.7, 0, 0]
INFO:root:X change: 10; Y change: 20
INFO:root:Z optim starts at (pos then loss): 
INFO:root:[0.012200000000000003, -0.0259, 138.59748999999994, -0.7, 0, 0]
INFO:root:-2.174238
INFO:root:[0.012200000000000003, -0.0259, 138.60078999999993, -0.7, 0, 0]
INFO:root:-2.0799005
INFO:root:[0.012200000000000003, -0.0259, 138.60408999999993, -0.7, 0, 0]
INFO:root:-1.716717
INFO:root:[0.012200000000000003, -0.0259, 138.60738999999992, -0.7, 0, 0]
INFO:root:-1.5372925
INFO:root:[0.012200000000000003, -0.0259, 138.61068999999992, -0.7, 0, 0]
INFO:root:-1.283537
INFO:root:[0.012200000000000003, -0.0259, 138.61398999999992, -0.7, 0, 0]
INFO:root:-1.1261975
INFO:root:[0.012200000000000003, -0.0259, 138.6172899999999, -0.7, 0, 0]
INFO:root:-0.93506635
INFO:root:[0.012200000000000003, -0.0259, 138.6205899999999, -0.7, 0, 0]
INFO:root:-0.9352801500000001
INFO:root:[0.012200000000000003, -0.0259, 138.6238899999999, -0.7, 0, 0]
INFO:root:-0.6633483499999999
INFO:root:[0.012200000000000003, -0.0259, 138.6271899999999, -0.7, 0, 0]
INFO:root:-1.0268220000000001
INFO:root:[0.012200000000000003, -0.0259, 138.6236899999999, -0.7, 0, 0]
INFO:root:Z optim ends at: [0.012200000000000003, -0.0259, 138.6236899999999, -0.7, 0, 0]
INFO:root:Change to Final_adjust
INFO:root:Scan update starts at: [0.012200000000000003, -0.0259, 138.6236899999999, -0.7, 0, 0]
INFO:root:Start Tcounts: [19508, -32616, 19344, 7976, -13095, -26974]
INFO:root:Start Xstep (loss then pos)
INFO:root:-0.6880186500000001
INFO:root:19508
INFO:root:Checking On Target 1
INFO:root:Getting X counts
INFO:root:Counts X got
INFO:root:Getting X counts
INFO:root:Counts X got
INFO:root:Getting X counts
INFO:root:Counts X got
INFO:root:Getting X counts
INFO:root:Counts X got
INFO:root:Getting X counts
INFO:root:Counts X got
INFO:root:Getting X counts
INFO:root:Counts X got
INFO:root:Getting X counts
INFO:root:Counts X got
INFO:root:Getting X counts
INFO:root:Counts X got
INFO:root:Done checking
INFO:root:-0.7292014499999999
INFO:root:19511
INFO:root:Change direction
INFO:root:Checking On Target 1
INFO:root:Getting X counts
INFO:root:Counts X got
INFO:root:Getting X counts
INFO:root:Counts X got
INFO:root:Getting X counts
INFO:root:Counts X got
INFO:root:Getting X counts
INFO:root:Counts X got
INFO:root:Done checking
INFO:root:-0.6709481500000001
INFO:root:19505
INFO:root:Checking On Target 1
INFO:root:Getting X counts
INFO:root:Counts X got
INFO:root:Getting X counts
INFO:root:Counts X got
INFO:root:Getting X counts
INFO:root:Counts X got
INFO:root:Getting X counts
INFO:root:Counts X got
INFO:root:Getting X counts
INFO:root:Counts X got
INFO:root:Done checking
INFO:root:-0.6817040999999999
INFO:root:19502
INFO:root:Over
INFO:root:Checking On Target 2
INFO:root:Getting X counts
INFO:root:Counts X got
INFO:root:Getting X counts
INFO:root:Counts X got
INFO:root:Getting X counts
INFO:root:Counts X got
INFO:root:Getting X counts
INFO:root:Counts X got
INFO:root:Getting X counts
INFO:root:Counts X got
INFO:root:Getting X counts
INFO:root:Counts X got
INFO:root:Getting X counts
INFO:root:Counts X got
INFO:root:Getting X counts
INFO:root:Counts X got
INFO:root:Done checking
INFO:root:Start Ystep (loss then pos)
INFO:root:-0.66186225
INFO:root:-32616
INFO:root:Checking On Target 1
INFO:root:Getting Y counts
INFO:root:Counts Y got
INFO:root:Getting Y counts
INFO:root:Counts Y got
INFO:root:Getting Y counts
INFO:root:Counts Y got
INFO:root:Getting Y counts
INFO:root:Counts Y got
INFO:root:Done checking
INFO:root:-1.450177
INFO:root:-32613
INFO:root:Change direction
INFO:root:Checking On Target 1
INFO:root:Getting Y counts
INFO:root:Counts Y got
INFO:root:Getting Y counts
INFO:root:Counts Y got
INFO:root:Getting Y counts
INFO:root:Counts Y got
INFO:root:Done checking
INFO:root:-0.6448013
INFO:root:-32619
INFO:root:Checking On Target 1
INFO:root:Getting Y counts
INFO:root:Counts Y got
INFO:root:Getting Y counts
INFO:root:Counts Y got
INFO:root:Getting Y counts
INFO:root:Counts Y got
INFO:root:Getting Y counts
INFO:root:Counts Y got
INFO:root:Done checking
INFO:root:-0.7276946
INFO:root:-32622
INFO:root:Over
INFO:root:Checking On Target 2
INFO:root:Getting Y counts
INFO:root:Counts Y got
INFO:root:Getting Y counts
INFO:root:Counts Y got
INFO:root:Getting Y counts
INFO:root:Counts Y got
INFO:root:Getting Y counts
INFO:root:Counts Y got
INFO:root:Done checking
INFO:root:Scan update ends at: [0.012050000000000002, -0.02605, 138.6236899999999, -0.7, 0, 0]
INFO:root:X change: -3; Y change: -3
INFO:root:Change to Final_adjust
INFO:root:Z optim starts at (pos then loss): 
INFO:root:[0.012050000000000002, -0.02605, 138.6236899999999, -0.7, 0, 0]
INFO:root:-0.891106
INFO:root:[0.012050000000000002, -0.02605, 138.6251899999999, -0.7, 0, 0]
INFO:root:-0.62433335
INFO:root:[0.012050000000000002, -0.02605, 138.62668999999988, -0.7, 0, 0]
INFO:root:-0.60254695
INFO:root:[0.012050000000000002, -0.02605, 138.62818999999988, -0.7, 0, 0]
INFO:root:-0.59842655
INFO:root:[0.012050000000000002, -0.02605, 138.62968999999987, -0.7, 0, 0]
INFO:root:-0.5988122499999999
INFO:root:[0.012050000000000002, -0.02605, 138.63118999999986, -0.7, 0, 0]
INFO:root:-0.6298195
INFO:root:[0.012050000000000002, -0.02605, 138.62948999999986, -0.7, 0, 0]
INFO:root:Z optim ends at: [0.012050000000000002, -0.02605, 138.62948999999986, -0.7, 0, 0]
INFO:root:Change to Final_adjust
INFO:root:Scan update starts at: [0.012050000000000002, -0.02605, 138.62948999999986, -0.7, 0, 0]
INFO:root:Start Tcounts: [19674, -32621, 19434, 8122, -13011, -27120]
INFO:root:Start Xstep (loss then pos)
INFO:root:-0.94831965
INFO:root:19674
INFO:root:Checking On Target 1
INFO:root:Getting X counts
INFO:root:Counts X got
INFO:root:Getting X counts
INFO:root:Counts X got
INFO:root:Getting X counts
INFO:root:Counts X got
INFO:root:Getting X counts
INFO:root:Counts X got
INFO:root:Done checking
INFO:root:-0.94029545
INFO:root:19671
INFO:root:Checking On Target 1
INFO:root:Getting X counts
INFO:root:Counts X got
INFO:root:Getting X counts
INFO:root:Counts X got
INFO:root:Getting X counts
INFO:root:Counts X got
INFO:root:Getting X counts
INFO:root:Counts X got
INFO:root:Getting X counts
INFO:root:Counts X got
INFO:root:Getting X counts
INFO:root:Counts X got
INFO:root:Getting X counts
INFO:root:Counts X got
INFO:root:Done checking
INFO:root:-0.96349535
INFO:root:19668
INFO:root:Over
INFO:root:Checking On Target 2
INFO:root:Getting X counts
INFO:root:Counts X got
INFO:root:Getting X counts
INFO:root:Counts X got
INFO:root:Getting X counts
INFO:root:Counts X got
INFO:root:Getting X counts
INFO:root:Counts X got
INFO:root:Getting X counts
INFO:root:Counts X got
INFO:root:Getting X counts
INFO:root:Counts X got
INFO:root:Done checking
INFO:root:Start Ystep (loss then pos)
INFO:root:-1.0271884999999998
INFO:root:-32621
INFO:root:Checking On Target 1
INFO:root:Getting Y counts
INFO:root:Counts Y got
INFO:root:Getting Y counts
INFO:root:Counts Y got
INFO:root:Getting Y counts
INFO:root:Counts Y got
INFO:root:Done checking
INFO:root:-0.5605567499999999
INFO:root:-32624
INFO:root:Checking On Target 1
INFO:root:Getting Y counts
INFO:root:Counts Y got
INFO:root:Getting Y counts
INFO:root:Counts Y got
INFO:root:Getting Y counts
INFO:root: 
INFO:root:*************************
INFO:root:Reset
INFO:root:*************************
INFO:root: 
INFO:root:*************************
INFO:root:Reset
INFO:root:*************************
INFO:root: 
INFO:root:$$$$$$$$$$$$$$$$$$$$$$$$$$$$$$
INFO:root:$$$$$$$$$$$$$$$$$$$$$$$$$$$$$$
INFO:root:A New Alignment Starts
INFO:root:$$$$$$$$$$$$$$$$$$$$$$$$$$$$$$
INFO:root:[0, 0, 138, -0.7, 0, 0]
INFO:root:Scan update starts at: [0, 0, 138, -0.7, 0, 0]
INFO:root:Start Tcounts: [1366, -31946, 10345, -7364, -21512, -11301]
INFO:root:-49.97283
INFO:root:Monitor start (loss then pos)
INFO:root:-49.97283
INFO:root:1366
INFO:root:-50.028235
INFO:root:1367
INFO:root:-49.60698
INFO:root:1359
INFO:root:-48.663979999999995
INFO:root:1350
INFO:root:-47.38072
INFO:root:1340
INFO:root:-46.00275
INFO:root:1329
INFO:root:-45.087165
INFO:root:1316
INFO:root:-44.877115
INFO:root:1300
INFO:root:-45.508505
INFO:root:1284
INFO:root:-46.832955
INFO:root:1266
INFO:root:-49.50581
INFO:root:1246
INFO:root:x scan done: has max
INFO:root:Getting X counts
INFO:root:Counts X got
INFO:root:Getting X counts
INFO:root:Counts X got
INFO:root:-44.896485
INFO:root:Monitor start (loss then pos)
INFO:root:-44.896485
INFO:root:-31946
INFO:root:-44.900135
INFO:root:-31951
INFO:root:-44.894850000000005
INFO:root:-31951
INFO:root:-44.802665000000005
INFO:root:-31951
INFO:root:-44.27457
INFO:root:-31961
INFO:root:-43.734049999999996
INFO:root:-31972
INFO:root:-42.50572
INFO:root:-32000
INFO:root:-21.073698999999998
INFO:root:-32014
INFO:root:-38.46018
INFO:root:-32030
INFO:root:-35.862555
INFO:root:-32049
INFO:root:-32.762885
INFO:root:-32068
INFO:root:-29.961555
INFO:root:-32090
INFO:root:-25.501445
INFO:root:-32114
INFO:root:-22.297135
INFO:root:-32140
INFO:root:-20.047305
INFO:root:-32167
INFO:root:-19.136955
INFO:root:-32195
INFO:root:-19.4169
INFO:root:-32225
INFO:root:-21.267865
INFO:root:-32256
INFO:root:y scan done: has max
INFO:root:Getting Y counts
INFO:root:Counts Y got
INFO:root:Getting Y counts
INFO:root:Counts Y got
INFO:root:Scan update ends at: [-0.0025, -0.01105, 138, -0.7, 0, 0]
INFO:root:X change: -50; Y change: -221
INFO:root:Z optim starts at (pos then loss): 
INFO:root:[-0.0025, -0.01105, 138, -0.7, 0, 0]
INFO:root:-19.313675
INFO:root:[-0.0025, -0.01105, 138.0772, -0.7, 0, 0]
INFO:root:-9.230776
INFO:root:[-0.0025, -0.01105, 138.1544, -0.7, 0, 0]
INFO:root:-22.78004
INFO:root:[-0.0025, -0.01105, 138.23160000000001, -0.7, 0, 0]
INFO:root:-67.250335
INFO:root:[-0.0025, -0.01105, 138.1542, -0.7, 0, 0]
INFO:root:Z optim ends at: [-0.0025, -0.01105, 138.1542, -0.7, 0, 0]
INFO:root:Scan update starts at: [-0.0025, -0.01105, 138.1542, -0.7, 0, 0]
INFO:root:Start Tcounts: [5692, -32205, 12654, -3709, -19344, -15228]
INFO:root:-25.181575000000002
INFO:root:Monitor start (loss then pos)
INFO:root:-25.181575000000002
INFO:root:5692
INFO:root:-25.189675
INFO:root:5688
INFO:root:-25.18558
INFO:root:5688
INFO:root:-25.192475
INFO:root:5689
INFO:root:-25.192715
INFO:root:5684
INFO:root:-25.266959999999997
INFO:root:5669
INFO:root:-25.43459
INFO:root:5657
INFO:root:-25.729855
INFO:root:5644
INFO:root:-26.157955
INFO:root:5629
INFO:root:x scan done: decreasing
INFO:root:Monitor start (loss then pos)
INFO:root:-26.157955
INFO:root:5644
INFO:root:-27.454475000000002
INFO:root:5644
INFO:root:-27.434025
INFO:root:5646
INFO:root:-27.41691
INFO:root:5650
INFO:root:-27.379615
INFO:root:5657
INFO:root:-27.334899999999998
INFO:root:5665
INFO:root:-26.48696
INFO:root:5697
INFO:root:-25.2538
INFO:root:5712
INFO:root:-23.19907
INFO:root:5734
INFO:root:-22.374885
INFO:root:5753
INFO:root:-21.08454
INFO:root:5774
INFO:root:-19.406795
INFO:root:5797
INFO:root:-18.077579999999998
INFO:root:5822
INFO:root:-16.23475
INFO:root:5849
INFO:root:-15.266670000000001
INFO:root:5877
INFO:root:-14.506605
INFO:root:5908
INFO:root:-14.059265
INFO:root:5938
INFO:root:-13.993475
INFO:root:5968
INFO:root:-14.290365
INFO:root:5998
INFO:root:-14.97733
INFO:root:6027
INFO:root:x scan done: has max
INFO:root:Getting X counts
INFO:root:Counts X got
INFO:root:Getting X counts
INFO:root:Counts X got
INFO:root:-13.959485
INFO:root:Monitor start (loss then pos)
INFO:root:-13.959485
INFO:root:-32205
INFO:root:-13.959579999999999
INFO:root:-32204
INFO:root:-13.96189
INFO:root:-32204
INFO:root:-13.952155
INFO:root:-32203
INFO:root:-13.54178
INFO:root:-32216
INFO:root:-13.051475
INFO:root:-32227
INFO:root:-12.903265000000001
INFO:root:-32237
INFO:root:-12.68942
INFO:root:-32250
INFO:root:-12.378
INFO:root:-32263
INFO:root:-11.764635
INFO:root:-32278
INFO:root:-11.18753
INFO:root:-32295
INFO:root:-10.669255
INFO:root:-32314
INFO:root:-10.245505000000001
INFO:root:-32334
INFO:root:-9.937896
INFO:root:-32356
INFO:root:-9.804565
INFO:root:-32382
INFO:root:-9.8831435
INFO:root:-32406
INFO:root:-10.19718
INFO:root:-32433
INFO:root:-10.78773
INFO:root:-32463
INFO:root:y scan done: has max
INFO:root:Getting Y counts
INFO:root:Counts Y got
INFO:root:Getting Y counts
INFO:root:Counts Y got
INFO:root:Getting Y counts
INFO:root:Counts Y got
INFO:root:Scan update ends at: [0.0098, -0.018600000000000002, 138.1542, -0.7, 0, 0]
INFO:root:X change: 246; Y change: -151
INFO:root:Z optim starts at (pos then loss): 
INFO:root:[0.0098, -0.018600000000000002, 138.1542, -0.7, 0, 0]
INFO:root:-9.913187
INFO:root:[0.0098, -0.018600000000000002, 138.174, -0.7, 0, 0]
INFO:root:-19.499175
INFO:root:[0.0098, -0.018600000000000002, 138.16212000000002, -0.7, 0, 0]
INFO:root:-10.60136
INFO:root:[0.0098, -0.018600000000000002, 138.157368, -0.7, 0, 0]
INFO:root:-9.80854
INFO:root:[0.0098, -0.018600000000000002, 138.16053599999998, -0.7, 0, 0]
INFO:root:-10.3516
INFO:root:[0.0098, -0.018600000000000002, 138.15716799999998, -0.7, 0, 0]
INFO:root:Z optim ends at: [0.0098, -0.018600000000000002, 138.15716799999998, -0.7, 0, 0]
INFO:root:Scan update starts at: [0.0098, -0.018600000000000002, 138.15716799999998, -0.7, 0, 0]
INFO:root:Start Tcounts: [6023, -32357, 12452, -3785, -19549, -15451]
INFO:root:-9.7962165
INFO:root:Monitor start (loss then pos)
INFO:root:-9.7962165
INFO:root:6023
INFO:root:-9.797453
INFO:root:6018
INFO:root:-9.797831
INFO:root:6017
INFO:root:-9.797923
INFO:root:6017
INFO:root:-9.7978965
INFO:root:6009
INFO:root:-9.7974535
INFO:root:6031
INFO:root:-9.7922995
INFO:root:6048
INFO:root:-9.815405
INFO:root:6061
INFO:root:-9.9077465
INFO:root:6076
INFO:root:-10.09934
INFO:root:6091
INFO:root:-10.432324999999999
INFO:root:6109
INFO:root:x scan done: decreasing
INFO:root:Monitor start (loss then pos)
INFO:root:-10.432324999999999
INFO:root:6091
INFO:root:-10.608920000000001
INFO:root:6086
INFO:root:-10.52698
INFO:root:6076
INFO:root:-10.405655
INFO:root:6069
INFO:root:-10.29637
INFO:root:6060
INFO:root:-10.145765
INFO:root:6049
INFO:root:-10.0042415
INFO:root:6037
INFO:root:-9.898291
INFO:root:6022
INFO:root:-9.8420445
INFO:root:6006
INFO:root:-9.8397695
INFO:root:5988
INFO:root:-9.881337
INFO:root:5968
INFO:root:-9.970163
INFO:root:5947
INFO:root:-10.174814999999999
INFO:root:5924
INFO:root:x scan done: has max
INFO:root:Getting X counts
INFO:root:Counts X got
INFO:root:Getting X counts
INFO:root:Counts X got
INFO:root:-10.048015
INFO:root:Monitor start (loss then pos)
INFO:root:-10.048015
INFO:root:-32357
INFO:root:-10.045200000000001
INFO:root:-32358
INFO:root:-10.04028
INFO:root:-32361
INFO:root:-10.036200000000001
INFO:root:-32366
INFO:root:-10.01862
INFO:root:-32384
INFO:root:-10.05745
INFO:root:-32394
INFO:root:-10.129394999999999
INFO:root:-32406
INFO:root:-10.247945
INFO:root:-32420
INFO:root:-10.46221
INFO:root:-32436
INFO:root:y scan done: decreasing
INFO:root:Monitor start (loss then pos)
INFO:root:-10.46221
INFO:root:-32420
INFO:root:-10.723704999999999
INFO:root:-32422
INFO:root:-10.581005000000001
INFO:root:-32418
INFO:root:-10.43213
INFO:root:-32413
INFO:root:-10.340035
INFO:root:-32407
INFO:root:-10.25139
INFO:root:-32399
INFO:root:-10.15498
INFO:root:-32388
INFO:root:-10.051165000000001
INFO:root:-32376
INFO:root:-9.956245
INFO:root:-32362
INFO:root:-9.879207000000001
INFO:root:-32347
INFO:root:-9.8315375
INFO:root:-32329
INFO:root:-9.9961005
INFO:root:-32282
INFO:root:-10.43307
INFO:root:-32258
INFO:root:y scan done: has max
INFO:root:Getting Y counts
INFO:root:Counts Y got
INFO:root:Getting Y counts
INFO:root:Counts Y got
INFO:root:Getting Y counts
INFO:root:Counts Y got
INFO:root:Scan update ends at: [0.00895, -0.0181, 138.15716799999998, -0.7, 0, 0]
INFO:root:X change: -17; Y change: 10
INFO:root:Z optim starts at (pos then loss): 
INFO:root:[0.00895, -0.0181, 138.15716799999998, -0.7, 0, 0]
INFO:root:-9.960423500000001
INFO:root:[0.00895, -0.0181, 138.177168, -0.7, 0, 0]
INFO:root:-28.273345
INFO:root:[0.00895, -0.0181, 138.165168, -0.7, 0, 0]
INFO:root:-12.01057
INFO:root:[0.00895, -0.0181, 138.16036799999998, -0.7, 0, 0]
INFO:root:-10.452835
INFO:root:[0.00895, -0.0181, 138.158448, -0.7, 0, 0]
INFO:root:-10.01716
INFO:root:[0.00895, -0.0181, 138.159728, -0.7, 0, 0]
INFO:root:-10.31035
INFO:root:[0.00895, -0.0181, 138.158248, -0.7, 0, 0]
INFO:root:Z optim ends at: [0.00895, -0.0181, 138.158248, -0.7, 0, 0]
INFO:root:Scan update starts at: [0.00895, -0.0181, 138.158248, -0.7, 0, 0]
INFO:root:Start Tcounts: [6036, -32347, 12485, -3748, -19518, -15467]
INFO:root:-9.975197999999999
INFO:root:Monitor start (loss then pos)
INFO:root:-9.975197999999999
INFO:root:6036
INFO:root:-9.976086
INFO:root:6030
INFO:root:-9.976482
INFO:root:6030
INFO:root:-9.9770435
INFO:root:6028
INFO:root:-9.979383
INFO:root:6018
INFO:root:-9.9842055
INFO:root:6009
INFO:root:-10.01492
INFO:root:5999
INFO:root:-10.104445
INFO:root:5968
INFO:root:-10.229275000000001
INFO:root:5952
INFO:root:x scan done: decreasing
INFO:root:Monitor start (loss then pos)
INFO:root:-10.229275000000001
INFO:root:5968
INFO:root:-10.40907
INFO:root:5968
INFO:root:-10.40576
INFO:root:5970
INFO:root:-10.402265
INFO:root:5975
INFO:root:-10.396545
INFO:root:5982
INFO:root:-10.39006
INFO:root:5990
INFO:root:-10.38176
INFO:root:6001
INFO:root:-10.37177
INFO:root:6012
INFO:root:-10.358835
INFO:root:6026
INFO:root:-10.33391
INFO:root:6041
INFO:root:-10.143935
INFO:root:6059
INFO:root:-9.938187
INFO:root:6078
INFO:root:-9.826611
INFO:root:6098
INFO:root:-9.8623315
INFO:root:6121
INFO:root:-10.554803
INFO:root:6183
INFO:root:-11.958455
INFO:root:6212
INFO:root:x scan done: has max
INFO:root:Getting X counts
INFO:root:Counts X got
INFO:root:Getting X counts
INFO:root:Counts X got
INFO:root:Getting X counts
INFO:root:Counts X got
INFO:root:-9.917185
INFO:root:Monitor start (loss then pos)
INFO:root:-9.917185
INFO:root:-32347
INFO:root:-9.9172175
INFO:root:-32346
INFO:root:-9.91725
INFO:root:-32346
INFO:root:-9.9173475
INFO:root:-32346
INFO:root:-9.917152
INFO:root:-32347
INFO:root:-9.9162095
INFO:root:-32333
INFO:root:-9.900247
INFO:root:-32317
INFO:root:-9.940149
INFO:root:-32303
INFO:root:-10.076515
INFO:root:-32289
INFO:root:-10.630965
INFO:root:-32242
INFO:root:y scan done: decreasing
INFO:root:Monitor start (loss then pos)
INFO:root:-10.630965
INFO:root:-32289
INFO:root:-10.64773
INFO:root:-32294
INFO:root:-10.610185000000001
INFO:root:-32297
INFO:root:-10.53311
INFO:root:-32302
INFO:root:-10.426195
INFO:root:-32308
INFO:root:-10.29327
INFO:root:-32317
INFO:root:-10.15342
INFO:root:-32327
INFO:root:-10.023669
INFO:root:-32339
INFO:root:-9.905378500000001
INFO:root:-32352
INFO:root:-9.833147499999999
INFO:root:-32368
INFO:root:-9.8259705
INFO:root:-32385
INFO:root:-9.9029315
INFO:root:-32404
INFO:root:-10.08605
INFO:root:-32425
INFO:root:-10.403955
INFO:root:-32448
INFO:root:y scan done: has max
INFO:root:Getting Y counts
INFO:root:Counts Y got
INFO:root:Getting Y counts
INFO:root:Counts Y got
INFO:root:Getting Y counts
INFO:root:Counts Y got
INFO:root:Scan update ends at: [0.01105, -0.01915, 138.158248, -0.7, 0, 0]
INFO:root:X change: 42; Y change: -21
INFO:root:Z optim starts at (pos then loss): 
INFO:root:[0.01105, -0.01915, 138.158248, -0.7, 0, 0]
INFO:root:-9.983808
INFO:root:[0.01105, -0.01915, 138.178248, -0.7, 0, 0]
INFO:root:-19.045209999999997
INFO:root:[0.01105, -0.01915, 138.166248, -0.7, 0, 0]
INFO:root:-12.219345
INFO:root:[0.01105, -0.01915, 138.16144799999998, -0.7, 0, 0]
INFO:root:-10.02445
INFO:root:[0.01105, -0.01915, 138.16464799999997, -0.7, 0, 0]
INFO:root:-11.398399999999999
INFO:root:[0.01105, -0.01915, 138.16124799999997, -0.7, 0, 0]
INFO:root:Z optim ends at: [0.01105, -0.01915, 138.16124799999997, -0.7, 0, 0]
INFO:root:Scan update starts at: [0.01105, -0.01915, 138.16124799999997, -0.7, 0, 0]
INFO:root:Start Tcounts: [6164, -32368, 12487, -3693, -19518, -15560]
INFO:root:-9.9474365
INFO:root:Monitor start (loss then pos)
INFO:root:-9.9474365
INFO:root:6164
INFO:root:-9.9480595
INFO:root:6161
INFO:root:-9.9485175
INFO:root:6161
INFO:root: 
INFO:root:*************************
INFO:root:Reset
INFO:root:*************************
INFO:root: 
INFO:root:$$$$$$$$$$$$$$$$$$$$$$$$$$$$$$
INFO:root:$$$$$$$$$$$$$$$$$$$$$$$$$$$$$$
INFO:root:A New Alignment Starts
INFO:root:$$$$$$$$$$$$$$$$$$$$$$$$$$$$$$
INFO:root:[0, 0, 138, -0.7, 0, 0]
INFO:root:Scan update starts at: [0, 0, 138, -0.7, 0, 0]
INFO:root:Start Tcounts: [1366, -31946, 10345, -7364, -21512, -11301]
INFO:root: 
INFO:root:*************************
INFO:root:Reset
INFO:root:*************************
INFO:root: 
INFO:root:$$$$$$$$$$$$$$$$$$$$$$$$$$$$$$
INFO:root:$$$$$$$$$$$$$$$$$$$$$$$$$$$$$$
INFO:root:A New Alignment Starts
INFO:root:$$$$$$$$$$$$$$$$$$$$$$$$$$$$$$
INFO:root:[0, 0, 138, -0.7, 0, 0]
INFO:root:Scan update starts at: [0, 0, 138, -0.7, 0, 0]
INFO:root:Start Tcounts: [1366, -31946, 10345, -7364, -21512, -11301]
INFO:root: 
INFO:root:*************************
INFO:root:Reset
INFO:root:*************************
INFO:root: 
INFO:root:$$$$$$$$$$$$$$$$$$$$$$$$$$$$$$
INFO:root:$$$$$$$$$$$$$$$$$$$$$$$$$$$$$$
INFO:root:A New Alignment Starts
INFO:root:$$$$$$$$$$$$$$$$$$$$$$$$$$$$$$
INFO:root:[0, 0, 138, -0.7, 0, 0]
INFO:root:Scan update starts at: [0, 0, 138, -0.7, 0, 0]
INFO:root:Start Tcounts: [1366, -31946, 10345, -7364, -21512, -11301]
INFO:root: 
INFO:root:*************************
INFO:root:Reset
INFO:root:*************************
