INFO:root:[-0.26, 0.38, 138.3, 2, 0.5, 0]
INFO:root:Scan update starts at: [-0.26, 0.38, 138.3, 2, 0.5, 0]
INFO:root:Start Tcounts: [9762, 61467, -27399, 248, 66303, -9469]
INFO:root:-40.01263
INFO:root:Monitor start (loss then pos)
INFO:root:-40.01263
INFO:root:9762
INFO:root:-40.01044
INFO:root:9762
INFO:root:-40.017565000000005
INFO:root:9762
INFO:root:-40.02469
INFO:root:9762
INFO:root:-40.02455
INFO:root:9763
INFO:root:-40.02178
INFO:root:9741
INFO:root:-40.01901
INFO:root:9727
INFO:root:-39.62801
INFO:root:9713
INFO:root:-39.14148
INFO:root:9683
INFO:root:-38.89256
INFO:root:9666
INFO:root:-38.64364
INFO:root:9645
INFO:root:-38.13005
INFO:root:9624
INFO:root:-38.13005
INFO:root:9600
INFO:root:-37.66145
INFO:root:9575
INFO:root:-37.66145
INFO:root:9531
INFO:root:-35.44194
INFO:root:9401
INFO:root:-35.08005
INFO:root:9369
INFO:root:-34.71816
INFO:root:9337
INFO:root:-34.27947
INFO:root:9306
INFO:root:-34.08355
INFO:root:9275
INFO:root:-33.88763
INFO:root:9246
INFO:root:-33.649280000000005
INFO:root:9216
INFO:root:-33.41093
INFO:root:9185
INFO:root:-32.94883
INFO:root:9155
INFO:root:-32.796915
INFO:root:9123
INFO:root:-32.645
INFO:root:9092
INFO:root:-32.35936
INFO:root:9061
INFO:root:-32.237725
INFO:root:9031
INFO:root:-32.11609
INFO:root:9000
INFO:root:-31.983005
INFO:root:8971
INFO:root:-31.623260000000002
INFO:root:8829
INFO:root:-31.3966
INFO:root:8797
INFO:root:-31.345309999999998
INFO:root:8766
INFO:root:-31.29402
INFO:root:8737
INFO:root:-31.20967
INFO:root:8707
INFO:root:-31.2128
INFO:root:8676
INFO:root:-31.21593
INFO:root:8647
INFO:root:-31.207025
INFO:root:8616
INFO:root:-31.19812
INFO:root:8585
INFO:root:-31.18288
INFO:root:8556
INFO:root:-31.197425000000003
INFO:root:8525
INFO:root:-31.21197
INFO:root:8495
INFO:root:-31.30151
INFO:root:8465
INFO:root:-31.30151
INFO:root:8435
INFO:root:-31.44511
INFO:root:8406
INFO:root:-31.490755
INFO:root:8376
INFO:root:-31.694255
INFO:root:8271
INFO:root:-31.85211
INFO:root:8240
INFO:root:-32.10181
INFO:root:8208
INFO:root:-32.225584999999995
INFO:root:8178
INFO:root:-32.34936
INFO:root:8149
INFO:root:-32.472905
INFO:root:8119
INFO:root:-32.59645
INFO:root:8090
INFO:root:-32.88985
INFO:root:8059
INFO:root:x scan done: has max
INFO:root:-31.22593
INFO:root:Monitor start (loss then pos)
INFO:root:-31.22593
INFO:root:61467
INFO:root:-31.222360000000002
INFO:root:61466
INFO:root:-31.21879
INFO:root:61466
INFO:root:-31.307025000000003
INFO:root:61430
INFO:root:-31.39252
INFO:root:61417
INFO:root:-31.69257
INFO:root:61402
INFO:root:-31.84603
INFO:root:61384
INFO:root:-31.99949
INFO:root:61365
INFO:root:-32.38865
INFO:root:61344
INFO:root:y scan done: decreasing
INFO:root:Monitor start (loss then pos)
INFO:root:-32.38865
INFO:root:61365
INFO:root:-32.59974
INFO:root:61365
INFO:root:-32.57447
INFO:root:61369
INFO:root:-32.500865000000005
INFO:root:61377
INFO:root:-32.45253
INFO:root:61385
INFO:root:-32.374595
INFO:root:61396
INFO:root:-32.29666
INFO:root:61408
INFO:root:-31.76577
INFO:root:61466
INFO:root:-31.45724
INFO:root:61491
INFO:root:-31.05772
INFO:root:61513
INFO:root:-30.815685000000002
INFO:root:61537
INFO:root:-30.57365
INFO:root:61565
INFO:root:-30.265515
INFO:root:61593
INFO:root:-29.95738
INFO:root:61623
INFO:root:-29.20114
INFO:root:61653
INFO:root:-28.779069999999997
INFO:root:61683
INFO:root:-28.357
INFO:root:61713
INFO:root:-28.357
INFO:root:61745
INFO:root:-27.562154999999997
INFO:root:61778
INFO:root:-26.76731
INFO:root:61812
INFO:root:-26.09172
INFO:root:61844
INFO:root:-26.09172
INFO:root:61874
INFO:root:-25.55825
INFO:root:61904
INFO:root:-25.35875
INFO:root:61935
INFO:root:-24.779595
INFO:root:62077
INFO:root:-24.39994
INFO:root:62112
INFO:root:-24.1032
INFO:root:62143
INFO:root:-24.1032
INFO:root:62173
INFO:root:-23.71414
INFO:root:62204
INFO:root:-23.485855
INFO:root:62237
INFO:root:-23.25757
INFO:root:62266
INFO:root:-22.76944
INFO:root:62296
INFO:root:-22.51972
INFO:root:62327
INFO:root:-22.27
INFO:root:62356
INFO:root:-22.040799999999997
INFO:root:62387
INFO:root:-21.8116
INFO:root:62419
INFO:root:-21.44044
INFO:root:62449
INFO:root:-21.316164999999998
INFO:root:62479
INFO:root:-21.19189
INFO:root:62511
INFO:root:-21.08626
INFO:root:62542
INFO:root:-21.36456
INFO:root:62644
INFO:root:-21.550285000000002
INFO:root:62690
INFO:root:-21.73601
INFO:root:62720
INFO:root:-22.2076
INFO:root:62750
INFO:root:y scan done: has max
INFO:root:Scan update ends at: [-0.31885, 0.43220000000000003, 138.3, 2, 0.5, 0]
INFO:root:X change: -1177; Y change: 1044
INFO:root:Z optim starts at (pos then loss): 
INFO:root:[-0.31885, 0.43220000000000003, 138.3, 2, 0.5, 0]
INFO:root:-21.07956
INFO:root:[-0.31885, 0.43220000000000003, 138.3844, 2, 0.5, 0]
INFO:root:-21.72031
INFO:root:[-0.31885, 0.43220000000000003, 138.4688, 2, 0.5, 0]
INFO:root:-22.77144
INFO:root:[-0.31885, 0.43220000000000003, 138.55319999999998, 2, 0.5, 0]
INFO:root:-24.05619
INFO:root:[-0.31885, 0.43220000000000003, 138.63759999999996, 2, 0.5, 0]
INFO:root:-27.09433
INFO:root:[-0.31885, 0.43220000000000003, 138.72199999999995, 2, 0.5, 0]
INFO:root:-32.646950000000004
INFO:root:[-0.31885, 0.43220000000000003, 138.80639999999994, 2, 0.5, 0]
INFO:root:-42.05522
INFO:root:[-0.31885, 0.43220000000000003, 138.89079999999993, 2, 0.5, 0]
INFO:root:-55.50506
INFO:root:[-0.31885, 0.43220000000000003, 138.80619999999993, 2, 0.5, 0]
INFO:root:Z optim ends at: [-0.31885, 0.43220000000000003, 138.80619999999993, 2, 0.5, 0]
INFO:root:Scan update starts at: [-0.31885, 0.43220000000000003, 138.80619999999993, 2, 0.5, 0]
INFO:root:Start Tcounts: [23638, 62865, -19522, 13098, 75542, -21897]
INFO:root:-41.50222
INFO:root:Monitor start (loss then pos)
INFO:root:-41.50222
INFO:root:23638
INFO:root:-41.5188
INFO:root:23634
INFO:root:-41.53538
INFO:root:23634
INFO:root:-41.50794
INFO:root:23636
INFO:root:-41.65084
INFO:root:23628
INFO:root:-41.813900000000004
INFO:root:23606
INFO:root:-41.97696
INFO:root:23591
INFO:root:-42.68057
INFO:root:23575
INFO:root:-43.890550000000005
INFO:root:23486
INFO:root:x scan done: decreasing
INFO:root:Monitor start (loss then pos)
INFO:root:-43.890550000000005
INFO:root:23575
INFO:root:-43.59788
INFO:root:23574
INFO:root:-43.20895
INFO:root:23578
INFO:root:-43.09953
INFO:root:23584
INFO:root:-43.057140000000004
INFO:root:23590
INFO:root:-43.01475
INFO:root:23599
INFO:root:-42.99481
INFO:root:23609
INFO:root:-42.99481
INFO:root:23623
INFO:root:-42.89337
INFO:root:23637
INFO:root:-42.548865
INFO:root:23653
INFO:root:-42.20436
INFO:root:23673
INFO:root:-41.4087
INFO:root:23693
INFO:root:-41.196470000000005
INFO:root:23774
INFO:root:-40.160650000000004
INFO:root:23802
INFO:root:-39.33706
INFO:root:23832
INFO:root:-39.33706
INFO:root:23862
INFO:root:-35.65369
INFO:root:23894
INFO:root:-34.516245
INFO:root:23926
INFO:root:-33.3788
INFO:root:23955
INFO:root:-32.60158
INFO:root:23986
INFO:root:-31.82436
INFO:root:24017
INFO:root:-30.66262
INFO:root:24046
INFO:root:-30.131695
INFO:root:24077
INFO:root:-29.60077
INFO:root:24111
INFO:root:-28.61643
INFO:root:24145
INFO:root:-28.61643
INFO:root:24175
INFO:root:-28.61643
INFO:root:24205
INFO:root:-26.59077
INFO:root:24235
INFO:root:-26.05608
INFO:root:24265
INFO:root:-24.76218
INFO:root:24406
INFO:root:-23.57268
INFO:root:24437
INFO:root:-23.43284
INFO:root:24469
INFO:root:-23.293
INFO:root:24501
INFO:root:-23.19267
INFO:root:24531
INFO:root:-23.24808
INFO:root:24562
INFO:root:-23.30349
INFO:root:24594
INFO:root:-23.471195
INFO:root:24627
INFO:root:-23.6389
INFO:root:24659
INFO:root:-24.2543
INFO:root:24689
INFO:root:x scan done: has max
INFO:root:-23.20424
INFO:root:Monitor start (loss then pos)
INFO:root:-23.20424
INFO:root:62865
INFO:root:-23.200305
INFO:root:62860
INFO:root:-23.3807
INFO:root:62877
INFO:root:-23.635255
INFO:root:62888
INFO:root:-23.88981
INFO:root:62901
INFO:root:-24.267525
INFO:root:62916
INFO:root:y scan done: decreasing
INFO:root:Monitor start (loss then pos)
INFO:root:-24.267525
INFO:root:62901
INFO:root:-24.941560000000003
INFO:root:62896
INFO:root:-24.64187
INFO:root:62893
INFO:root:-24.4475
INFO:root:62888
INFO:root:-24.4475
INFO:root:62880
INFO:root:-24.1078
INFO:root:62870
INFO:root:-23.854185
INFO:root:62859
INFO:root:-23.60057
INFO:root:62846
INFO:root:-22.98302
INFO:root:62825
INFO:root:-22.05731
INFO:root:62753
INFO:root:-20.37924
INFO:root:62681
INFO:root:-19.21445
INFO:root:62650
INFO:root:-18.535415
INFO:root:62616
INFO:root:-17.85638
INFO:root:62586
INFO:root:-17.298865
INFO:root:62557
INFO:root:-16.74135
INFO:root:62524
INFO:root:-16.24613
INFO:root:62494
INFO:root:-16.158055
INFO:root:62464
INFO:root:-16.06998
INFO:root:62434
INFO:root:-16.03854
INFO:root:62347
INFO:root:-16.11579
INFO:root:62231
INFO:root:-17.42608
INFO:root:62117
INFO:root:-18.74993
INFO:root:62086
INFO:root:y scan done: has max
INFO:root:Scan update ends at: [-0.2757, 0.41065, 138.80619999999993, 2, 0.5, 0]
INFO:root:X change: 863; Y change: -431
INFO:root:Z optim starts at (pos then loss): 
INFO:root:[-0.2757, 0.41065, 138.80619999999993, 2, 0.5, 0]
INFO:root:-15.99559
INFO:root:[-0.2757, 0.41065, 138.87019999999993, 2, 0.5, 0]
INFO:root:-14.84431
INFO:root:[-0.2757, 0.41065, 138.93419999999992, 2, 0.5, 0]
INFO:root:-15.68105
INFO:root:[-0.2757, 0.41065, 138.9981999999999, 2, 0.5, 0]
INFO:root:-22.30476
INFO:root:[-0.2757, 0.41065, 139.0621999999999, 2, 0.5, 0]
INFO:root:-42.69152
INFO:root:[-0.2757, 0.41065, 138.9979999999999, 2, 0.5, 0]
INFO:root:Z optim ends at: [-0.2757, 0.41065, 138.9979999999999, 2, 0.5, 0]
INFO:root:Scan update starts at: [-0.2757, 0.41065, 138.9979999999999, 2, 0.5, 0]
INFO:root:Start Tcounts: [30304, 62568, -17806, 17210, 77788, -27527]
INFO:root:-21.88384
INFO:root:Monitor start (loss then pos)
INFO:root:-21.88384
INFO:root:30304
INFO:root:-21.80859
INFO:root:30300
INFO:root:-21.73334
INFO:root:30303
INFO:root:-21.63658
INFO:root:30309
INFO:root:-21.457565
INFO:root:30319
INFO:root:-21.27855
INFO:root:30331
INFO:root:-20.74225
INFO:root:30343
INFO:root:-20.381585
INFO:root:30357
INFO:root:-20.02092
INFO:root:30373
INFO:root:-19.1645
INFO:root:30393
INFO:root:-16.83728
INFO:root:30502
INFO:root:-16.43085
INFO:root:30532
INFO:root:-16.457655
INFO:root:30564
INFO:root:-16.48446
INFO:root:30598
INFO:root:-17.27148
INFO:root:30632
INFO:root:-17.27148
INFO:root:30667
INFO:root:-17.27148
INFO:root:30697
INFO:root:-21.25737
INFO:root:30727
INFO:root:x scan done: has max
INFO:root:-16.26413
INFO:root:Monitor start (loss then pos)
INFO:root:-16.26413
INFO:root:62568
INFO:root:-16.260765
INFO:root:62563
INFO:root:-16.2574
INFO:root:62563
INFO:root:-15.847605
INFO:root:62517
INFO:root:-14.3641
INFO:root:62501
INFO:root:-13.87993
INFO:root:62484
INFO:root:-13.39576
INFO:root:62466
INFO:root:-12.45946
INFO:root:62443
INFO:root:-12.01569
INFO:root:62420
INFO:root:-11.57192
INFO:root:62390
INFO:root:-10.825
INFO:root:62362
INFO:root:-10.623249999999999
INFO:root:62331
INFO:root:-10.4215
INFO:root:62301
INFO:root:-10.61922
INFO:root:62261
INFO:root:-11.04563
INFO:root:62223
INFO:root:y scan done: has max
INFO:root:Scan update ends at: [-0.2658, 0.3988, 138.9979999999999, 2, 0.5, 0]
INFO:root:X change: 198; Y change: -237
INFO:root:Z optim starts at (pos then loss): 
INFO:root:[-0.2658, 0.3988, 138.9979999999999, 2, 0.5, 0]
INFO:root:-10.50497
INFO:root:[-0.2658, 0.3988, 139.0399999999999, 2, 0.5, 0]
INFO:root:-9.85501
INFO:root:[-0.2658, 0.3988, 139.0819999999999, 2, 0.5, 0]
INFO:root:-12.13904
INFO:root:[-0.2658, 0.3988, 139.1239999999999, 2, 0.5, 0]
INFO:root:-27.70061
INFO:root:[-0.2658, 0.3988, 139.0817999999999, 2, 0.5, 0]
INFO:root:Z optim ends at: [-0.2658, 0.3988, 139.0817999999999, 2, 0.5, 0]
INFO:root:Scan update starts at: [-0.2658, 0.3988, 139.0817999999999, 2, 0.5, 0]
INFO:root:Start Tcounts: [33056, 62389, -16870, 18970, 78958, -30052]
INFO:root:-11.20044
INFO:root:Monitor start (loss then pos)
INFO:root:-11.20044
INFO:root:33056
INFO:root:-11.334135
INFO:root:33051
INFO:root:-11.46783
INFO:root:33055
INFO:root:x scan done: decreasing
INFO:root:Monitor start (loss then pos)
INFO:root:-11.46783
INFO:root:33051
INFO:root:-11.93175
INFO:root:33051
INFO:root:-11.99593
INFO:root:33044
INFO:root:-11.99593
INFO:root:33037
INFO:root:-12.4643
INFO:root:33029
INFO:root:x scan done: decreasing
INFO:root:X scan failed
INFO:root:XY continuesly scan failed
INFO:root:Curing Active Alignment Starts
