INFO:root:[-0.26, 0.38, 138, 2, 0.5, 0]
INFO:root:Scan update starts at: [-0.26, 0.38, 138, 2, 0.5, 0]
INFO:root:Start Tcounts: [1015, 61258, -31299, -6625, 61620, -1649]
INFO:root:-44.83881
INFO:root:Monitor start (loss then pos)
INFO:root:-44.83881
INFO:root:1015
INFO:root:-44.805930000000004
INFO:root:1014
INFO:root:-44.77305
INFO:root:1013
INFO:root:-44.77468
INFO:root:1013
INFO:root:-44.771694999999994
INFO:root:1015
INFO:root:-44.76871
INFO:root:987
INFO:root:-44.87563
INFO:root:973
INFO:root:-45.04678
INFO:root:958
INFO:root:-45.380245
INFO:root:936
INFO:root:-45.54256
INFO:root:919
INFO:root:-45.68633
INFO:root:897
INFO:root:-45.8301
INFO:root:876
INFO:root:-46.11995
INFO:root:851
INFO:root:-46.301005
INFO:root:823
INFO:root:-47.44776
INFO:root:684
INFO:root:-47.76808
INFO:root:655
INFO:root:x scan done: decreasing
INFO:root:Monitor start (loss then pos)
INFO:root:-47.76808
INFO:root:684
INFO:root:-48.0937
INFO:root:701
INFO:root:-48.03724
INFO:root:710
INFO:root:-48.03724
INFO:root:721
INFO:root:-47.91299
INFO:root:733
INFO:root:-47.79244
INFO:root:748
INFO:root:-47.67189
INFO:root:764
INFO:root:-47.18602
INFO:root:834
INFO:root:-46.92854
INFO:root:861
INFO:root:-46.78216
INFO:root:886
INFO:root:-46.63578
INFO:root:914
INFO:root:-46.15832
INFO:root:946
INFO:root:-46.15832
INFO:root:977
INFO:root:-45.70168
INFO:root:1013
INFO:root:-45.04535
INFO:root:1044
INFO:root:-45.04535
INFO:root:1074
INFO:root:-44.49448
INFO:root:1104
INFO:root:-44.263165
INFO:root:1133
INFO:root:-44.03185
INFO:root:1163
INFO:root:-43.48674
INFO:root:1193
INFO:root:-43.48674
INFO:root:1223
INFO:root:-43.0216
INFO:root:1252
INFO:root:-42.82566
INFO:root:1281
INFO:root:-42.62972
INFO:root:1312
INFO:root:-41.863355
INFO:root:1415
INFO:root:-41.23177
INFO:root:1461
INFO:root:-40.76801
INFO:root:1492
INFO:root:-40.76801
INFO:root:1523
INFO:root:-40.21098
INFO:root:1553
INFO:root:-39.986545
INFO:root:1582
INFO:root:-39.76211
INFO:root:1612
INFO:root:-39.38822
INFO:root:1643
INFO:root:-39.38822
INFO:root:1673
INFO:root:-38.98852
INFO:root:1704
INFO:root:-38.76642
INFO:root:1734
INFO:root:-38.54432
INFO:root:1763
INFO:root:-38.07983
INFO:root:1794
INFO:root:-38.07983
INFO:root:1824
INFO:root:-37.64096
INFO:root:1855
INFO:root:-37.64096
INFO:root:1886
INFO:root:-37.291055
INFO:root:1916
INFO:root:-35.775045
INFO:root:2064
INFO:root:-35.56312
INFO:root:2100
INFO:root:-35.1408
INFO:root:2132
INFO:root:-34.938739999999996
INFO:root:2161
INFO:root:-34.73668
INFO:root:2192
INFO:root:-34.29934
INFO:root:2224
INFO:root:-34.0857
INFO:root:2254
INFO:root:-33.87206
INFO:root:2284
INFO:root:-33.68141
INFO:root:2316
INFO:root:-33.49076
INFO:root:2345
INFO:root:-33.16255
INFO:root:2376
INFO:root:-33.00644
INFO:root:2407
INFO:root:-32.85033
INFO:root:2438
INFO:root:-32.68843
INFO:root:2467
INFO:root:-32.52653
INFO:root:2498
INFO:root:-31.936495
INFO:root:2606
INFO:root:-31.65391
INFO:root:2640
INFO:root:-31.36339
INFO:root:2671
INFO:root:-31.36339
INFO:root:2701
INFO:root:-31.04763
INFO:root:2730
INFO:root:-30.87435
INFO:root:2760
INFO:root:-30.70107
INFO:root:2788
INFO:root:-30.33448
INFO:root:2818
INFO:root:-30.33448
INFO:root:2848
INFO:root:-29.97467
INFO:root:2878
INFO:root:-29.79447
INFO:root:2908
INFO:root:-29.61427
INFO:root:2937
INFO:root:-29.42951
INFO:root:2970
INFO:root:-29.24475
INFO:root:3000
INFO:root:-28.88215
INFO:root:3030
INFO:root:-28.706075
INFO:root:3060
INFO:root:-28.53
INFO:root:3090
INFO:root:-28.19254
INFO:root:3200
INFO:root:-27.59284
INFO:root:3235
INFO:root:-27.465375
INFO:root:3265
INFO:root:-27.33791
INFO:root:3294
INFO:root:-27.072
INFO:root:3325
INFO:root:-27.072
INFO:root:3355
INFO:root:-26.87602
INFO:root:3385
INFO:root:-26.79598
INFO:root:3415
INFO:root:-26.71594
INFO:root:3445
INFO:root:-26.6158
INFO:root:3477
INFO:root:-26.6158
INFO:root:3507
INFO:root:-26.54553
INFO:root:3537
INFO:root:-26.528765
INFO:root:3566
INFO:root:-26.512
INFO:root:3597
INFO:root:-26.5125
INFO:root:3626
INFO:root:-26.5125
INFO:root:3658
INFO:root:-26.53233
INFO:root:3687
INFO:root:-26.629105000000003
INFO:root:3835
INFO:root:-26.79338
INFO:root:3878
INFO:root:-26.83162
INFO:root:3909
INFO:root:-26.86986
INFO:root:3939
INFO:root:-26.89741
INFO:root:3969
INFO:root:-26.92496
INFO:root:4000
INFO:root:-26.97517
INFO:root:4029
INFO:root:-27.004765
INFO:root:4068
INFO:root:-27.03436
INFO:root:4097
INFO:root:-27.07488
INFO:root:4127
INFO:root:-27.09662
INFO:root:4159
INFO:root:-27.11836
INFO:root:4188
INFO:root:-27.124319999999997
INFO:root:4218
INFO:root:-27.13028
INFO:root:4250
INFO:root:-27.16609
INFO:root:4280
INFO:root:-27.18099
INFO:root:4310
INFO:root:-27.284295
INFO:root:4420
INFO:root:-27.3211
INFO:root:4459
INFO:root:-27.40689
INFO:root:4488
INFO:root:-27.464545
INFO:root:4520
INFO:root:x scan done: has max
INFO:root:-26.51469
INFO:root:Monitor start (loss then pos)
INFO:root:-26.51469
INFO:root:61258
INFO:root:-26.5058
INFO:root:61257
INFO:root:-26.50553
INFO:root:61257
INFO:root:-26.50526
INFO:root:61254
INFO:root:-26.50434
INFO:root:61243
INFO:root:-26.5053
INFO:root:61234
INFO:root:-26.50626
INFO:root:61223
INFO:root:-26.51086
INFO:root:61210
INFO:root:-26.51086
INFO:root:61196
INFO:root:-26.57042
INFO:root:61131
INFO:root:-26.5928
INFO:root:61107
INFO:root:-26.66601
INFO:root:61082
INFO:root:-26.66601
INFO:root:61056
INFO:root:-26.77286
INFO:root:61028
INFO:root:-26.850365
INFO:root:60999
INFO:root:-26.92787
INFO:root:60969
INFO:root:-27.13085
INFO:root:60939
INFO:root:-27.13085
INFO:root:60908
INFO:root:-27.38887
INFO:root:60878
INFO:root:y scan done: decreasing
INFO:root:Monitor start (loss then pos)
INFO:root:-27.38887
INFO:root:60908
INFO:root:-27.55255
INFO:root:60908
INFO:root:-27.543660000000003
INFO:root:60912
INFO:root:-27.53477
INFO:root:60917
INFO:root:-27.48337
INFO:root:60950
INFO:root:-27.34185
INFO:root:60972
INFO:root:-27.23411
INFO:root:60989
INFO:root:-27.23411
INFO:root:61007
INFO:root:-27.11206
INFO:root:61028
INFO:root:-27.047179999999997
INFO:root:61052
INFO:root:-26.9823
INFO:root:61075
INFO:root:-26.85025
INFO:root:61100
INFO:root:-26.786335
INFO:root:61129
INFO:root:-26.72242
INFO:root:61157
INFO:root:-26.66762
INFO:root:61188
INFO:root:-26.61282
INFO:root:61220
INFO:root:-26.53865
INFO:root:61250
INFO:root:-26.52328
INFO:root:61279
INFO:root:-26.50791
INFO:root:61310
INFO:root:-26.510514999999998
INFO:root:61339
INFO:root:-26.51312
INFO:root:61370
INFO:root:-26.597
INFO:root:61473
INFO:root:-26.64919
INFO:root:61511
INFO:root:-26.71317
INFO:root:61541
INFO:root:-26.75604
INFO:root:61581
INFO:root:-26.79891
INFO:root:61610
INFO:root:-26.89152
INFO:root:61641
INFO:root:-26.89152
INFO:root:61671
INFO:root:-26.96448
INFO:root:61702
INFO:root:-26.981245
INFO:root:61732
INFO:root:-26.99801
INFO:root:61762
INFO:root:-27.02024
INFO:root:61795
INFO:root:-27.0437
INFO:root:61826
INFO:root:-27.06716
INFO:root:61855
INFO:root:-27.090245000000003
INFO:root:61885
INFO:root:-27.11333
INFO:root:61915
INFO:root:-27.1564
INFO:root:61945
INFO:root:-27.193945
INFO:root:62053
INFO:root:-27.261715000000002
INFO:root:62088
INFO:root:-27.29194
INFO:root:62119
INFO:root:-27.36428
INFO:root:62149
INFO:root:y scan done: has max
INFO:root:Scan update ends at: [-0.13245, 0.38105, 138, 2, 0.5, 0]
INFO:root:X change: 2551; Y change: 21
INFO:root:Z optim starts at (pos then loss): 
INFO:root:[-0.13245, 0.38105, 138, 2, 0.5, 0]
INFO:root:-26.51192
INFO:root:[-0.13245, 0.38105, 138.106, 2, 0.5, 0]
INFO:root:-26.06595
INFO:root:[-0.13245, 0.38105, 138.212, 2, 0.5, 0]
INFO:root:-25.65743
INFO:root:[-0.13245, 0.38105, 138.31799999999998, 2, 0.5, 0]
INFO:root:-25.29975
INFO:root:[-0.13245, 0.38105, 138.42399999999998, 2, 0.5, 0]
INFO:root:-25.11195
INFO:root:[-0.13245, 0.38105, 138.52999999999997, 2, 0.5, 0]
INFO:root:-24.97244
INFO:root:[-0.13245, 0.38105, 138.63599999999997, 2, 0.5, 0]
INFO:root:-25.14272
INFO:root:[-0.13245, 0.38105, 138.74199999999996, 2, 0.5, 0]
INFO:root:-25.81046
INFO:root:[-0.13245, 0.38105, 138.84799999999996, 2, 0.5, 0]
INFO:root:-27.06377
INFO:root:[-0.13245, 0.38105, 138.95399999999995, 2, 0.5, 0]
INFO:root:-28.35528
INFO:root:[-0.13245, 0.38105, 139.05999999999995, 2, 0.5, 0]
INFO:root:-31.63614
INFO:root:[-0.13245, 0.38105, 139.16599999999994, 2, 0.5, 0]
INFO:root:-38.62534
INFO:root:[-0.13245, 0.38105, 139.27199999999993, 2, 0.5, 0]
INFO:root:-49.58691
INFO:root:[-0.13245, 0.38105, 139.16579999999993, 2, 0.5, 0]
INFO:root:Z optim ends at: [-0.13245, 0.38105, 139.16579999999993, 2, 0.5, 0]
INFO:root:Scan update starts at: [-0.13245, 0.38105, 139.16579999999993, 2, 0.5, 0]
INFO:root:Start Tcounts: [38293, 62093, -18396, 20625, 77668, -32711]
INFO:root:-39.17352
INFO:root:Monitor start (loss then pos)
INFO:root:-39.17352
INFO:root:38293
INFO:root:-39.18741
INFO:root:38288
INFO:root:-39.2013
INFO:root:38294
INFO:root:-39.21104
INFO:root:38298
INFO:root:-39.258844999999994
INFO:root:38306
INFO:root:-39.30665
INFO:root:38316
INFO:root:-39.45295
INFO:root:38328
INFO:root:-39.570895
INFO:root:38342
INFO:root:-40.05901
INFO:root:38428
INFO:root:-40.672455
INFO:root:38458
INFO:root:-40.91573
INFO:root:38485
INFO:root:-41.6742
INFO:root:38512
INFO:root:x scan done: decreasing
INFO:root:Monitor start (loss then pos)
INFO:root:-41.6742
INFO:root:38485
INFO:root:-42.5441
INFO:root:38480
INFO:root:-42.2837
INFO:root:38477
INFO:root:-42.16082
INFO:root:38471
INFO:root:-42.072075
INFO:root:38464
INFO:root:-41.98333
INFO:root:38453
INFO:root:-41.7113
INFO:root:38439
INFO:root:-41.532795
INFO:root:38427
INFO:root:-41.35429
INFO:root:38411
INFO:root:-40.13461
INFO:root:38315
INFO:root:-39.919755
INFO:root:38288
INFO:root:-39.7049
INFO:root:38261
INFO:root:-39.15939
INFO:root:38231
INFO:root:-38.872005
INFO:root:38202
INFO:root:-38.58462
INFO:root:38172
INFO:root:-38.260270000000006
INFO:root:38141
INFO:root:-37.93592
INFO:root:38110
INFO:root:-37.93592
INFO:root:38078
INFO:root:-36.97169
INFO:root:38048
INFO:root:-36.97169
INFO:root:38017
INFO:root:-36.61211
INFO:root:37989
INFO:root:-36.428045
INFO:root:37959
INFO:root:-36.24398
INFO:root:37930
INFO:root:-36.092605
INFO:root:37899
INFO:root:-35.94123
INFO:root:37868
INFO:root:-35.81677
INFO:root:37718
INFO:root:-36.249635
INFO:root:37664
INFO:root:-36.3838
INFO:root:37632
INFO:root:-36.546625
INFO:root:37601
INFO:root:-36.70945
INFO:root:37572
INFO:root:-37.16298
INFO:root:37543
INFO:root:-37.463845
INFO:root:37512
INFO:root:-37.76471
INFO:root:37482
INFO:root:-38.091475
INFO:root:37451
INFO:root:x scan done: has max
INFO:root:-35.78758
INFO:root:Monitor start (loss then pos)
INFO:root:-35.78758
INFO:root:62093
INFO:root:-35.7688
INFO:root:62088
INFO:root:-35.71662
INFO:root:62092
INFO:root:-35.71662
INFO:root:62106
INFO:root:-35.38631
INFO:root:62119
INFO:root:-35.15811
INFO:root:62132
INFO:root:-34.92991
INFO:root:62146
INFO:root:-34.32993
INFO:root:62163
INFO:root:-33.87226
INFO:root:62180
INFO:root:-33.41459
INFO:root:62202
INFO:root:-32.24685
INFO:root:62225
INFO:root:-31.665570000000002
INFO:root:62249
INFO:root:-31.08429
INFO:root:62273
INFO:root:-30.508319999999998
INFO:root:62299
INFO:root:-29.93235
INFO:root:62327
INFO:root:-28.73435
INFO:root:62357
INFO:root:-28.73435
INFO:root:62387
INFO:root:-28.73435
INFO:root:62419
INFO:root:-27.57137
INFO:root:62452
INFO:root:-26.40839
INFO:root:62483
INFO:root:-21.74609
INFO:root:62629
INFO:root:-20.67546
INFO:root:62661
INFO:root:-20.254345
INFO:root:62693
INFO:root:-19.83323
INFO:root:62723
INFO:root:-19.03887
INFO:root:62754
INFO:root:-18.653075
INFO:root:62785
INFO:root:-18.26728
INFO:root:62814
INFO:root:-18.26728
INFO:root:62845
INFO:root:-18.26728
INFO:root:62877
INFO:root:-16.88516
INFO:root:62906
INFO:root:-16.695715
INFO:root:62936
INFO:root:-16.50627
INFO:root:62967
INFO:root:-16.431215
INFO:root:62997
INFO:root:-16.35616
INFO:root:63026
INFO:root:-16.49371
INFO:root:63059
INFO:root:-17.391675
INFO:root:63206
INFO:root:-18.607844999999998
INFO:root:63242
INFO:root:y scan done: has max
INFO:root:Scan update ends at: [-0.1537, 0.42625, 139.16579999999993, 2, 0.5, 0]
INFO:root:X change: -425; Y change: 904
INFO:root:Z optim starts at (pos then loss): 
INFO:root:[-0.1537, 0.42625, 139.16579999999993, 2, 0.5, 0]
INFO:root:-16.457205000000002
INFO:root:[-0.1537, 0.42625, 139.23179999999994, 2, 0.5, 0]
INFO:root:-15.39386
INFO:root:[-0.1537, 0.42625, 139.29779999999994, 2, 0.5, 0]
INFO:root:-14.18098
INFO:root:[-0.1537, 0.42625, 139.36379999999994, 2, 0.5, 0]
INFO:root:-13.17651
INFO:root:[-0.1537, 0.42625, 139.42979999999994, 2, 0.5, 0]
INFO:root:-12.93285
INFO:root:[-0.1537, 0.42625, 139.49579999999995, 2, 0.5, 0]
INFO:root:-16.82558
INFO:root:[-0.1537, 0.42625, 139.56179999999995, 2, 0.5, 0]
INFO:root:-39.13496
INFO:root:[-0.1537, 0.42625, 139.49559999999994, 2, 0.5, 0]
INFO:root:Z optim ends at: [-0.1537, 0.42625, 139.49559999999994, 2, 0.5, 0]
INFO:root:Scan update starts at: [-0.1537, 0.42625, 139.49559999999994, 2, 0.5, 0]
INFO:root:Start Tcounts: [48067, 63227, -13448, 29494, 83560, -40956]
INFO:root:-18.28204
INFO:root:Monitor start (loss then pos)
INFO:root:-18.28204
INFO:root:48067
INFO:root:-18.28672
INFO:root:48062
INFO:root:-18.03962
INFO:root:48063
INFO:root:-17.43977
INFO:root:48061
INFO:root:-17.0917
INFO:root:48025
INFO:root:-15.1411
INFO:root:48006
INFO:root:-14.072334999999999
INFO:root:47988
INFO:root:-13.00357
INFO:root:47969
INFO:root:-11.59402
INFO:root:47948
INFO:root:-11.02385
INFO:root:47927
INFO:root:-10.45368
INFO:root:47904
INFO:root:-10.0045445
INFO:root:47878
INFO:root:-9.555409
INFO:root:47852
INFO:root:-9.042448
INFO:root:47823
INFO:root:-9.257775500000001
INFO:root:47791
INFO:root:-9.473103
INFO:root:47763
INFO:root:x scan done: has max
INFO:root:-9.052774
INFO:root:Monitor start (loss then pos)
INFO:root:-9.052774
INFO:root:63227
INFO:root:-9.042473
INFO:root:63222
INFO:root:-9.0422715
INFO:root:63222
INFO:root:-9.04207
INFO:root:63225
INFO:root:-8.975767
INFO:root:63238
INFO:root:-8.822515
INFO:root:63251
INFO:root:-8.669263
INFO:root:63262
INFO:root:-8.342121
INFO:root:63276
INFO:root:-8.342121
INFO:root:63292
INFO:root:-8.175355
INFO:root:63309
INFO:root:-8.213090000000001
INFO:root:63329
INFO:root:-8.250825
INFO:root:63349
INFO:root:-8.715515
INFO:root:63371
INFO:root:-8.715515
INFO:root:63397
INFO:root:-9.753015
INFO:root:63422
INFO:root:y scan done: has max
INFO:root:Scan update ends at: [-0.16445, 0.4295, 139.49559999999994, 2, 0.5, 0]
INFO:root:X change: -215; Y change: 65
INFO:root:Z optim starts at (pos then loss): 
INFO:root:[-0.16445, 0.4295, 139.49559999999994, 2, 0.5, 0]
INFO:root:-8.162825
INFO:root:[-0.16445, 0.4295, 139.52839999999995, 2, 0.5, 0]
INFO:root:-6.791244
INFO:root:[-0.16445, 0.4295, 139.56119999999996, 2, 0.5, 0]
INFO:root:-4.966771
INFO:root:[-0.16445, 0.4295, 139.59399999999997, 2, 0.5, 0]
INFO:root:-4.916236
INFO:root:[-0.16445, 0.4295, 139.62679999999997, 2, 0.5, 0]
INFO:root:-6.056668
INFO:root:[-0.16445, 0.4295, 139.65959999999998, 2, 0.5, 0]
INFO:root:-7.552069
INFO:root:[-0.16445, 0.4295, 139.6924, 2, 0.5, 0]
INFO:root:-46.43262
INFO:root:[-0.16445, 0.4295, 139.65939999999998, 2, 0.5, 0]
INFO:root:Z optim ends at: [-0.16445, 0.4295, 139.65939999999998, 2, 0.5, 0]
INFO:root:Scan update starts at: [-0.16445, 0.4295, 139.65939999999998, 2, 0.5, 0]
INFO:root:Start Tcounts: [52982, 63407, -10960, 33561, 86526, -45496]
INFO:root:-3.985797
INFO:root:Monitor start (loss then pos)
INFO:root:-3.985797
INFO:root:52982
INFO:root:-3.966762
INFO:root:52978
INFO:root:-3.9625065
INFO:root:52978
INFO:root:-3.958251
INFO:root:52978
INFO:root:-3.9410725
INFO:root:52967
INFO:root:-3.923894
INFO:root:52953
INFO:root:-3.628839
INFO:root:52940
INFO:root:-2.9285515
INFO:root:52924
INFO:root:-1.8985005
INFO:root:52839
INFO:root:-2.755174
INFO:root:52808
INFO:root:-2.755174
INFO:root:52781
INFO:root:-2.755174
INFO:root:52752
INFO:root:-2.755174
INFO:root:52722
INFO:root:-2.755174
INFO:root:52693
INFO:root:-34.1993
INFO:root:52661
INFO:root:x scan done: has max
INFO:root:-4.425806
INFO:root:Monitor start (loss then pos)
INFO:root:-4.425806
INFO:root:63407
INFO:root:-4.389734
INFO:root:63401
INFO:root:-4.344825
INFO:root:63421
INFO:root:-4.0083265
INFO:root:63434
INFO:root:-3.716737
INFO:root:63448
INFO:root:-2.79322
INFO:root:63464
INFO:root:-2.9143735
INFO:root:63482
INFO:root:-3.035527
INFO:root:63500
INFO:root:y scan done: has max
INFO:root:Scan update ends at: [-0.16735000000000003, 0.43155, 139.65939999999998, 2, 0.5, 0]
INFO:root:X change: -58; Y change: 41
INFO:root:Z optim starts at (pos then loss): 
INFO:root:[-0.16735000000000003, 0.43155, 139.65939999999998, 2, 0.5, 0]
INFO:root:-5.942717
INFO:root:[-0.16735000000000003, 0.43155, 139.67414999999997, 2, 0.5, 0]
INFO:root:-6.173925
INFO:root:[-0.16735000000000003, 0.43155, 139.66529999999997, 2, 0.5, 0]
INFO:root:-10.50784
INFO:root:[-0.16735000000000003, 0.43155, 139.66176, 2, 0.5, 0]
INFO:root:-2.057853
INFO:root:[-0.16735000000000003, 0.43155, 139.66412, 2, 0.5, 0]
INFO:root:-4.952757
INFO:root:[-0.16735000000000003, 0.43155, 139.66155999999998, 2, 0.5, 0]
INFO:root:Z optim ends at: [-0.16735000000000003, 0.43155, 139.66155999999998, 2, 0.5, 0]
INFO:root:Scan update starts at: [-0.16735000000000003, 0.43155, 139.66155999999998, 2, 0.5, 0]
INFO:root:Start Tcounts: [52992, 63449, -10872, 33655, 86620, -45516]
INFO:root:Start Xstep (loss then pos)
INFO:root:-2.522451
INFO:root:52992
INFO:root:-2.6332484999999997
INFO:root:52982
INFO:root:Change direction
INFO:root:-2.531023
INFO:root:53002
INFO:root:-2.497401
INFO:root:53012
INFO:root:-2.440338
INFO:root:53022
INFO:root:-2.415038
INFO:root:53032
INFO:root:-2.161259
INFO:root:53042
INFO:root:-1.9877205
INFO:root:53052
INFO:root:-1.690361
INFO:root:53062
INFO:root:-1.698058
INFO:root:53072
INFO:root:-2.008195
INFO:root:53082
INFO:root:Over
INFO:root:Start Ystep (loss then pos)
INFO:root:-1.9856285
INFO:root:63449
INFO:root:-2.050661
INFO:root:63459
INFO:root:Change direction
INFO:root:-1.9752755
INFO:root:63439
INFO:root:-1.8517875
INFO:root:63429
INFO:root:-1.811277
INFO:root:63419
INFO:root:-1.5699999999999998
INFO:root:63409
INFO:root:-1.465568
INFO:root:63399
INFO:root:-0.9775347
INFO:root:63389
INFO:root:-0.9405186
INFO:root:63379
INFO:root:-1.143255
INFO:root:63369
INFO:root:Over
INFO:root:Scan update ends at: [-0.16335000000000002, 0.42805, 139.66155999999998, 2, 0.5, 0]
INFO:root:X change: 80; Y change: -70
INFO:root:Z optim starts at (pos then loss): 
INFO:root:[-0.16335000000000002, 0.42805, 139.66155999999998, 2, 0.5, 0]
INFO:root:-1.130454
INFO:root:[-0.16335000000000002, 0.42805, 139.66321, 2, 0.5, 0]
INFO:root:-1.11734
INFO:root:[-0.16335000000000002, 0.42805, 139.66486, 2, 0.5, 0]
INFO:root:-1.085283
INFO:root:[-0.16335000000000002, 0.42805, 139.66651000000002, 2, 0.5, 0]
INFO:root:-1.0845515
INFO:root:[-0.16335000000000002, 0.42805, 139.66816000000003, 2, 0.5, 0]
INFO:root:-1.05058
INFO:root:[-0.16335000000000002, 0.42805, 139.66981000000004, 2, 0.5, 0]
INFO:root:-1.03817
INFO:root:[-0.16335000000000002, 0.42805, 139.67146000000005, 2, 0.5, 0]
INFO:root:-1.0109110000000001
INFO:root:[-0.16335000000000002, 0.42805, 139.67311000000007, 2, 0.5, 0]
INFO:root:-0.99704565
INFO:root:[-0.16335000000000002, 0.42805, 139.67476000000008, 2, 0.5, 0]
INFO:root:-0.969662
INFO:root:[-0.16335000000000002, 0.42805, 139.6764100000001, 2, 0.5, 0]
INFO:root:-0.9678952
INFO:root:[-0.16335000000000002, 0.42805, 139.6780600000001, 2, 0.5, 0]
INFO:root:-0.9341145
INFO:root:[-0.16335000000000002, 0.42805, 139.6797100000001, 2, 0.5, 0]
INFO:root:-0.9262035
INFO:root:[-0.16335000000000002, 0.42805, 139.68136000000013, 2, 0.5, 0]
INFO:root:-0.9070919
INFO:root:[-0.16335000000000002, 0.42805, 139.68301000000014, 2, 0.5, 0]
INFO:root:-0.9025118
INFO:root:[-0.16335000000000002, 0.42805, 139.68466000000015, 2, 0.5, 0]
INFO:root:-0.88751265
INFO:root:[-0.16335000000000002, 0.42805, 139.68631000000016, 2, 0.5, 0]
INFO:root:-0.886561
INFO:root:[-0.16335000000000002, 0.42805, 139.68796000000017, 2, 0.5, 0]
INFO:root:-0.8845967
INFO:root:[-0.16335000000000002, 0.42805, 139.6896100000002, 2, 0.5, 0]
INFO:root:-0.893937
INFO:root:[-0.16335000000000002, 0.42805, 139.68776000000017, 2, 0.5, 0]
INFO:root:Z optim ends at: [-0.16335000000000002, 0.42805, 139.68776000000017, 2, 0.5, 0]
INFO:root:Change to Final_adjust
INFO:root:Scan update starts at: [-0.16335000000000002, 0.42805, 139.68776000000017, 2, 0.5, 0]
INFO:root:Start Tcounts: [53897, 63398, -10587, 34227, 86982, -46327]
INFO:root:Start Xstep (loss then pos)
INFO:root:-0.88634345
INFO:root:53897
INFO:root:-0.8873392
INFO:root:53901
INFO:root:-0.8873836500000001
INFO:root:53905
INFO:root:-0.8869616
INFO:root:53909
INFO:root:X scan failed
INFO:root:XY step scan failed
