INFO:root: 
INFO:root:*************************
INFO:root:Reset
INFO:root:*************************
INFO:root: 
INFO:root:*************************
INFO:root:Reset
INFO:root:*************************
INFO:root: 
INFO:root:*************************
INFO:root:Reset
INFO:root:*************************
INFO:root: 
INFO:root:*************************
INFO:root:Reset
INFO:root:*************************
INFO:root: 
INFO:root:*************************
INFO:root:Reset
INFO:root:*************************
INFO:root: 
INFO:root:$$$$$$$$$$$$$$$$$$$$$$$$$$$$$$
INFO:root:$$$$$$$$$$$$$$$$$$$$$$$$$$$$$$
INFO:root:A New Alignment Starts
INFO:root:$$$$$$$$$$$$$$$$$$$$$$$$$$$$$$
INFO:root:[0, 0, 138, -0.7, 0, 0]
INFO:root:Scan update starts at: [0, 0, 138, -0.7, 0, 0]
INFO:root:Start Tcounts: [1366, -31946, 10345, -7364, -21512, -11301]
INFO:root:-24.42363
INFO:root:Monitor start (loss then pos)
INFO:root:-24.42363
INFO:root:1366
INFO:root:-24.4152
INFO:root:1364
INFO:root:-24.42067
INFO:root:1364
INFO:root:-24.415425
INFO:root:1365
INFO:root:-24.416150000000002
INFO:root:1364
INFO:root:-24.39794
INFO:root:1348
INFO:root:-24.229010000000002
INFO:root:1317
INFO:root:-24.035795
INFO:root:1302
INFO:root:-23.94126
INFO:root:1286
INFO:root:-23.83446
INFO:root:1268
INFO:root:-23.73375
INFO:root:1249
INFO:root:-23.6307
INFO:root:1228
INFO:root:-23.527994999999997
INFO:root:1205
INFO:root:-23.39848
INFO:root:1177
INFO:root:-23.31825
INFO:root:1150
INFO:root:-23.25398
INFO:root:1121
INFO:root:-23.21678
INFO:root:1091
INFO:root:-23.187739999999998
INFO:root:1061
INFO:root:-23.20593
INFO:root:1032
INFO:root:-23.254775000000002
INFO:root:1002
INFO:root:-23.326304999999998
INFO:root:972
INFO:root:-23.40497
INFO:root:942
INFO:root:-23.519579999999998
INFO:root:913
INFO:root:-23.6339
INFO:root:882
INFO:root:-23.76989
INFO:root:803
INFO:root:-24.430905000000003
INFO:root:754
INFO:root:x scan done: has max
INFO:root:-23.16965
INFO:root:Monitor start (loss then pos)
INFO:root:-23.16965
INFO:root:-31946
INFO:root:-23.166339999999998
INFO:root:-31951
INFO:root:-23.16403
INFO:root:-31951
INFO:root:-23.1697
INFO:root:-31951
INFO:root:-23.16778
INFO:root:-31958
INFO:root:-23.178345
INFO:root:-31972
INFO:root:-23.235394999999997
INFO:root:-31984
INFO:root:-23.354865
INFO:root:-31996
INFO:root:-23.483885
INFO:root:-32010
INFO:root:-23.614069999999998
INFO:root:-32026
INFO:root:-23.934475
INFO:root:-32072
INFO:root:y scan done: decreasing
INFO:root:Monitor start (loss then pos)
INFO:root:-23.934475
INFO:root:-32026
INFO:root:-23.848525000000002
INFO:root:-32027
INFO:root:-23.8343
INFO:root:-32024
INFO:root:-23.79348
INFO:root:-32018
INFO:root:-23.72006
INFO:root:-32011
INFO:root:-23.649034999999998
INFO:root:-32002
INFO:root:-23.560830000000003
INFO:root:-31991
INFO:root:-23.459020000000002
INFO:root:-31979
INFO:root:-23.35133
INFO:root:-31965
INFO:root:-23.248915
INFO:root:-31950
INFO:root:-23.141685
INFO:root:-31932
INFO:root:-23.03969
INFO:root:-31913
INFO:root:-22.912625
INFO:root:-31892
INFO:root:-22.78341
INFO:root:-31870
INFO:root:-22.57781
INFO:root:-31805
INFO:root:-22.390175
INFO:root:-31772
INFO:root:-22.293715
INFO:root:-31743
INFO:root:-22.242269999999998
INFO:root:-31712
INFO:root:-22.195195
INFO:root:-31681
INFO:root:-22.205460000000002
INFO:root:-31626
INFO:root:-22.25996
INFO:root:-31596
INFO:root:-22.322145
INFO:root:-31566
INFO:root:-22.414479999999998
INFO:root:-31535
INFO:root:-22.53519
INFO:root:-31505
INFO:root:-22.660719999999998
INFO:root:-31474
INFO:root:-22.805790000000002
INFO:root:-31444
INFO:root:-22.983905
INFO:root:-31414
INFO:root:y scan done: has max
INFO:root:Scan update ends at: [-0.01375, 0.0117, 138, -0.7, 0, 0]
INFO:root:X change: -275; Y change: 234
INFO:root:Z optim starts at (pos then loss): 
INFO:root:[-0.01375, 0.0117, 138, -0.7, 0, 0]
INFO:root:-22.202115
INFO:root:[-0.01375, 0.0117, 138.0888, -0.7, 0, 0]
INFO:root:-21.606805
INFO:root:[-0.01375, 0.0117, 138.17759999999998, -0.7, 0, 0]
INFO:root:-21.097070000000002
INFO:root:[-0.01375, 0.0117, 138.26639999999998, -0.7, 0, 0]
INFO:root:-20.87401
INFO:root:[-0.01375, 0.0117, 138.35519999999997, -0.7, 0, 0]
INFO:root:-20.925415
INFO:root:[-0.01375, 0.0117, 138.44399999999996, -0.7, 0, 0]
INFO:root:-23.72085
INFO:root:[-0.01375, 0.0117, 138.53279999999995, -0.7, 0, 0]
INFO:root:-37.138695
INFO:root:[-0.01375, 0.0117, 138.44379999999995, -0.7, 0, 0]
INFO:root:Z optim ends at: [-0.01375, 0.0117, 138.44379999999995, -0.7, 0, 0]
INFO:root:Scan update starts at: [-0.01375, 0.0117, 138.44379999999995, -0.7, 0, 0]
INFO:root:Start Tcounts: [13772, -31821, 17168, 4104, -15100, -21806]
INFO:root:-25.33052
INFO:root:Monitor start (loss then pos)
INFO:root:-25.33052
INFO:root:13772
INFO:root:-25.289895
INFO:root:13768
INFO:root:-25.281845
INFO:root:13768
INFO:root:-25.264879999999998
INFO:root:13767
INFO:root:-25.231895
INFO:root:13766
INFO:root:-25.199415000000002
INFO:root:13751
INFO:root:-25.25977
INFO:root:13738
INFO:root:-25.44815
INFO:root:13724
INFO:root:-25.619135
INFO:root:13710
INFO:root:-25.769550000000002
INFO:root:13694
INFO:root:-26.022165
INFO:root:13675
INFO:root:-26.274465
INFO:root:13656
INFO:root:x scan done: decreasing
INFO:root:Monitor start (loss then pos)
INFO:root:-26.274465
INFO:root:13675
INFO:root:-26.37118
INFO:root:13675
INFO:root:-26.340535
INFO:root:13677
INFO:root:-26.26448
INFO:root:13682
INFO:root:-26.210415
INFO:root:13688
INFO:root:-26.11225
INFO:root:13697
INFO:root:-25.92371
INFO:root:13718
INFO:root:-25.770205
INFO:root:13731
INFO:root:-25.649485
INFO:root:13746
INFO:root:-25.497435
INFO:root:13763
INFO:root:-25.343065
INFO:root:13782
INFO:root:-25.19088
INFO:root:13803
INFO:root:-25.056035
INFO:root:13825
INFO:root:-24.94941
INFO:root:13850
INFO:root:-24.88834
INFO:root:13895
INFO:root:-25.087435
INFO:root:13975
INFO:root:-25.45749
INFO:root:14009
INFO:root:-25.74926
INFO:root:14039
INFO:root:-26.106695000000002
INFO:root:14070
INFO:root:x scan done: has max
INFO:root:-24.79774
INFO:root:Monitor start (loss then pos)
INFO:root:-24.79774
INFO:root:-31821
INFO:root:-24.807589999999998
INFO:root:-31820
INFO:root:-24.804295
INFO:root:-31820
INFO:root:-24.815015000000002
INFO:root:-31820
INFO:root:-24.872655
INFO:root:-31821
INFO:root:-25.045925
INFO:root:-31813
INFO:root:-25.32623
INFO:root:-31793
INFO:root:-25.866635000000002
INFO:root:-31778
INFO:root:y scan done: decreasing
INFO:root:Monitor start (loss then pos)
INFO:root:-25.866635000000002
INFO:root:-31793
INFO:root:-25.763405
INFO:root:-31800
INFO:root:-25.654965
INFO:root:-31805
INFO:root:-25.450435
INFO:root:-31811
INFO:root:-25.230065
INFO:root:-31819
INFO:root:-24.92701
INFO:root:-31829
INFO:root:-24.585485
INFO:root:-31841
INFO:root:-24.172165
INFO:root:-31854
INFO:root:-23.742514999999997
INFO:root:-31870
INFO:root:-23.271125
INFO:root:-31887
INFO:root:-22.770335
INFO:root:-31906
INFO:root:-22.22938
INFO:root:-31927
INFO:root:-21.68973
INFO:root:-31950
INFO:root:-20.92873
INFO:root:-31975
INFO:root:-20.312655
INFO:root:-32002
INFO:root:-19.69847
INFO:root:-32032
INFO:root:-19.054434999999998
INFO:root:-32061
INFO:root:-18.423625
INFO:root:-32090
INFO:root:-17.846505
INFO:root:-32120
INFO:root:-16.547885
INFO:root:-32205
INFO:root:-16.100395
INFO:root:-32234
INFO:root:-15.66312
INFO:root:-32286
INFO:root:-15.544055
INFO:root:-32317
INFO:root:-15.532015000000001
INFO:root:-32348
INFO:root:-15.61624
INFO:root:-32379
INFO:root:-15.80388
INFO:root:-32408
INFO:root:-16.108495
INFO:root:-32439
INFO:root:-16.533445
INFO:root:-32470
INFO:root:y scan done: has max
INFO:root:Scan update ends at: [-0.00985, -0.013100000000000002, 138.44379999999995, -0.7, 0, 0]
INFO:root:X change: 78; Y change: -496
INFO:root:Z optim starts at (pos then loss): 
INFO:root:[-0.00985, -0.013100000000000002, 138.44379999999995, -0.7, 0, 0]
INFO:root:-15.527115
INFO:root:[-0.00985, -0.013100000000000002, 138.50579999999997, -0.7, 0, 0]
INFO:root:-14.805715
INFO:root:[-0.00985, -0.013100000000000002, 138.56779999999998, -0.7, 0, 0]
INFO:root:-18.028975000000003
INFO:root:[-0.00985, -0.013100000000000002, 138.6298, -0.7, 0, 0]
INFO:root:-28.892225000000003
INFO:root:[-0.00985, -0.013100000000000002, 138.56759999999997, -0.7, 0, 0]
INFO:root:Z optim ends at: [-0.00985, -0.013100000000000002, 138.56759999999997, -0.7, 0, 0]
INFO:root:Scan update starts at: [-0.00985, -0.013100000000000002, 138.56759999999997, -0.7, 0, 0]
INFO:root:Start Tcounts: [17435, -32347, 18942, 6786, -13444, -25337]
INFO:root:-19.50478
INFO:root:Monitor start (loss then pos)
INFO:root:-19.50478
INFO:root:17435
INFO:root:-19.499885
INFO:root:17431
INFO:root:-19.194295
INFO:root:17434
INFO:root:-19.30715
INFO:root:17442
INFO:root:-19.051785000000002
INFO:root:17450
INFO:root:-18.713810000000002
INFO:root:17460
INFO:root:-18.229715
INFO:root:17471
INFO:root:-17.459625
INFO:root:17484
INFO:root:-17.050404999999998
INFO:root:17499
INFO:root:-16.42456
INFO:root:17515
INFO:root:-15.884644999999999
INFO:root:17533
INFO:root:-15.37183
INFO:root:17554
INFO:root:-14.517045
INFO:root:17597
INFO:root:-14.100480000000001
INFO:root:17623
INFO:root:-13.93716
INFO:root:17688
INFO:root:-14.05294
INFO:root:17719
INFO:root:-14.41868
INFO:root:17750
INFO:root:-14.923874999999999
INFO:root:17780
INFO:root:x scan done: has max
INFO:root:-13.95944
INFO:root:Monitor start (loss then pos)
INFO:root:-13.95944
INFO:root:-32347
INFO:root:-13.97836
INFO:root:-32347
INFO:root:-13.974965
INFO:root:-32347
INFO:root:-13.97852
INFO:root:-32346
INFO:root:-13.975385
INFO:root:-32348
INFO:root:-13.84599
INFO:root:-32368
INFO:root:-13.487585
INFO:root:-32381
INFO:root:-13.07516
INFO:root:-32394
INFO:root:-12.82171
INFO:root:-32408
INFO:root:-12.600625
INFO:root:-32424
INFO:root:-12.456995
INFO:root:-32475
INFO:root:-12.537005
INFO:root:-32498
INFO:root:-12.791419999999999
INFO:root:-32522
INFO:root:-13.215720000000001
INFO:root:-32549
INFO:root:y scan done: has max
INFO:root:Scan update ends at: [-0.000449999999999999, -0.016950000000000003, 138.56759999999997, -0.7, 0, 0]
INFO:root:X change: 188; Y change: -77
INFO:root:Z optim starts at (pos then loss): 
INFO:root:[-0.000449999999999999, -0.016950000000000003, 138.56759999999997, -0.7, 0, 0]
INFO:root:-12.53688
INFO:root:[-0.000449999999999999, -0.016950000000000003, 138.61759999999998, -0.7, 0, 0]
INFO:root:-11.842775
INFO:root:[-0.000449999999999999, -0.016950000000000003, 138.6676, -0.7, 0, 0]
INFO:root:-10.376719999999999
INFO:root:[-0.000449999999999999, -0.016950000000000003, 138.7176, -0.7, 0, 0]
INFO:root:-19.791964999999998
INFO:root:[-0.000449999999999999, -0.016950000000000003, 138.6674, -0.7, 0, 0]
INFO:root:Z optim ends at: [-0.000449999999999999, -0.016950000000000003, 138.6674, -0.7, 0, 0]
INFO:root:Scan update starts at: [-0.000449999999999999, -0.016950000000000003, 138.6674, -0.7, 0, 0]
INFO:root:Start Tcounts: [20529, -32448, 20255, 9284, -12226, -27873]
INFO:root:-13.15039
INFO:root:Monitor start (loss then pos)
INFO:root:-13.15039
INFO:root:20529
INFO:root:-12.903395
INFO:root:20525
INFO:root:-13.03241
INFO:root:20527
INFO:root:-12.50343
INFO:root:20546
INFO:root:-12.1385
INFO:root:20556
INFO:root:-11.609375
INFO:root:20568
INFO:root:-10.713255
INFO:root:20581
INFO:root:-10.335935
INFO:root:20596
INFO:root:-9.935775
INFO:root:20613
INFO:root:-9.78101
INFO:root:20632
INFO:root:-9.81678
INFO:root:20653
INFO:root:-10.126825
INFO:root:20675
INFO:root:-10.591875
INFO:root:20700
INFO:root:x scan done: has max
INFO:root:-9.827224000000001
INFO:root:Monitor start (loss then pos)
INFO:root:-9.827224000000001
INFO:root:-32448
INFO:root:-9.841578
INFO:root:-32448
INFO:root:-9.828664499999999
INFO:root:-32448
INFO:root:-9.6210165
INFO:root:-32447
INFO:root:-9.219840000000001
INFO:root:-32468
INFO:root:-8.8896895
INFO:root:-32483
INFO:root:-8.622854
INFO:root:-32496
INFO:root:-8.276809
INFO:root:-32520
INFO:root:-8.191703
INFO:root:-32537
INFO:root:-8.2068165
INFO:root:-32556
INFO:root:-8.3953825
INFO:root:-32576
INFO:root:-8.7856735
INFO:root:-32599
INFO:root:y scan done: has max
INFO:root:Scan update ends at: [0.0037500000000000016, -0.020550000000000002, 138.6674, -0.7, 0, 0]
INFO:root:X change: 84; Y change: -72
INFO:root:Z optim starts at (pos then loss): 
INFO:root:[0.0037500000000000016, -0.020550000000000002, 138.6674, -0.7, 0, 0]
INFO:root:-8.2750865
INFO:root:[0.0037500000000000016, -0.020550000000000002, 138.684, -0.7, 0, 0]
INFO:root:-7.3404385
INFO:root:[0.0037500000000000016, -0.020550000000000002, 138.7006, -0.7, 0, 0]
INFO:root:-7.121714
INFO:root:[0.0037500000000000016, -0.020550000000000002, 138.71720000000002, -0.7, 0, 0]
INFO:root:-7.560218
INFO:root:[0.0037500000000000016, -0.020550000000000002, 138.7004, -0.7, 0, 0]
INFO:root:Z optim ends at: [0.0037500000000000016, -0.020550000000000002, 138.7004, -0.7, 0, 0]
INFO:root:Scan update starts at: [0.0037500000000000016, -0.020550000000000002, 138.7004, -0.7, 0, 0]
INFO:root:Start Tcounts: [21577, -32528, 20669, 10067, -11844, -28761]
INFO:root:-7.387503499999999
INFO:root:Monitor start (loss then pos)
INFO:root:-7.387503499999999
INFO:root:21577
INFO:root:-7.402678
INFO:root:21571
INFO:root:-7.386503
INFO:root:21571
INFO:root:-7.3672059999999995
INFO:root:21572
INFO:root:-7.332459
INFO:root:21581
INFO:root:-7.4240545000000004
INFO:root:21598
INFO:root:-8.1503785
INFO:root:21633
INFO:root:-9.2059315
INFO:root:21649
INFO:root:x scan done: decreasing
INFO:root:Monitor start (loss then pos)
INFO:root:-9.2059315
INFO:root:21633
INFO:root:-8.846226999999999
INFO:root:21628
INFO:root:-8.809131
INFO:root:21626
INFO:root:-8.598783000000001
INFO:root:21621
INFO:root:-8.38089
INFO:root:21614
INFO:root:-8.09693
INFO:root:21606
INFO:root:-7.8164725
INFO:root:21596
INFO:root:-7.5883275
INFO:root:21585
INFO:root:-7.4313769999999995
INFO:root:21571
INFO:root:-7.3074465
INFO:root:21556
INFO:root:-7.4107385
INFO:root:21538
INFO:root:-7.6937255
INFO:root:21519
INFO:root:x scan done: has max
INFO:root:-7.2431305
INFO:root:Monitor start (loss then pos)
INFO:root:-7.2431305
INFO:root:-32528
INFO:root:-7.1948615
INFO:root:-32528
INFO:root:-7.1547925
INFO:root:-32528
INFO:root:-7.1034425
INFO:root:-32528
INFO:root:-7.0408349999999995
INFO:root:-32528
INFO:root:-6.929728000000001
INFO:root:-32540
INFO:root:-6.5590554999999995
INFO:root:-32559
INFO:root:-6.3032885
INFO:root:-32573
INFO:root:-6.206656499999999
INFO:root:-32587
INFO:root:-6.2464935
INFO:root:-32603
INFO:root:-6.4504745
INFO:root:-32620
INFO:root:-6.880005000000001
INFO:root:-32639
INFO:root:y scan done: has max
INFO:root:Scan update ends at: [0.0034500000000000017, -0.0228, 138.7004, -0.7, 0, 0]
INFO:root:X change: -6; Y change: -45
INFO:root:Z optim starts at (pos then loss): 
INFO:root:[0.0034500000000000017, -0.0228, 138.7004, -0.7, 0, 0]
INFO:root:-6.212854
INFO:root:[0.0034500000000000017, -0.0228, 138.71280000000002, -0.7, 0, 0]
INFO:root:-5.6409
INFO:root:[0.0034500000000000017, -0.0228, 138.72520000000003, -0.7, 0, 0]
INFO:root:-5.5499145
INFO:root:[0.0034500000000000017, -0.0228, 138.73760000000004, -0.7, 0, 0]
INFO:root:-7.173379000000001
INFO:root:[0.0034500000000000017, -0.0228, 138.72500000000002, -0.7, 0, 0]
INFO:root:Z optim ends at: [0.0034500000000000017, -0.0228, 138.72500000000002, -0.7, 0, 0]
INFO:root:Scan update starts at: [0.0034500000000000017, -0.0228, 138.72500000000002, -0.7, 0, 0]
INFO:root:Start Tcounts: [22291, -32579, 21047, 10660, -11489, -29415]
INFO:root:-6.095268
INFO:root:Monitor start (loss then pos)
INFO:root:-6.095268
INFO:root:22291
INFO:root:-6.1107105
INFO:root:22287
INFO:root:-6.121839
INFO:root:22287
INFO:root:-6.077149
INFO:root:22286
INFO:root:-6.082124
INFO:root:22281
INFO:root:-6.09164
INFO:root:22264
INFO:root:-6.2655635
INFO:root:22248
INFO:root:-6.9855765000000005
INFO:root:22234
INFO:root:x scan done: decreasing
INFO:root:Monitor start (loss then pos)
INFO:root:-6.9855765000000005
INFO:root:22248
INFO:root:-7.5286265
INFO:root:22245
INFO:root:-7.4076085
INFO:root:22250
INFO:root:-7.3295145
INFO:root:22254
INFO:root:-7.11558
INFO:root:22261
INFO:root:-6.8646845
INFO:root:22269
INFO:root:-6.3917684999999995
INFO:root:22280
INFO:root:-6.1955455
INFO:root:22292
INFO:root:-6.1146484999999995
INFO:root:22307
INFO:root:-6.241848
INFO:root:22322
INFO:root:-6.9891285
INFO:root:22352
INFO:root:x scan done: has max
INFO:root:-6.1351605
INFO:root:Monitor start (loss then pos)
INFO:root:-6.1351605
INFO:root:-32579
INFO:root:-6.150240999999999
INFO:root:-32578
INFO:root:-6.1410925
INFO:root:-32578
INFO:root:-6.141368
INFO:root:-32578
INFO:root:-6.163898
INFO:root:-32578
INFO:root:-6.0194605
INFO:root:-32596
INFO:root:-4.8419975
INFO:root:-32622
INFO:root:-4.5350015
INFO:root:-32636
INFO:root:-4.400398
INFO:root:-32651
INFO:root:-4.525636
INFO:root:-32668
INFO:root:-5.0308205
INFO:root:-32688
INFO:root:y scan done: has max
INFO:root:Scan update ends at: [0.003500000000000002, -0.02565, 138.72500000000002, -0.7, 0, 0]
INFO:root:X change: 1; Y change: -57
INFO:root:Z optim starts at (pos then loss): 
INFO:root:[0.003500000000000002, -0.02565, 138.72500000000002, -0.7, 0, 0]
INFO:root:-4.4014395
INFO:root:[0.003500000000000002, -0.02565, 138.73380000000003, -0.7, 0, 0]
INFO:root:-3.860909
INFO:root:[0.003500000000000002, -0.02565, 138.74260000000004, -0.7, 0, 0]
INFO:root:-3.4560545
INFO:root:[0.003500000000000002, -0.02565, 138.75140000000005, -0.7, 0, 0]
INFO:root:-4.4995270000000005
INFO:root:[0.003500000000000002, -0.02565, 138.74240000000003, -0.7, 0, 0]
INFO:root:Z optim ends at: [0.003500000000000002, -0.02565, 138.74240000000003, -0.7, 0, 0]
INFO:root:Scan update starts at: [0.003500000000000002, -0.02565, 138.74240000000003, -0.7, 0, 0]
INFO:root:Start Tcounts: [22801, -32641, 21309, 11055, -11244, -29903]
INFO:root:Start Xstep (loss then pos)
INFO:root:-3.9164339999999997
INFO:root:22801
INFO:root:-3.8536365
INFO:root:22811
INFO:root:-3.8595414999999997
INFO:root:22821
INFO:root:-4.1985005
INFO:root:22831
INFO:root:Over
INFO:root:Start Ystep (loss then pos)
INFO:root:-3.895951
INFO:root:-32641
INFO:root:-3.4356935
INFO:root:-32651
INFO:root:-3.0920195
INFO:root:-32661
INFO:root:-2.977315
INFO:root:-32671
INFO:root:-2.971632
INFO:root:-32681
INFO:root:-3.1698975000000003
INFO:root:-32691
INFO:root:Over
INFO:root:Scan update ends at: [0.004500000000000002, -0.02765, 138.74240000000003, -0.7, 0, 0]
INFO:root:X change: 20; Y change: -40
INFO:root:Z optim starts at (pos then loss): 
INFO:root:[0.004500000000000002, -0.02765, 138.74240000000003, -0.7, 0, 0]
INFO:root:-2.948312
INFO:root:[0.004500000000000002, -0.02765, 138.74675000000002, -0.7, 0, 0]
INFO:root:-2.5851825
INFO:root:[0.004500000000000002, -0.02765, 138.7511, -0.7, 0, 0]
INFO:root:-2.2909775
INFO:root:[0.004500000000000002, -0.02765, 138.75545, -0.7, 0, 0]
INFO:root:-1.9126435
INFO:root:[0.004500000000000002, -0.02765, 138.75979999999998, -0.7, 0, 0]
INFO:root:-1.853642
INFO:root:[0.004500000000000002, -0.02765, 138.76414999999997, -0.7, 0, 0]
INFO:root:-1.6144245000000002
INFO:root:[0.004500000000000002, -0.02765, 138.76849999999996, -0.7, 0, 0]
INFO:root:-2.175433
INFO:root:[0.004500000000000002, -0.02765, 138.76394999999997, -0.7, 0, 0]
INFO:root:Z optim ends at: [0.004500000000000002, -0.02765, 138.76394999999997, -0.7, 0, 0]
INFO:root:Change to Final_adjust
INFO:root:Scan update starts at: [0.004500000000000002, -0.02765, 138.76394999999997, -0.7, 0, 0]
INFO:root:Start Tcounts: [23453, -32686, 21615, 11575, -10958, -30478]
INFO:root:Start Xstep (loss then pos)
INFO:root:-1.8634655
INFO:root:23453
INFO:root:-1.9953340000000002
INFO:root:23456
INFO:root:Change direction
INFO:root:-1.9938995
INFO:root:23450
INFO:root:-2.0165925
INFO:root:23447
INFO:root:-2.1142135
INFO:root:23444
INFO:root:Over
INFO:root:Start Ystep (loss then pos)
INFO:root:-1.979929
INFO:root:-32686
INFO:root:-1.752721
INFO:root:-32689
