INFO:root:Power Reference Set
INFO:root: 
INFO:root:*************************
INFO:root:Reset
INFO:root:*************************
INFO:root:Power Reference Set
INFO:root:Power Reference Set
INFO:root: 
INFO:root:*************************
INFO:root:Reset
INFO:root:*************************
INFO:root: 
INFO:root:$$$$$$$$$$$$$$$$$$$$$$$$$$$$$$
INFO:root:$$$$$$$$$$$$$$$$$$$$$$$$$$$$$$
INFO:root:A New Alignment Starts, Criteria -0.2
INFO:root:Product: SS 1xN
INFO:root:2020-09-08 16:14:03
INFO:root:$$$$$$$$$$$$$$$$$$$$$$$$$$$$$$
INFO:root:[0.0, 0.0, 141.0, 0.5, -0.3, 0.0]
INFO:root:-12.8612
INFO:root:Scan update starts at: 
INFO:root:[0.0, 0.0, 141.0, 0.5, -0.3, 0.0]
INFO:root:-12.8596
INFO:root:Monitor start (loss then pos)
INFO:root:-12.8596
INFO:root:-12.8597
INFO:root:-12.8489
INFO:root:-12.849
INFO:root:-12.8562
INFO:root:-12.8741
INFO:root:-12.9135
INFO:root:-12.9585
INFO:root:-12.9961
INFO:root:-13.0347
INFO:root:-13.0726
INFO:root:-13.1168
INFO:root:-13.1646
INFO:root:-13.218
INFO:root:x scan done: decreasing
INFO:root:Monitor start (loss then pos)
INFO:root:-13.218
INFO:root:-13.2038
INFO:root:-13.1841
INFO:root:-13.1658
INFO:root:-13.1397
INFO:root:-13.0992
INFO:root:-13.0568
INFO:root:-13.0289
INFO:root:-12.9975
INFO:root:-12.9652
INFO:root:-12.9297
INFO:root:-12.8912
INFO:root:-12.8556
INFO:root:-12.8149
INFO:root:-12.7735
INFO:root:-12.7315
INFO:root:-12.6905
INFO:root:-12.6511
INFO:root:-12.6122
INFO:root:-12.5777
INFO:root:-12.5442
INFO:root:-12.5136
INFO:root:-12.4864
INFO:root:-12.4475
INFO:root:-12.4121
INFO:root:-12.402
INFO:root:-12.3917
INFO:root:-12.3886
INFO:root:-12.3882
INFO:root:-12.3895
INFO:root:-12.3925
INFO:root:-12.4014
INFO:root:-12.4096
INFO:root:-12.427
INFO:root:-12.4441
INFO:root:-12.4677
INFO:root:-12.4927
INFO:root:-12.5234
INFO:root:-12.5545
INFO:root:-12.5933
INFO:root:-12.6339
INFO:root:-12.7319
INFO:root:x scan done: has max
INFO:root:-12.4034
INFO:root:Monitor start (loss then pos)
INFO:root:-12.4034
INFO:root:-12.4045
INFO:root:-12.4051
INFO:root:-12.4048
INFO:root:-12.4086
INFO:root:-12.4177
INFO:root:-12.4403
INFO:root:-12.4685
INFO:root:-12.5211
INFO:root:-12.5976
INFO:root:-12.6743
INFO:root:-12.7511
INFO:root:y scan done: decreasing
INFO:root:Monitor start (loss then pos)
INFO:root:-12.7511
INFO:root:-12.7927
INFO:root:-12.7796
INFO:root:-12.7609
INFO:root:-12.7439
INFO:root:-12.6953
INFO:root:-12.6449
INFO:root:-12.5953
INFO:root:-12.5374
INFO:root:-12.4645
INFO:root:-12.4033
INFO:root:-12.3385
INFO:root:-12.271
INFO:root:-12.197
INFO:root:-12.1219
INFO:root:-12.0429
INFO:root:-11.9658
INFO:root:-11.8862
INFO:root:-11.8105
INFO:root:-11.6268
INFO:root:-11.5638
INFO:root:-11.5046
INFO:root:-11.4505
INFO:root:-11.3967
INFO:root:-11.3483
INFO:root:-11.3012
INFO:root:-11.2578
INFO:root:-11.2108
INFO:root:-11.1679
INFO:root:-11.1342
INFO:root:-11.1027
INFO:root:-11.0747
INFO:root:-11.0491
INFO:root:-11.0263
INFO:root:-11.006
INFO:root:-10.9884
INFO:root:-10.9731
INFO:root:-10.9434
INFO:root:-10.9365
INFO:root:-10.9311
INFO:root:-10.9276
INFO:root:-10.9257
INFO:root:-10.9265
INFO:root:-10.9291
INFO:root:-10.9337
INFO:root:-10.9403
INFO:root:-10.9486
INFO:root:-10.9594
INFO:root:-10.9719
INFO:root:-10.9864
INFO:root:-11.0029
INFO:root:-11.0214
INFO:root:-11.0415
INFO:root:-11.0635
INFO:root:-11.0882
INFO:root:-11.1615
INFO:root:-11.1921
INFO:root:-11.2254
INFO:root:-11.261
INFO:root:-11.2981
INFO:root:y scan done: has max
INFO:root:Scan update ends at: 
INFO:root:[0.01475, 0.03, 141.0, 0.5, -0.3, 0.0]
INFO:root:Z optim starts at (pos then loss): 
INFO:root:[0.01475, 0.03, 141.0, 0.5, -0.3, 0.0]
INFO:root:-10.9227
INFO:root:Experimental Z stepping
INFO:root:[0.01475, 0.03, 141.188, 0.5, -0.3, 0.0]
INFO:root:-6.3781
INFO:root:Z optim ends at: 
INFO:root:[0.01475, 0.03, 141.188, 0.5, -0.3, 0.0]
INFO:root:Scan update starts at: 
INFO:root:[0.01475, 0.03, 141.188, 0.5, -0.3, 0.0]
INFO:root:-6.3763
INFO:root:Monitor start (loss then pos)
INFO:root:-6.3763
INFO:root:-6.3753
INFO:root:-6.3736
INFO:root:-6.369
INFO:root:-6.3559
INFO:root:-6.3131
INFO:root:-6.2754
INFO:root:-6.2212
INFO:root:-6.0587
INFO:root:-5.9417
INFO:root:-5.8295
INFO:root:-5.7164
INFO:root:-5.5173
INFO:root:-5.3126
INFO:root:-5.1456
INFO:root:-5.0225
INFO:root:-4.9017
INFO:root:-4.7877
INFO:root:-4.6861
INFO:root:-4.59
INFO:root:-4.5066
INFO:root:-4.4319
INFO:root:-4.3666
INFO:root:-4.3125
INFO:root:-4.2668
INFO:root:-4.2333
INFO:root:-4.2101
INFO:root:-4.1964
INFO:root:-4.1954
INFO:root:-4.2032
INFO:root:-4.2616
INFO:root:-4.3477
INFO:root:-4.4196
INFO:root:x scan done: has max
INFO:root:-4.1908
INFO:root:Monitor start (loss then pos)
INFO:root:-4.1908
INFO:root:-4.1909
INFO:root:-4.1908
INFO:root:-4.1926
INFO:root:-4.1936
INFO:root:-4.1987
INFO:root:-4.2042
INFO:root:-4.2102
INFO:root:-4.2377
INFO:root:-4.2721
INFO:root:-4.3026
INFO:root:-4.3413
INFO:root:y scan done: decreasing
INFO:root:Monitor start (loss then pos)
INFO:root:-4.3413
INFO:root:-4.3583
INFO:root:-4.3414
INFO:root:-4.3231
INFO:root:-4.3119
INFO:root:-4.3001
INFO:root:-4.2855
INFO:root:-4.2694
INFO:root:-4.2521
INFO:root:-4.2368
INFO:root:-4.2201
INFO:root:-4.2069
INFO:root:-4.1924
INFO:root:-4.1878
INFO:root:-4.1972
INFO:root:-4.2155
INFO:root:-4.2465
INFO:root:-4.2894
INFO:root:-4.3465
INFO:root:y scan done: has max
INFO:root:Scan update ends at: 
INFO:root:[0.03305, 0.0287, 141.188, 0.5, -0.3, 0.0]
INFO:root:Z optim starts at (pos then loss): 
INFO:root:[0.03305, 0.0287, 141.188, 0.5, -0.3, 0.0]
INFO:root:-4.1855
INFO:root:Experimental Z stepping
INFO:root:[0.03305, 0.0287, 141.237, 0.5, -0.3, 0.0]
INFO:root:-1.8791
INFO:root:Z optim ends at: 
INFO:root:[0.03305, 0.0287, 141.237, 0.5, -0.3, 0.0]
INFO:root:Scan update starts at: 
INFO:root:[0.03305, 0.0287, 141.237, 0.5, -0.3, 0.0]
INFO:root:Start Xinterp (loss then pos)
INFO:root:-1.8794
INFO:root:-1.9043
INFO:root:-1.8775
INFO:root:-1.8764
INFO:root:-1.8962
INFO:root:-1.8773
INFO:root:XInterp final: 93373
INFO:root:Start Yinterp (loss then pos)
INFO:root:-1.877
INFO:root:-1.8805
INFO:root:-1.8851
INFO:root:Program is cancelled
INFO:root: 
INFO:root:*************************
INFO:root:Reset
INFO:root:*************************
INFO:root:MM 1xN has been selected
INFO:root: 
INFO:root:$$$$$$$$$$$$$$$$$$$$$$$$$$$$$$
INFO:root:$$$$$$$$$$$$$$$$$$$$$$$$$$$$$$
INFO:root:A New Alignment Starts, Criteria -0.2
INFO:root:Product: MM 1xN
INFO:root:2020-09-08 16:14:44
INFO:root:$$$$$$$$$$$$$$$$$$$$$$$$$$$$$$
INFO:root:[0.0, 0.0, 141.0, 0.5, -0.3, 0.0]
INFO:root:-12.7701
INFO:root:Scan update starts at: 
INFO:root:[0.0, 0.0, 141.0, 0.5, -0.3, 0.0]
INFO:root:-12.7699
INFO:root:Monitor start (loss then pos)
INFO:root:-12.7699
INFO:root:-12.7705
INFO:root:-12.7707
INFO:root:-12.7704
INFO:root:-12.7705
INFO:root:-12.7716
INFO:root:-12.77
INFO:root:-12.7709
INFO:root:-12.7707
INFO:root:-12.7705
INFO:root:-12.7703
INFO:root:-12.7705
INFO:root:-12.7703
INFO:root:-12.7708
INFO:root:-12.77
INFO:root:-12.7708
INFO:root:-12.7713
INFO:root:-12.7715
INFO:root:-12.7716
INFO:root:-12.7709
INFO:root:-12.7711
INFO:root:-12.7711
INFO:root:-12.7714
INFO:root:-12.77
INFO:root:-12.7719
INFO:root:-12.7707
INFO:root:-12.7712
INFO:root:-12.7717
INFO:root:-12.7712
INFO:root:-12.7725
INFO:root:-12.7704
INFO:root:-12.7713
INFO:root:-12.7711
INFO:root:-12.7719
INFO:root:-12.7695
INFO:root:-12.7708
INFO:root:-12.7695
INFO:root:-12.7704
INFO:root:-12.7688
INFO:root:-12.7695
INFO:root:-12.7711
INFO:root:-12.7702
INFO:root:-12.7708
INFO:root:-12.7707
INFO:root:-12.77
INFO:root:-12.7712
INFO:root:-12.7706
INFO:root:-12.7716
INFO:root:-12.7703
INFO:root:-12.7716
INFO:root:-12.7717
INFO:root:-12.7701
INFO:root:-12.7702
INFO:root:-12.7707
INFO:root:-12.7701
INFO:root:-12.7698
INFO:root:-12.7696
INFO:root:-12.7715
INFO:root:-12.77
INFO:root:-12.7704
INFO:root:-12.7739
INFO:root:-12.7694
INFO:root:-12.7723
INFO:root:-12.7707
INFO:root:-12.7696
INFO:root:-12.7708
INFO:root:-12.7697
INFO:root:-12.7708
INFO:root:-12.7685
INFO:root:-12.7707
INFO:root:-12.7711
INFO:root:-12.7693
INFO:root:-12.7716
INFO:root:-12.7683
INFO:root:-12.7693
INFO:root:-12.7721
INFO:root:-12.7683
INFO:root:-12.7706
INFO:root:-12.7707
INFO:root:-12.769
INFO:root:-12.7716
INFO:root:-12.7675
INFO:root:-12.7719
INFO:root:-12.7671
INFO:root:-12.772
INFO:root:-12.7699
INFO:root:-12.7697
INFO:root:-12.7693
INFO:root:-12.7683
INFO:root:-12.7717
INFO:root:-12.7688
INFO:root:-12.7695
INFO:root:-12.7698
INFO:root:-12.7696
INFO:root:-12.7693
INFO:root:-12.7708
INFO:root:-12.7701
INFO:root:-12.77
INFO:root:-12.7685
INFO:root:-12.7726
INFO:root:-12.7691
INFO:root:-12.7702
INFO:root:-12.7701
INFO:root:-12.7684
INFO:root:-12.7707
INFO:root:-12.7695
INFO:root:-12.767
INFO:root:-12.7727
INFO:root:-12.7669
INFO:root:-12.772
INFO:root:-12.7691
INFO:root:Program is cancelled
INFO:root: 
INFO:root:*************************
INFO:root:Reset
INFO:root:*************************
INFO:root: 
INFO:root:*************************
INFO:root:Reset
INFO:root:*************************
INFO:root: 
INFO:root:*************************
INFO:root:Reset
INFO:root:*************************
INFO:root: 
INFO:root:*************************
INFO:root:Reset
INFO:root:*************************
INFO:root: 
INFO:root:*************************
INFO:root:Reset
INFO:root:*************************
INFO:root: 
INFO:root:*************************
INFO:root:Reset
INFO:root:*************************
INFO:root: 
INFO:root:*************************
INFO:root:Reset
INFO:root:*************************
INFO:root:MM 1xN has been selected
INFO:root: 
INFO:root:$$$$$$$$$$$$$$$$$$$$$$$$$$$$$$
INFO:root:$$$$$$$$$$$$$$$$$$$$$$$$$$$$$$
INFO:root:A New Alignment Starts, Criteria -0.2
INFO:root:Product: MM 1xN
INFO:root:2020-09-08 16:17:01
INFO:root:$$$$$$$$$$$$$$$$$$$$$$$$$$$$$$
INFO:root:[0.0, 0.0, 141.0, 0.5, -0.3, 0.0]
INFO:root:-12.8777
INFO:root:Scan update starts at: 
INFO:root:[0.0, 0.0, 141.0, 0.5, -0.3, 0.0]
INFO:root:-12.8761
INFO:root:Monitor start (loss then pos)
INFO:root:-12.8761
INFO:root:-12.8775
INFO:root:-12.8809
INFO:root:-12.8812
INFO:root:-12.8856
INFO:root:-12.9088
INFO:root:-12.9408
INFO:root:-12.968
INFO:root:-12.9985
INFO:root:-13.0449
INFO:root:-13.0828
INFO:root:-13.1283
INFO:root:-13.1736
INFO:root:-13.229
INFO:root:x scan done: decreasing
INFO:root:Monitor start (loss then pos)
INFO:root:-13.229
INFO:root:-13.224
INFO:root:-13.2076
INFO:root:-13.1678
INFO:root:-13.1277
INFO:root:-13.11
INFO:root:-13.0862
INFO:root:-13.0631
INFO:root:-13.0342
INFO:root:-13.0019
INFO:root:-12.9687
INFO:root:-12.9336
INFO:root:-12.8951
INFO:root:-12.8581
INFO:root:-12.8165
INFO:root:-12.7774
INFO:root:-12.7331
INFO:root:-12.6949
INFO:root:-12.656
INFO:root:-12.622
INFO:root:-12.5818
INFO:root:-12.5296
INFO:root:-12.488
INFO:root:-12.4694
INFO:root:-12.4567
INFO:root:-12.4473
INFO:root:-12.4391
INFO:root:-12.4338
INFO:root:-12.4327
INFO:root:-12.4352
INFO:root:-12.439
INFO:root:-12.4485
INFO:root:-12.4602
INFO:root:-12.4752
INFO:root:-12.494
INFO:root:-12.5161
INFO:root:-12.5491
INFO:root:-12.5859
INFO:root:-12.6208
INFO:root:-12.6999
INFO:root:-12.7859
INFO:root:x scan done: has max
INFO:root:-12.4468
INFO:root:Monitor start (loss then pos)
INFO:root:-12.4468
INFO:root:-12.4473
INFO:root:-12.4489
INFO:root:-12.448
INFO:root:-12.4507
INFO:root:-12.4666
INFO:root:-12.4998
INFO:root:-12.5231
INFO:root:-12.5671
INFO:root:-12.6474
INFO:root:-12.7218
INFO:root:-12.8017
INFO:root:y scan done: decreasing
INFO:root:Monitor start (loss then pos)
INFO:root:-12.8017
INFO:root:-12.8358
INFO:root:-12.8279
INFO:root:-12.8131
INFO:root:-12.789
INFO:root:-12.7579
INFO:root:-12.7009
INFO:root:-12.6489
INFO:root:-12.5982
INFO:root:-12.5454
INFO:root:-12.4877
INFO:root:-12.4266
INFO:root:-12.3588
INFO:root:-12.2883
INFO:root:-12.2145
INFO:root:-12.1374
INFO:root:-12.0576
INFO:root:-11.9789
INFO:root:-11.8368
INFO:root:-11.7021
INFO:root:-11.6364
INFO:root:-11.5717
INFO:root:-11.5111
INFO:root:-11.4539
INFO:root:-11.3931
INFO:root:-11.3345
INFO:root:-11.2881
INFO:root:-11.2449
INFO:root:-11.2049
INFO:root:-11.1674
INFO:root:-11.1328
INFO:root:-11.1012
INFO:root:-11.0723
INFO:root:-11.0463
INFO:root:-11.0232
INFO:root:-11.0026
INFO:root:-10.9726
INFO:root:-10.948
INFO:root:-10.9379
INFO:root:-10.9306
INFO:root:-10.9247
INFO:root:-10.9209
INFO:root:-10.9193
INFO:root:-10.9188
INFO:root:-10.9205
INFO:root:-10.9241
INFO:root:-10.9294
INFO:root:-10.9397
INFO:root:-10.9502
INFO:root:-10.9623
INFO:root:-10.9769
INFO:root:-10.9929
INFO:root:-11.0113
INFO:root:-11.0312
INFO:root:-11.0734
INFO:root:-11.1204
INFO:root:-11.1495
INFO:root:-11.18
INFO:root:-11.2136
INFO:root:-11.2478
INFO:root:-11.2844
INFO:root:-11.3243
INFO:root:y scan done: has max
INFO:root:Scan update ends at: 
INFO:root:[0.01505, 0.031, 141.0, 0.5, -0.3, 0.0]
INFO:root:Z optim starts at (pos then loss): 
INFO:root:[0.01505, 0.031, 141.0, 0.5, -0.3, 0.0]
INFO:root:-10.9164
INFO:root:[0.01505, 0.031, 141.0327, 0.5, -0.3, 0.0]
INFO:root:-10.0113
INFO:root:[0.01505, 0.031, 141.0654, 0.5, -0.3, 0.0]
INFO:root:-9.0732
INFO:root:[0.01505, 0.031, 141.0981, 0.5, -0.3, 0.0]
INFO:root:-8.1518
INFO:root:[0.01505, 0.031, 141.1308, 0.5, -0.3, 0.0]
INFO:root:-7.31
INFO:root:[0.01505, 0.031, 141.1635, 0.5, -0.3, 0.0]
INFO:root:-6.7152
INFO:root:[0.01505, 0.031, 141.1962, 0.5, -0.3, 0.0]
INFO:root:-6.249
INFO:root:[0.01505, 0.031, 141.2289, 0.5, -0.3, 0.0]
INFO:root:-6.0652
INFO:root:[0.01505, 0.031, 141.2616, 0.5, -0.3, 0.0]
INFO:root:-7.1565
INFO:root:[0.01505, 0.031, 141.2287, 0.5, -0.3, 0.0]
INFO:root:-6.0709
INFO:root:Z optim ends at: 
INFO:root:[0.01505, 0.031, 141.2287, 0.5, -0.3, 0.0]
INFO:root:Scan update starts at: 
INFO:root:[0.01505, 0.031, 141.2287, 0.5, -0.3, 0.0]
INFO:root:-6.07
INFO:root:Monitor start (loss then pos)
INFO:root:-6.07
INFO:root:-6.0693
INFO:root:-6.0642
INFO:root:-6.0192
INFO:root:-5.9763
INFO:root:-5.885
INFO:root:-5.6164
INFO:root:-5.4089
INFO:root:-5.2172
INFO:root:-5.02
INFO:root:-4.8141
INFO:root:-4.6001
INFO:root:-4.3778
INFO:root:-4.1547
INFO:root:-3.9251
INFO:root:-3.7016
INFO:root:-3.4831
INFO:root:-3.2811
INFO:root:-3.1012
INFO:root:-2.9102
INFO:root:-2.7522
INFO:root:-2.6347
INFO:root:-2.5372
INFO:root:-2.4217
INFO:root:-2.335
INFO:root:-2.3234
INFO:root:-2.3326
INFO:root:-2.3637
INFO:root:-2.4165
INFO:root:x scan done: has max
INFO:root:-2.3252
INFO:root:Monitor start (loss then pos)
INFO:root:-2.3252
INFO:root:-2.3247
INFO:root:-2.3248
INFO:root:-2.325
INFO:root:-2.3257
INFO:root:-2.3307
INFO:root:-2.4104
INFO:root:-2.4559
INFO:root:y scan done: decreasing
INFO:root:Monitor start (loss then pos)
INFO:root:-2.4559
INFO:root:-2.4955
INFO:root:-2.4851
INFO:root:-2.4596
INFO:root:-2.4398
INFO:root:-2.4075
INFO:root:-2.3758
INFO:root:-2.3473
INFO:root:-2.3232
INFO:root:-2.2988
INFO:root:-2.2803
INFO:root:-2.2617
INFO:root:-2.2525
INFO:root:-2.2664
INFO:root:-2.3088
INFO:root:-2.363
INFO:root:y scan done: has max
INFO:root:Scan update ends at: 
INFO:root:[0.0321, 0.0291, 141.2287, 0.5, -0.3, 0.0]
INFO:root:Z optim starts at (pos then loss): 
INFO:root:[0.0321, 0.0291, 141.2287, 0.5, -0.3, 0.0]
INFO:root:-2.2513
INFO:root:[0.0321, 0.0291, 141.23675, 0.5, -0.3, 0.0]
INFO:root:-1.8895
INFO:root:[0.0321, 0.0291, 141.2448, 0.5, -0.3, 0.0]
INFO:root:-1.5274
INFO:root:[0.0321, 0.0291, 141.25285, 0.5, -0.3, 0.0]
INFO:root:-1.2013
INFO:root:[0.0321, 0.0291, 141.2609, 0.5, -0.3, 0.0]
INFO:root:-0.9131
INFO:root:[0.0321, 0.0291, 141.26895, 0.5, -0.3, 0.0]
INFO:root:-0.677
INFO:root:[0.0321, 0.0291, 141.277, 0.5, -0.3, 0.0]
INFO:root:-0.5069
INFO:root:[0.0321, 0.0291, 141.28505, 0.5, -0.3, 0.0]
INFO:root:-0.3985
INFO:root:[0.0321, 0.0291, 141.2931, 0.5, -0.3, 0.0]
INFO:root:-0.3397
INFO:root:[0.0321, 0.0291, 141.30115, 0.5, -0.3, 0.0]
INFO:root:-0.3259
INFO:root:[0.0321, 0.0291, 141.3092, 0.5, -0.3, 0.0]
INFO:root:-0.3718
INFO:root:[0.0321, 0.0291, 141.30095, 0.5, -0.3, 0.0]
INFO:root:-0.348
INFO:root:Z optim ends at: 
INFO:root:[0.0321, 0.0291, 141.30095, 0.5, -0.3, 0.0]
INFO:root:Scan update starts at: 
INFO:root:[0.0321, 0.0291, 141.30095, 0.5, -0.3, 0.0]
INFO:root:Start Xinterp (loss then pos)
INFO:root:-0.3458
INFO:root:-0.3459
INFO:root:-0.3754
INFO:root:-0.337
INFO:root:XInterp final: 95493
INFO:root:Start Yinterp (loss then pos)
INFO:root:-0.3372
INFO:root:-0.2927
INFO:root:-0.3017
INFO:root:-0.2993
INFO:root:-0.2932
INFO:root:YInterp final: 9053
INFO:root:Scan update ends at: 
INFO:root:[0.033, 0.02735, 141.30095, 0.5, -0.3, 0.0]
INFO:root:Z optim starts at (pos then loss): 
INFO:root:[0.033, 0.02735, 141.30095, 0.5, -0.3, 0.0]
INFO:root:-0.293
INFO:root:[0.033, 0.02735, 141.30245, 0.5, -0.3, 0.0]
INFO:root:-0.2926
INFO:root:Z optim ends at: 
INFO:root:[0.033, 0.02735, 141.30245, 0.5, -0.3, 0.0]
INFO:root:Scan update starts at: 
INFO:root:[0.033, 0.02735, 141.30245, 0.5, -0.3, 0.0]
INFO:root:Start Xinterp (loss then pos)
INFO:root:-0.2925
INFO:root:-0.3316
INFO:root:-0.295
INFO:root:-0.3035
INFO:root:-0.3168
INFO:root:-0.2925
INFO:root:XInterp final: 95537
INFO:root:Start Yinterp (loss then pos)
INFO:root:-0.2926
INFO:root:-0.319
INFO:root:-0.3047
INFO:root:-0.297
INFO:root:-0.3407
INFO:root:-0.2925
INFO:root:YInterp final: 9049
INFO:root:Scan update ends at: 
INFO:root:[0.0327, 0.02715, 141.30245, 0.5, -0.3, 0.0]
INFO:root:Z optim starts at (pos then loss): 
INFO:root:[0.0327, 0.02715, 141.30245, 0.5, -0.3, 0.0]
INFO:root:-0.2924
INFO:root:[0.0327, 0.02715, 141.30395, 0.5, -0.3, 0.0]
INFO:root:-0.2932
INFO:root:[0.0327, 0.02715, 141.30545, 0.5, -0.3, 0.0]
INFO:root:-0.2957
INFO:root:Z optim ends at: 
INFO:root:[0.0327, 0.02715, 141.30545, 0.5, -0.3, 0.0]
INFO:root:Scan update starts at: 
INFO:root:[0.0327, 0.02715, 141.30545, 0.5, -0.3, 0.0]
INFO:root:Start Xinterp (loss then pos)
INFO:root:-0.2958
INFO:root:-0.34
INFO:root:-0.3006
INFO:root:-0.3045
INFO:root:-0.3251
INFO:root:-0.2956
INFO:root:XInterp final: 95638
INFO:root:Start Yinterp (loss then pos)
INFO:root:-0.2956
INFO:root:-0.3327
INFO:root:-0.3059
INFO:root:-0.3042
INFO:root:-0.3416
INFO:root:-0.2955
INFO:root:YInterp final: 9050
INFO:root:Scan update ends at: 
INFO:root:[0.0328, 0.02715, 141.30545, 0.5, -0.3, 0.0]
INFO:root:Z optim starts at (pos then loss): 
INFO:root:[0.0328, 0.02715, 141.30545, 0.5, -0.3, 0.0]
INFO:root:-0.2956
INFO:root:[0.0328, 0.02715, 141.30695, 0.5, -0.3, 0.0]
INFO:root:-0.2992
INFO:root:Z optim ends at: 
INFO:root:[0.0328, 0.02715, 141.30695, 0.5, -0.3, 0.0]
INFO:root:Scan update starts at: 
INFO:root:[0.0328, 0.02715, 141.30695, 0.5, -0.3, 0.0]
INFO:root:Start Xinterp (loss then pos)
INFO:root:-0.2993
INFO:root:-0.331
INFO:root:-0.3078
INFO:root:-0.3064
INFO:root:-0.3418
INFO:root:-0.2989
INFO:root:XInterp final: 95688
INFO:root:Failed to find better loss after tries, go back to current best
INFO:root:[0.033, 0.02735, 141.30095, 0.5, -0.3, 0.0]
INFO:root:Time: 1min
INFO:root:Auto Alignment Finished, Best Loss: -0.2927
INFO:root:Time costs: 62.3 s
INFO:root: 
INFO:root:$$$$$$$$$$$$$$$$$$$$$$$$$$$$$$
INFO:root:$$$$$$$$$$$$$$$$$$$$$$$$$$$$$$
INFO:root:A New Alignment Starts, Criteria -0.312
INFO:root:Product: SS 1xN
INFO:root:2020-09-08 16:23:38
INFO:root:$$$$$$$$$$$$$$$$$$$$$$$$$$$$$$
INFO:root:[0.033, 0.02735, 141.29095, 0.5, -0.3, 0.0]
INFO:root:-0.4463
INFO:root:Scan update starts at: 
INFO:root:[0.033, 0.02735, 141.29095, 0.5, -0.3, 0.0]
INFO:root:Start Xinterp (loss then pos)
INFO:root:-0.4475
INFO:root:-0.3776
INFO:root:-0.3892
INFO:root:-0.3609
INFO:root:XInterp final: 95146
INFO:root:Start Yinterp (loss then pos)
INFO:root:-0.3611
INFO:root:-0.3519
INFO:root:-0.3555
INFO:root:-0.3512
INFO:root:-0.3514
INFO:root:YInterp final: 9035
INFO:root:Scan update ends at: 
INFO:root:[0.0321, 0.02655, 141.29095, 0.5, -0.3, 0.0]
INFO:root:Z optim starts at (pos then loss): 
INFO:root:[0.0321, 0.02655, 141.29095, 0.5, -0.3, 0.0]
INFO:root:-0.3513
INFO:root:[0.0321, 0.02655, 141.29345, 0.5, -0.3, 0.0]
INFO:root:-0.3374
INFO:root:[0.0321, 0.02655, 141.29595, 0.5, -0.3, 0.0]
INFO:root:-0.3341
INFO:root:[0.0321, 0.02655, 141.29845, 0.5, -0.3, 0.0]
INFO:root:-0.3392
INFO:root:[0.0321, 0.02655, 141.30095, 0.5, -0.3, 0.0]
INFO:root:-0.3444
INFO:root:[0.0321, 0.02655, 141.30345, 0.5, -0.3, 0.0]
INFO:root:-0.3574
INFO:root:Z optim ends at: 
INFO:root:[0.0321, 0.02655, 141.30345, 0.5, -0.3, 0.0]
INFO:root:Scan update starts at: 
INFO:root:[0.0321, 0.02655, 141.30345, 0.5, -0.3, 0.0]
INFO:root:Start Xinterp (loss then pos)
INFO:root:-0.3572
INFO:root:-0.341
INFO:root:-0.3467
INFO:root:-0.3328
INFO:root:XInterp final: 95540
INFO:root:Start Yinterp (loss then pos)
INFO:root:-0.3327
INFO:root:-0.3352
INFO:root:-0.3345
INFO:root:-0.3318
INFO:root:YInterp final: 9033
INFO:root:Scan update ends at: 
INFO:root:[0.0312, 0.02625, 141.30345, 0.5, -0.3, 0.0]
INFO:root:Z optim starts at (pos then loss): 
INFO:root:[0.0312, 0.02625, 141.30345, 0.5, -0.3, 0.0]
INFO:root:-0.3321
INFO:root:[0.0312, 0.02625, 141.30595, 0.5, -0.3, 0.0]
INFO:root:-0.3434
INFO:root:[0.0312, 0.02625, 141.30845, 0.5, -0.3, 0.0]
INFO:root:-0.3637
INFO:root:[0.0312, 0.02625, 141.31095, 0.5, -0.3, 0.0]
INFO:root:-0.3926
INFO:root:[0.0312, 0.02625, 141.30825, 0.5, -0.3, 0.0]
INFO:root:-0.369
INFO:root:Z optim ends at: 
INFO:root:[0.0312, 0.02625, 141.30825, 0.5, -0.3, 0.0]
INFO:root:Scan update starts at: 
INFO:root:[0.0312, 0.02625, 141.30825, 0.5, -0.3, 0.0]
INFO:root:Start Xinterp (loss then pos)
INFO:root:-0.3688
INFO:root:-0.3542
INFO:root:-0.3565
INFO:root:-0.3529
INFO:root:XInterp final: 95681
INFO:root:Start Yinterp (loss then pos)
INFO:root:-0.3531
INFO:root:-0.3607
INFO:root:-0.3532
INFO:root:-0.3561
INFO:root:-0.3563
INFO:root:-0.3538
INFO:root:YInterp final: 9035
INFO:root:Scan update ends at: 
INFO:root:[0.0303, 0.0264, 141.30825, 0.5, -0.3, 0.0]
INFO:root:Z optim starts at (pos then loss): 
INFO:root:[0.0303, 0.0264, 141.30825, 0.5, -0.3, 0.0]
INFO:root:-0.3538
INFO:root:[0.0303, 0.0264, 141.31075, 0.5, -0.3, 0.0]
INFO:root:-0.3811
INFO:root:[0.0303, 0.0264, 141.31325, 0.5, -0.3, 0.0]
INFO:root:-0.4199
INFO:root:[0.0303, 0.0264, 141.31055, 0.5, -0.3, 0.0]
INFO:root:-0.3813
INFO:root:Z optim ends at: 
INFO:root:[0.0303, 0.0264, 141.31055, 0.5, -0.3, 0.0]
INFO:root:Scan update starts at: 
INFO:root:[0.0303, 0.0264, 141.31055, 0.5, -0.3, 0.0]
INFO:root:Start Xinterp (loss then pos)
INFO:root:-0.3812
INFO:root:-0.3878
INFO:root:-0.3803
INFO:root:-0.3831
INFO:root:-0.3816
INFO:root:XInterp final: 95762
INFO:root:Start Yinterp (loss then pos)
INFO:root:-0.3815
INFO:root:-0.3887
INFO:root:-0.383
INFO:root:-0.383
INFO:root:-0.3878
INFO:root:-0.3819
INFO:root:YInterp final: 9036
INFO:root:Failed to find better loss after tries, go back to current best
INFO:root:[0.0321, 0.02655, 141.29595, 0.5, -0.3, 0.0]
INFO:root:Auto Alignment Finished, Best Loss: -0.3341
INFO:root:Time costs: 37.4 s
INFO:root:MM 1xN has been selected
INFO:root: 
INFO:root:$$$$$$$$$$$$$$$$$$$$$$$$$$$$$$
INFO:root:$$$$$$$$$$$$$$$$$$$$$$$$$$$$$$
INFO:root:A New Alignment Starts, Criteria -0.312
INFO:root:Product: MM 1xN
INFO:root:2020-09-08 16:24:44
INFO:root:$$$$$$$$$$$$$$$$$$$$$$$$$$$$$$
INFO:root:[0.0321, 0.02655, 141.28595, 0.5, -0.3, 0.0]
INFO:root:-1.0215
INFO:root:Scan update starts at: 
INFO:root:[0.0321, 0.02655, 141.28595, 0.5, -0.3, 0.0]
INFO:root:Start Xinterp (loss then pos)
INFO:root:-1.0214
INFO:root:-0.6758
INFO:root:-0.7891
INFO:root:-0.6274
INFO:root:XInterp final: 94891
INFO:root:Start Yinterp (loss then pos)
INFO:root:-0.6275
INFO:root:-0.6815
INFO:root:-0.6405
INFO:root:-0.6419
INFO:root:-0.6879
INFO:root:-0.6257
INFO:root:YInterp final: 9036
INFO:root:Scan update ends at: 
INFO:root:[0.0276, 0.0266, 141.28595, 0.5, -0.3, 0.0]
INFO:root:Z optim starts at (pos then loss): 
INFO:root:[0.0276, 0.0266, 141.28595, 0.5, -0.3, 0.0]
INFO:root:-0.6258
INFO:root:[0.0276, 0.0266, 141.28745, 0.5, -0.3, 0.0]
INFO:root:-0.5953
INFO:root:[0.0276, 0.0266, 141.28895, 0.5, -0.3, 0.0]
INFO:root:-0.5633
INFO:root:[0.0276, 0.0266, 141.29045, 0.5, -0.3, 0.0]
INFO:root:-0.535
INFO:root:[0.0276, 0.0266, 141.29195, 0.5, -0.3, 0.0]
INFO:root:-0.5075
INFO:root:[0.0276, 0.0266, 141.29345, 0.5, -0.3, 0.0]
INFO:root:-0.4824
INFO:root:[0.0276, 0.0266, 141.29495, 0.5, -0.3, 0.0]
INFO:root:-0.4592
INFO:root:[0.0276, 0.0266, 141.29645, 0.5, -0.3, 0.0]
INFO:root:-0.4378
INFO:root:[0.0276, 0.0266, 141.29795, 0.5, -0.3, 0.0]
INFO:root:-0.4182
INFO:root:[0.0276, 0.0266, 141.29945, 0.5, -0.3, 0.0]
INFO:root:-0.4003
INFO:root:[0.0276, 0.0266, 141.30095, 0.5, -0.3, 0.0]
INFO:root:-0.3839
INFO:root:[0.0276, 0.0266, 141.30245, 0.5, -0.3, 0.0]
INFO:root:-0.3694
INFO:root:[0.0276, 0.0266, 141.30395, 0.5, -0.3, 0.0]
INFO:root:-0.3565
INFO:root:[0.0276, 0.0266, 141.30545, 0.5, -0.3, 0.0]
INFO:root:-0.3449
INFO:root:[0.0276, 0.0266, 141.30695, 0.5, -0.3, 0.0]
INFO:root:-0.3347
INFO:root:[0.0276, 0.0266, 141.30845, 0.5, -0.3, 0.0]
INFO:root:-0.3258
INFO:root:[0.0276, 0.0266, 141.30995, 0.5, -0.3, 0.0]
INFO:root:-0.3184
INFO:root:[0.0276, 0.0266, 141.31145, 0.5, -0.3, 0.0]
INFO:root:-0.3121
INFO:root:[0.0276, 0.0266, 141.31295, 0.5, -0.3, 0.0]
INFO:root:-0.3069
INFO:root:Meet Criteria
INFO:root:Better than criteria -0.312
INFO:root:Auto Alignment Finished, Best Loss: -0.3069
INFO:root:Time costs: 16.4 s
INFO:root: 
INFO:root:++++++++++++++++++++++++++++++
INFO:root:Curing Active Alignment Starts. Loss Critera -0.302
INFO:root:Product: MM 1xN
INFO:root:2020-09-08 16:25:20
INFO:root:++++++++++++++++++++++++++++++
INFO:root:-0.3063
INFO:root:-0.3064
INFO:root:-0.3066
INFO:root:-0.3066
INFO:root:-0.3065
INFO:root:-0.3065
INFO:root:-0.3066
INFO:root:-0.3065
INFO:root:-0.3066
INFO:root:-0.3066
INFO:root:-0.3065
INFO:root:-0.3065
INFO:root:-0.3066
INFO:root:-0.3064
INFO:root:-0.3062
INFO:root:-0.3062
INFO:root:-0.3062
INFO:root:-0.3061
INFO:root:-0.306
INFO:root:-0.306
INFO:root:-0.3057
INFO:root:-0.3058
INFO:root:-0.3055
INFO:root:-0.3052
INFO:root:-0.3051
INFO:root:-0.305
INFO:root:-0.3048
INFO:root:-0.3045
INFO:root:-0.3045
INFO:root:-0.3044
INFO:root:Smaller the buffer to 0.007
INFO:root:-0.3044
INFO:root:-0.3044
INFO:root:-0.3041
INFO:root:-0.3039
INFO:root:-0.3042
INFO:root:-0.3041
INFO:root:-0.304
INFO:root:-0.3042
INFO:root:-0.3049
INFO:root:-0.3053
INFO:root:-0.3055
INFO:root:-0.3064
INFO:root:-0.3073
INFO:root:-0.3083
INFO:root:-0.3085
INFO:root:-0.3101
INFO:root:Scan update starts at: 
INFO:root:[0.0276, 0.0266, 141.31295, 0.5, -0.3, 0.0]
INFO:root:Start Xstep (loss then pos)
INFO:root:-0.3104
INFO:root:-0.3113
INFO:root:-0.3113
INFO:root:-0.3209
INFO:root:Start Ystep (loss then pos)
INFO:root:-0.3213
INFO:root:-0.3298
INFO:root:Change direction
INFO:root:-0.3295
INFO:root:-0.3314
INFO:root:-0.3418
INFO:root:Scan update ends at: 
INFO:root:[0.0276, 0.0265, 141.31295, 0.5, -0.3, 0.0]
INFO:root:-0.3482
INFO:root:Scan update starts at: 
INFO:root:[0.0276, 0.0265, 141.31295, 0.5, -0.3, 0.0]
INFO:root:Start Xstep (loss then pos)
INFO:root:-0.3484
INFO:root:-0.3559
INFO:root:Change direction
INFO:root:-0.3801
INFO:root:Over
INFO:root:-0.3865
INFO:root:Start Ystep (loss then pos)
INFO:root:-0.3874
INFO:root:-0.3916
INFO:root:Change direction
INFO:root:-0.4178
INFO:root:Over
INFO:root:-0.4197
INFO:root:Scan update ends at: 
INFO:root:[0.0275, 0.0266, 141.31295, 0.5, -0.3, 0.0]
INFO:root:-0.426
INFO:root:Z Back 0.5um
INFO:root:[0.0275, 0.0266, 141.31245, 0.5, -0.3, 0.0]
INFO:root:-0.434
INFO:root:Scan update starts at: 
INFO:root:[0.0275, 0.0266, 141.31245, 0.5, -0.3, 0.0]
INFO:root:Start Xstep (loss then pos)
INFO:root:-0.4346
INFO:root:-0.4604
INFO:root:Change direction
INFO:root:-0.4373
INFO:root:-0.4207
INFO:root:-0.4113
INFO:root:-0.3996
INFO:root:-0.3918
INFO:root:-0.3853
INFO:root:-0.3807
INFO:root:-0.3698
INFO:root:-0.365
INFO:root:-0.3588
INFO:root:-0.3574
INFO:root:-0.351
INFO:root:-0.3511
INFO:root:-0.3466
INFO:root:-0.3474
INFO:root:-0.3456
INFO:root:-0.3573
INFO:root:Start Ystep (loss then pos)
INFO:root:-0.3577
INFO:root:-0.3861
INFO:root:Change direction
INFO:root:-0.375
INFO:root:-0.3912
INFO:root:Exit without going back
INFO:root:Scan update ends at: 
INFO:root:[0.0248, 0.027, 141.31245, 0.5, -0.3, 0.0]
INFO:root:-0.3958
INFO:root:Scan update starts at: 
INFO:root:[0.0248, 0.027, 141.31245, 0.5, -0.3, 0.0]
INFO:root:Start Xstep (loss then pos)
INFO:root:-0.3953
INFO:root:-0.393
INFO:root:-0.3867
INFO:root:Time: 1min
INFO:root:-0.3843
INFO:root:-0.3783
INFO:root:-0.3813
INFO:root:-0.3846
INFO:root:Exit without going back
INFO:root:Start Ystep (loss then pos)
INFO:root:-0.3857
INFO:root:-0.3863
INFO:root:-0.3922
INFO:root:Exit without going back
INFO:root:Scan update ends at: 
INFO:root:[0.0235, 0.0275, 141.31245, 0.5, -0.3, 0.0]
INFO:root:Lower criteria 0.015dB
INFO:root:-0.3998
INFO:root:Scan update starts at: 
INFO:root:[0.0235, 0.0275, 141.31245, 0.5, -0.3, 0.0]
INFO:root:Start Xstep (loss then pos)
INFO:root:-0.4002
INFO:root:-0.3896
INFO:root:-0.3851
INFO:root:-0.3804
INFO:root:-0.3772
INFO:root:-0.3719
INFO:root:-0.3666
INFO:root:-0.3604
INFO:root:-0.3545
INFO:root:-0.3525
INFO:root:-0.3477
INFO:root:-0.3453
INFO:root:-0.3416
INFO:root:-0.3411
INFO:root:-0.3357
INFO:root:-0.3362
INFO:root:-0.3346
INFO:root:-0.3367
INFO:root:Start Ystep (loss then pos)
INFO:root:-0.3371
INFO:root:-0.3285
INFO:root:-0.3232
INFO:root:-0.3192
INFO:root:-0.3169
INFO:root:Meet Criteria: -0.317
INFO:root:Current Position: 
INFO:root:[0.0207, 0.0284, 141.31245, 0.5, -0.3, 0.0]
INFO:root:Meet Criteria: -0.317
INFO:root:Current Position: 
INFO:root:[0.0207, 0.0284, 141.31245, 0.5, -0.3, 0.0]
INFO:root:-0.3177
INFO:root:-0.3187
INFO:root:-0.3199
INFO:root:-0.3209
INFO:root:-0.3221
INFO:root:-0.3231
INFO:root:-0.3238
INFO:root:-0.3249
INFO:root:-0.3254
INFO:root:-0.3257
INFO:root:XY step always go back is on
INFO:root:-0.326
INFO:root:-0.3267
INFO:root:-0.3269
INFO:root:-0.3275
INFO:root:-0.3272
INFO:root:-0.3273
INFO:root:-0.3276
INFO:root:-0.3285
INFO:root:-0.3285
INFO:root:-0.3286
INFO:root:-0.3289
INFO:root:-0.329
INFO:root:-0.329
INFO:root:-0.3292
INFO:root:-0.3296
INFO:root:-0.3302
INFO:root:-0.3305
INFO:root:-0.3312
INFO:root:-0.3314
INFO:root:-0.3321
INFO:root:Smaller the buffer to 0.007
INFO:root:-0.3325
INFO:root:Scan update starts at: 
INFO:root:[0.0207, 0.0284, 141.31245, 0.5, -0.3, 0.0]
INFO:root:Start Ystep (loss then pos)
INFO:root:-0.3326
INFO:root:-0.3295
INFO:root:-0.3289
INFO:root:-0.3332
INFO:root:Start Xstep (loss then pos)
INFO:root:-0.3334
INFO:root:-0.3334
INFO:root:-0.3305
INFO:root:-0.3378
INFO:root:Scan update ends at: 
INFO:root:[0.0207, 0.0284, 141.31245, 0.5, -0.3, 0.0]
INFO:root:-0.3381
INFO:root:Scan update starts at: 
INFO:root:[0.0207, 0.0284, 141.31245, 0.5, -0.3, 0.0]
INFO:root:Start Ystep (loss then pos)
INFO:root:-0.3382
INFO:root:-0.3372
INFO:root:-0.3378
INFO:root:-0.3425
INFO:root:Start Xstep (loss then pos)
INFO:root:-0.3426
INFO:root:-0.3418
INFO:root:-0.3355
INFO:root:-0.3335
INFO:root:-0.3292
INFO:root:-0.323
INFO:root:-0.3216
INFO:root:-0.3172
INFO:root:-0.3165
INFO:root:Meet Criteria: -0.317
INFO:root:Current Position: 
INFO:root:[0.019, 0.0284, 141.31245, 0.5, -0.3, 0.0]
INFO:root:Meet Criteria: -0.317
INFO:root:Current Position: 
INFO:root:[0.019, 0.0284, 141.31245, 0.5, -0.3, 0.0]
INFO:root:-0.3164
INFO:root:-0.3165
INFO:root:-0.3167
INFO:root:Time: 2min
INFO:root:-0.3165
INFO:root:-0.3169
INFO:root:-0.3168
INFO:root:-0.3169
INFO:root:-0.3167
INFO:root:-0.3169
INFO:root:-0.3169
INFO:root:-0.3173
INFO:root:-0.3173
INFO:root:-0.318
INFO:root:-0.3181
INFO:root:-0.3184
INFO:root:-0.319
INFO:root:-0.3189
INFO:root:-0.3192
INFO:root:-0.3194
INFO:root:-0.3193
INFO:root:-0.3192
INFO:root:-0.3191
INFO:root:-0.3195
INFO:root:-0.3198
INFO:root:-0.3196
INFO:root:-0.3209
INFO:root:-0.3215
INFO:root:-0.3219
INFO:root:-0.3222
INFO:root:-0.3231
INFO:root:Smaller the buffer to 0.007
INFO:root:-0.3238
INFO:root:-0.3246
INFO:root:Scan update starts at: 
INFO:root:[0.019, 0.0284, 141.31245, 0.5, -0.3, 0.0]
INFO:root:Start Xstep (loss then pos)
INFO:root:-0.3248
INFO:root:-0.3196
INFO:root:-0.3184
INFO:root:-0.3139
INFO:root:Meet Criteria: -0.317
INFO:root:Current Position: 
INFO:root:[0.0183, 0.0284, 141.31245, 0.5, -0.3, 0.0]
INFO:root:New Criteria -0.3159
INFO:root:Meet Criteria: -0.3159
INFO:root:Current Position: 
INFO:root:[0.0183, 0.0284, 141.31245, 0.5, -0.3, 0.0]
INFO:root:-0.3142
INFO:root:-0.3143
INFO:root:-0.3144
INFO:root:-0.3145
INFO:root:-0.3151
INFO:root:-0.3155
INFO:root:-0.3156
INFO:root:-0.3155
INFO:root:-0.3155
INFO:root:-0.3159
INFO:root:-0.3167
INFO:root:-0.3174
INFO:root:-0.3176
INFO:root:-0.3181
INFO:root:-0.3184
INFO:root:-0.3187
INFO:root:-0.3193
INFO:root:-0.3195
INFO:root:-0.3201
INFO:root:-0.3206
INFO:root:-0.3208
INFO:root:-0.3209
INFO:root:-0.321
INFO:root:-0.3211
INFO:root:-0.3211
INFO:root:-0.3215
INFO:root:-0.3216
INFO:root:-0.3218
INFO:root:-0.3219
INFO:root:-0.3222
INFO:root:Smaller the buffer to 0.007
INFO:root:-0.3222
INFO:root:-0.3222
INFO:root:-0.3223
INFO:root:-0.323
INFO:root:Scan update starts at: 
INFO:root:[0.0183, 0.0284, 141.31245, 0.5, -0.3, 0.0]
INFO:root:Start Xstep (loss then pos)
INFO:root:-0.323
INFO:root:-0.3214
INFO:root:-0.3163
INFO:root:-0.3156
INFO:root:Meet Criteria: -0.3159
INFO:root:Current Position: 
INFO:root:[0.0176, 0.0284, 141.31245, 0.5, -0.3, 0.0]
INFO:root:Meet Criteria: -0.3159
INFO:root:Current Position: 
INFO:root:[0.0176, 0.0284, 141.31245, 0.5, -0.3, 0.0]
INFO:root:-0.3155
INFO:root:-0.3155
INFO:root:-0.3154
INFO:root:-0.3161
INFO:root:-0.3175
INFO:root:-0.3174
INFO:root:-0.3175
INFO:root:-0.3181
INFO:root:-0.3188
INFO:root:-0.3194
INFO:root:-0.3196
INFO:root:-0.3199
INFO:root:-0.3204
INFO:root:-0.3206
INFO:root:-0.3207
INFO:root:-0.3208
INFO:root:-0.321
INFO:root:-0.3213
INFO:root:-0.3215
INFO:root:-0.3217
INFO:root:-0.3218
INFO:root:-0.3219
INFO:root:-0.3219
INFO:root:-0.3221
INFO:root:-0.322
INFO:root:-0.3221
INFO:root:-0.322
INFO:root:-0.322
INFO:root:-0.323
INFO:root:Time: 3min
INFO:root:-0.3246
INFO:root:Smaller the buffer to 0.007
INFO:root:-0.3246
INFO:root:Scan update starts at: 
INFO:root:[0.0176, 0.0284, 141.31245, 0.5, -0.3, 0.0]
INFO:root:Start Xstep (loss then pos)
INFO:root:-0.325
INFO:root:-0.3216
INFO:root:-0.3201
INFO:root:-0.3164
INFO:root:-0.315
INFO:root:Meet Criteria: -0.3159
INFO:root:Current Position: 
INFO:root:[0.0167, 0.0284, 141.31245, 0.5, -0.3, 0.0]
INFO:root:Meet Criteria: -0.3159
INFO:root:Current Position: 
INFO:root:[0.0167, 0.0284, 141.31245, 0.5, -0.3, 0.0]
INFO:root:Late time flag is on
INFO:root:-0.3152
INFO:root:-0.3154
INFO:root:-0.3156
INFO:root:-0.3156
INFO:root:-0.3157
INFO:root:-0.3158
INFO:root:-0.3158
INFO:root:-0.3161
INFO:root:-0.3162
INFO:root:-0.3163
INFO:root:-0.3164
INFO:root:-0.3162
INFO:root:-0.3163
INFO:root:-0.3164
INFO:root:-0.317
INFO:root:-0.3174
INFO:root:-0.3179
INFO:root:-0.3182
INFO:root:-0.3186
INFO:root:-0.3191
INFO:root:-0.3198
INFO:root:-0.3201
INFO:root:-0.3204
INFO:root:-0.3209
INFO:root:-0.321
INFO:root:-0.3211
INFO:root:-0.3215
INFO:root:-0.3214
INFO:root:-0.3215
INFO:root:-0.3217
INFO:root:Smaller the buffer to 0.007
INFO:root:-0.3218
INFO:root:-0.3222
INFO:root:-0.3224
INFO:root:-0.3223
INFO:root:-0.3226
INFO:root:-0.3225
INFO:root:-0.3226
INFO:root:-0.3228
INFO:root:-0.3232
INFO:root:Scan update starts at: 
INFO:root:[0.0167, 0.0284, 141.31245, 0.5, -0.3, 0.0]
INFO:root:Start Xstep (loss then pos)
INFO:root:-0.3231
INFO:root:-0.3218
INFO:root:-0.3201
INFO:root:-0.323
INFO:root:Start Ystep (loss then pos)
INFO:root:-0.3231
INFO:root:-0.3274
INFO:root:Change direction
INFO:root:-0.3269
INFO:root:-0.3269
INFO:root:-0.3307
INFO:root:Scan update ends at: 
INFO:root:[0.0167, 0.0285, 141.31245, 0.5, -0.3, 0.0]
INFO:root:-0.3308
INFO:root:Scan update starts at: 
INFO:root:[0.0167, 0.0285, 141.31245, 0.5, -0.3, 0.0]
INFO:root:Start Xstep (loss then pos)
INFO:root:-0.3308
INFO:root:-0.3308
INFO:root:-0.3287
INFO:root:-0.3331
INFO:root:Start Ystep (loss then pos)
INFO:root:-0.3332
INFO:root:-0.3329
INFO:root:-0.3328
INFO:root:-0.335
INFO:root:Scan update ends at: 
INFO:root:[0.0167, 0.0285, 141.31245, 0.5, -0.3, 0.0]
INFO:root:-0.3351
INFO:root:Z Back 0.7um
INFO:root:[0.0167, 0.0285, 141.31175, 0.5, -0.3, 0.0]
INFO:root:-0.3326
INFO:root:Scan update starts at: 
INFO:root:[0.0167, 0.0285, 141.31175, 0.5, -0.3, 0.0]
INFO:root:Start Xstep (loss then pos)
INFO:root:-0.3327
INFO:root:-0.3284
INFO:root:-0.3236
INFO:root:-0.3202
INFO:root:-0.3184
INFO:root:Reach step search limit
INFO:root:-0.3187
INFO:root:Start Ystep (loss then pos)
INFO:root:-0.3187
INFO:root:-0.3182
INFO:root:-0.3187
INFO:root:-0.3217
INFO:root:Scan update ends at: 
INFO:root:[0.0161, 0.0285, 141.31175, 0.5, -0.3, 0.0]
INFO:root:Lower criteria 0.015dB
INFO:root:-0.322
INFO:root:New Criteria -0.324
INFO:root:-0.3221
INFO:root:-0.3222
INFO:root:-0.3219
INFO:root:New Criteria -0.3239
INFO:root:-0.322
INFO:root:-0.3221
INFO:root:-0.3222
INFO:root:-0.322
INFO:root:-0.322
INFO:root:-0.3219
INFO:root:-0.3221
INFO:root:-0.3221
INFO:root:-0.3227
INFO:root:-0.3231
INFO:root:-0.3234
INFO:root:Time: 4min
INFO:root:-0.3238
INFO:root:-0.3241
INFO:root:-0.3244
INFO:root:-0.3247
INFO:root:-0.325
INFO:root:-0.3254
INFO:root:-0.3257
INFO:root:-0.3261
INFO:root:-0.3262
INFO:root:-0.3264
INFO:root:-0.3265
INFO:root:-0.3265
INFO:root:-0.3267
INFO:root:-0.3267
INFO:root:-0.3266
INFO:root:Smaller the buffer to 0.007
INFO:root:-0.3265
INFO:root:-0.3268
INFO:root:-0.3267
INFO:root:-0.3267
INFO:root:-0.3274
INFO:root:-0.3277
INFO:root:-0.3288
INFO:root:-0.3291
INFO:root:-0.3307
INFO:root:-0.3315
INFO:root:Scan update starts at: 
INFO:root:[0.0161, 0.0285, 141.31175, 0.5, -0.3, 0.0]
INFO:root:Start Xstep (loss then pos)
INFO:root:-0.3315
INFO:root:-0.3346
INFO:root:-0.3343
INFO:root:-0.3432
INFO:root:Start Ystep (loss then pos)
INFO:root:-0.3432
INFO:root:-0.343
INFO:root:-0.343
INFO:root:-0.3485
INFO:root:Scan update ends at: 
INFO:root:[0.0161, 0.0285, 141.31175, 0.5, -0.3, 0.0]
INFO:root:-0.3489
INFO:root:Scan update starts at: 
INFO:root:[0.0161, 0.0285, 141.31175, 0.5, -0.3, 0.0]
INFO:root:Start Xstep (loss then pos)
INFO:root:-0.3489
INFO:root:-0.3484
INFO:root:-0.3472
INFO:root:-0.3504
INFO:root:Start Ystep (loss then pos)
INFO:root:-0.3503
INFO:root:-0.35
INFO:root:-0.3497
INFO:root:-0.3546
INFO:root:Scan update ends at: 
INFO:root:[0.0161, 0.0285, 141.31175, 0.5, -0.3, 0.0]
INFO:root:-0.3545
INFO:root:Z Back 0.7um
INFO:root:[0.0161, 0.0285, 141.31105, 0.5, -0.3, 0.0]
INFO:root:-0.3545
INFO:root:Scan update starts at: 
INFO:root:[0.0161, 0.0285, 141.31105, 0.5, -0.3, 0.0]
INFO:root:Start Xstep (loss then pos)
INFO:root:-0.3545
INFO:root:-0.3511
INFO:root:-0.347
INFO:root:-0.3426
INFO:root:-0.3384
INFO:root:Reach step search limit
INFO:root:-0.339
INFO:root:Start Ystep (loss then pos)
INFO:root:-0.3391
INFO:root:-0.3387
INFO:root:-0.3385
INFO:root:-0.3412
INFO:root:Scan update ends at: 
INFO:root:[0.0155, 0.0285, 141.31105, 0.5, -0.3, 0.0]
INFO:root:Lower criteria 0.015dB
INFO:root:-0.3411
INFO:root:Scan update starts at: 
INFO:root:[0.0155, 0.0285, 141.31105, 0.5, -0.3, 0.0]
INFO:root:Start Xstep (loss then pos)
INFO:root:-0.3411
INFO:root:-0.3407
INFO:root:-0.3355
INFO:root:Meet Criteria: -0.3389
INFO:root:Current Position: 
INFO:root:[0.015, 0.0285, 141.31105, 0.5, -0.3, 0.0]
INFO:root:New Criteria -0.3375
INFO:root:Meet Criteria: -0.3375
INFO:root:Current Position: 
INFO:root:[0.015, 0.0285, 141.31105, 0.5, -0.3, 0.0]
INFO:root:-0.3357
INFO:root:-0.3356
INFO:root:-0.3357
INFO:root:-0.3356
INFO:root:-0.3357
INFO:root:-0.3359
INFO:root:-0.336
INFO:root:-0.3361
INFO:root:-0.336
INFO:root:-0.3359
INFO:root:-0.3359
INFO:root:-0.3358
INFO:root:-0.3356
INFO:root:-0.3357
INFO:root:-0.336
INFO:root:-0.3361
INFO:root:-0.3371
INFO:root:-0.3377
INFO:root:-0.3388
INFO:root:-0.3392
INFO:root:-0.3398
INFO:root:-0.3402
INFO:root:-0.3414
INFO:root:-0.3478
INFO:root:-0.348
INFO:root:-0.3481
INFO:root:-0.3485
INFO:root:-0.3486
INFO:root:-0.3488
INFO:root:-0.3488
INFO:root:Smaller the buffer to 0.007
INFO:root:-0.3489
INFO:root:Scan update starts at: 
INFO:root:[0.015, 0.0285, 141.31105, 0.5, -0.3, 0.0]
INFO:root:Start Xstep (loss then pos)
INFO:root:-0.349
INFO:root:-0.3487
INFO:root:-0.3422
INFO:root:-0.3404
INFO:root:Time: 5min
INFO:root:-0.3366
INFO:root:Meet Criteria: -0.3375
INFO:root:Current Position: 
INFO:root:[0.0141, 0.0285, 141.31105, 0.5, -0.3, 0.0]
INFO:root:Meet Criteria: -0.3375
INFO:root:Current Position: 
INFO:root:[0.0141, 0.0285, 141.31105, 0.5, -0.3, 0.0]
INFO:root:-0.3366
INFO:root:-0.3367
INFO:root:-0.3365
INFO:root:-0.3365
INFO:root:-0.3365
INFO:root:-0.3366
INFO:root:-0.3366
INFO:root:-0.3367
INFO:root:-0.3369
INFO:root:-0.337
INFO:root:-0.337
INFO:root:-0.337
INFO:root:-0.3372
INFO:root:-0.3374
INFO:root:-0.3376
INFO:root:-0.3378
INFO:root:-0.3379
INFO:root:-0.3379
INFO:root:-0.3379
INFO:root:-0.338
INFO:root:-0.3382
INFO:root:-0.3385
INFO:root:-0.3386
INFO:root:-0.3391
INFO:root:-0.3392
INFO:root:-0.3394
INFO:root:-0.3394
INFO:root:-0.341
INFO:root:-0.3412
INFO:root:-0.3413
INFO:root:Smaller the buffer to 0.007
INFO:root:-0.3412
INFO:root:-0.3414
INFO:root:-0.3414
INFO:root:-0.3414
INFO:root:-0.3417
INFO:root:-0.3415
INFO:root:-0.3414
INFO:root:-0.3417
INFO:root:-0.3419
INFO:root:-0.3425
INFO:root:-0.3428
INFO:root:-0.3441
INFO:root:-0.3457
INFO:root:Scan update starts at: 
INFO:root:[0.0141, 0.0285, 141.31105, 0.5, -0.3, 0.0]
INFO:root:Start Xstep (loss then pos)
INFO:root:-0.3457
INFO:root:-0.3452
INFO:root:-0.3453
INFO:root:-0.3682
INFO:root:Start Ystep (loss then pos)
INFO:root:-0.3682
INFO:root:-0.3624
INFO:root:-0.3627
INFO:root:-0.3593
INFO:root:-0.3641
INFO:root:Scan update ends at: 
INFO:root:[0.0141, 0.0283, 141.31105, 0.5, -0.3, 0.0]
INFO:root:-0.3639
INFO:root:Scan update starts at: 
INFO:root:[0.0141, 0.0283, 141.31105, 0.5, -0.3, 0.0]
INFO:root:Start Ystep (loss then pos)
INFO:root:-0.3641
INFO:root:-0.3636
INFO:root:-0.3631
INFO:root:-0.3664
INFO:root:Start Xstep (loss then pos)
INFO:root:-0.3665
INFO:root:-0.3657
INFO:root:-0.3564
INFO:root:-0.3529
INFO:root:-0.3454
INFO:root:Reach step search limit
INFO:root:-0.3454
INFO:root:Scan update ends at: 
INFO:root:[0.0135, 0.0283, 141.31105, 0.5, -0.3, 0.0]
INFO:root:-0.3455
INFO:root:Z Back 0.7um
INFO:root:[0.0135, 0.0283, 141.31035, 0.5, -0.3, 0.0]
INFO:root:-0.3429
INFO:root:Scan update starts at: 
INFO:root:[0.0135, 0.0283, 141.31035, 0.5, -0.3, 0.0]
INFO:root:Start Xstep (loss then pos)
INFO:root:-0.3432
INFO:root:-0.3369
INFO:root:Meet Criteria: -0.3375
INFO:root:Current Position: 
INFO:root:[0.0132, 0.0283, 141.31035, 0.5, -0.3, 0.0]
INFO:root:Meet Criteria: -0.3375
INFO:root:Current Position: 
INFO:root:[0.0132, 0.0283, 141.31035, 0.5, -0.3, 0.0]
INFO:root:-0.3367
INFO:root:-0.3366
INFO:root:-0.3364
INFO:root:-0.3366
INFO:root:-0.3366
INFO:root:-0.3365
INFO:root:-0.3369
INFO:root:-0.337
INFO:root:-0.3369
INFO:root:-0.337
INFO:root:-0.3371
INFO:root:-0.3372
INFO:root:-0.3371
INFO:root:-0.337
INFO:root:-0.337
INFO:root:-0.337
INFO:root:-0.3371
INFO:root:-0.3371
INFO:root:-0.3372
INFO:root:-0.3372
INFO:root:-0.3372
INFO:root:-0.3378
INFO:root:-0.3379
INFO:root:-0.3386
INFO:root:-0.3387
INFO:root:-0.3388
INFO:root:-0.3389
INFO:root:Time: 6min
INFO:root:-0.3391
INFO:root:-0.3391
INFO:root:-0.3392
INFO:root:Smaller the buffer to 0.007
INFO:root:-0.3391
INFO:root:-0.3391
INFO:root:-0.3391
INFO:root:-0.3391
INFO:root:-0.3393
INFO:root:-0.3397
INFO:root:-0.3403
INFO:root:-0.3407
INFO:root:-0.3412
INFO:root:-0.3416
INFO:root:-0.342
INFO:root:-0.3426
INFO:root:-0.3432
INFO:root:-0.3434
INFO:root:-0.3437
INFO:root:-0.3444
INFO:root:-0.3446
INFO:root:Scan update starts at: 
INFO:root:[0.0132, 0.0283, 141.31035, 0.5, -0.3, 0.0]
INFO:root:Start Xstep (loss then pos)
INFO:root:-0.3445
INFO:root:-0.3452
INFO:root:-0.3438
INFO:root:-0.3454
INFO:root:X step unchange
INFO:root:X or Y Values dont change
INFO:root:-0.3453
INFO:root:Scan update starts at: 
INFO:root:[0.0132, 0.0283, 141.31035, 0.5, -0.3, 0.0]
INFO:root:Start Ystep (loss then pos)
INFO:root:-0.3454
INFO:root:-0.3447
INFO:root:-0.3449
INFO:root:-0.3486
INFO:root:Scan update ends at: 
INFO:root:[0.0132, 0.0283, 141.31035, 0.5, -0.3, 0.0]
INFO:root:-0.3489
INFO:root:Z Back 0.7um
INFO:root:[0.0132, 0.0283, 141.30965, 0.5, -0.3, 0.0]
INFO:root:-0.3491
INFO:root:Scan update starts at: 
INFO:root:[0.0132, 0.0283, 141.30965, 0.5, -0.3, 0.0]
INFO:root:Start Ystep (loss then pos)
INFO:root:-0.3491
INFO:root:-0.3485
INFO:root:-0.348
INFO:root:-0.3499
INFO:root:Y step unchange
INFO:root:X or Y Values dont change
INFO:root:Pause program
INFO:root:Lower criteria 0.015dB
INFO:root:-0.3498
INFO:root:-0.3498
INFO:root:-0.3498
INFO:root:-0.3499
INFO:root:-0.35
INFO:root:-0.3499
INFO:root:-0.3499
INFO:root:-0.3498
INFO:root:-0.3497
INFO:root:-0.3499
INFO:root:-0.3496
INFO:root:-0.3496
INFO:root:-0.3495
INFO:root:-0.3492
INFO:root:-0.3495
INFO:root:-0.3495
INFO:root:-0.3495
INFO:root:-0.3495
INFO:root:-0.3495
INFO:root:-0.3497
INFO:root:-0.3497
INFO:root:-0.35
INFO:root:-0.3499
INFO:root:-0.3499
INFO:root:-0.3499
INFO:root:-0.3502
INFO:root:-0.3499
INFO:root:-0.3495
INFO:root:-0.3498
INFO:root:-0.3499
INFO:root:-0.3504
INFO:root:-0.3509
INFO:root:-0.3522
INFO:root:-0.3527
INFO:root:-0.3528
INFO:root:-0.3529
INFO:root:-0.3532
INFO:root:-0.3536
INFO:root:-0.3534
INFO:root:-0.3536
INFO:root:-0.3537
INFO:root:-0.3539
INFO:root:-0.3537
INFO:root:-0.3537
INFO:root:-0.3536
INFO:root:-0.3544
INFO:root:-0.3547
INFO:root:-0.3552
INFO:root:-0.3552
INFO:root:-0.3558
INFO:root:-0.3563
INFO:root:-0.357
INFO:root:-0.3585
INFO:root:-0.3608
INFO:root:-0.3624
INFO:root:-0.3639
INFO:root:-0.3664
INFO:root:-0.3685
INFO:root:-0.3708
INFO:root:-0.3726
INFO:root:-0.3734
INFO:root:-0.3741
INFO:root:-0.3743
INFO:root:Time: 7min
INFO:root:-0.3748
INFO:root:-0.3749
INFO:root:-0.3748
INFO:root:-0.3751
INFO:root:-0.375
INFO:root:-0.3751
INFO:root:-0.3752
INFO:root:-0.3751
INFO:root:-0.3755
INFO:root:-0.3756
INFO:root:-0.3755
INFO:root:-0.3754
INFO:root:-0.3752
INFO:root:-0.3754
INFO:root:-0.3752
INFO:root:-0.3751
INFO:root:-0.3752
INFO:root:-0.3753
INFO:root:-0.3756
INFO:root:-0.3757
INFO:root:-0.3757
INFO:root:-0.3762
INFO:root:-0.3771
INFO:root:-0.3774
INFO:root:-0.3777
INFO:root:-0.378
INFO:root:-0.3782
INFO:root:-0.3784
INFO:root:-0.3784
INFO:root:-0.3782
INFO:root:-0.3782
INFO:root:-0.3783
INFO:root:-0.3784
INFO:root:-0.3784
INFO:root:-0.3784
INFO:root:-0.3784
INFO:root:-0.3787
INFO:root:-0.3788
INFO:root:-0.3789
INFO:root:-0.3791
INFO:root:-0.3794
INFO:root:-0.3793
INFO:root:-0.3796
INFO:root:-0.3798
INFO:root:-0.3803
INFO:root:-0.3812
INFO:root:-0.3818
INFO:root:-0.3826
INFO:root:-0.3839
INFO:root:-0.3849
INFO:root:-0.3857
INFO:root:-0.3863
INFO:root:-0.387
INFO:root:-0.3872
INFO:root:-0.3876
INFO:root:-0.3882
INFO:root:-0.3884
INFO:root:-0.3886
INFO:root:-0.3888
INFO:root:-0.3886
INFO:root:-0.3885
INFO:root:-0.3886
INFO:root:-0.3885
INFO:root:-0.3886
INFO:root:-0.3887
INFO:root:-0.3887
INFO:root:-0.3886
INFO:root:-0.3886
INFO:root:-0.3884
INFO:root:-0.3884
INFO:root:-0.3884
INFO:root:-0.3884
INFO:root:-0.3884
INFO:root:-0.3883
INFO:root:-0.3883
INFO:root:-0.3882
INFO:root:-0.388
INFO:root:-0.3881
INFO:root:-0.3881
INFO:root:-0.3878
INFO:root:-0.3879
INFO:root:-0.388
INFO:root:-0.388
INFO:root:-0.3882
INFO:root:-0.3885
INFO:root:-0.3889
INFO:root:-0.3892
INFO:root:-0.3896
INFO:root:-0.3901
INFO:root:-0.3901
INFO:root:-0.3902
INFO:root:-0.3903
INFO:root:-0.3906
INFO:root:-0.3908
INFO:root:-0.3909
INFO:root:-0.3909
INFO:root:-0.3909
INFO:root:-0.3909
INFO:root:-0.3906
INFO:root:-0.3906
INFO:root:-0.3904
INFO:root:Time: 8min
INFO:root:-0.3902
INFO:root:-0.3901
INFO:root:-0.3903
INFO:root:-0.39
INFO:root:-0.3902
INFO:root:-0.3902
INFO:root:-0.3904
INFO:root:-0.3904
INFO:root:-0.3904
INFO:root:-0.3906
INFO:root:-0.391
INFO:root:-0.3914
INFO:root:-0.3917
INFO:root:-0.3921
INFO:root:-0.3924
INFO:root:-0.3925
INFO:root:-0.3927
INFO:root:-0.3932
INFO:root:-0.3933
INFO:root:-0.3937
INFO:root:-0.3938
INFO:root:-0.3938
INFO:root:-0.3941
INFO:root:-0.3941
INFO:root:-0.394
INFO:root:-0.3941
INFO:root:-0.3939
INFO:root:-0.394
INFO:root:-0.3941
INFO:root:-0.3944
INFO:root:-0.3942
INFO:root:-0.394
INFO:root:-0.394
INFO:root:-0.394
INFO:root:-0.3941
INFO:root:-0.3944
INFO:root:-0.3945
INFO:root:-0.3947
INFO:root:-0.3948
INFO:root:-0.3947
INFO:root:-0.3948
INFO:root:-0.3949
INFO:root:-0.3948
INFO:root:-0.3948
INFO:root:-0.3948
INFO:root:-0.3947
INFO:root:-0.3946
INFO:root:-0.3946
INFO:root:-0.3947
INFO:root:-0.3943
INFO:root:-0.3944
INFO:root:-0.3941
INFO:root:-0.394
INFO:root:-0.3939
INFO:root:-0.394
INFO:root:-0.394
INFO:root:-0.3941
INFO:root:-0.3939
INFO:root:-0.3944
INFO:root:-0.3948
INFO:root:-0.3947
INFO:root:-0.3948
INFO:root:-0.395
INFO:root:-0.3952
INFO:root:-0.3951
INFO:root:-0.3953
INFO:root:-0.395
INFO:root:-0.3953
INFO:root:-0.3955
INFO:root:-0.3955
INFO:root:-0.3953
INFO:root:-0.3953
INFO:root:-0.3951
INFO:root:-0.3952
INFO:root:-0.3951
INFO:root:-0.3948
INFO:root:-0.3948
INFO:root:-0.3951
INFO:root:-0.3954
INFO:root:-0.3953
INFO:root:-0.3956
INFO:root:-0.3958
INFO:root:-0.3956
INFO:root:-0.3955
INFO:root:-0.3956
INFO:root:-0.3953
INFO:root:-0.3955
INFO:root:-0.3951
INFO:root:-0.3953
INFO:root:-0.3953
INFO:root:-0.3953
INFO:root:-0.3953
INFO:root:-0.3956
INFO:root:-0.3958
INFO:root:-0.3958
INFO:root:-0.396
INFO:root:-0.396
INFO:root:-0.3958
INFO:root:-0.3958
INFO:root:-0.396
INFO:root:-0.3961
INFO:root:Time: 9min
INFO:root:-0.3961
INFO:root:-0.3963
INFO:root:-0.3962
INFO:root:-0.3962
INFO:root:-0.3963
INFO:root:-0.3963
INFO:root:-0.3961
INFO:root:-0.3962
INFO:root:-0.3961
INFO:root:-0.3963
INFO:root:-0.3963
INFO:root:-0.3964
INFO:root:-0.3966
INFO:root:-0.3965
INFO:root:-0.3966
INFO:root:-0.3966
INFO:root:-0.3965
INFO:root:-0.3964
INFO:root:-0.3966
INFO:root:-0.3968
INFO:root:-0.3966
INFO:root:-0.3967
INFO:root:-0.3966
INFO:root:-0.3963
INFO:root:-0.3964
INFO:root:-0.3966
INFO:root:-0.3967
INFO:root:-0.3968
INFO:root:-0.3969
INFO:root:-0.3969
INFO:root:-0.397
INFO:root:-0.3972
INFO:root:-0.3971
INFO:root:-0.3973
INFO:root:-0.3973
INFO:root:-0.3974
INFO:root:-0.3974
INFO:root:-0.3974
INFO:root:-0.3975
INFO:root:-0.3976
INFO:root:-0.3977
INFO:root:-0.3979
INFO:root:-0.3979
INFO:root:-0.3979
INFO:root:-0.3978
INFO:root:-0.3979
INFO:root:-0.3978
INFO:root:-0.3979
INFO:root:-0.3979
INFO:root:-0.3978
INFO:root:-0.3979
INFO:root:-0.3979
INFO:root:-0.3977
INFO:root:-0.3978
INFO:root:-0.3977
INFO:root:-0.3977
INFO:root:-0.3977
INFO:root:-0.3979
INFO:root:-0.3977
INFO:root:-0.3977
INFO:root:-0.3977
INFO:root:-0.3977
INFO:root:-0.3979
INFO:root:-0.3981
INFO:root:-0.398
INFO:root:-0.3982
INFO:root:-0.3982
INFO:root:-0.3979
INFO:root:-0.3979
INFO:root:-0.3979
INFO:root:-0.3977
INFO:root:-0.3978
INFO:root:-0.3977
INFO:root:-0.398
INFO:root:-0.3979
INFO:root:-0.3977
INFO:root:-0.3982
INFO:root:-0.3982
INFO:root:-0.3979
INFO:root:-0.3981
INFO:root:-0.3985
INFO:root:-0.3988
INFO:root:-0.399
INFO:root:-0.3988
INFO:root:-0.399
INFO:root:-0.3994
INFO:root:-0.3996
INFO:root:-0.3994
INFO:root:-0.3996
INFO:root:-0.3998
INFO:root:-0.3997
INFO:root:-0.3999
INFO:root:-0.3998
INFO:root:-0.4
INFO:root:-0.3998
INFO:root:-0.3996
INFO:root:-0.3993
INFO:root:-0.3993
INFO:root:-0.3993
INFO:root:-0.3992
INFO:root:Time: 10min
INFO:root:-0.399
INFO:root:-0.3989
INFO:root:-0.3993
INFO:root:-0.3992
INFO:root:-0.3991
INFO:root:-0.3992
INFO:root:-0.3993
INFO:root:-0.3994
INFO:root:-0.3993
INFO:root:-0.3995
INFO:root:-0.3995
INFO:root:-0.3995
INFO:root:-0.3998
INFO:root:-0.4
INFO:root:-0.4
INFO:root:-0.4001
INFO:root:-0.3999
INFO:root:-0.3998
INFO:root:-0.4
INFO:root:-0.4002
INFO:root:-0.4003
INFO:root:-0.4003
INFO:root:-0.4005
INFO:root:-0.4002
INFO:root:-0.4
INFO:root:-0.3998
INFO:root:-0.3997
INFO:root:-0.3997
INFO:root:-0.3998
INFO:root:-0.3998
INFO:root:-0.3998
INFO:root:-0.3999
INFO:root:-0.3998
INFO:root:-0.4
INFO:root:-0.4003
INFO:root:-0.4004
INFO:root:-0.4
INFO:root:-0.4
INFO:root:-0.4001
INFO:root:-0.3999
INFO:root:-0.4005
INFO:root:-0.4
INFO:root:-0.4
INFO:root:-0.4
INFO:root:-0.4001
INFO:root:-0.3999
INFO:root:-0.3994
INFO:root:-0.3993
INFO:root:-0.3993
INFO:root:-0.3991
INFO:root:-0.3991
INFO:root:-0.3993
INFO:root:-0.3994
INFO:root:-0.3991
INFO:root:-0.3991
INFO:root:-0.3992
INFO:root:-0.3995
INFO:root:-0.3995
INFO:root:-0.3995
INFO:root:-0.3995
INFO:root:-0.3995
INFO:root:-0.3995
INFO:root:-0.3995
INFO:root:-0.3997
INFO:root:-0.3995
INFO:root:-0.3997
INFO:root:-0.3998
INFO:root:-0.4
INFO:root:-0.4003
INFO:root:-0.4001
INFO:root:-0.4002
INFO:root:-0.4002
INFO:root:-0.4001
INFO:root:-0.4002
INFO:root:-0.4
INFO:root:-0.3999
INFO:root:-0.3998
INFO:root:-0.3994
INFO:root:-0.3993
INFO:root:-0.3995
INFO:root:-0.3993
INFO:root:-0.399
INFO:root:-0.3989
INFO:root:-0.3987
INFO:root:-0.399
INFO:root:-0.3991
INFO:root:-0.399
INFO:root:-0.3993
INFO:root:-0.3991
INFO:root:-0.3992
INFO:root:-0.3994
INFO:root:-0.3995
INFO:root:-0.3995
INFO:root:-0.3997
INFO:root:-0.3998
INFO:root:-0.4
INFO:root:-0.4
INFO:root:-0.4
INFO:root:-0.4002
INFO:root:-0.4001
INFO:root:-0.4002
INFO:root:Time: 11min
INFO:root:-0.4003
INFO:root:-0.4004
INFO:root:-0.4005
INFO:root:-0.4006
INFO:root:-0.4007
INFO:root:-0.4009
INFO:root:-0.4006
INFO:root:-0.4005
INFO:root:-0.3999
INFO:root:-0.3996
INFO:root:-0.3997
INFO:root:-0.3997
INFO:root:-0.3999
INFO:root:-0.3998
INFO:root:-0.3998
INFO:root:-0.4
INFO:root:-0.4
INFO:root:-0.3995
INFO:root:-0.3999
INFO:root:-0.3998
INFO:root:-0.3996
INFO:root:-0.3998
INFO:root:-0.4001
INFO:root:-0.4003
INFO:root:-0.4003
INFO:root:-0.4005
INFO:root:-0.4006
INFO:root:-0.4005
INFO:root:-0.4003
INFO:root:-0.4006
INFO:root:-0.4006
INFO:root:-0.4006
INFO:root:-0.4003
INFO:root:-0.4006
INFO:root:-0.4004
INFO:root:-0.4003
INFO:root:-0.4003
INFO:root:-0.4003
INFO:root:-0.4002
INFO:root:-0.4001
INFO:root:-0.4003
INFO:root:-0.4005
INFO:root:-0.4005
INFO:root:-0.4004
INFO:root:-0.4006
INFO:root:-0.4005
INFO:root:-0.4006
INFO:root:-0.4003
INFO:root:-0.4
INFO:root:-0.4001
INFO:root:-0.4001
INFO:root:-0.4001
INFO:root:-0.4001
INFO:root:-0.4003
INFO:root:-0.4003
INFO:root:-0.4003
INFO:root:-0.4004
INFO:root:-0.4005
INFO:root:-0.4005
INFO:root:-0.4005
INFO:root:-0.4005
INFO:root:-0.4005
INFO:root:-0.4006
INFO:root:-0.4008
INFO:root:-0.4009
INFO:root:-0.4009
INFO:root:-0.4008
INFO:root:-0.4005
INFO:root:-0.4008
INFO:root:-0.4007
INFO:root:-0.4006
INFO:root:-0.4004
INFO:root:-0.4002
INFO:root:-0.4001
INFO:root:-0.4002
INFO:root:-0.4004
INFO:root:-0.4001
INFO:root:-0.4003
INFO:root:-0.4001
INFO:root:-0.4002
INFO:root:-0.4002
INFO:root:-0.4003
INFO:root:-0.4003
INFO:root:-0.4003
INFO:root:-0.4003
INFO:root:-0.4002
INFO:root:-0.4003
INFO:root:-0.4004
INFO:root:-0.4003
INFO:root:-0.4006
INFO:root:-0.4005
INFO:root:-0.4006
INFO:root:-0.4006
INFO:root:-0.4007
INFO:root:-0.4007
INFO:root:-0.4006
INFO:root:-0.4006
INFO:root:-0.4006
INFO:root:-0.4005
INFO:root:-0.4007
INFO:root:Time: 12min
INFO:root:-0.4006
INFO:root:-0.4005
INFO:root:-0.4005
INFO:root:-0.4005
INFO:root:-0.4006
INFO:root:-0.4006
INFO:root:-0.4006
INFO:root:-0.4006
INFO:root:-0.4006
INFO:root:-0.4011
INFO:root:-0.4009
INFO:root:-0.4009
INFO:root:-0.4008
INFO:root:-0.4011
INFO:root:-0.4007
INFO:root:-0.4008
INFO:root:-0.401
INFO:root:-0.4008
INFO:root:-0.4008
INFO:root:-0.4005
INFO:root:-0.4006
INFO:root:-0.4007
INFO:root:-0.4005
INFO:root:-0.4003
INFO:root:-0.4005
INFO:root:-0.4004
INFO:root:-0.4004
INFO:root:-0.4005
INFO:root:-0.4006
INFO:root:-0.4006
INFO:root:-0.4006
INFO:root:-0.4005
INFO:root:-0.4006
INFO:root:-0.4005
INFO:root:-0.4004
INFO:root:-0.4003
INFO:root:-0.4004
INFO:root:-0.4004
INFO:root:-0.4004
INFO:root:-0.4004
INFO:root:-0.4003
INFO:root:-0.4003
INFO:root:-0.4004
INFO:root:-0.4003
INFO:root:-0.4003
INFO:root:-0.4003
INFO:root:-0.4003
INFO:root:-0.4004
INFO:root:-0.4003
INFO:root:-0.4004
INFO:root:-0.4004
INFO:root:-0.4005
INFO:root:-0.4004
INFO:root:-0.4006
INFO:root:-0.4006
INFO:root:-0.4006
INFO:root:-0.4005
INFO:root:-0.4004
INFO:root:-0.4004
INFO:root:-0.4003
INFO:root:-0.4003
INFO:root:-0.4003
INFO:root:-0.4002
INFO:root:-0.4004
INFO:root:-0.4004
INFO:root:-0.4003
INFO:root:-0.4005
INFO:root:-0.4004
INFO:root:-0.4004
INFO:root:-0.4004
INFO:root:-0.4006
INFO:root:-0.4008
INFO:root:-0.4007
INFO:root:-0.4005
INFO:root:-0.4006
INFO:root:-0.4006
INFO:root:-0.4006
INFO:root:-0.4006
INFO:root:-0.4006
INFO:root:-0.4005
INFO:root:-0.4003
INFO:root:-0.4001
INFO:root:-0.4002
INFO:root:-0.4003
INFO:root:-0.4003
INFO:root:-0.4003
INFO:root:-0.4003
INFO:root:-0.4004
INFO:root:-0.4003
INFO:root:-0.4004
INFO:root:-0.4003
INFO:root:-0.4003
INFO:root:-0.4003
INFO:root:-0.4001
INFO:root:-0.4003
INFO:root:-0.4006
INFO:root:-0.4005
INFO:root:-0.4004
INFO:root:-0.4004
INFO:root:-0.4004
INFO:root:-0.4003
INFO:root:Time: 13min
INFO:root:-0.4003
INFO:root:-0.4001
INFO:root:-0.4001
INFO:root:-0.4001
INFO:root:-0.4003
INFO:root:-0.4003
INFO:root:-0.4001
INFO:root:-0.4002
INFO:root:-0.4001
INFO:root:-0.4
INFO:root:-0.4001
INFO:root:-0.4
INFO:root:-0.4001
INFO:root:-0.4
INFO:root:-0.4003
INFO:root:-0.4005
INFO:root:-0.4003
INFO:root:-0.4004
INFO:root:-0.4005
INFO:root:-0.4003
INFO:root:-0.4002
INFO:root:-0.4003
INFO:root:-0.4
INFO:root:-0.4
INFO:root:-0.4
INFO:root:-0.3999
INFO:root:-0.4
INFO:root:-0.4
INFO:root:-0.4
INFO:root:-0.3999
INFO:root:-0.3998
INFO:root:-0.4
INFO:root:-0.4
INFO:root:-0.4
INFO:root:-0.4001
INFO:root:-0.4001
INFO:root:-0.4
INFO:root:-0.4002
INFO:root:-0.4001
INFO:root:-0.4003
INFO:root:-0.4001
INFO:root:-0.4003
INFO:root:-0.4001
INFO:root:-0.4001
INFO:root:-0.4
INFO:root:-0.3999
INFO:root:-0.3999
INFO:root:-0.3999
INFO:root:-0.3998
INFO:root:-0.3999
INFO:root:-0.3999
INFO:root:-0.3998
INFO:root:-0.3998
INFO:root:-0.3998
INFO:root:-0.3998
INFO:root:-0.3998
INFO:root:-0.4
INFO:root:-0.4
INFO:root:-0.3998
INFO:root:-0.3998
INFO:root:-0.3998
INFO:root:-0.3998
INFO:root:-0.3998
INFO:root:-0.3998
INFO:root:-0.4
INFO:root:-0.4
INFO:root:-0.4
INFO:root:-0.4002
INFO:root:-0.4
INFO:root:-0.4
INFO:root:-0.4001
INFO:root:-0.4002
INFO:root:-0.4001
INFO:root:-0.4001
INFO:root:-0.4
INFO:root:-0.4
INFO:root:-0.4
INFO:root:-0.3998
INFO:root:-0.4
INFO:root:-0.3998
INFO:root:-0.3998
INFO:root:-0.3998
INFO:root:-0.3997
INFO:root:-0.3996
INFO:root:-0.3996
INFO:root:-0.3995
INFO:root:-0.3995
INFO:root:-0.3997
INFO:root:-0.3998
INFO:root:-0.3998
INFO:root:-0.3998
INFO:root:-0.3998
INFO:root:-0.3998
INFO:root:-0.3998
INFO:root:-0.3998
INFO:root:-0.3998
INFO:root:-0.4
INFO:root:-0.4
INFO:root:-0.3999
INFO:root:-0.3998
INFO:root:Time: 14min
INFO:root:-0.3998
INFO:root:-0.4
INFO:root:-0.4
INFO:root:-0.3998
INFO:root:-0.3999
INFO:root:-0.3998
INFO:root:-0.4
INFO:root:-0.3998
INFO:root:-0.3998
INFO:root:-0.3997
INFO:root:-0.3996
INFO:root:-0.3994
INFO:root:-0.3995
INFO:root:-0.3995
INFO:root:-0.3995
INFO:root:-0.3997
INFO:root:-0.3997
INFO:root:-0.3996
INFO:root:-0.3997
INFO:root:-0.3999
INFO:root:-0.3996
INFO:root:-0.3995
INFO:root:-0.3997
INFO:root:-0.3997
INFO:root:-0.3995
INFO:root:-0.3997
INFO:root:-0.3996
INFO:root:-0.3997
INFO:root:-0.3995
INFO:root:-0.3995
INFO:root:-0.3993
INFO:root:-0.3994
INFO:root:-0.3994
INFO:root:-0.3997
INFO:root:-0.3995
INFO:root:-0.3993
INFO:root:-0.3992
INFO:root:-0.3992
INFO:root:-0.3993
INFO:root:-0.3991
INFO:root:-0.3993
INFO:root:-0.3993
INFO:root:-0.3992
INFO:root:-0.3993
INFO:root:-0.3994
INFO:root:-0.3993
INFO:root:-0.3993
INFO:root:-0.3993
INFO:root:-0.3994
INFO:root:-0.3993
INFO:root:-0.3993
INFO:root:-0.3994
INFO:root:-0.3993
INFO:root:-0.3995
INFO:root:-0.3995
INFO:root:-0.3995
INFO:root:-0.3995
INFO:root:-0.3994
INFO:root:-0.3996
INFO:root:-0.3995
INFO:root:-0.3994
INFO:root:-0.3993
INFO:root:-0.3993
INFO:root:-0.3993
INFO:root:-0.3993
INFO:root:-0.3992
INFO:root:-0.3994
INFO:root:-0.3995
INFO:root:-0.3994
INFO:root:-0.3993
INFO:root:-0.3993
INFO:root:-0.3992
INFO:root:-0.3995
INFO:root:-0.3994
INFO:root:-0.3993
INFO:root:-0.3993
INFO:root:-0.3993
INFO:root:-0.3993
INFO:root:-0.3993
INFO:root:-0.3993
INFO:root:-0.3991
INFO:root:-0.3993
INFO:root:-0.3991
INFO:root:-0.399
INFO:root:-0.399
INFO:root:-0.3989
INFO:root:-0.399
INFO:root:-0.3989
INFO:root:-0.3991
INFO:root:-0.399
INFO:root:-0.3995
INFO:root:-0.3995
INFO:root:-0.3993
INFO:root:-0.3993
INFO:root:-0.3993
INFO:root:-0.3993
INFO:root:-0.3994
INFO:root:-0.3992
INFO:root:-0.3992
INFO:root:-0.3993
INFO:root:-0.3993
INFO:root:Time: 15min
INFO:root:-0.3992
INFO:root:-0.3992
INFO:root:-0.3991
INFO:root:-0.3993
INFO:root:-0.3992
INFO:root:-0.399
INFO:root:-0.3989
INFO:root:-0.3988
INFO:root:-0.3989
INFO:root:-0.3988
INFO:root:-0.3991
INFO:root:-0.399
INFO:root:-0.3991
INFO:root:-0.3992
INFO:root:-0.3993
INFO:root:-0.3992
INFO:root:-0.399
INFO:root:-0.399
INFO:root:-0.3992
INFO:root:-0.399
INFO:root:-0.399
INFO:root:-0.399
INFO:root:-0.3989
INFO:root:-0.3991
INFO:root:-0.3992
INFO:root:-0.3991
INFO:root:-0.399
INFO:root:-0.3991
INFO:root:-0.3992
INFO:root:-0.3994
INFO:root:-0.3994
INFO:root:-0.399
INFO:root:-0.3987
INFO:root:-0.399
INFO:root:-0.3989
INFO:root:-0.399
INFO:root:-0.399
INFO:root:-0.3988
INFO:root:-0.3988
INFO:root:-0.3987
INFO:root:-0.3987
INFO:root:-0.3987
INFO:root:-0.3989
INFO:root:-0.3989
INFO:root:-0.3987
INFO:root:-0.3986
INFO:root:-0.3985
INFO:root:-0.3987
INFO:root:-0.3989
INFO:root:-0.3989
INFO:root:-0.3988
INFO:root:-0.3988
INFO:root:-0.3985
INFO:root:-0.3986
INFO:root:-0.3987
INFO:root:-0.3987
INFO:root:-0.3988
INFO:root:-0.399
INFO:root:-0.3988
INFO:root:-0.3987
INFO:root:-0.3987
INFO:root:-0.3986
INFO:root:-0.3988
INFO:root:-0.3988
INFO:root:-0.3987
INFO:root:-0.3985
INFO:root:-0.3984
INFO:root:-0.3983
INFO:root:-0.3984
INFO:root:-0.3985
INFO:root:-0.3985
INFO:root:-0.3984
INFO:root:-0.3984
INFO:root:-0.3982
INFO:root:-0.3986
INFO:root:-0.3985
INFO:root:-0.3986
INFO:root:-0.3985
INFO:root:-0.3985
INFO:root:-0.3986
INFO:root:-0.3987
INFO:root:-0.3987
INFO:root:-0.399
INFO:root:-0.399
INFO:root:-0.399
INFO:root:-0.3988
INFO:root:-0.3987
INFO:root:-0.3987
INFO:root:-0.3984
INFO:root:-0.3986
INFO:root:-0.3985
INFO:root:-0.3985
INFO:root:-0.3984
INFO:root:-0.3985
INFO:root:-0.3984
INFO:root:-0.3984
INFO:root:-0.3984
INFO:root:-0.3984
INFO:root:-0.3984
INFO:root:-0.3984
INFO:root:-0.3984
INFO:root:Time: 16min
INFO:root:-0.3986
INFO:root:-0.3986
INFO:root:-0.3985
INFO:root:-0.3985
INFO:root:-0.3987
INFO:root:-0.3986
INFO:root:-0.3989
INFO:root:-0.3984
INFO:root:-0.3988
INFO:root:-0.3985
INFO:root:-0.3986
INFO:root:-0.3985
INFO:root:-0.3984
INFO:root:-0.3984
INFO:root:-0.3983
INFO:root:-0.3984
INFO:root:-0.3984
INFO:root:-0.3983
INFO:root:-0.3982
INFO:root:-0.3982
INFO:root:-0.3981
INFO:root:-0.398
INFO:root:-0.3981
INFO:root:-0.3983
INFO:root:-0.3981
INFO:root:-0.3981
INFO:root:-0.3981
INFO:root:-0.3982
INFO:root:-0.3983
INFO:root:-0.3981
INFO:root:-0.3982
INFO:root:-0.3982
INFO:root:-0.3983
INFO:root:-0.3982
INFO:root:-0.3982
INFO:root:-0.3981
INFO:root:-0.3982
INFO:root:-0.3982
INFO:root:-0.3984
INFO:root:-0.3981
INFO:root:-0.3981
INFO:root:-0.3981
INFO:root:-0.3979
INFO:root:-0.3979
INFO:root:-0.3981
INFO:root:-0.3979
INFO:root:-0.3981
INFO:root:-0.3981
INFO:root:-0.3981
INFO:root:-0.3981
INFO:root:-0.3981
INFO:root:-0.398
INFO:root:-0.398
INFO:root:-0.3979
INFO:root:-0.3978
INFO:root:-0.3979
INFO:root:-0.3979
INFO:root:-0.398
INFO:root:-0.3979
INFO:root:-0.3978
INFO:root:-0.3977
INFO:root:-0.3976
INFO:root:-0.3978
INFO:root:-0.3979
INFO:root:-0.3978
INFO:root:-0.3978
INFO:root:-0.3977
INFO:root:-0.3977
INFO:root:-0.3978
INFO:root:-0.3979
INFO:root:-0.3978
INFO:root:-0.3979
INFO:root:-0.3981
INFO:root:-0.3982
INFO:root:-0.3981
INFO:root:-0.3982
INFO:root:-0.398
INFO:root:-0.3979
INFO:root:-0.398
INFO:root:-0.3979
INFO:root:-0.3979
INFO:root:-0.3979
INFO:root:-0.3979
INFO:root:-0.3981
INFO:root:-0.3981
INFO:root:-0.3981
INFO:root:-0.3981
INFO:root:-0.3977
INFO:root:-0.3979
INFO:root:-0.3978
INFO:root:-0.3979
INFO:root:-0.398
INFO:root:-0.3981
INFO:root:-0.3978
INFO:root:-0.398
INFO:root:-0.398
INFO:root:-0.3979
INFO:root:-0.398
INFO:root:-0.3979
INFO:root:-0.3979
INFO:root:Time: 17min
INFO:root:-0.398
INFO:root:-0.3979
INFO:root:-0.398
INFO:root:-0.398
INFO:root:-0.3979
INFO:root:-0.3979
INFO:root:-0.3979
INFO:root:-0.3979
INFO:root:-0.398
INFO:root:-0.398
INFO:root:-0.398
INFO:root:-0.3979
INFO:root:-0.3979
INFO:root:-0.398
INFO:root:-0.398
INFO:root:-0.3979
INFO:root:-0.3979
INFO:root:-0.3979
INFO:root:-0.3978
INFO:root:-0.3979
INFO:root:-0.3978
INFO:root:-0.3977
INFO:root:-0.3977
INFO:root:-0.3977
INFO:root:-0.3977
INFO:root:-0.3976
INFO:root:-0.3977
INFO:root:-0.3978
INFO:root:-0.3978
INFO:root:-0.3979
INFO:root:-0.3979
INFO:root:-0.398
INFO:root:-0.3981
INFO:root:-0.398
INFO:root:-0.398
INFO:root:-0.3977
INFO:root:-0.3974
INFO:root:-0.3975
INFO:root:-0.3977
INFO:root:-0.3976
INFO:root:-0.3976
INFO:root:-0.3976
INFO:root:-0.3977
INFO:root:-0.3976
INFO:root:-0.3977
INFO:root:-0.3977
INFO:root:-0.3975
INFO:root:-0.3976
INFO:root:-0.3975
INFO:root:-0.3976
INFO:root:-0.3974
INFO:root:-0.3974
INFO:root:-0.3974
INFO:root:-0.3975
INFO:root:-0.3976
INFO:root:-0.3975
INFO:root:-0.3978
INFO:root:-0.3977
INFO:root:-0.3974
INFO:root:-0.3976
INFO:root:-0.3975
INFO:root:-0.3977
INFO:root:-0.3978
INFO:root:-0.3979
INFO:root:-0.3978
INFO:root:-0.3977
INFO:root:-0.3979
INFO:root:-0.3979
INFO:root:-0.3978
INFO:root:-0.3979
INFO:root:-0.3977
INFO:root:-0.398
INFO:root:-0.3979
INFO:root:-0.3979
INFO:root:-0.3977
INFO:root:-0.3974
INFO:root:-0.3974
INFO:root:-0.3974
INFO:root:-0.3977
INFO:root:-0.3977
INFO:root:-0.3978
INFO:root:-0.3977
INFO:root:-0.3976
INFO:root:-0.3974
INFO:root:-0.3974
INFO:root:-0.3977
INFO:root:-0.3979
INFO:root:-0.398
INFO:root:-0.3981
INFO:root:-0.3981
INFO:root:-0.3982
INFO:root:-0.398
INFO:root:-0.3982
INFO:root:-0.3981
INFO:root:-0.398
INFO:root:-0.398
INFO:root:-0.3981
INFO:root:-0.3981
INFO:root:-0.3982
INFO:root:-0.3981
INFO:root:-0.3979
INFO:root:Time: 18min
INFO:root:-0.3981
INFO:root:-0.398
INFO:root:-0.398
INFO:root:-0.398
INFO:root:-0.3979
INFO:root:-0.3981
INFO:root:-0.3979
INFO:root:-0.3979
INFO:root:-0.3981
INFO:root:-0.3979
INFO:root:-0.398
INFO:root:-0.3979
INFO:root:-0.3979
INFO:root:-0.3979
INFO:root:-0.3979
INFO:root:-0.398
INFO:root:-0.3979
INFO:root:-0.3981
INFO:root:-0.3979
INFO:root:-0.3979
INFO:root:-0.3979
INFO:root:-0.3979
INFO:root:-0.398
INFO:root:-0.3979
INFO:root:-0.398
INFO:root:-0.398
INFO:root:-0.398
INFO:root:-0.3979
INFO:root:-0.3979
INFO:root:-0.3979
INFO:root:-0.398
INFO:root:-0.3979
INFO:root:-0.398
INFO:root:-0.3979
INFO:root:-0.3981
INFO:root:-0.398
INFO:root:-0.398
INFO:root:-0.3982
INFO:root:-0.3983
INFO:root:-0.3982
INFO:root:-0.3983
INFO:root:-0.3982
INFO:root:-0.3982
INFO:root:-0.3979
INFO:root:-0.3981
INFO:root:-0.3979
INFO:root:-0.3978
INFO:root:-0.3979
INFO:root:-0.3977
INFO:root:-0.3978
INFO:root:-0.3979
INFO:root:-0.3979
INFO:root:-0.3978
INFO:root:-0.3981
INFO:root:-0.3982
INFO:root:-0.3979
INFO:root:-0.3978
INFO:root:-0.3979
INFO:root:-0.398
INFO:root:-0.3982
INFO:root:-0.3984
INFO:root:-0.3981
INFO:root:-0.398
INFO:root:-0.398
INFO:root:-0.3979
INFO:root:-0.3979
INFO:root:-0.3978
INFO:root:-0.3978
INFO:root:-0.3978
INFO:root:-0.3979
INFO:root:-0.3977
INFO:root:-0.3977
INFO:root:-0.3977
INFO:root:-0.3978
INFO:root:-0.3977
INFO:root:-0.3975
INFO:root:-0.3975
INFO:root:-0.3974
INFO:root:-0.3974
INFO:root:-0.3974
INFO:root:-0.3974
INFO:root:-0.3976
INFO:root:-0.3977
INFO:root:-0.3977
INFO:root:-0.3977
INFO:root:-0.3979
INFO:root:-0.3979
INFO:root:-0.3978
INFO:root:-0.3979
INFO:root:-0.3977
INFO:root:-0.3975
INFO:root:-0.3976
INFO:root:-0.3977
INFO:root:-0.3977
INFO:root:-0.3977
INFO:root:-0.3977
INFO:root:-0.3979
INFO:root:-0.398
INFO:root:-0.3978
INFO:root:-0.3978
INFO:root:Time: 19min
INFO:root:-0.3979
INFO:root:-0.3978
INFO:root:-0.3976
INFO:root:-0.3976
INFO:root:-0.3975
INFO:root:-0.3974
INFO:root:-0.3974
INFO:root:-0.3975
INFO:root:-0.3976
INFO:root:-0.3974
INFO:root:-0.3975
INFO:root:-0.3975
INFO:root:-0.3977
INFO:root:-0.3975
INFO:root:-0.3977
INFO:root:-0.3975
INFO:root:-0.3975
INFO:root:-0.3976
INFO:root:-0.3977
INFO:root:-0.3978
INFO:root:-0.3977
INFO:root:-0.3978
INFO:root:-0.3979
INFO:root:-0.3977
INFO:root:-0.3978
INFO:root:-0.3977
INFO:root:-0.3977
INFO:root:-0.3977
INFO:root:-0.3979
INFO:root:-0.3977
INFO:root:-0.3977
INFO:root:-0.3977
INFO:root:-0.3977
INFO:root:-0.3977
INFO:root:-0.3976
INFO:root:-0.3977
INFO:root:-0.3974
INFO:root:-0.3974
INFO:root:-0.3975
INFO:root:-0.3973
INFO:root:-0.3974
INFO:root:-0.3975
INFO:root:-0.3974
INFO:root:-0.3975
INFO:root:-0.3976
INFO:root:-0.3975
INFO:root:-0.3974
INFO:root:-0.3974
INFO:root:-0.3977
INFO:root:-0.3977
INFO:root:-0.3977
INFO:root:-0.3976
INFO:root:-0.3976
INFO:root:-0.3976
INFO:root:-0.3977
INFO:root:-0.3977
INFO:root:-0.3978
INFO:root:-0.3979
INFO:root:-0.3977
INFO:root:-0.3979
INFO:root:-0.3979
INFO:root:-0.3977
INFO:root:-0.3977
INFO:root:-0.3977
INFO:root:-0.3978
INFO:root:-0.3977
INFO:root:-0.3977
INFO:root:-0.3977
INFO:root:-0.3976
INFO:root:-0.3976
INFO:root:-0.3977
INFO:root:-0.3977
INFO:root:-0.3977
INFO:root:-0.3977
INFO:root:-0.3977
INFO:root:-0.3978
INFO:root:-0.3978
INFO:root:-0.3979
INFO:root:-0.3979
INFO:root:-0.3979
INFO:root:-0.3979
INFO:root:-0.3978
INFO:root:-0.3979
INFO:root:-0.3979
INFO:root:-0.3979
INFO:root:-0.3981
INFO:root:-0.3978
INFO:root:-0.3975
INFO:root:-0.3974
INFO:root:-0.3971
INFO:root:-0.3973
INFO:root:-0.3973
INFO:root:-0.397
INFO:root:-0.3972
INFO:root:-0.3974
INFO:root:-0.3976
INFO:root:-0.3973
INFO:root:-0.3976
INFO:root:-0.3976
INFO:root:-0.3977
INFO:root:-0.3976
INFO:root:Time: 20min
INFO:root:-0.3977
INFO:root:-0.3976
INFO:root:-0.3976
INFO:root:-0.3974
INFO:root:-0.3975
INFO:root:-0.3976
INFO:root:-0.3977
INFO:root:-0.3977
INFO:root:-0.3976
INFO:root:-0.3977
INFO:root:-0.3977
INFO:root:-0.3977
INFO:root:-0.3977
INFO:root:-0.3978
INFO:root:-0.3976
INFO:root:-0.3976
INFO:root:-0.3976
INFO:root:-0.3977
INFO:root:-0.398
INFO:root:-0.3979
INFO:root:-0.398
INFO:root:-0.3979
INFO:root:-0.3978
INFO:root:-0.3979
INFO:root:-0.3977
INFO:root:-0.3977
INFO:root:-0.3977
INFO:root:-0.3979
INFO:root:-0.3978
INFO:root:-0.3978
INFO:root:-0.3977
INFO:root:-0.3977
INFO:root:-0.3974
INFO:root:-0.3977
INFO:root:-0.3978
INFO:root:-0.3977
INFO:root:-0.3979
INFO:root:-0.3978
INFO:root:-0.3979
INFO:root:-0.3978
INFO:root:-0.3977
INFO:root:-0.3978
INFO:root:-0.3979
INFO:root:-0.3982
INFO:root:-0.3979
INFO:root:-0.3979
INFO:root:-0.3978
INFO:root:-0.3979
INFO:root:-0.3981
INFO:root:-0.3987
INFO:root:-0.3987
INFO:root:-0.3987
INFO:root:-0.3987
INFO:root:-0.3989
INFO:root:-0.3987
INFO:root:-0.3989
INFO:root:-0.3993
INFO:root:-0.3992
INFO:root:-0.3994
INFO:root:-0.3993
INFO:root:-0.3994
INFO:root:-0.3994
INFO:root:-0.3994
INFO:root:-0.3995
INFO:root:-0.3994
INFO:root:-0.3994
INFO:root:-0.3994
INFO:root:-0.399
INFO:root:-0.3988
INFO:root:-0.3987
INFO:root:-0.3986
INFO:root:-0.3984
INFO:root:-0.3981
INFO:root:-0.3978
INFO:root:-0.3971
INFO:root:-0.3973
INFO:root:-0.3973
INFO:root:-0.3974
INFO:root:-0.3974
INFO:root:-0.3971
INFO:root:-0.3974
INFO:root:-0.3971
INFO:root:-0.3973
INFO:root:-0.397
INFO:root:-0.397
INFO:root:-0.3968
INFO:root:-0.3969
INFO:root:-0.3967
INFO:root:-0.3965
INFO:root:-0.3966
INFO:root:-0.3962
INFO:root:-0.3961
INFO:root:-0.3962
INFO:root:-0.3961
INFO:root:-0.3961
INFO:root:-0.396
INFO:root:-0.3961
INFO:root:-0.3961
INFO:root:-0.3961
INFO:root:-0.396
INFO:root:Time: 21min
INFO:root:-0.3961
INFO:root:-0.3959
INFO:root:-0.3957
INFO:root:-0.3956
INFO:root:-0.3956
INFO:root:-0.3955
INFO:root:-0.3955
INFO:root:-0.3953
INFO:root:-0.3953
INFO:root:-0.3951
INFO:root:-0.395
INFO:root:-0.3949
INFO:root:-0.3948
INFO:root:-0.3948
INFO:root:-0.3948
INFO:root:-0.3944
INFO:root:-0.3944
INFO:root:-0.3943
INFO:root:-0.3943
INFO:root:-0.3943
INFO:root:-0.3943
INFO:root:-0.3943
INFO:root:-0.3944
INFO:root:-0.3943
INFO:root:-0.3942
INFO:root:-0.394
INFO:root:-0.394
INFO:root:-0.3941
INFO:root:-0.3938
INFO:root:-0.3938
INFO:root:-0.3938
INFO:root:-0.3936
INFO:root:-0.3931
INFO:root:-0.393
INFO:root:-0.3926
INFO:root:-0.3925
INFO:root:-0.3932
INFO:root:-0.3948
INFO:root:-0.3929
INFO:root:-0.3937
INFO:root:-0.3923
INFO:root:-0.392
INFO:root:-0.3919
INFO:root:-0.3919
INFO:root:-0.3919
INFO:root:-0.3917
INFO:root:-0.3916
INFO:root:-0.3914
INFO:root:-0.3915
INFO:root:-0.3913
INFO:root:-0.3912
INFO:root:-0.3909
INFO:root:-0.3911
INFO:root:-0.3909
INFO:root:-0.3911
INFO:root:-0.3909
INFO:root:-0.3908
INFO:root:-0.3907
INFO:root:-0.3907
INFO:root:-0.3913
INFO:root:-0.3906
INFO:root:-0.3906
INFO:root:-0.3904
INFO:root:-0.3904
INFO:root:-0.3904
INFO:root:-0.3904
INFO:root:-0.3903
INFO:root:-0.393
INFO:root:-0.3926
INFO:root:-0.3928
INFO:root:-0.3927
INFO:root:-0.3948
INFO:root:-0.403
INFO:root:-0.4033
INFO:root:-0.4036
INFO:root:-0.4033
INFO:root:-0.4104
INFO:root:-0.4087
INFO:root:-49.3672
INFO:root:Unexpected High Loss, End Program
INFO:root:End curing program, total time: 1307.0 s
INFO:root: 
INFO:root:*************************
INFO:root:Reset
INFO:root:*************************
