INFO:root:[-0.26, 0.38, 138.3, 2.5, 0.5, 0]
INFO:root:Scan update starts at: [-0.26, 0.38, 138.3, 2.5, 0.5, 0]
INFO:root:Start Tcounts: [10698, 77703, -36763, -113, 77726, -12288]
INFO:root:-50.64505
INFO:root:Monitor start (loss then pos)
INFO:root:-50.64505
INFO:root:10698
INFO:root:-50.672095
INFO:root:10697
INFO:root:-50.68576
INFO:root:10697
INFO:root:-50.72933
INFO:root:10697
INFO:root:-50.786285
INFO:root:10682
INFO:root:-50.84324
INFO:root:10669
INFO:root:-51.01292
INFO:root:10654
INFO:root:-51.12413
INFO:root:10640
INFO:root:-51.23534
INFO:root:10624
INFO:root:-51.337755
INFO:root:10606
INFO:root:-51.92015
INFO:root:10530
INFO:root:-52.153859999999995
INFO:root:10504
INFO:root:-52.38757
INFO:root:10477
INFO:root:-52.596055
INFO:root:10449
INFO:root:-52.80454
INFO:root:10412
INFO:root:-53.22219
INFO:root:10381
INFO:root:-53.62302
INFO:root:10338
INFO:root:-53.780985
INFO:root:10307
INFO:root:-53.93895
INFO:root:10271
INFO:root:-54.6531
INFO:root:10240
INFO:root:-54.6531
INFO:root:10208
INFO:root:-55.36686
INFO:root:10175
INFO:root:-55.542365000000004
INFO:root:10143
INFO:root:-56.024145
INFO:root:10104
INFO:root:-56.33042
INFO:root:10072
INFO:root:-56.58791
INFO:root:10022
INFO:root:-57.44711
INFO:root:9938
INFO:root:-57.592690000000005
INFO:root:9908
INFO:root:-57.73827
INFO:root:9876
INFO:root:-58.015895
INFO:root:9846
INFO:root:-58.29352
INFO:root:9815
INFO:root:-59.04167
INFO:root:9784
INFO:root:x scan done: decreasing
INFO:root:Monitor start (loss then pos)
INFO:root:-59.04167
INFO:root:9815
INFO:root:-59.34346
INFO:root:9815
INFO:root:-59.342735000000005
INFO:root:9819
INFO:root:-59.34201
INFO:root:9825
INFO:root:-59.296980000000005
INFO:root:9833
INFO:root:-59.25195
INFO:root:9843
INFO:root:-59.05345
INFO:root:9854
INFO:root:-58.9383
INFO:root:9868
INFO:root:-58.02012
INFO:root:9934
INFO:root:-57.899739999999994
INFO:root:9966
INFO:root:-57.77936
INFO:root:9991
INFO:root:-57.53597
INFO:root:10016
INFO:root:-57.43964
INFO:root:10043
INFO:root:-57.34331
INFO:root:10079
INFO:root:-56.81816
INFO:root:10108
INFO:root:-56.681
INFO:root:10139
INFO:root:-56.54384
INFO:root:10169
INFO:root:-56.29045
INFO:root:10199
INFO:root:-56.03706
INFO:root:10229
INFO:root:-55.56187
INFO:root:10258
INFO:root:-55.338565
INFO:root:10289
INFO:root:-55.11526
INFO:root:10318
INFO:root:-54.731145
INFO:root:10348
INFO:root:-54.34703
INFO:root:10378
INFO:root:-53.648830000000004
INFO:root:10486
INFO:root:-53.02242
INFO:root:10520
INFO:root:-52.838674999999995
INFO:root:10549
INFO:root:-52.65493
INFO:root:10579
INFO:root:-52.05139
INFO:root:10610
INFO:root:-51.832355
INFO:root:10640
INFO:root:-51.61332
INFO:root:10670
INFO:root:-51.41275
INFO:root:10700
INFO:root:-51.21218
INFO:root:10730
INFO:root:-50.69094
INFO:root:10760
INFO:root:-50.465125
INFO:root:10791
INFO:root:-50.23931
INFO:root:10820
INFO:root:-50.058675
INFO:root:10851
INFO:root:-49.87804
INFO:root:10881
INFO:root:-49.50266
INFO:root:10910
INFO:root:-49.364625000000004
INFO:root:10941
INFO:root:-49.22659
INFO:root:10971
INFO:root:-48.92033
INFO:root:11081
INFO:root:-48.30359
INFO:root:11117
INFO:root:-48.127665
INFO:root:11150
INFO:root:-47.95174
INFO:root:11181
INFO:root:-47.6891
INFO:root:11212
INFO:root:-47.6891
INFO:root:11242
INFO:root:-47.6891
INFO:root:11272
INFO:root:-46.89976
INFO:root:11301
INFO:root:-46.89976
INFO:root:11332
INFO:root:-46.69845
INFO:root:11361
INFO:root:-46.570475
INFO:root:11391
INFO:root:-46.4425
INFO:root:11427
INFO:root:-46.21705
INFO:root:11457
INFO:root:-46.136314999999996
INFO:root:11487
INFO:root:-46.05558
INFO:root:11517
INFO:root:-45.993125
INFO:root:11547
INFO:root:-45.93067
INFO:root:11576
INFO:root:-45.583155
INFO:root:11718
INFO:root:-45.23699
INFO:root:11764
INFO:root:-45.1988
INFO:root:11794
INFO:root:-45.16061
INFO:root:11823
INFO:root:-45.05035
INFO:root:11854
INFO:root:-45.05035
INFO:root:11885
INFO:root:-44.97453
INFO:root:11915
INFO:root:-44.96483
INFO:root:11945
INFO:root:-44.95513
INFO:root:11974
INFO:root:-44.97285
INFO:root:12005
INFO:root:-44.995015
INFO:root:12035
INFO:root:-45.01718
INFO:root:12065
INFO:root:-45.042155
INFO:root:12095
INFO:root:-45.06713
INFO:root:12125
INFO:root:-45.0724
INFO:root:12155
INFO:root:-45.057345
INFO:root:12187
INFO:root:-45.062124999999995
INFO:root:12294
INFO:root:-45.06941
INFO:root:12324
INFO:root:-45.13654
INFO:root:12354
INFO:root:-45.188829999999996
INFO:root:12386
INFO:root:-45.24112
INFO:root:12417
INFO:root:-45.35632
INFO:root:12447
INFO:root:-45.47152
INFO:root:12478
INFO:root:-45.7332
INFO:root:12508
INFO:root:-45.86143
INFO:root:12539
INFO:root:-45.98966
INFO:root:12569
INFO:root:-46.081805
INFO:root:12599
INFO:root:-46.17395
INFO:root:12630
INFO:root:-46.23225
INFO:root:12659
INFO:root:-46.23334
INFO:root:12689
INFO:root:-46.23443
INFO:root:12718
INFO:root:-46.301995000000005
INFO:root:12748
INFO:root:-46.36956
INFO:root:12778
INFO:root:-47.135535000000004
INFO:root:12886
INFO:root:-47.54719
INFO:root:12938
INFO:root:-47.78184
INFO:root:12968
INFO:root:x scan done: has max
INFO:root:-44.92023
INFO:root:Monitor start (loss then pos)
INFO:root:-44.92023
INFO:root:77703
INFO:root:-44.91214
INFO:root:77702
INFO:root:-44.910875000000004
INFO:root:77702
INFO:root:-44.90961
INFO:root:77700
INFO:root:-44.91078
INFO:root:77683
INFO:root:-44.992135000000005
INFO:root:77670
INFO:root:-45.07349
INFO:root:77657
INFO:root:-45.281095
INFO:root:77643
INFO:root:-45.67097
INFO:root:77623
INFO:root:-46.68091
INFO:root:77554
INFO:root:-46.97419
INFO:root:77528
INFO:root:-47.49927
INFO:root:77501
INFO:root:-47.852795
INFO:root:77473
INFO:root:-48.20632
INFO:root:77443
INFO:root:y scan done: decreasing
INFO:root:Monitor start (loss then pos)
INFO:root:-48.20632
INFO:root:77473
INFO:root:-48.69921
INFO:root:77474
INFO:root:-48.65174
INFO:root:77480
INFO:root:-48.60423
INFO:root:77486
INFO:root:-48.55672
INFO:root:77495
INFO:root:-48.36725
INFO:root:77505
INFO:root:-48.21077
INFO:root:77517
INFO:root:-48.05429
INFO:root:77531
INFO:root:-47.721445
INFO:root:77593
INFO:root:-46.94884
INFO:root:77629
INFO:root:-46.600494999999995
INFO:root:77655
INFO:root:-46.25215
INFO:root:77681
INFO:root:-45.54896
INFO:root:77709
INFO:root:-45.192445
INFO:root:77738
INFO:root:-44.83593
INFO:root:77770
INFO:root:-43.9671
INFO:root:77801
INFO:root:-43.9671
INFO:root:77832
INFO:root:-43.03613
INFO:root:77862
INFO:root:-42.590755
INFO:root:77893
INFO:root:-42.14538
INFO:root:77922
INFO:root:-41.36083
INFO:root:77952
INFO:root:-41.36083
INFO:root:77982
INFO:root:-40.67769
INFO:root:78012
INFO:root:-40.3493
INFO:root:78044
INFO:root:-40.02091
INFO:root:78074
INFO:root:-38.433565
INFO:root:78186
INFO:root:-38.10597
INFO:root:78234
INFO:root:-38.10597
INFO:root:78270
INFO:root:-36.81349
INFO:root:78301
INFO:root:-36.441585
INFO:root:78331
INFO:root:-36.06968
INFO:root:78361
INFO:root:-35.710195
INFO:root:78391
INFO:root:-35.35071
INFO:root:78420
INFO:root:-34.63472
INFO:root:78449
INFO:root:-34.26869
INFO:root:78487
INFO:root:-33.90266
INFO:root:78516
INFO:root:-33.15095
INFO:root:78547
INFO:root:-33.15095
INFO:root:78577
INFO:root:-32.48133
INFO:root:78607
INFO:root:-32.16517
INFO:root:78636
INFO:root:-31.84901
INFO:root:78667
INFO:root:-30.695845
INFO:root:78815
INFO:root:-29.59763
INFO:root:78848
INFO:root:-29.31339
INFO:root:78880
INFO:root:-29.02915
INFO:root:78911
INFO:root:-28.7462
INFO:root:78944
INFO:root:-28.46325
INFO:root:78974
INFO:root:-27.90476
INFO:root:79010
INFO:root:-27.90476
INFO:root:79040
INFO:root:-27.90476
INFO:root:79070
INFO:root:-26.92875
INFO:root:79100
INFO:root:-26.715130000000002
INFO:root:79130
INFO:root:-26.50151
INFO:root:79162
INFO:root:-26.1596
INFO:root:79192
INFO:root:-26.1596
INFO:root:79222
INFO:root:-25.90183
INFO:root:79252
INFO:root:-25.645515
INFO:root:79398
INFO:root:-25.20431
INFO:root:79448
INFO:root:-25.090725
INFO:root:79479
INFO:root:-24.97714
INFO:root:79510
INFO:root:-24.69872
INFO:root:79541
INFO:root:-24.69872
INFO:root:79570
INFO:root:-24.37128
INFO:root:79600
INFO:root:-24.19831
INFO:root:79630
INFO:root:-24.02534
INFO:root:79661
INFO:root:-23.69424
INFO:root:79692
INFO:root:-23.69424
INFO:root:79722
INFO:root:-23.41566
INFO:root:79753
INFO:root:-23.31929
INFO:root:79783
INFO:root:-23.22292
INFO:root:79812
INFO:root:-23.14028
INFO:root:79842
INFO:root:-23.14028
INFO:root:79873
INFO:root:-23.48162
INFO:root:79981
INFO:root:-23.791345
INFO:root:80032
INFO:root:y scan done: has max
INFO:root:Scan update ends at: [-0.19765, 0.48545, 138.3, 2.5, 0.5, 0]
INFO:root:X change: 1247; Y change: 2109
INFO:root:Z optim starts at (pos then loss): 
INFO:root:[-0.19765, 0.48545, 138.3, 2.5, 0.5, 0]
INFO:root:-23.14002
INFO:root:[-0.19765, 0.48545, 138.3924, 2.5, 0.5, 0]
INFO:root:-21.96782
INFO:root:[-0.19765, 0.48545, 138.4848, 2.5, 0.5, 0]
INFO:root:-21.82323
INFO:root:[-0.19765, 0.48545, 138.5772, 2.5, 0.5, 0]
INFO:root:-22.20249
INFO:root:[-0.19765, 0.48545, 138.6696, 2.5, 0.5, 0]
INFO:root:-22.90248
INFO:root:[-0.19765, 0.48545, 138.762, 2.5, 0.5, 0]
INFO:root:-23.6067
INFO:root:[-0.19765, 0.48545, 138.8544, 2.5, 0.5, 0]
INFO:root:-25.90476
INFO:root:[-0.19765, 0.48545, 138.9468, 2.5, 0.5, 0]
INFO:root:-32.5297
INFO:root:[-0.19765, 0.48545, 139.0392, 2.5, 0.5, 0]
INFO:root:-42.97922
INFO:root:[-0.19765, 0.48545, 138.9466, 2.5, 0.5, 0]
INFO:root:Z optim ends at: [-0.19765, 0.48545, 138.9466, 2.5, 0.5, 0]
INFO:root:Scan update starts at: [-0.19765, 0.48545, 138.9466, 2.5, 0.5, 0]
INFO:root:Start Tcounts: [31278, 80376, -29613, 16912, 87071, -27793]
INFO:root:-32.50065
INFO:root:Monitor start (loss then pos)
INFO:root:-32.50065
INFO:root:31278
INFO:root:-32.51643
INFO:root:31274
INFO:root:-32.51884
INFO:root:31279
INFO:root:-32.5563
INFO:root:31286
INFO:root:-32.626670000000004
INFO:root:31295
INFO:root:-32.69704
INFO:root:31306
INFO:root:-32.95287
INFO:root:31320
INFO:root:-33.193995
INFO:root:31335
INFO:root:-33.43512
INFO:root:31351
INFO:root:-33.864670000000004
INFO:root:31369
INFO:root:x scan done: decreasing
INFO:root:Monitor start (loss then pos)
INFO:root:-33.864670000000004
INFO:root:31351
INFO:root:-35.101214999999996
INFO:root:31346
INFO:root:-34.3425
INFO:root:31327
INFO:root:-33.930405
INFO:root:31309
INFO:root:-33.69278
INFO:root:31296
INFO:root:-33.16434
INFO:root:31281
INFO:root:-32.932475
INFO:root:31264
INFO:root:-32.70061
INFO:root:31246
INFO:root:-32.30956
INFO:root:31226
INFO:root:-32.30956
INFO:root:31204
INFO:root:-31.695
INFO:root:31179
INFO:root:-31.016460000000002
INFO:root:31154
INFO:root:-30.33792
INFO:root:31127
INFO:root:-28.2527
INFO:root:31097
INFO:root:-28.2527
INFO:root:31067
INFO:root:-26.07957
INFO:root:31037
INFO:root:-25.24911
INFO:root:31002
INFO:root:-24.41865
INFO:root:30972
INFO:root:-22.79456
INFO:root:30831
INFO:root:-21.866065
INFO:root:30799
INFO:root:-21.49369
INFO:root:30766
INFO:root:-20.63874
INFO:root:30734
INFO:root:-20.270845
INFO:root:30704
INFO:root:-19.90295
INFO:root:30673
INFO:root:-19.36411
INFO:root:30644
INFO:root:-19.219635
INFO:root:30612
INFO:root:-19.07516
INFO:root:30583
INFO:root:-19.071765
INFO:root:30553
INFO:root:-19.06837
INFO:root:30523
INFO:root:-19.23122
INFO:root:30494
INFO:root:-19.35859
INFO:root:30464
INFO:root:-19.48596
INFO:root:30434
INFO:root:-19.670054999999998
INFO:root:30404
INFO:root:x scan done: has max
INFO:root:-19.28302
INFO:root:Monitor start (loss then pos)
INFO:root:-19.28302
INFO:root:80376
INFO:root:-19.26072
INFO:root:80370
INFO:root:-19.25083
INFO:root:80370
INFO:root:-19.25636
INFO:root:80378
INFO:root:-19.25636
INFO:root:80388
INFO:root:-19.36913
INFO:root:80398
INFO:root:-19.547075
INFO:root:80410
INFO:root:-19.72502
INFO:root:80423
INFO:root:-20.19034
INFO:root:80438
INFO:root:y scan done: decreasing
INFO:root:Monitor start (loss then pos)
INFO:root:-20.19034
INFO:root:80423
INFO:root:-20.31841
INFO:root:80417
INFO:root:-20.275280000000002
INFO:root:80413
INFO:root:-20.23215
INFO:root:80407
INFO:root:-20.0248
INFO:root:80372
INFO:root:-19.43394
INFO:root:80351
INFO:root:-18.93445
INFO:root:80330
INFO:root:-18.641154999999998
INFO:root:80310
INFO:root:-18.34786
INFO:root:80289
INFO:root:-17.73173
INFO:root:80264
INFO:root:-17.73173
INFO:root:80240
INFO:root:-17.325735
INFO:root:80214
INFO:root:-16.91974
INFO:root:80186
INFO:root:-16.70239
INFO:root:80156
INFO:root:-16.48504
INFO:root:80126
INFO:root:-16.16745
INFO:root:80097
INFO:root:-16.093925
INFO:root:80067
INFO:root:-16.0204
INFO:root:80037
INFO:root:-16.070345
INFO:root:80007
INFO:root:-16.12029
INFO:root:79978
INFO:root:-16.5089
INFO:root:79948
INFO:root:-18.94272
INFO:root:79795
INFO:root:y scan done: has max
INFO:root:Scan update ends at: [-0.2339, 0.47, 138.9466, 2.5, 0.5, 0]
INFO:root:X change: -725; Y change: -309
INFO:root:Z optim starts at (pos then loss): 
INFO:root:[-0.2339, 0.47, 138.9466, 2.5, 0.5, 0]
INFO:root:-16.07467
INFO:root:[-0.2339, 0.47, 139.011, 2.5, 0.5, 0]
INFO:root:-14.89615
INFO:root:[-0.2339, 0.47, 139.0754, 2.5, 0.5, 0]
INFO:root:-13.94639
INFO:root:[-0.2339, 0.47, 139.1398, 2.5, 0.5, 0]
INFO:root:-13.99772
INFO:root:[-0.2339, 0.47, 139.20420000000001, 2.5, 0.5, 0]
INFO:root:-16.86239
INFO:root:[-0.2339, 0.47, 139.26860000000002, 2.5, 0.5, 0]
INFO:root:-37.61261
INFO:root:[-0.2339, 0.47, 139.204, 2.5, 0.5, 0]
INFO:root:Z optim ends at: [-0.2339, 0.47, 139.204, 2.5, 0.5, 0]
INFO:root:Scan update starts at: [-0.2339, 0.47, 139.204, 2.5, 0.5, 0]
INFO:root:Start Tcounts: [38425, 80292, -25477, 22660, 92112, -35287]
INFO:root:-18.071
INFO:root:Monitor start (loss then pos)
INFO:root:-18.071
INFO:root:38425
INFO:root:-18.05931
INFO:root:38421
INFO:root:-18.048325
INFO:root:38421
INFO:root:-18.03734
INFO:root:38421
INFO:root:-17.87169
INFO:root:38422
INFO:root:-17.70663
INFO:root:38410
INFO:root:-15.820070000000001
INFO:root:38321
INFO:root:-12.67609
INFO:root:38298
INFO:root:-11.27732
INFO:root:38275
INFO:root:-11.27732
INFO:root:38251
INFO:root:-10.06592
INFO:root:38225
INFO:root:-9.669198
INFO:root:38198
INFO:root:-9.272476
INFO:root:38169
INFO:root:-9.122852
INFO:root:38138
INFO:root:-9.4652985
INFO:root:38106
INFO:root:-9.807745
INFO:root:38076
INFO:root:x scan done: has max
INFO:root:-9.297805
INFO:root:Monitor start (loss then pos)
INFO:root:-9.297805
INFO:root:80292
INFO:root:-9.2237765
INFO:root:80271
INFO:root:-9.215947
INFO:root:80262
INFO:root:-9.278767
INFO:root:80251
INFO:root:-9.3769715
INFO:root:80238
INFO:root:-9.475176
INFO:root:80223
INFO:root:-9.6765005
INFO:root:80207
INFO:root:y scan done: decreasing
INFO:root:Monitor start (loss then pos)
INFO:root:-9.6765005
INFO:root:80223
INFO:root:-10.403125
INFO:root:80223
INFO:root:-10.27154
INFO:root:80225
INFO:root:-10.191575
INFO:root:80230
INFO:root:-10.011444000000001
INFO:root:80239
INFO:root:-9.911278
INFO:root:80248
INFO:root:-9.654831
INFO:root:80262
INFO:root:-9.525468499999999
INFO:root:80276
INFO:root:-9.348542
INFO:root:80337
INFO:root:-9.300978
INFO:root:80360
INFO:root:-9.718587
INFO:root:80389
INFO:root:-10.184053500000001
INFO:root:80415
INFO:root:y scan done: has max
INFO:root:Scan update ends at: [-0.2467, 0.47224999999999995, 139.204, 2.5, 0.5, 0]
INFO:root:X change: -256; Y change: 45
INFO:root:Z optim starts at (pos then loss): 
INFO:root:[-0.2467, 0.47224999999999995, 139.204, 2.5, 0.5, 0]
INFO:root:-9.629528
INFO:root:[-0.2467, 0.47224999999999995, 139.2424, 2.5, 0.5, 0]
INFO:root:-8.7504195
INFO:root:[-0.2467, 0.47224999999999995, 139.2808, 2.5, 0.5, 0]
INFO:root:-10.71062
INFO:root:[-0.2467, 0.47224999999999995, 139.3192, 2.5, 0.5, 0]
INFO:root:-20.72302
INFO:root:[-0.2467, 0.47224999999999995, 139.2806, 2.5, 0.5, 0]
INFO:root:Z optim ends at: [-0.2467, 0.47224999999999995, 139.2806, 2.5, 0.5, 0]
INFO:root:Scan update starts at: [-0.2467, 0.47224999999999995, 139.2806, 2.5, 0.5, 0]
INFO:root:Start Tcounts: [40532, 80404, -24198, 24521, 93664, -37401]
INFO:root:-10.11532
INFO:root:Monitor start (loss then pos)
INFO:root:-10.11532
INFO:root:40532
INFO:root:-10.02569
INFO:root:40528
INFO:root:-9.93606
INFO:root:40528
INFO:root:-9.885908
INFO:root:40528
INFO:root:-9.866535
INFO:root:40528
INFO:root:-10.20574
INFO:root:40452
INFO:root:-10.65214
INFO:root:40434
INFO:root:x scan done: has max
INFO:root:-9.784009999999999
INFO:root:Monitor start (loss then pos)
INFO:root:-9.784009999999999
INFO:root:80404
INFO:root:-9.843947
INFO:root:80398
INFO:root:-9.857134
INFO:root:80398
INFO:root:-9.868669
INFO:root:80405
INFO:root:-9.880204
INFO:root:80417
INFO:root:-10.09684
INFO:root:80429
INFO:root:-11.140065
INFO:root:80441
INFO:root:y scan done: decreasing
INFO:root:Monitor start (loss then pos)
INFO:root:-11.140065
INFO:root:80429
INFO:root:-12.20293
INFO:root:80411
INFO:root:-11.2804
INFO:root:80398
INFO:root:-10.62106
INFO:root:80387
INFO:root:-9.96172
INFO:root:80374
INFO:root:-8.439812
INFO:root:80359
INFO:root:-8.439812
INFO:root:80343
INFO:root:-7.4762070000000005
INFO:root:80324
INFO:root:-6.512602
INFO:root:80303
INFO:root:-5.596156
INFO:root:80281
INFO:root:-5.5396795
INFO:root:80258
INFO:root:-5.483203
INFO:root:80232
INFO:root:-6.564144
INFO:root:80205
INFO:root:-6.564144
INFO:root:80175
INFO:root:-6.564144
INFO:root:80145
INFO:root:-12.63919
INFO:root:80114
INFO:root:y scan done: has max
INFO:root:Scan update ends at: [-0.2469, 0.46495, 139.2806, 2.5, 0.5, 0]
INFO:root:X change: -4; Y change: -146
INFO:root:Z optim starts at (pos then loss): 
INFO:root:[-0.2469, 0.46495, 139.2806, 2.5, 0.5, 0]
INFO:root:-6.253016
INFO:root:[-0.2469, 0.46495, 139.29635, 2.5, 0.5, 0]
INFO:root:-5.196028
INFO:root:[-0.2469, 0.46495, 139.3121, 2.5, 0.5, 0]
INFO:root:-4.107234
INFO:root:[-0.2469, 0.46495, 139.32784999999998, 2.5, 0.5, 0]
INFO:root:-4.242107
INFO:root:[-0.2469, 0.46495, 139.31189999999998, 2.5, 0.5, 0]
INFO:root:Z optim ends at: [-0.2469, 0.46495, 139.31189999999998, 2.5, 0.5, 0]
INFO:root:Scan update starts at: [-0.2469, 0.46495, 139.31189999999998, 2.5, 0.5, 0]
INFO:root:Start Tcounts: [41496, 80285, -23775, 25119, 94199, -38431]
INFO:root:-4.142818
INFO:root:Monitor start (loss then pos)
INFO:root:-4.142818
INFO:root:41496
INFO:root:-4.144268
INFO:root:41490
INFO:root:-4.146992
INFO:root:41488
INFO:root:-4.1247935
INFO:root:41477
INFO:root:-4.102595
INFO:root:41468
INFO:root:-3.906861
INFO:root:41457
INFO:root:-3.7348455
INFO:root:41444
INFO:root:-3.56283
INFO:root:41428
INFO:root:-3.633384
INFO:root:41410
INFO:root:-4.144515
INFO:root:41391
INFO:root:x scan done: has max
INFO:root:-3.627204
INFO:root:Monitor start (loss then pos)
INFO:root:-3.627204
INFO:root:80285
INFO:root:-3.579224
INFO:root:80281
INFO:root:-3.571828
INFO:root:80263
INFO:root:-3.678113
INFO:root:80247
INFO:root:-4.27761
INFO:root:80233
INFO:root:y scan done: has max
INFO:root:Scan update ends at: [-0.2495, 0.46475, 139.31189999999998, 2.5, 0.5, 0]
INFO:root:X change: -52; Y change: -4
INFO:root:Z optim starts at (pos then loss): 
INFO:root:[-0.2495, 0.46475, 139.31189999999998, 2.5, 0.5, 0]
INFO:root:-3.788484
INFO:root:[-0.2495, 0.46475, 139.32139999999998, 2.5, 0.5, 0]
INFO:root:-2.815547
INFO:root:[-0.2495, 0.46475, 139.33089999999999, 2.5, 0.5, 0]
INFO:root:-2.087558
INFO:root:[-0.2495, 0.46475, 139.3404, 2.5, 0.5, 0]
INFO:root:-1.394678
INFO:root:[-0.2495, 0.46475, 139.3499, 2.5, 0.5, 0]
INFO:root:-0.9424238
INFO:root:[-0.2495, 0.46475, 139.3594, 2.5, 0.5, 0]
INFO:root:-1.691849
INFO:root:[-0.2495, 0.46475, 139.34969999999998, 2.5, 0.5, 0]
INFO:root:Z optim ends at: [-0.2495, 0.46475, 139.34969999999998, 2.5, 0.5, 0]
INFO:root:Change to Final_adjust
INFO:root:Scan update starts at: [-0.2495, 0.46475, 139.34969999999998, 2.5, 0.5, 0]
INFO:root:Start Tcounts: [42615, 80314, -23216, 26015, 94894, -39505]
INFO:root:Start Xstep (loss then pos)
INFO:root:-1.109241
INFO:root:42615
INFO:root:-0.9324311
INFO:root:42612
INFO:root:-0.8653814
INFO:root:42609
INFO:root:-0.8589193
INFO:root:42606
INFO:root:-0.7933599
INFO:root:42603
INFO:root:-0.8347833
INFO:root:42600
INFO:root:Over
INFO:root:Start Ystep (loss then pos)
INFO:root:-0.8364968
INFO:root:80314
INFO:root:-0.794631
INFO:root:80311
INFO:root:-0.7991592
INFO:root:80308
INFO:root:-0.8199097
INFO:root:80305
INFO:root:Over
INFO:root:Scan update ends at: [-0.2501, 0.46445, 139.34969999999998, 2.5, 0.5, 0]
INFO:root:X change: -12; Y change: -6
INFO:root:Z optim starts at (pos then loss): 
INFO:root:[-0.2501, 0.46445, 139.34969999999998, 2.5, 0.5, 0]
INFO:root:-0.7894562
INFO:root:[-0.2501, 0.46445, 139.35119999999998, 2.5, 0.5, 0]
INFO:root:-0.7489641
INFO:root:[-0.2501, 0.46445, 139.35269999999997, 2.5, 0.5, 0]
INFO:root:-0.7148666
INFO:root:[-0.2501, 0.46445, 139.35419999999996, 2.5, 0.5, 0]
INFO:root:-0.6991737
INFO:root:[-0.2501, 0.46445, 139.35569999999996, 2.5, 0.5, 0]
INFO:root:-0.70050615
INFO:root:[-0.2501, 0.46445, 139.35719999999995, 2.5, 0.5, 0]
INFO:root:-0.75301185
INFO:root:[-0.2501, 0.46445, 139.35549999999995, 2.5, 0.5, 0]
INFO:root:Z optim ends at: [-0.2501, 0.46445, 139.35549999999995, 2.5, 0.5, 0]
INFO:root:Change to Final_adjust
INFO:root:Scan update starts at: [-0.2501, 0.46445, 139.35549999999995, 2.5, 0.5, 0]
INFO:root:Start Tcounts: [42783, 80313, -23126, 26147, 95005, -39676]
INFO:root:Start Xstep (loss then pos)
INFO:root:-0.6248514
INFO:root:42783
INFO:root:-0.6202838
INFO:root:42780
INFO:root:-0.5340537
INFO:root:42777
INFO:root:-0.5328022
INFO:root:42774
INFO:root:-0.5275854
INFO:root:42771
INFO:root:-0.55182345
INFO:root:42768
INFO:root:Over
INFO:root:Start Ystep (loss then pos)
INFO:root:-0.5283831
INFO:root:80313
INFO:root:-0.5241019
INFO:root:80310
INFO:root:-0.56837105
INFO:root:80307
INFO:root:Over
INFO:root:Scan update ends at: [-0.2507, 0.4643, 139.35549999999995, 2.5, 0.5, 0]
INFO:root:X change: -12; Y change: -3
INFO:root:Z optim starts at (pos then loss): 
INFO:root:[-0.2507, 0.4643, 139.35549999999995, 2.5, 0.5, 0]
INFO:root:-0.5210732
INFO:root:[-0.2507, 0.4643, 139.35699999999994, 2.5, 0.5, 0]
INFO:root:-0.4939344
INFO:root:[-0.2507, 0.4643, 139.35849999999994, 2.5, 0.5, 0]
INFO:root:-0.4609609
INFO:root:[-0.2507, 0.4643, 139.35999999999993, 2.5, 0.5, 0]
INFO:root:-0.4610139
INFO:root:[-0.2507, 0.4643, 139.36149999999992, 2.5, 0.5, 0]
INFO:root:-0.4765226
INFO:root:[-0.2507, 0.4643, 139.35979999999992, 2.5, 0.5, 0]
INFO:root:Z optim ends at: [-0.2507, 0.4643, 139.35979999999992, 2.5, 0.5, 0]
INFO:root:Change to Final_adjust
INFO:root:Scan update starts at: [-0.2507, 0.4643, 139.35979999999992, 2.5, 0.5, 0]
INFO:root:Start Tcounts: [42905, 80314, -23057, 26246, 95090, -39801]
INFO:root:Start Xstep (loss then pos)
INFO:root:-0.4299787
INFO:root:42905
INFO:root:-0.4253261
INFO:root:42902
INFO:root:-0.4128207
INFO:root:42899
INFO:root:-0.44533795
INFO:root:42896
INFO:root:Over
INFO:root:Start Ystep (loss then pos)
INFO:root:-0.412717
INFO:root:80314
INFO:root:-0.4658099
INFO:root:80311
INFO:root:Change direction
INFO:root:-0.4379441
INFO:root:80317
INFO:root:-0.488975
INFO:root:80320
INFO:root:Over
INFO:root:Scan update ends at: [-0.251, 0.46445, 139.35979999999992, 2.5, 0.5, 0]
INFO:root:X change: -6; Y change: 3
INFO:root:Z optim starts at (pos then loss): 
INFO:root:[-0.251, 0.46445, 139.35979999999992, 2.5, 0.5, 0]
INFO:root:-0.42424364999999997
INFO:root:[-0.251, 0.46445, 139.36129999999991, 2.5, 0.5, 0]
INFO:root:-0.4023291
INFO:root:[-0.251, 0.46445, 139.3627999999999, 2.5, 0.5, 0]
INFO:root:-0.3938723
INFO:root:[-0.251, 0.46445, 139.3642999999999, 2.5, 0.5, 0]
INFO:root:-0.4122517
INFO:root:[-0.251, 0.46445, 139.3625999999999, 2.5, 0.5, 0]
INFO:root:Z optim ends at: [-0.251, 0.46445, 139.3625999999999, 2.5, 0.5, 0]
INFO:root:Change to Final_adjust
INFO:root:Scan update starts at: [-0.251, 0.46445, 139.3625999999999, 2.5, 0.5, 0]
INFO:root:Start Tcounts: [42986, 80320, -23013, 26316, 95143, -39877]
INFO:root:Start Xstep (loss then pos)
INFO:root:-0.37467515
INFO:root:42986
INFO:root:-0.38091855
INFO:root:42983
INFO:root:Change direction
INFO:root:-0.4688922
INFO:root:42989
INFO:root:Over
INFO:root:Start Ystep (loss then pos)
INFO:root:-0.3775775
INFO:root:80320
INFO:root:-0.50577905
INFO:root:80323
INFO:root:Change direction
INFO:root:-0.37324959999999996
INFO:root:80317
INFO:root:-0.3924544
INFO:root:80314
INFO:root:Over
INFO:root:Scan update ends at: [-0.25095, 0.4643, 139.3625999999999, 2.5, 0.5, 0]
INFO:root:X change: 1; Y change: -3
INFO:root:Z optim starts at (pos then loss): 
INFO:root:[-0.25095, 0.4643, 139.3625999999999, 2.5, 0.5, 0]
INFO:root:-0.376729
INFO:root:[-0.25095, 0.4643, 139.3640999999999, 2.5, 0.5, 0]
INFO:root:-0.44184605
INFO:root:[-0.25095, 0.4643, 139.3631999999999, 2.5, 0.5, 0]
INFO:root:-0.3692597
INFO:root:[-0.25095, 0.4643, 139.36379999999988, 2.5, 0.5, 0]
INFO:root:-0.4401553
INFO:root:[-0.25095, 0.4643, 139.3629999999999, 2.5, 0.5, 0]
INFO:root:Z optim ends at: [-0.25095, 0.4643, 139.3629999999999, 2.5, 0.5, 0]
INFO:root:Change to Final_adjust
INFO:root:Scan update starts at: [-0.25095, 0.4643, 139.3629999999999, 2.5, 0.5, 0]
INFO:root:Start Tcounts: [42999, 80317, -23009, 26323, 95149, -39892]
INFO:root:Start Xstep (loss then pos)
INFO:root:-0.3701043
INFO:root:42999
INFO:root:-0.5455138500000001
INFO:root:43002
INFO:root:Change direction
INFO:root:-0.3687967
INFO:root:42996
INFO:root:-0.4024441
INFO:root:42993
INFO:root:Over
INFO:root:Start Ystep (loss then pos)
INFO:root:-0.38605235000000004
INFO:root:80317
INFO:root:-0.38802194999999995
INFO:root:80314
INFO:root:-0.4053153
INFO:root:80311
INFO:root:Over
INFO:root:Scan update ends at: [-0.2511, 0.46415, 139.3629999999999, 2.5, 0.5, 0]
INFO:root:X change: -3; Y change: -3
INFO:root:Z optim starts at (pos then loss): 
INFO:root:[-0.2511, 0.46415, 139.3629999999999, 2.5, 0.5, 0]
INFO:root:-0.3950133
INFO:root:[-0.2511, 0.46415, 139.36449999999988, 2.5, 0.5, 0]
INFO:root:-0.3936153
INFO:root:[-0.2511, 0.46415, 139.36599999999987, 2.5, 0.5, 0]
INFO:root:-0.4142452
INFO:root:[-0.2511, 0.46415, 139.36429999999987, 2.5, 0.5, 0]
INFO:root:Z optim ends at: [-0.2511, 0.46415, 139.36429999999987, 2.5, 0.5, 0]
INFO:root:Change to Final_adjust
INFO:root:Scan update starts at: [-0.2511, 0.46415, 139.36429999999987, 2.5, 0.5, 0]
INFO:root:Start Tcounts: [43036, 80315, -22988, 26351, 95174, -39932]
INFO:root:Start Xstep (loss then pos)
INFO:root:-0.3719016
INFO:root:43036
INFO:root:-0.3649767
INFO:root:43033
INFO:root:-0.4161642
INFO:root:43030
INFO:root:Over
INFO:root:Start Ystep (loss then pos)
INFO:root:-0.3700281
INFO:root:80315
INFO:root:-0.3909339
INFO:root:80312
INFO:root:Change direction
INFO:root:-0.3702857
INFO:root:80318
INFO:root:-0.42357605
INFO:root:80321
INFO:root:Over
INFO:root:Scan update ends at: [-0.25125, 0.4643, 139.36429999999987, 2.5, 0.5, 0]
INFO:root:X change: -3; Y change: 3
INFO:root:Z optim starts at (pos then loss): 
INFO:root:[-0.25125, 0.4643, 139.36429999999987, 2.5, 0.5, 0]
INFO:root:-0.36728594999999997
INFO:root:[-0.25125, 0.4643, 139.36579999999987, 2.5, 0.5, 0]
INFO:root:-0.37617595000000004
INFO:root:[-0.25125, 0.4643, 139.36489999999986, 2.5, 0.5, 0]
INFO:root:-0.3728519
INFO:root:[-0.25125, 0.4643, 139.36453999999986, 2.5, 0.5, 0]
INFO:root:-0.3687705
INFO:root:[-0.25125, 0.4643, 139.36477999999985, 2.5, 0.5, 0]
INFO:root:-0.37548325
INFO:root:Z step is too small
INFO:root:Another Try
INFO:root:[-0.25125, 0.4643, 139.35229999999987, 2.5, 0.5, 0]
INFO:root:Change to Final_adjust
INFO:root:Scan update starts at: [-0.25125, 0.4643, 139.35229999999987, 2.5, 0.5, 0]
INFO:root:Start Tcounts: [42661, 80308, -23146, 26068, 94973, -39588]
INFO:root:Start Xstep (loss then pos)
INFO:root:-0.7974338
INFO:root:42661
INFO:root:-1.055776
INFO:root:42658
INFO:root:Change direction
INFO:root:-0.73205075
INFO:root:42664
INFO:root:-0.676599
INFO:root:42667
INFO:root:-0.6394829
INFO:root:42670
INFO:root:-0.6348735
INFO:root:42673
INFO:root:-0.640929
INFO:root:42676
INFO:root:Over
INFO:root:Start Ystep (loss then pos)
INFO:root:-0.6546583
INFO:root:80308
INFO:root:-0.6736268
INFO:root:80311
INFO:root:Change direction
INFO:root:-0.7149732
INFO:root:80305
INFO:root:Over
INFO:root:Scan update ends at: [-0.25065, 0.46435, 139.35229999999987, 2.5, 0.5, 0]
INFO:root:X change: 12; Y change: 1
INFO:root:Z optim starts at (pos then loss): 
INFO:root:[-0.25065, 0.46435, 139.35229999999987, 2.5, 0.5, 0]
INFO:root:-0.6507991
INFO:root:[-0.25065, 0.46435, 139.35379999999986, 2.5, 0.5, 0]
INFO:root:-0.57091965
INFO:root:[-0.25065, 0.46435, 139.35529999999986, 2.5, 0.5, 0]
INFO:root:-0.5370653
INFO:root:[-0.25065, 0.46435, 139.35679999999985, 2.5, 0.5, 0]
INFO:root:-0.51762205
INFO:root:[-0.25065, 0.46435, 139.35829999999984, 2.5, 0.5, 0]
INFO:root:-0.5131125
INFO:root:[-0.25065, 0.46435, 139.35979999999984, 2.5, 0.5, 0]
INFO:root:-0.53510635
INFO:root:[-0.25065, 0.46435, 139.35809999999984, 2.5, 0.5, 0]
INFO:root:Z optim ends at: [-0.25065, 0.46435, 139.35809999999984, 2.5, 0.5, 0]
INFO:root:Change to Final_adjust
INFO:root:Scan update starts at: [-0.25065, 0.46435, 139.35809999999984, 2.5, 0.5, 0]
INFO:root:Start Tcounts: [42853, 80314, -23080, 26207, 95060, -39752]
INFO:root:Start Xstep (loss then pos)
INFO:root:-0.4565362
INFO:root:42853
INFO:root:-0.60339035
INFO:root:42856
INFO:root:Change direction
INFO:root:-0.4485882
INFO:root:42850
INFO:root:-0.44621265
INFO:root:42847
INFO:root:-0.47442
INFO:root:42844
INFO:root:Over
INFO:root:Start Ystep (loss then pos)
INFO:root:-0.4520376
INFO:root:80314
INFO:root:-0.45892505
INFO:root:80311
INFO:root:Change direction
INFO:root:-0.5256171
INFO:root:80317
INFO:root:Over
INFO:root:Scan update ends at: [-0.25095, 0.4644, 139.35809999999984, 2.5, 0.5, 0]
INFO:root:X change: -6; Y change: 1
INFO:root:Z optim starts at (pos then loss): 
INFO:root:[-0.25095, 0.4644, 139.35809999999984, 2.5, 0.5, 0]
INFO:root:-0.4490852
INFO:root:[-0.25095, 0.4644, 139.35959999999983, 2.5, 0.5, 0]
INFO:root:-0.4281843
INFO:root:[-0.25095, 0.4644, 139.36109999999982, 2.5, 0.5, 0]
INFO:root:-0.44457185
INFO:root:[-0.25095, 0.4644, 139.35939999999982, 2.5, 0.5, 0]
INFO:root:Z optim ends at: [-0.25095, 0.4644, 139.35939999999982, 2.5, 0.5, 0]
INFO:root:Change to Final_adjust
INFO:root:Scan update starts at: [-0.25095, 0.4644, 139.35939999999982, 2.5, 0.5, 0]
INFO:root:Start Tcounts: [42887, 80316, -23057, 26239, 95088, -39788]
INFO:root:Start Xstep (loss then pos)
INFO:root:-0.4195878
INFO:root:42887
INFO:root:-0.4229365
INFO:root:42884
INFO:root:Change direction
INFO:root:-0.4874197
INFO:root:42890
INFO:root:Over
INFO:root:Start Ystep (loss then pos)
INFO:root:-0.417422
INFO:root:80316
INFO:root:-0.5347464
INFO:root:80319
INFO:root:Change direction
INFO:root:-0.4247539
INFO:root:80313
INFO:root:-0.451672
INFO:root:80310
INFO:root:Over
INFO:root:Scan update ends at: [-0.2509, 0.46425, 139.35939999999982, 2.5, 0.5, 0]
INFO:root:X change: 1; Y change: -3
INFO:root:Z optim starts at (pos then loss): 
INFO:root:[-0.2509, 0.46425, 139.35939999999982, 2.5, 0.5, 0]
INFO:root:-0.4184462
INFO:root:[-0.2509, 0.46425, 139.36089999999982, 2.5, 0.5, 0]
INFO:root:-0.4622714
INFO:root:[-0.2509, 0.46425, 139.35999999999981, 2.5, 0.5, 0]
INFO:root:-0.4095322
INFO:root:[-0.2509, 0.46425, 139.3605999999998, 2.5, 0.5, 0]
INFO:root:-0.460944
INFO:root:[-0.2509, 0.46425, 139.3597999999998, 2.5, 0.5, 0]
INFO:root:Z optim ends at: [-0.2509, 0.46425, 139.3597999999998, 2.5, 0.5, 0]
INFO:root:Change to Final_adjust
INFO:root:Scan update starts at: [-0.2509, 0.46425, 139.3597999999998, 2.5, 0.5, 0]
INFO:root:Start Tcounts: [42901, 80313, -23053, 26245, 95094, -39802]
INFO:root:Start Xstep (loss then pos)
INFO:root:-0.4167337
INFO:root:42901
INFO:root:-0.4950164
INFO:root:42904
INFO:root:Change direction
INFO:root:-0.41270385
INFO:root:42898
INFO:root:-0.4572953
INFO:root:42895
INFO:root:Over
INFO:root:Start Ystep (loss then pos)
INFO:root:-0.425689
INFO:root:80313
INFO:root:-0.43736430000000004
INFO:root:80310
INFO:root:Change direction
INFO:root:-0.43453319999999995
INFO:root:80316
INFO:root:-0.5081312
INFO:root:80319
INFO:root:Over
INFO:root:Scan update ends at: [-0.25105, 0.4644, 139.3597999999998, 2.5, 0.5, 0]
INFO:root:X change: -3; Y change: 3
INFO:root:Z optim starts at (pos then loss): 
INFO:root:[-0.25105, 0.4644, 139.3597999999998, 2.5, 0.5, 0]
INFO:root:-0.4352273
INFO:root:[-0.25105, 0.4644, 139.3612999999998, 2.5, 0.5, 0]
INFO:root:-0.4211959
INFO:root:[-0.25105, 0.4644, 139.3627999999998, 2.5, 0.5, 0]
INFO:root:-0.4077722
INFO:root:[-0.25105, 0.4644, 139.3642999999998, 2.5, 0.5, 0]
INFO:root:-0.4372554
INFO:root:[-0.25105, 0.4644, 139.3625999999998, 2.5, 0.5, 0]
INFO:root:Z optim ends at: [-0.25105, 0.4644, 139.3625999999998, 2.5, 0.5, 0]
INFO:root:Change to Final_adjust
INFO:root:Scan update starts at: [-0.25105, 0.4644, 139.3625999999998, 2.5, 0.5, 0]
INFO:root:Start Tcounts: [42985, 80319, -23012, 26315, 95144, -39878]
INFO:root:Start Xstep (loss then pos)
INFO:root:-0.3839286
INFO:root:42985
INFO:root:-0.3834643
INFO:root:42982
INFO:root:-0.4302131
INFO:root:42979
INFO:root:Over
INFO:root:Start Ystep (loss then pos)
INFO:root:-0.3990088
INFO:root:80319
INFO:root:-0.4858385
INFO:root:80322
INFO:root:Change direction
INFO:root:-0.39199315
INFO:root:80316
INFO:root:-0.4041513
INFO:root:80313
INFO:root:Over
INFO:root:Scan update ends at: [-0.2512, 0.46425, 139.3625999999998, 2.5, 0.5, 0]
INFO:root:X change: -3; Y change: -3
INFO:root:Z optim starts at (pos then loss): 
INFO:root:[-0.2512, 0.46425, 139.3625999999998, 2.5, 0.5, 0]
INFO:root:-0.3905221
INFO:root:[-0.2512, 0.46425, 139.36409999999978, 2.5, 0.5, 0]
INFO:root:-0.3929439
INFO:root:[-0.2512, 0.46425, 139.36319999999978, 2.5, 0.5, 0]
INFO:root:-0.3685916
INFO:root:[-0.2512, 0.46425, 139.36379999999977, 2.5, 0.5, 0]
INFO:root:-0.4023934
INFO:root:[-0.2512, 0.46425, 139.36299999999977, 2.5, 0.5, 0]
INFO:root:Z optim ends at: [-0.2512, 0.46425, 139.36299999999977, 2.5, 0.5, 0]
INFO:root:Change to Final_adjust
INFO:root:Scan update starts at: [-0.2512, 0.46425, 139.36299999999977, 2.5, 0.5, 0]
INFO:root:Start Tcounts: [42994, 80316, -23004, 26322, 95154, -39893]
INFO:root:Start Xstep (loss then pos)
INFO:root:-0.3721069
INFO:root:42994
INFO:root:-0.3730811
INFO:root:42991
INFO:root:-0.42572560000000004
INFO:root:42988
INFO:root:Over
INFO:root:Start Ystep (loss then pos)
INFO:root:-0.3679264
INFO:root:80316
INFO:root:-0.3915789
INFO:root:80313
INFO:root:Change direction
INFO:root:-0.4158267
INFO:root:80319
INFO:root:Over
INFO:root:Scan update ends at: [-0.25134999999999996, 0.4643, 139.36299999999977, 2.5, 0.5, 0]
INFO:root:X change: -3; Y change: 1
INFO:root:Z optim starts at (pos then loss): 
INFO:root:[-0.25134999999999996, 0.4643, 139.36299999999977, 2.5, 0.5, 0]
INFO:root:-0.370541
INFO:root:[-0.25134999999999996, 0.4643, 139.36449999999977, 2.5, 0.5, 0]
INFO:root:-0.3601887
INFO:root:[-0.25134999999999996, 0.4643, 139.36599999999976, 2.5, 0.5, 0]
INFO:root:-0.3863734
INFO:root:[-0.25134999999999996, 0.4643, 139.36429999999976, 2.5, 0.5, 0]
INFO:root:Z optim ends at: [-0.25134999999999996, 0.4643, 139.36429999999976, 2.5, 0.5, 0]
INFO:root:Change to Final_adjust
INFO:root:Scan update starts at: [-0.25134999999999996, 0.4643, 139.36429999999976, 2.5, 0.5, 0]
INFO:root:Start Tcounts: [43031, 80318, -22983, 26354, 95179, -39929]
INFO:root:Start Xstep (loss then pos)
INFO:root:-0.3740842
INFO:root:43031
INFO:root:-0.37854129999999997
INFO:root:43028
INFO:root:Change direction
INFO:root:-0.3946462
INFO:root:43034
INFO:root:Over
INFO:root:Start Ystep (loss then pos)
INFO:root:-0.3641568
INFO:root:80318
INFO:root:-0.46533800000000003
INFO:root:80321
INFO:root:Change direction
INFO:root:-0.3865248
INFO:root:80315
INFO:root:-0.41675655
INFO:root:80312
INFO:root:Over
INFO:root:Scan update ends at: [-0.25129999999999997, 0.46415, 139.36429999999976, 2.5, 0.5, 0]
INFO:root:X change: 1; Y change: -3
INFO:root:Z optim starts at (pos then loss): 
INFO:root:[-0.25129999999999997, 0.46415, 139.36429999999976, 2.5, 0.5, 0]
INFO:root:-0.3721069
INFO:root:[-0.25129999999999997, 0.46415, 139.36579999999975, 2.5, 0.5, 0]
INFO:root:-0.4023163
INFO:root:[-0.25129999999999997, 0.46415, 139.36489999999975, 2.5, 0.5, 0]
INFO:root:-0.3717988
INFO:root:[-0.25129999999999997, 0.46415, 139.36549999999974, 2.5, 0.5, 0]
INFO:root:-0.4018134
INFO:root:[-0.25129999999999997, 0.46415, 139.36469999999974, 2.5, 0.5, 0]
INFO:root:Z optim ends at: [-0.25129999999999997, 0.46415, 139.36469999999974, 2.5, 0.5, 0]
INFO:root:Change to Final_adjust
INFO:root:Scan update starts at: [-0.25129999999999997, 0.46415, 139.36469999999974, 2.5, 0.5, 0]
INFO:root:Start Tcounts: [43045, 80315, -22979, 26360, 95185, -39943]
INFO:root:Start Xstep (loss then pos)
INFO:root:-0.38312444999999995
INFO:root:43045
INFO:root:-0.4396911
INFO:root:43048
INFO:root:Change direction
INFO:root:-0.3717726
INFO:root:43042
INFO:root:-0.39975075000000004
INFO:root:43039
INFO:root:Over
INFO:root:Start Ystep (loss then pos)
INFO:root:-0.3680288
INFO:root:80315
INFO:root:-0.41585415
INFO:root:80312
INFO:root:Change direction
INFO:root:-0.37116285
INFO:root:80318
INFO:root:-0.4280708
INFO:root:80321
INFO:root:Over
INFO:root:Scan update ends at: [-0.25144999999999995, 0.4643, 139.36469999999974, 2.5, 0.5, 0]
INFO:root:X change: -3; Y change: 3
INFO:root:Z optim starts at (pos then loss): 
INFO:root:[-0.25144999999999995, 0.4643, 139.36469999999974, 2.5, 0.5, 0]
INFO:root:-0.3612887
INFO:root:[-0.25144999999999995, 0.4643, 139.36619999999974, 2.5, 0.5, 0]
INFO:root:-0.3665406
INFO:root:[-0.25144999999999995, 0.4643, 139.36529999999973, 2.5, 0.5, 0]
INFO:root:-0.3797868
INFO:root:[-0.25144999999999995, 0.4643, 139.36493999999973, 2.5, 0.5, 0]
INFO:root:-0.3590627
INFO:root:[-0.25144999999999995, 0.4643, 139.36517999999973, 2.5, 0.5, 0]
INFO:root:-0.3663355
INFO:root:Z step is too small
INFO:root:Scan update starts at: [-0.25144999999999995, 0.4643, 139.36469999999974, 2.5, 0.5, 0]
INFO:root:Start Tcounts: [43042, 80318, -22976, 26363, 95188, -39940]
INFO:root:Start Xstep (loss then pos)
INFO:root:-0.3649531
INFO:root:43042
INFO:root:-0.5404251
INFO:root:43039
INFO:root:Change direction
INFO:root:-0.3598815
INFO:root:43045
INFO:root:-0.35912715
INFO:root:43048
INFO:root:-0.3972266
INFO:root:43051
INFO:root:Over
INFO:root:Start Ystep (loss then pos)
INFO:root:-0.3594724
INFO:root:80318
INFO:root:-0.4154036
INFO:root:80321
INFO:root:Change direction
INFO:root:-0.38543105
INFO:root:80315
INFO:root:-0.416268
INFO:root:80312
INFO:root:Over
INFO:root:Scan update ends at: [-0.25114999999999993, 0.46415, 139.36469999999974, 2.5, 0.5, 0]
INFO:root:X change: 6; Y change: -3
INFO:root:Curing Active Alignment Starts
INFO:root:-0.4528565
INFO:root:Scan update starts at: [-0.25114999999999993, 0.46415, 139.36469999999974, 2.5, 0.5, 0]
INFO:root:Start Tcounts: [43048, 80315, -22982, 26360, 95182, -39943]
INFO:root:Start Xstep (loss then pos)
INFO:root:-0.4700863
INFO:root:43048
INFO:root:-0.538985
INFO:root:43038
INFO:root:Change direction
INFO:root:-0.550816
INFO:root:43058
INFO:root:Over
INFO:root:Start Ystep (loss then pos)
INFO:root:-0.4469958
INFO:root:80315
INFO:root:-1.0572133
INFO:root:80305
INFO:root:Change direction
INFO:root:-0.5197986
INFO:root:80325
INFO:root:-0.743926
INFO:root:80335
INFO:root:Over
INFO:root:Scan update ends at: [-0.25109999999999993, 0.46465, 139.36469999999974, 2.5, 0.5, 0]
INFO:root:X change: 1; Y change: 10
INFO:root:Start Zstep (loss then pos)
INFO:root:-0.36537580000000003
INFO:root:[-0.25109999999999993, 0.46465, 139.36419999999976, 2.5, 0.5, 0]
INFO:root:-0.362749
INFO:root:[-0.25109999999999993, 0.46465, 139.36369999999977, 2.5, 0.5, 0]
INFO:root:-0.3625177
INFO:root:[-0.25109999999999993, 0.46465, 139.36319999999978, 2.5, 0.5, 0]
INFO:root:-0.36191765
INFO:root:[-0.25109999999999993, 0.46465, 139.3626999999998, 2.5, 0.5, 0]
INFO:root:-0.380789
INFO:root:Over
INFO:root:[-0.25109999999999993, 0.46465, 139.36339999999979, 2.5, 0.5, 0]
INFO:root:Scan update starts at: [-0.25109999999999993, 0.46465, 139.36339999999979, 2.5, 0.5, 0]
INFO:root:Start Tcounts: [43008, 80324, -23000, 26339, 95159, -39896]
INFO:root:Start Xstep (loss then pos)
INFO:root:-0.3589472
INFO:root:43008
INFO:root:-0.36070064999999996
INFO:root:43012
INFO:root:-0.4272393
INFO:root:43016
INFO:root:Over
INFO:root:Start Ystep (loss then pos)
INFO:root:-0.3646694
INFO:root:80324
INFO:root:-0.4409677
INFO:root:80328
INFO:root:Change direction
INFO:root:-0.39923085
INFO:root:80320
INFO:root:-0.47251395
INFO:root:80316
INFO:root:Over
INFO:root:Scan update ends at: [-0.25089999999999996, 0.46445000000000003, 139.36339999999979, 2.5, 0.5, 0]
INFO:root:X change: 4; Y change: -4
INFO:root:-0.36602815
INFO:root:-0.3631849
INFO:root:-0.3633518
INFO:root:-0.3628251
INFO:root:-0.36233915
INFO:root:-0.362058
INFO:root:-0.3614948
INFO:root:-0.3614174
INFO:root:-0.36082795
INFO:root:-0.3609816
INFO:root:-0.36129
INFO:root:-0.3620844
INFO:root:-0.36254410000000004
INFO:root:-0.3636447
INFO:root:-0.3652855
INFO:root:-0.3666959
INFO:root:-0.3690284
INFO:root:-0.3715673
INFO:root:-0.3744161
INFO:root:-0.3773192
INFO:root:-0.3815879
INFO:root:-0.3859615
INFO:root:-0.3910108
INFO:root:Scan update starts at: [-0.25089999999999996, 0.46445000000000003, 139.36339999999979, 2.5, 0.5, 0]
INFO:root:Start Tcounts: [43012, 80320, -23004, 26335, 95155, -39900]
INFO:root:Start Xstep (loss then pos)
INFO:root:-0.3920419
INFO:root:43012
INFO:root:-0.5282502
INFO:root:43016
INFO:root:Change direction
INFO:root:-0.4108258
INFO:root:43008
INFO:root:-0.4492416
INFO:root:43004
INFO:root:Over
INFO:root:Start Ystep (loss then pos)
INFO:root:-0.4313052
INFO:root:80320
INFO:root:-0.6413955
INFO:root:80316
INFO:root:Change direction
INFO:root:-0.4758652
INFO:root:80324
INFO:root:-0.3660543
INFO:root:80328
INFO:root:-0.3711306
INFO:root:80332
INFO:root:Over
INFO:root:Scan update ends at: [-0.25109999999999993, 0.46485000000000004, 139.36339999999979, 2.5, 0.5, 0]
INFO:root:X change: -4; Y change: 8
INFO:root:-0.4209371
INFO:root:Scan update starts at: [-0.25109999999999993, 0.46485000000000004, 139.36339999999979, 2.5, 0.5, 0]
INFO:root:Start Tcounts: [43008, 80328, -23000, 26343, 95159, -39892]
INFO:root:Start Xstep (loss then pos)
INFO:root:-0.4219754
INFO:root:43008
INFO:root:-0.500908
INFO:root:43004
INFO:root:Change direction
INFO:root:-0.4748926
INFO:root:43012
INFO:root:-0.6346278999999999
INFO:root:43016
INFO:root:Over
INFO:root:Start Ystep (loss then pos)
INFO:root:-0.4786262
INFO:root:80328
INFO:root:-0.3667983
INFO:root:80332
INFO:root:-0.397588
INFO:root:80336
INFO:root:Over
INFO:root:Scan update ends at: [-0.25089999999999996, 0.46505, 139.36339999999979, 2.5, 0.5, 0]
INFO:root:X change: 4; Y change: 4
INFO:root:-0.4190426
INFO:root:Scan update starts at: [-0.25089999999999996, 0.46505, 139.36339999999979, 2.5, 0.5, 0]
INFO:root:Start Tcounts: [43012, 80332, -23004, 26347, 95155, -39888]
INFO:root:Start Xstep (loss then pos)
INFO:root:-0.4197954
INFO:root:43012
INFO:root:-0.534986
INFO:root:43016
INFO:root:Change direction
INFO:root:-0.4437331
INFO:root:43008
INFO:root:-0.4982155
INFO:root:43004
INFO:root:Over
INFO:root:Start Ystep (loss then pos)
INFO:root:-0.497631
INFO:root:80332
INFO:root:-0.3762535
INFO:root:80336
INFO:root:-0.3771401
INFO:root:80340
INFO:root:-0.4075434
INFO:root:80344
INFO:root:Over
INFO:root:Scan update ends at: [-0.25109999999999993, 0.46545000000000003, 139.36339999999979, 2.5, 0.5, 0]
INFO:root:X change: -4; Y change: 8
INFO:root:-0.4108784
INFO:root:Scan update starts at: [-0.25109999999999993, 0.46545000000000003, 139.36339999999979, 2.5, 0.5, 0]
INFO:root:Start Tcounts: [43008, 80340, -23000, 26355, 95159, -39880]
INFO:root:Start Xstep (loss then pos)
INFO:root:-0.4121991
INFO:root:43008
INFO:root:-0.4629003
INFO:root:43004
INFO:root:Change direction
INFO:root:-0.5088994
INFO:root:43012
INFO:root:Over
INFO:root:Start Ystep (loss then pos)
INFO:root:-0.46088304999999996
INFO:root:80340
INFO:root:-0.37073685
INFO:root:80344
INFO:root:-0.3954698
INFO:root:80348
INFO:root:Over
INFO:root:Scan update ends at: [-0.25104999999999994, 0.46565, 139.36339999999979, 2.5, 0.5, 0]
INFO:root:X change: 1; Y change: 4
INFO:root:-0.40665945
INFO:root:Scan update starts at: [-0.25104999999999994, 0.46565, 139.36339999999979, 2.5, 0.5, 0]
INFO:root:Start Tcounts: [43009, 80344, -23001, 26359, 95158, -39876]
INFO:root:Start Xstep (loss then pos)
INFO:root:-0.4074093
INFO:root:43009
INFO:root:-0.5294392
INFO:root:43013
INFO:root:Change direction
INFO:root:-0.45938965
INFO:root:43005
INFO:root:-0.50295595
INFO:root:43001
INFO:root:Over
INFO:root:Start Ystep (loss then pos)
INFO:root:-0.4837578
INFO:root:80344
INFO:root:-0.3717225
INFO:root:80348
INFO:root:-0.3772165
INFO:root:80352
INFO:root:Over
INFO:root:Scan update ends at: [-0.2512499999999999, 0.46585, 139.36339999999979, 2.5, 0.5, 0]
INFO:root:X change: -4; Y change: 4
INFO:root:-0.4720818
INFO:root:Scan update starts at: [-0.2512499999999999, 0.46585, 139.36339999999979, 2.5, 0.5, 0]
INFO:root:Start Tcounts: [43005, 80348, -22997, 26363, 95162, -39872]
INFO:root:Start Xstep (loss then pos)
INFO:root:-0.4756815
INFO:root:43005
INFO:root:-0.5633084500000001
INFO:root:43001
INFO:root:Change direction
INFO:root:-0.5801708
INFO:root:43009
INFO:root:Over
INFO:root:Start Ystep (loss then pos)
INFO:root:-0.6234636
INFO:root:80348
INFO:root:-0.4233257
INFO:root:80352
INFO:root:-0.37603605
INFO:root:80356
INFO:root:-0.38730454999999997
INFO:root:80360
INFO:root:Over
INFO:root:Scan update ends at: [-0.2511999999999999, 0.46625, 139.36339999999979, 2.5, 0.5, 0]
INFO:root:X change: 1; Y change: 8
INFO:root:-0.4401598
INFO:root:Scan update starts at: [-0.2511999999999999, 0.46625, 139.36339999999979, 2.5, 0.5, 0]
INFO:root:Start Tcounts: [43006, 80356, -22998, 26371, 95161, -39864]
INFO:root:Start Xstep (loss then pos)
INFO:root:-0.4425073
INFO:root:43006
INFO:root:-0.5208874
INFO:root:43010
INFO:root:Change direction
INFO:root:-0.4862076
INFO:root:43002
INFO:root:-0.612248
INFO:root:42998
INFO:root:Over
INFO:root:Start Ystep (loss then pos)
INFO:root:-0.5362387
INFO:root:80356
INFO:root:-0.4006101
INFO:root:80360
INFO:root:-0.3758542
INFO:root:80364
INFO:root:-0.3799158
INFO:root:80368
INFO:root:Over
INFO:root:Scan update ends at: [-0.2513999999999999, 0.46665, 139.36339999999979, 2.5, 0.5, 0]
INFO:root:X change: -4; Y change: 8
INFO:root:-0.4367463
INFO:root:Scan update starts at: [-0.2513999999999999, 0.46665, 139.36339999999979, 2.5, 0.5, 0]
INFO:root:Start Tcounts: [43002, 80364, -22994, 26379, 95165, -39856]
INFO:root:Start Xstep (loss then pos)
INFO:root:-0.4386738
INFO:root:43002
INFO:root:-0.5386112
INFO:root:42998
INFO:root:Change direction
INFO:root:-0.5278245
INFO:root:43006
INFO:root:-0.8124583
INFO:root:43010
INFO:root:Over
INFO:root:Start Ystep (loss then pos)
INFO:root:-0.60359165
INFO:root:80364
INFO:root:-0.45801064999999996
INFO:root:80368
INFO:root:-0.3922097
INFO:root:80372
INFO:root:-0.4138306
INFO:root:80376
INFO:root:Over
INFO:root:Scan update ends at: [-0.2511999999999999, 0.46705, 139.36339999999979, 2.5, 0.5, 0]
INFO:root:X change: 4; Y change: 8
INFO:root:Start Zstep (loss then pos)
INFO:root:-0.4522944
INFO:root:[-0.2511999999999999, 0.46705, 139.3628999999998, 2.5, 0.5, 0]
INFO:root:-0.4747876
INFO:root:Change direction
INFO:root:[-0.2511999999999999, 0.46705, 139.36409999999978, 2.5, 0.5, 0]
INFO:root:-0.5502537
INFO:root:Over
INFO:root:[-0.2511999999999999, 0.46705, 139.36339999999979, 2.5, 0.5, 0]
INFO:root:-0.5635644
INFO:root:Scan update starts at: [-0.2511999999999999, 0.46705, 139.36339999999979, 2.5, 0.5, 0]
INFO:root:Start Tcounts: [43006, 80372, -22998, 26387, 95161, -39848]
INFO:root:Start Xstep (loss then pos)
INFO:root:-0.5696293
INFO:root:43006
INFO:root:-0.8900088
INFO:root:43010
INFO:root:Change direction
INFO:root:-0.6496747
INFO:root:43002
INFO:root:-0.6865739
INFO:root:42998
INFO:root:Over
INFO:root:Start Ystep (loss then pos)
INFO:root:-0.7233441
INFO:root:80372
INFO:root:-0.5226939
INFO:root:80376
INFO:root:-0.4705591
INFO:root:80380
INFO:root:-0.4381011
INFO:root:80384
INFO:root:-0.4095322
INFO:root:80388
INFO:root:-0.4181351
INFO:root:80392
INFO:root:Over
INFO:root:Scan update ends at: [-0.2513999999999999, 0.46785000000000004, 139.36339999999979, 2.5, 0.5, 0]
INFO:root:X change: -4; Y change: 16
INFO:root:Start Zstep (loss then pos)
INFO:root:-0.4516455
INFO:root:[-0.2513999999999999, 0.46785000000000004, 139.3628999999998, 2.5, 0.5, 0]
INFO:root:-0.4525867
INFO:root:[-0.2513999999999999, 0.46785000000000004, 139.3623999999998, 2.5, 0.5, 0]
INFO:root:-0.465194
INFO:root:Over
INFO:root:[-0.2513999999999999, 0.46785000000000004, 139.3630999999998, 2.5, 0.5, 0]
INFO:root:-0.4859968
INFO:root:Scan update starts at: [-0.2513999999999999, 0.46785000000000004, 139.3630999999998, 2.5, 0.5, 0]
INFO:root:Start Tcounts: [42993, 80388, -22998, 26396, 95160, -39823]
INFO:root:Start Xstep (loss then pos)
INFO:root:-0.4888168
INFO:root:42993
INFO:root:-0.542694
INFO:root:42989
INFO:root:Change direction
INFO:root:-0.6182191
INFO:root:42997
INFO:root:Over
INFO:root:Start Ystep (loss then pos)
INFO:root:-0.6127083
INFO:root:80388
INFO:root:-0.4420636
INFO:root:80392
INFO:root:-0.398234
INFO:root:80396
INFO:root:-0.3903922
INFO:root:80400
INFO:root:-0.42063995
INFO:root:80404
INFO:root:Over
INFO:root:Scan update ends at: [-0.2513499999999999, 0.46845000000000003, 139.3630999999998, 2.5, 0.5, 0]
INFO:root:X change: 1; Y change: 12
INFO:root:Start Zstep (loss then pos)
INFO:root:-0.4410469
INFO:root:[-0.2513499999999999, 0.46845000000000003, 139.36259999999982, 2.5, 0.5, 0]
INFO:root:-0.4459516
INFO:root:Change direction
INFO:root:[-0.2513499999999999, 0.46845000000000003, 139.3637999999998, 2.5, 0.5, 0]
INFO:root:-0.48934415
INFO:root:Over
INFO:root:[-0.2513499999999999, 0.46845000000000003, 139.3630999999998, 2.5, 0.5, 0]
INFO:root:-0.5333611
INFO:root:Scan update starts at: [-0.2513499999999999, 0.46845000000000003, 139.3630999999998, 2.5, 0.5, 0]
INFO:root:Start Tcounts: [42994, 80400, -22999, 26408, 95159, -39811]
INFO:root:Start Xstep (loss then pos)
INFO:root:-0.5370116
INFO:root:42994
INFO:root:-0.7064006
INFO:root:42998
INFO:root:Change direction
INFO:root:-0.5738214
INFO:root:42990
INFO:root:-0.6669463
INFO:root:42986
INFO:root:Over
INFO:root:Start Ystep (loss then pos)
INFO:root:-0.7019994
INFO:root:80400
INFO:root:-0.5014922
INFO:root:80404
INFO:root:-0.4387779
INFO:root:80408
INFO:root:-0.4117846
INFO:root:80412
INFO:root:-0.40266525
INFO:root:80416
INFO:root:-0.4361475
INFO:root:80420
INFO:root:Over
INFO:root:Scan update ends at: [-0.2515499999999999, 0.46925000000000006, 139.3630999999998, 2.5, 0.5, 0]
INFO:root:X change: -4; Y change: 16
INFO:root:Start Zstep (loss then pos)
INFO:root:-0.4323722
INFO:root:[-0.2515499999999999, 0.46925000000000006, 139.36259999999982, 2.5, 0.5, 0]
INFO:root:-0.4202106
INFO:root:[-0.2515499999999999, 0.46925000000000006, 139.36209999999983, 2.5, 0.5, 0]
INFO:root:-0.4381666
INFO:root:Over
INFO:root:[-0.2515499999999999, 0.46925000000000006, 139.36279999999982, 2.5, 0.5, 0]
INFO:root:-0.4356001
INFO:root:Scan update starts at: [-0.2515499999999999, 0.46925000000000006, 139.36279999999982, 2.5, 0.5, 0]
INFO:root:Start Tcounts: [42981, 80416, -22999, 26417, 95158, -39787]
INFO:root:Start Xstep (loss then pos)
INFO:root:-0.4378663
INFO:root:42981
INFO:root:-0.5230924
INFO:root:42977
INFO:root:Change direction
INFO:root:-0.5243333
INFO:root:42985
INFO:root:-0.575246
INFO:root:42989
INFO:root:Over
INFO:root:Start Ystep (loss then pos)
INFO:root:-0.55675825
INFO:root:80416
INFO:root:-0.42241905
INFO:root:80420
INFO:root:-0.39988705
INFO:root:80424
INFO:root:-0.4077987
INFO:root:80428
INFO:root:Over
INFO:root:Scan update ends at: [-0.2513499999999999, 0.46965000000000007, 139.36279999999982, 2.5, 0.5, 0]
INFO:root:X change: 4; Y change: 8
INFO:root:Start Zstep (loss then pos)
INFO:root:-0.4600708
INFO:root:[-0.2513499999999999, 0.46965000000000007, 139.36229999999983, 2.5, 0.5, 0]
INFO:root:-0.4644466
INFO:root:Change direction
INFO:root:[-0.2513499999999999, 0.46965000000000007, 139.36349999999982, 2.5, 0.5, 0]
INFO:root:-0.527346
INFO:root:Over
INFO:root:[-0.2513499999999999, 0.46965000000000007, 139.36279999999982, 2.5, 0.5, 0]
INFO:root:-0.5213652
INFO:root:Scan update starts at: [-0.2513499999999999, 0.46965000000000007, 139.36279999999982, 2.5, 0.5, 0]
INFO:root:Start Tcounts: [42985, 80424, -23003, 26425, 95154, -39779]
INFO:root:Start Xstep (loss then pos)
INFO:root:-0.5250326
INFO:root:42985
INFO:root:-0.6847817
INFO:root:42989
INFO:root:Change direction
INFO:root:-0.52798435
INFO:root:42981
INFO:root:-0.5653899
INFO:root:42977
INFO:root:Over
INFO:root:Start Ystep (loss then pos)
INFO:root:-0.6086425
INFO:root:80424
INFO:root:-0.4939605
INFO:root:80428
INFO:root:-0.433309
INFO:root:80432
INFO:root:-0.4151784
INFO:root:80436
INFO:root:-0.423949
INFO:root:80440
INFO:root:Over
INFO:root:Scan update ends at: [-0.2515499999999999, 0.47025000000000006, 139.36279999999982, 2.5, 0.5, 0]
INFO:root:X change: -4; Y change: 12
INFO:root:Start Zstep (loss then pos)
INFO:root:-0.4495032
INFO:root:[-0.2515499999999999, 0.47025000000000006, 139.36229999999983, 2.5, 0.5, 0]
INFO:root:-0.4339074
INFO:root:[-0.2515499999999999, 0.47025000000000006, 139.36179999999985, 2.5, 0.5, 0]
INFO:root:-0.4384659
INFO:root:Over
INFO:root:[-0.2515499999999999, 0.47025000000000006, 139.36249999999984, 2.5, 0.5, 0]
INFO:root:-0.4500258
INFO:root:Scan update starts at: [-0.2515499999999999, 0.47025000000000006, 139.36249999999984, 2.5, 0.5, 0]
INFO:root:Start Tcounts: [42971, 80436, -23003, 26430, 95153, -39758]
INFO:root:Start Xstep (loss then pos)
INFO:root:-0.4504439
INFO:root:42971
INFO:root:-0.5042667
INFO:root:42967
INFO:root:Change direction
INFO:root:-0.5409585
INFO:root:42975
INFO:root:Over
INFO:root:Start Ystep (loss then pos)
INFO:root:-0.5321364
INFO:root:80436
INFO:root:-0.4175126
INFO:root:80440
INFO:root:-0.4030908
INFO:root:80444
INFO:root:-0.420003
INFO:root:80448
INFO:root:Over
INFO:root:Scan update ends at: [-0.2514999999999999, 0.47065000000000007, 139.36249999999984, 2.5, 0.5, 0]
INFO:root:X change: 1; Y change: 8
INFO:root:Start Zstep (loss then pos)
INFO:root:-0.4338561
INFO:root:[-0.2514999999999999, 0.47065000000000007, 139.36199999999985, 2.5, 0.5, 0]
INFO:root:-0.43803595
INFO:root:Change direction
INFO:root:[-0.2514999999999999, 0.47065000000000007, 139.36319999999984, 2.5, 0.5, 0]
INFO:root:-0.46967985
INFO:root:Over
INFO:root:[-0.2514999999999999, 0.47065000000000007, 139.36249999999984, 2.5, 0.5, 0]
INFO:root:-0.4648133
INFO:root:Scan update starts at: [-0.2514999999999999, 0.47065000000000007, 139.36249999999984, 2.5, 0.5, 0]
INFO:root:Start Tcounts: [42972, 80444, -23004, 26438, 95152, -39750]
INFO:root:Start Xstep (loss then pos)
INFO:root:-0.4673309
INFO:root:42972
INFO:root:-0.67287705
INFO:root:42976
INFO:root:Change direction
INFO:root:-0.5029442
INFO:root:42968
INFO:root:-0.5643418
INFO:root:42964
INFO:root:Over
INFO:root:Start Ystep (loss then pos)
INFO:root:-0.5575869
INFO:root:80444
INFO:root:-0.4523526
INFO:root:80448
INFO:root:-0.4201332
INFO:root:80452
INFO:root:-0.4084197
INFO:root:80456
INFO:root:-0.4301623
INFO:root:80460
INFO:root:Over
INFO:root:Scan update ends at: [-0.25169999999999987, 0.47125000000000006, 139.36249999999984, 2.5, 0.5, 0]
INFO:root:X change: -4; Y change: 12
INFO:root:Start Zstep (loss then pos)
INFO:root:-0.4398422
INFO:root:[-0.25169999999999987, 0.47125000000000006, 139.36199999999985, 2.5, 0.5, 0]
INFO:root:-0.4406547
INFO:root:[-0.25169999999999987, 0.47125000000000006, 139.36149999999986, 2.5, 0.5, 0]
INFO:root:-0.4555163
INFO:root:Over
INFO:root:[-0.25169999999999987, 0.47125000000000006, 139.36219999999986, 2.5, 0.5, 0]
INFO:root:-0.4690892
INFO:root:Scan update starts at: [-0.25169999999999987, 0.47125000000000006, 139.36219999999986, 2.5, 0.5, 0]
INFO:root:Start Tcounts: [42959, 80455, -23004, 26443, 95151, -39730]
INFO:root:Start Xstep (loss then pos)
INFO:root:-0.47069
INFO:root:42959
INFO:root:-0.5787178
INFO:root:42955
INFO:root:Change direction
INFO:root:-0.5504411
INFO:root:42963
INFO:root:-0.61927065
INFO:root:42967
INFO:root:Over
INFO:root:Start Ystep (loss then pos)
INFO:root:-0.5860166
INFO:root:80455
INFO:root:-0.4290163
INFO:root:80459
INFO:root:-0.4075917
INFO:root:80463
INFO:root:-0.4278722
INFO:root:80467
INFO:root:Over
INFO:root:Scan update ends at: [-0.2514999999999999, 0.47165000000000007, 139.36219999999986, 2.5, 0.5, 0]
INFO:root:X change: 4; Y change: 8
INFO:root:Start Zstep (loss then pos)
INFO:root:-0.4360434
INFO:root:[-0.2514999999999999, 0.47165000000000007, 139.36169999999987, 2.5, 0.5, 0]
INFO:root:-0.46342459999999996
INFO:root:Change direction
INFO:root:[-0.2514999999999999, 0.47165000000000007, 139.36289999999985, 2.5, 0.5, 0]
INFO:root:-0.4966802
INFO:root:Over
INFO:root:[-0.2514999999999999, 0.47165000000000007, 139.36219999999986, 2.5, 0.5, 0]
INFO:root:-0.5360255
INFO:root:Scan update starts at: [-0.2514999999999999, 0.47165000000000007, 139.36219999999986, 2.5, 0.5, 0]
INFO:root:Start Tcounts: [42963, 80463, -23008, 26451, 95147, -39722]
INFO:root:Start Xstep (loss then pos)
INFO:root:-0.5395987
INFO:root:42963
INFO:root:-0.6706834
INFO:root:42967
INFO:root:Change direction
INFO:root:-0.546699
INFO:root:42959
INFO:root:-0.6115417
INFO:root:42955
INFO:root:Over
INFO:root:Start Ystep (loss then pos)
INFO:root:-0.6031705
INFO:root:80463
INFO:root:-0.4590753
INFO:root:80467
INFO:root:-0.41620314999999997
INFO:root:80471
INFO:root:-0.41424645
INFO:root:80475
INFO:root:-0.4424438
INFO:root:80479
INFO:root:Over
INFO:root:Scan update ends at: [-0.25169999999999987, 0.47225000000000006, 139.36219999999986, 2.5, 0.5, 0]
INFO:root:X change: -4; Y change: 12
INFO:root:Start Zstep (loss then pos)
INFO:root:-0.4397691
INFO:root:[-0.25169999999999987, 0.47225000000000006, 139.36169999999987, 2.5, 0.5, 0]
INFO:root:-0.4274563
INFO:root:[-0.25169999999999987, 0.47225000000000006, 139.36119999999988, 2.5, 0.5, 0]
INFO:root:-0.4309152
INFO:root:Over
INFO:root:[-0.25169999999999987, 0.47225000000000006, 139.36189999999988, 2.5, 0.5, 0]
INFO:root:-0.4410719
INFO:root:Scan update starts at: [-0.25169999999999987, 0.47225000000000006, 139.36189999999988, 2.5, 0.5, 0]
INFO:root:Start Tcounts: [42950, 80475, -23008, 26455, 95146, -39701]
INFO:root:Start Xstep (loss then pos)
INFO:root:-0.4426896
INFO:root:42950
INFO:root:-0.5092171
INFO:root:42946
INFO:root:Change direction
INFO:root:-0.5030234
INFO:root:42954
INFO:root:-0.5327219
INFO:root:42958
INFO:root:Over
INFO:root:Start Ystep (loss then pos)
INFO:root:-0.5050479
INFO:root:80475
INFO:root:-0.4176942
INFO:root:80479
INFO:root:-0.4214826
INFO:root:80483
INFO:root:Over
INFO:root:Scan update ends at: [-0.2514999999999999, 0.47245000000000004, 139.36189999999988, 2.5, 0.5, 0]
INFO:root:X change: 4; Y change: 4
INFO:root:Start Zstep (loss then pos)
INFO:root:-0.4658621
INFO:root:[-0.2514999999999999, 0.47245000000000004, 139.3613999999999, 2.5, 0.5, 0]
INFO:root:-0.4793889
INFO:root:Change direction
INFO:root:[-0.2514999999999999, 0.47245000000000004, 139.36259999999987, 2.5, 0.5, 0]
INFO:root:-0.5288624
INFO:root:Over
INFO:root:[-0.2514999999999999, 0.47245000000000004, 139.36189999999988, 2.5, 0.5, 0]
INFO:root:-0.623302
INFO:root:Scan update starts at: [-0.2514999999999999, 0.47245000000000004, 139.36189999999988, 2.5, 0.5, 0]
INFO:root:Start Tcounts: [42954, 80479, -23012, 26459, 95142, -39697]
INFO:root:Start Xstep (loss then pos)
INFO:root:-0.6262257
INFO:root:42954
INFO:root:-0.7456357
INFO:root:42958
INFO:root:Change direction
INFO:root:-0.5954373
INFO:root:42950
INFO:root:-0.6316608
INFO:root:42946
INFO:root:Over
INFO:root:Start Ystep (loss then pos)
INFO:root:-0.6434152
INFO:root:80479
INFO:root:-0.4870771
INFO:root:80483
INFO:root:-0.43018690000000004
INFO:root:80487
INFO:root:-0.4183031
INFO:root:80491
INFO:root:-0.4359148
INFO:root:80495
INFO:root:Over
INFO:root:Scan update ends at: [-0.25169999999999987, 0.47305, 139.36189999999988, 2.5, 0.5, 0]
INFO:root:X change: -4; Y change: 12
INFO:root:Start Zstep (loss then pos)
INFO:root:-0.43954170000000004
INFO:root:[-0.25169999999999987, 0.47305, 139.3613999999999, 2.5, 0.5, 0]
INFO:root:-0.4299261
INFO:root:[-0.25169999999999987, 0.47305, 139.3608999999999, 2.5, 0.5, 0]
INFO:root:-0.4258457
INFO:root:[-0.25169999999999987, 0.47305, 139.3603999999999, 2.5, 0.5, 0]
INFO:root:-0.4273788
INFO:root:[-0.25169999999999987, 0.47305, 139.35989999999993, 2.5, 0.5, 0]
INFO:root:-0.426755
INFO:root:[-0.25169999999999987, 0.47305, 139.35939999999994, 2.5, 0.5, 0]
INFO:root:-0.4357044
INFO:root:Over
INFO:root:[-0.25169999999999987, 0.47305, 139.36009999999993, 2.5, 0.5, 0]
INFO:root:-0.4467605
INFO:root:Scan update starts at: [-0.25169999999999987, 0.47305, 139.36009999999993, 2.5, 0.5, 0]
INFO:root:Start Tcounts: [42894, 80489, -23033, 26429, 95115, -39634]
INFO:root:Start Xstep (loss then pos)
INFO:root:-0.4472829
INFO:root:42894
INFO:root:-0.5594364999999999
INFO:root:42890
INFO:root:Change direction
INFO:root:-0.5096409
INFO:root:42898
INFO:root:-0.65178455
INFO:root:42902
INFO:root:Over
INFO:root:Start Ystep (loss then pos)
INFO:root:-0.5479817
INFO:root:80489
INFO:root:-0.40198
INFO:root:80493
INFO:root:-0.3931118
INFO:root:80497
INFO:root:-0.41199535
INFO:root:80501
INFO:root:Over
INFO:root:Scan update ends at: [-0.2514999999999999, 0.47345000000000004, 139.36009999999993, 2.5, 0.5, 0]
INFO:root:X change: 4; Y change: 8
INFO:root:Start Zstep (loss then pos)
INFO:root:-0.4202617
INFO:root:[-0.2514999999999999, 0.47345000000000004, 139.35959999999994, 2.5, 0.5, 0]
INFO:root:-0.4309152
INFO:root:Change direction
INFO:root:[-0.2514999999999999, 0.47345000000000004, 139.36079999999993, 2.5, 0.5, 0]
INFO:root:-0.44049895
INFO:root:Over
INFO:root:[-0.2514999999999999, 0.47345000000000004, 139.36009999999993, 2.5, 0.5, 0]
INFO:root:-0.4733689
INFO:root:Scan update starts at: [-0.2514999999999999, 0.47345000000000004, 139.36009999999993, 2.5, 0.5, 0]
INFO:root:Start Tcounts: [42898, 80497, -23037, 26437, 95111, -39626]
INFO:root:Start Xstep (loss then pos)
INFO:root:-0.4750507
INFO:root:42898
INFO:root:-0.6633222000000001
INFO:root:42902
INFO:root:Change direction
INFO:root:-0.48681445
INFO:root:42894
INFO:root:-0.5323835
INFO:root:42890
INFO:root:Over
INFO:root:Start Ystep (loss then pos)
INFO:root:-0.5320828
INFO:root:80497
INFO:root:-0.4072284
INFO:root:80501
INFO:root:-0.3939756
INFO:root:80505
INFO:root:-0.40701325
INFO:root:80509
INFO:root:Over
INFO:root:Scan update ends at: [-0.25169999999999987, 0.47385000000000005, 139.36009999999993, 2.5, 0.5, 0]
INFO:root:X change: -4; Y change: 8
INFO:root:Start Zstep (loss then pos)
INFO:root:-0.42782644999999997
INFO:root:[-0.25169999999999987, 0.47385000000000005, 139.35959999999994, 2.5, 0.5, 0]
INFO:root:-0.4379968
INFO:root:Change direction
INFO:root:[-0.25169999999999987, 0.47385000000000005, 139.36079999999993, 2.5, 0.5, 0]
INFO:root:-0.46149815
INFO:root:Over
INFO:root:[-0.25169999999999987, 0.47385000000000005, 139.36009999999993, 2.5, 0.5, 0]
INFO:root:-0.5027059
INFO:root:Scan update starts at: [-0.25169999999999987, 0.47385000000000005, 139.36009999999993, 2.5, 0.5, 0]
INFO:root:Start Tcounts: [42894, 80505, -23033, 26445, 95115, -39618]
INFO:root:Start Xstep (loss then pos)
INFO:root:-0.5058808
INFO:root:42894
INFO:root:-0.5337873
INFO:root:42890
INFO:root:Change direction
INFO:root:-0.5131919
INFO:root:42898
INFO:root:-0.63780495
INFO:root:42902
INFO:root:Over
INFO:root:Start Ystep (loss then pos)
INFO:root:-0.5473944
INFO:root:80505
INFO:root:-0.4029612
INFO:root:80509
INFO:root:-0.4008939
INFO:root:80513
INFO:root:-0.4283657
INFO:root:80517
INFO:root:Over
INFO:root:Scan update ends at: [-0.2514999999999999, 0.47425000000000006, 139.36009999999993, 2.5, 0.5, 0]
INFO:root:X change: 4; Y change: 8
INFO:root:Start Zstep (loss then pos)
INFO:root:-0.4055468
INFO:root:[-0.2514999999999999, 0.47425000000000006, 139.35959999999994, 2.5, 0.5, 0]
INFO:root:-0.4172278
INFO:root:Change direction
INFO:root:[-0.2514999999999999, 0.47425000000000006, 139.36079999999993, 2.5, 0.5, 0]
INFO:root:-0.4290939
INFO:root:Over
INFO:root:[-0.2514999999999999, 0.47425000000000006, 139.36009999999993, 2.5, 0.5, 0]
INFO:root:-0.4790734
INFO:root:Scan update starts at: [-0.2514999999999999, 0.47425000000000006, 139.36009999999993, 2.5, 0.5, 0]
INFO:root:Start Tcounts: [42898, 80513, -23037, 26453, 95111, -39610]
INFO:root:Start Xstep (loss then pos)
INFO:root:-0.4762857
INFO:root:42898
INFO:root:-0.5059603
INFO:root:42902
INFO:root:Change direction
INFO:root:-0.4537635
INFO:root:42894
INFO:root:-0.4726335
INFO:root:42890
INFO:root:Over
INFO:root:Start Ystep (loss then pos)
INFO:root:-0.4722919
INFO:root:80513
INFO:root:-0.4034011
INFO:root:80517
INFO:root:-0.4017207
INFO:root:80521
INFO:root:-0.4150237
INFO:root:80525
INFO:root:Over
INFO:root:Scan update ends at: [-0.25169999999999987, 0.47465000000000007, 139.36009999999993, 2.5, 0.5, 0]
INFO:root:X change: -4; Y change: 8
INFO:root:Start Zstep (loss then pos)
INFO:root:-0.4174599
INFO:root:[-0.25169999999999987, 0.47465000000000007, 139.35959999999994, 2.5, 0.5, 0]
INFO:root:-0.4108012
INFO:root:[-0.25169999999999987, 0.47465000000000007, 139.35909999999996, 2.5, 0.5, 0]
INFO:root:-0.4209891
INFO:root:Over
INFO:root:[-0.25169999999999987, 0.47465000000000007, 139.35979999999995, 2.5, 0.5, 0]
INFO:root:-0.4260785
INFO:root:Scan update starts at: [-0.25169999999999987, 0.47465000000000007, 139.35979999999995, 2.5, 0.5, 0]
INFO:root:Start Tcounts: [42885, 80521, -23037, 26453, 95110, -39594]
INFO:root:Start Xstep (loss then pos)
INFO:root:-0.4263655
INFO:root:42885
INFO:root:-0.45460345
INFO:root:42881
INFO:root:Change direction
INFO:root:-0.459887
INFO:root:42889
INFO:root:Over
INFO:root:Start Ystep (loss then pos)
INFO:root:-0.47848219999999997
INFO:root:80521
INFO:root:-0.39913835
INFO:root:80525
INFO:root:-0.4212224
INFO:root:80529
INFO:root:Over
INFO:root:Scan update ends at: [-0.2516499999999999, 0.47485000000000005, 139.35979999999995, 2.5, 0.5, 0]
INFO:root:X change: 1; Y change: 4
INFO:root:Start Zstep (loss then pos)
INFO:root:-0.4229102
INFO:root:[-0.2516499999999999, 0.47485000000000005, 139.35929999999996, 2.5, 0.5, 0]
INFO:root:-0.42071634999999996
INFO:root:[-0.2516499999999999, 0.47485000000000005, 139.35879999999997, 2.5, 0.5, 0]
INFO:root:-0.4369546
INFO:root:Over
INFO:root:[-0.2516499999999999, 0.47485000000000005, 139.35949999999997, 2.5, 0.5, 0]
INFO:root:-0.432815
INFO:root:Scan update starts at: [-0.2516499999999999, 0.47485000000000005, 139.35949999999997, 2.5, 0.5, 0]
INFO:root:Start Tcounts: [42876, 80525, -23042, 26450, 95104, -39581]
INFO:root:Start Xstep (loss then pos)
INFO:root:-0.4333612
INFO:root:42876
INFO:root:-0.43511955
INFO:root:42880
INFO:root:-0.4724757
INFO:root:42884
INFO:root:Over
INFO:root:Start Ystep (loss then pos)
INFO:root:-0.4898451
INFO:root:80525
INFO:root:-0.4112403
INFO:root:80529
INFO:root:-0.39742109999999997
INFO:root:80533
INFO:root:-0.4089376
INFO:root:80537
INFO:root:Over
INFO:root:Scan update ends at: [-0.2514499999999999, 0.47525000000000006, 139.35949999999997, 2.5, 0.5, 0]
INFO:root:X change: 4; Y change: 8
INFO:root:Start Zstep (loss then pos)
INFO:root:-0.4102734
INFO:root:[-0.2514499999999999, 0.47525000000000006, 139.35899999999998, 2.5, 0.5, 0]
INFO:root:-0.4096621
INFO:root:[-0.2514499999999999, 0.47525000000000006, 139.3585, 2.5, 0.5, 0]
INFO:root:-0.41746075000000005
INFO:root:Over
INFO:root:[-0.2514499999999999, 0.47525000000000006, 139.3592, 2.5, 0.5, 0]
INFO:root:-0.4139994
INFO:root:Scan update starts at: [-0.2514499999999999, 0.47525000000000006, 139.3592, 2.5, 0.5, 0]
INFO:root:Start Tcounts: [42871, 80533, -23050, 26451, 95095, -39565]
INFO:root:Start Xstep (loss then pos)
INFO:root:-0.414349
INFO:root:42871
INFO:root:-0.420288
INFO:root:42875
INFO:root:Change direction
INFO:root:-0.4391172
INFO:root:42867
INFO:root:Over
INFO:root:Start Ystep (loss then pos)
INFO:root:-0.4256378
INFO:root:80533
INFO:root:-0.3973309
INFO:root:80537
INFO:root:-0.3970983
INFO:root:80541
INFO:root:-0.411112
INFO:root:80545
INFO:root:Over
INFO:root:Scan update ends at: [-0.2513999999999999, 0.4756500000000001, 139.3592, 2.5, 0.5, 0]
INFO:root:X change: 1; Y change: 8
INFO:root:Start Zstep (loss then pos)
INFO:root:-0.3970719
INFO:root:[-0.2513999999999999, 0.4756500000000001, 139.3587, 2.5, 0.5, 0]
INFO:root:-0.3969685
INFO:root:[-0.2513999999999999, 0.4756500000000001, 139.3582, 2.5, 0.5, 0]
INFO:root:-0.4004299
INFO:root:Over
INFO:root:[-0.2513999999999999, 0.4756500000000001, 139.3589, 2.5, 0.5, 0]
INFO:root:-0.40048134999999996
INFO:root:Scan update starts at: [-0.2513999999999999, 0.4756500000000001, 139.3589, 2.5, 0.5, 0]
INFO:root:Start Tcounts: [42863, 80540, -23055, 26452, 95088, -39548]
INFO:root:Start Xstep (loss then pos)
INFO:root:-0.40061005
INFO:root:42863
INFO:root:-0.406764
INFO:root:42859
INFO:root:Change direction
INFO:root:-0.4088338
INFO:root:42867
INFO:root:Over
INFO:root:Start Ystep (loss then pos)
INFO:root:-0.4115264
INFO:root:80540
INFO:root:-0.3959362
INFO:root:80544
INFO:root:-0.3989308
INFO:root:80548
INFO:root:Over
INFO:root:Scan update ends at: [-0.2513499999999999, 0.47585000000000005, 139.3589, 2.5, 0.5, 0]
INFO:root:X change: 1; Y change: 4
INFO:root:Start Zstep (loss then pos)
INFO:root:-0.3971244
INFO:root:[-0.2513499999999999, 0.47585000000000005, 139.35840000000002, 2.5, 0.5, 0]
INFO:root:-0.40154115
INFO:root:Change direction
INFO:root:[-0.2513499999999999, 0.47585000000000005, 139.3596, 2.5, 0.5, 0]
INFO:root:-0.4023934
INFO:root:[-0.2513499999999999, 0.47585000000000005, 139.3601, 2.5, 0.5, 0]
INFO:root:-0.41230345
INFO:root:Over
INFO:root:[-0.2513499999999999, 0.47585000000000005, 139.3594, 2.5, 0.5, 0]
INFO:root:-0.4119408
INFO:root:Scan update starts at: [-0.2513499999999999, 0.47585000000000005, 139.3594, 2.5, 0.5, 0]
INFO:root:Start Tcounts: [42879, 80545, -23049, 26468, 95096, -39559]
INFO:root:Start Xstep (loss then pos)
INFO:root:-0.412329
INFO:root:42879
INFO:root:-0.4125097
INFO:root:42883
INFO:root:-0.4152178
INFO:root:42887
INFO:root:Over
INFO:root:Start Ystep (loss then pos)
INFO:root:-0.41506224999999997
INFO:root:80545
INFO:root:-0.4032976
INFO:root:80549
INFO:root:-0.4007398
INFO:root:80553
INFO:root:-0.3983899
INFO:root:80557
INFO:root:-0.3993065
INFO:root:80561
INFO:root:-0.4020064
INFO:root:80565
INFO:root:Over
INFO:root:Scan update ends at: [-0.25114999999999993, 0.4766500000000001, 139.3594, 2.5, 0.5, 0]
INFO:root:X change: 4; Y change: 16
INFO:root:Start Zstep (loss then pos)
INFO:root:-0.39912519999999996
INFO:root:[-0.25114999999999993, 0.4766500000000001, 139.3589, 2.5, 0.5, 0]
INFO:root:-0.4037376
INFO:root:Change direction
INFO:root:[-0.25114999999999993, 0.4766500000000001, 139.3601, 2.5, 0.5, 0]
INFO:root:-0.4010499
INFO:root:[-0.25114999999999993, 0.4766500000000001, 139.36059999999998, 2.5, 0.5, 0]
INFO:root:-0.4030908
INFO:root:Over
INFO:root:[-0.25114999999999993, 0.4766500000000001, 139.35989999999998, 2.5, 0.5, 0]
INFO:root:-0.40416435
INFO:root:Scan update starts at: [-0.25114999999999993, 0.4766500000000001, 139.35989999999998, 2.5, 0.5, 0]
INFO:root:Start Tcounts: [42899, 80561, -23046, 26496, 95100, -39557]
INFO:root:Start Xstep (loss then pos)
INFO:root:-0.40417665
INFO:root:42899
INFO:root:-0.4083407
INFO:root:42903
INFO:root:Change direction
INFO:root:-0.4053399
INFO:root:42895
INFO:root:-0.4056255
INFO:root:42891
INFO:root:-0.4064532
INFO:root:42887
INFO:root:-0.4070987
INFO:root:42883
INFO:root:-0.4083161
INFO:root:42879
INFO:root:Over
INFO:root:Start Ystep (loss then pos)
INFO:root:-0.4069953
INFO:root:80561
INFO:root:-0.4035044
INFO:root:80565
INFO:root:-0.40183805
INFO:root:80569
INFO:root:-0.4006872
INFO:root:80573
INFO:root:-0.4001462
INFO:root:80577
INFO:root:-0.3998606
INFO:root:80581
INFO:root:-0.4000033
INFO:root:80585
INFO:root:-0.40022310000000005
INFO:root:80589
INFO:root:-0.4010235
INFO:root:80593
INFO:root:Y step failed
INFO:root:XY Value doesnt change
INFO:root:Scan update starts at: [-0.25114999999999993, 0.4766500000000001, 139.35989999999998, 2.5, 0.5, 0]
INFO:root:Start Tcounts: [42899, 80561, -23046, 26496, 95100, -39557]
INFO:root:Start Xstep (loss then pos)
INFO:root:-0.4012827
INFO:root:42899
INFO:root:-0.4003771
INFO:root:42895
INFO:root:-0.4003264
INFO:root:42891
INFO:root:-0.4008168
INFO:root:42887
INFO:root:-0.4012566
INFO:root:42883
INFO:root:-0.402355
INFO:root:42879
INFO:root:X step failed
INFO:root:XY Value doesnt change
INFO:root:End program
