INFO:root:[-0.42, 0, 138, 3, 0.5, 0]
INFO:root:Scan update starts at: [-0.42, 0, 138, 3, 0.5, 0]
INFO:root:Start Tcounts: [-139, 86036, -46456, -14543, 87693, -14919]
INFO:root:-26.965815
INFO:root:Monitor start (loss then pos)
INFO:root:-26.965815
INFO:root:-139
INFO:root:-26.96636
INFO:root:-143
INFO:root:-26.966225
INFO:root:-143
INFO:root:-26.96609
INFO:root:-142
INFO:root:-26.96823
INFO:root:-146
INFO:root:-26.969375
INFO:root:-166
INFO:root:-26.97052
INFO:root:-180
INFO:root:-27.00285
INFO:root:-193
INFO:root:-27.01834
INFO:root:-208
INFO:root:-27.03383
INFO:root:-226
INFO:root:-27.0713
INFO:root:-249
INFO:root:-27.09462
INFO:root:-270
INFO:root:-27.25622
INFO:root:-396
INFO:root:-27.3945
INFO:root:-425
INFO:root:-27.56314
INFO:root:-457
INFO:root:-27.56314
INFO:root:-487
INFO:root:-27.76837
INFO:root:-517
INFO:root:x scan done: decreasing
INFO:root:Monitor start (loss then pos)
INFO:root:-27.76837
INFO:root:-487
INFO:root:-27.887954999999998
INFO:root:-458
INFO:root:-27.80312
INFO:root:-446
INFO:root:-27.72735
INFO:root:-433
INFO:root:-27.626739999999998
INFO:root:-374
INFO:root:-27.46927
INFO:root:-349
INFO:root:-27.41241
INFO:root:-326
INFO:root:-27.358595
INFO:root:-301
INFO:root:-27.30478
INFO:root:-274
INFO:root:-27.20365
INFO:root:-245
INFO:root:-27.158324999999998
INFO:root:-215
INFO:root:-27.113
INFO:root:-184
INFO:root:-27.073169999999998
INFO:root:-154
INFO:root:-27.03334
INFO:root:-124
INFO:root:-26.96024
INFO:root:-95
INFO:root:-26.927835
INFO:root:-65
INFO:root:-26.89543
INFO:root:-35
INFO:root:-26.866345000000003
INFO:root:-5
INFO:root:-26.83726
INFO:root:25
INFO:root:-26.78539
INFO:root:54
INFO:root:-26.76339
INFO:root:84
INFO:root:-26.71012
INFO:root:193
INFO:root:-26.67885
INFO:root:226
INFO:root:-26.66092
INFO:root:257
INFO:root:-26.66226
INFO:root:287
INFO:root:-26.6636
INFO:root:318
INFO:root:-26.69468
INFO:root:352
INFO:root:-26.72524
INFO:root:399
INFO:root:-26.802225
INFO:root:434
INFO:root:-26.84865
INFO:root:464
INFO:root:-26.913265
INFO:root:494
INFO:root:-26.97788
INFO:root:526
INFO:root:-27.14599
INFO:root:556
INFO:root:-27.24203
INFO:root:586
INFO:root:-27.33807
INFO:root:627
INFO:root:-27.56812
INFO:root:659
INFO:root:-27.694055
INFO:root:702
INFO:root:x scan done: has max
INFO:root:-26.66267
INFO:root:Monitor start (loss then pos)
INFO:root:-26.66267
INFO:root:86036
INFO:root:-26.66048
INFO:root:86035
INFO:root:-26.65979
INFO:root:86034
INFO:root:-26.66027
INFO:root:86024
INFO:root:-26.65821
INFO:root:86015
INFO:root:-26.65615
INFO:root:86005
INFO:root:-26.61331
INFO:root:85992
INFO:root:-26.5741
INFO:root:85976
INFO:root:-26.53489
INFO:root:85958
INFO:root:-26.46041
INFO:root:85939
INFO:root:-26.419395
INFO:root:85919
INFO:root:-26.37838
INFO:root:85898
INFO:root:-26.33259
INFO:root:85874
INFO:root:-26.2868
INFO:root:85752
INFO:root:-25.96135
INFO:root:85710
INFO:root:-25.85804
INFO:root:85668
INFO:root:-25.81519
INFO:root:85638
INFO:root:-25.77234
INFO:root:85609
INFO:root:-25.70984
INFO:root:85576
INFO:root:-25.69838
INFO:root:85543
INFO:root:-25.68692
INFO:root:85513
INFO:root:-25.69078
INFO:root:85482
INFO:root:-25.69464
INFO:root:85448
INFO:root:-25.72106
INFO:root:85419
INFO:root:-25.757085
INFO:root:85379
INFO:root:-25.839455
INFO:root:85334
INFO:root:-25.8858
INFO:root:85305
INFO:root:-25.98524
INFO:root:85274
INFO:root:-26.040015
INFO:root:85239
INFO:root:-26.15439
INFO:root:85167
INFO:root:-26.27725
INFO:root:85132
INFO:root:-26.34051
INFO:root:85101
INFO:root:-26.46783
INFO:root:85068
INFO:root:-26.540315
INFO:root:85038
INFO:root:-26.6128
INFO:root:85009
INFO:root:y scan done: has max
INFO:root:Scan update ends at: [-0.40175, -0.024650000000000002, 138, 3, 0.5, 0]
INFO:root:X change: 365; Y change: -493
INFO:root:Z optim starts at (pos then loss): 
INFO:root:[-0.40175, -0.024650000000000002, 138, 3, 0.5, 0]
INFO:root:-25.68222
INFO:root:[-0.40175, -0.024650000000000002, 138.1028, 3, 0.5, 0]
INFO:root:-25.30397
INFO:root:[-0.40175, -0.024650000000000002, 138.2056, 3, 0.5, 0]
INFO:root:-25.49707
INFO:root:[-0.40175, -0.024650000000000002, 138.3084, 3, 0.5, 0]
INFO:root:-26.15146
INFO:root:[-0.40175, -0.024650000000000002, 138.4112, 3, 0.5, 0]
INFO:root:-28.29543
INFO:root:[-0.40175, -0.024650000000000002, 138.514, 3, 0.5, 0]
INFO:root:-31.15588
INFO:root:[-0.40175, -0.024650000000000002, 138.6168, 3, 0.5, 0]
INFO:root:-35.43436
INFO:root:[-0.40175, -0.024650000000000002, 138.7196, 3, 0.5, 0]
INFO:root:-41.535775
INFO:root:[-0.40175, -0.024650000000000002, 138.6166, 3, 0.5, 0]
INFO:root:Z optim ends at: [-0.40175, -0.024650000000000002, 138.6166, 3, 0.5, 0]
INFO:root:Scan update starts at: [-0.40175, -0.024650000000000002, 138.6166, 3, 0.5, 0]
INFO:root:Start Tcounts: [18421, 86189, -39097, -1192, 97516, -32262]
INFO:root:-35.37658
INFO:root:Monitor start (loss then pos)
INFO:root:-35.37658
INFO:root:18421
INFO:root:-35.44157
INFO:root:18416
INFO:root:-35.464830000000006
INFO:root:18433
INFO:root:-35.497835
INFO:root:18446
INFO:root:-35.51424
INFO:root:18459
INFO:root:-35.60622
INFO:root:18474
INFO:root:-35.7119
INFO:root:18490
INFO:root:-36.077335000000005
INFO:root:18561
INFO:root:-36.501215
INFO:root:18594
INFO:root:-36.66534
INFO:root:18626
INFO:root:-37.08197
INFO:root:18662
INFO:root:x scan done: decreasing
INFO:root:Monitor start (loss then pos)
INFO:root:-37.08197
INFO:root:18626
INFO:root:-37.33035
INFO:root:18621
INFO:root:-37.310680000000005
INFO:root:18617
INFO:root:-37.29101
INFO:root:18607
INFO:root:-37.23074
INFO:root:18598
INFO:root:-37.10217
INFO:root:18587
INFO:root:-37.019670000000005
INFO:root:18574
INFO:root:-36.93717
INFO:root:18561
INFO:root:-36.71747
INFO:root:18542
INFO:root:-36.446574999999996
INFO:root:18473
INFO:root:-35.84639
INFO:root:18409
INFO:root:-35.52135
INFO:root:18368
INFO:root:-35.18705
INFO:root:18338
INFO:root:-35.040549999999996
INFO:root:18296
INFO:root:-34.89405
INFO:root:18254
INFO:root:-34.65364
INFO:root:18223
INFO:root:-34.50026
INFO:root:18193
INFO:root:-34.452405
INFO:root:18162
INFO:root:-34.40455
INFO:root:18133
INFO:root:-34.39148
INFO:root:18100
INFO:root:-34.37841
INFO:root:18064
INFO:root:-34.32265
INFO:root:17932
INFO:root:-34.120955
INFO:root:17847
INFO:root:-34.04894
INFO:root:17786
INFO:root:-34.05843
INFO:root:17731
INFO:root:-34.084705
INFO:root:17700
INFO:root:-34.11098
INFO:root:17667
INFO:root:-34.24092
INFO:root:17638
INFO:root:-34.352025
INFO:root:17607
INFO:root:-34.46313
INFO:root:17573
INFO:root:-34.79109
INFO:root:17540
INFO:root:-34.973349999999996
INFO:root:17508
INFO:root:-35.15561
INFO:root:17474
INFO:root:-35.54929
INFO:root:17440
INFO:root:-35.748655
INFO:root:17407
INFO:root:-36.377925000000005
INFO:root:17297
INFO:root:x scan done: has max
INFO:root:-34.11027
INFO:root:Monitor start (loss then pos)
INFO:root:-34.11027
INFO:root:86189
INFO:root:-34.107085
INFO:root:86184
INFO:root:-34.1039
INFO:root:86183
INFO:root:-34.10664
INFO:root:86183
INFO:root:-34.10938
INFO:root:86183
INFO:root:-34.09844
INFO:root:86168
INFO:root:-33.97094
INFO:root:86153
INFO:root:-33.84344
INFO:root:86140
INFO:root:-33.572375
INFO:root:86126
INFO:root:-33.30131
INFO:root:86110
INFO:root:-32.7903
INFO:root:86093
INFO:root:-31.67732
INFO:root:86017
INFO:root:-31.407575
INFO:root:85989
INFO:root:-31.13783
INFO:root:85960
INFO:root:-30.59585
INFO:root:85931
INFO:root:-30.31851
INFO:root:85901
INFO:root:-30.04117
INFO:root:85871
INFO:root:-29.730075
INFO:root:85842
INFO:root:-29.41898
INFO:root:85811
INFO:root:-28.69606
INFO:root:85780
INFO:root:-28.2791
INFO:root:85749
INFO:root:-27.86214
INFO:root:85717
INFO:root:-27.249724999999998
INFO:root:85686
INFO:root:-26.63731
INFO:root:85657
INFO:root:-26.22213
INFO:root:85627
INFO:root:-25.80695
INFO:root:85597
INFO:root:-25.07554
INFO:root:85568
INFO:root:-24.766655
INFO:root:85537
INFO:root:-23.48355
INFO:root:85390
INFO:root:-23.11469
INFO:root:85357
INFO:root:-22.961624999999998
INFO:root:85326
INFO:root:-22.80856
INFO:root:85297
INFO:root:-22.53982
INFO:root:85267
INFO:root:-22.410925
INFO:root:85236
INFO:root:-22.28203
INFO:root:85207
INFO:root:-22.14996
INFO:root:85177
INFO:root:-22.01789
INFO:root:85147
INFO:root:-21.73093
INFO:root:85117
INFO:root:-21.585845
INFO:root:85086
INFO:root:-21.44076
INFO:root:85057
INFO:root:-21.314664999999998
INFO:root:85027
INFO:root:-21.18857
INFO:root:84997
INFO:root:-21.04325
INFO:root:84968
INFO:root:-21.04431
INFO:root:84935
INFO:root:-21.35168
INFO:root:84830
INFO:root:-21.49581
INFO:root:84792
INFO:root:-21.85656
INFO:root:84760
INFO:root:y scan done: has max
INFO:root:Scan update ends at: [-0.43045, -0.08425, 138.6166, 3, 0.5, 0]
INFO:root:X change: -574; Y change: -1192
INFO:root:Z optim starts at (pos then loss): 
INFO:root:[-0.43045, -0.08425, 138.6166, 3, 0.5, 0]
INFO:root:-21.01882
INFO:root:[-0.43045, -0.08425, 138.7006, 3, 0.5, 0]
INFO:root:-20.76226
INFO:root:[-0.43045, -0.08425, 138.7846, 3, 0.5, 0]
INFO:root:-21.06809
INFO:root:[-0.43045, -0.08425, 138.86860000000001, 3, 0.5, 0]
INFO:root:-22.71927
INFO:root:[-0.43045, -0.08425, 138.95260000000002, 3, 0.5, 0]
INFO:root:-28.31022
INFO:root:[-0.43045, -0.08425, 139.03660000000002, 3, 0.5, 0]
INFO:root:-36.30564
INFO:root:[-0.43045, -0.08425, 138.9524, 3, 0.5, 0]
INFO:root:Z optim ends at: [-0.43045, -0.08425, 138.9524, 3, 0.5, 0]
INFO:root:Scan update starts at: [-0.43045, -0.08425, 138.9524, 3, 0.5, 0]
INFO:root:Start Tcounts: [27991, 85349, -34228, 5311, 103778, -42872]
INFO:root:-28.32858
INFO:root:Monitor start (loss then pos)
INFO:root:-28.32858
INFO:root:27991
INFO:root:-28.32974
INFO:root:27987
INFO:root:-28.32813
INFO:root:27987
INFO:root:-28.32652
INFO:root:27987
INFO:root:-28.298450000000003
INFO:root:27967
INFO:root:-28.28407
INFO:root:27943
INFO:root:-28.28198
INFO:root:27925
INFO:root:-28.28352
INFO:root:27908
INFO:root:-28.28352
INFO:root:27888
INFO:root:-28.26812
INFO:root:27869
INFO:root:-28.23258
INFO:root:27842
INFO:root:-28.23258
INFO:root:27818
INFO:root:-28.21913
INFO:root:27793
INFO:root:-28.238059999999997
INFO:root:27766
INFO:root:-28.25699
INFO:root:27737
INFO:root:-28.40409
INFO:root:27706
INFO:root:-28.40409
INFO:root:27675
INFO:root:-28.68585
INFO:root:27646
INFO:root:-28.90533
INFO:root:27616
INFO:root:-29.12481
INFO:root:27585
INFO:root:-29.12481
INFO:root:27556
INFO:root:-30.391685000000003
INFO:root:27408
INFO:root:x scan done: decreasing
INFO:root:Monitor start (loss then pos)
INFO:root:-30.391685000000003
INFO:root:27556
INFO:root:-30.40395
INFO:root:27556
INFO:root:-30.35765
INFO:root:27559
INFO:root:-30.31135
INFO:root:27565
INFO:root:-30.22558
INFO:root:27572
INFO:root:-30.15229
INFO:root:27581
INFO:root:-30.079
INFO:root:27592
INFO:root:-29.979570000000002
INFO:root:27605
INFO:root:-29.88014
INFO:root:27619
INFO:root:-29.62673
INFO:root:27636
INFO:root:-29.48397
INFO:root:27653
INFO:root:-29.34121
INFO:root:27673
INFO:root:-29.02599
INFO:root:27755
INFO:root:-28.4338
INFO:root:27786
INFO:root:-28.336805
INFO:root:27817
INFO:root:-28.23981
INFO:root:27848
INFO:root:-28.201915
INFO:root:27879
INFO:root:-28.16402
INFO:root:27909
INFO:root:-28.18694
INFO:root:27939
INFO:root:-28.21341
INFO:root:27968
INFO:root:-28.23988
INFO:root:27997
INFO:root:-28.248804999999997
INFO:root:28029
INFO:root:-28.25773
INFO:root:28059
INFO:root:-28.25011
INFO:root:28088
INFO:root:-28.281315
INFO:root:28118
INFO:root:-28.31252
INFO:root:28147
INFO:root:-28.442525
INFO:root:28178
INFO:root:-28.57253
INFO:root:28208
INFO:root:-29.18684
INFO:root:28240
INFO:root:-30.296685
INFO:root:28347
INFO:root:x scan done: has max
INFO:root:-28.23919
INFO:root:Monitor start (loss then pos)
INFO:root:-28.23919
INFO:root:85349
INFO:root:-28.22583
INFO:root:85344
INFO:root:-28.22911
INFO:root:85342
INFO:root:-28.22187
INFO:root:85335
INFO:root:-28.21463
INFO:root:85326
INFO:root:-28.142834999999998
INFO:root:85317
INFO:root:-28.07104
INFO:root:85305
INFO:root:-28.07104
INFO:root:85292
INFO:root:-27.405285
INFO:root:85277
INFO:root:-26.73953
INFO:root:85259
INFO:root:-23.92962
INFO:root:85147
INFO:root:-22.79026
INFO:root:85103
INFO:root:-22.220495
INFO:root:85073
INFO:root:-21.65073
INFO:root:85042
INFO:root:-20.64112
INFO:root:85010
INFO:root:-20.251845000000003
INFO:root:84980
INFO:root:-19.86257
INFO:root:84951
INFO:root:-19.53839
INFO:root:84919
INFO:root:-19.21421
INFO:root:84889
INFO:root:-18.54829
INFO:root:84860
INFO:root:-18.20668
INFO:root:84830
INFO:root:-17.86507
INFO:root:84800
INFO:root:-17.86507
INFO:root:84770
INFO:root:-17.86507
INFO:root:84740
INFO:root:-16.9647
INFO:root:84709
INFO:root:-16.971525
INFO:root:84599
INFO:root:-17.2347
INFO:root:84563
INFO:root:-17.45689
INFO:root:84531
INFO:root:y scan done: has max
INFO:root:Scan update ends at: [-0.43605, -0.11470000000000001, 138.9524, 3, 0.5, 0]
INFO:root:X change: -112; Y change: -609
INFO:root:Z optim starts at (pos then loss): 
INFO:root:[-0.43605, -0.11470000000000001, 138.9524, 3, 0.5, 0]
INFO:root:-16.887
INFO:root:[-0.43605, -0.11470000000000001, 139.02, 3, 0.5, 0]
INFO:root:-17.007665000000003
INFO:root:[-0.43605, -0.11470000000000001, 139.0876, 3, 0.5, 0]
INFO:root:-19.17281
INFO:root:[-0.43605, -0.11470000000000001, 139.1552, 3, 0.5, 0]
INFO:root:-26.89692
INFO:root:[-0.43605, -0.11470000000000001, 139.0874, 3, 0.5, 0]
INFO:root:Z optim ends at: [-0.43605, -0.11470000000000001, 139.0874, 3, 0.5, 0]
INFO:root:Scan update starts at: [-0.43605, -0.11470000000000001, 139.0874, 3, 0.5, 0]
INFO:root:Start Tcounts: [32006, 84882, -32370, 7827, 106205, -47318]
INFO:root:-19.14896
INFO:root:Monitor start (loss then pos)
INFO:root:-19.14896
INFO:root:32006
INFO:root:-19.14246
INFO:root:32002
INFO:root:-19.149345
INFO:root:32006
INFO:root:-19.16273
INFO:root:32012
INFO:root:-19.18727
INFO:root:32020
INFO:root:-19.215505
INFO:root:32030
INFO:root:-19.24374
INFO:root:32043
INFO:root:-19.31955
INFO:root:32058
INFO:root:-19.31955
INFO:root:32073
INFO:root:-19.31955
INFO:root:32090
INFO:root:-20.11373
INFO:root:32109
INFO:root:-20.11373
INFO:root:32131
INFO:root:-20.77003
INFO:root:32153
INFO:root:x scan done: decreasing
INFO:root:Monitor start (loss then pos)
INFO:root:-20.77003
INFO:root:32131
INFO:root:-21.51458
INFO:root:32125
INFO:root:-21.27454
INFO:root:32120
INFO:root:-21.27454
INFO:root:32113
INFO:root:-21.09393
INFO:root:32105
INFO:root:-20.948885
INFO:root:32095
INFO:root:-20.80384
INFO:root:32083
INFO:root:-20.44352
INFO:root:32070
INFO:root:-20.235599999999998
INFO:root:32054
INFO:root:-20.02768
INFO:root:32037
INFO:root:-19.827195
INFO:root:32019
INFO:root:-19.62671
INFO:root:31996
INFO:root:-19.26343
INFO:root:31974
INFO:root:-19.12808
INFO:root:31948
INFO:root:-18.99273
INFO:root:31923
INFO:root:-18.921525000000003
INFO:root:31894
INFO:root:-18.85032
INFO:root:31864
INFO:root:-18.85865
INFO:root:31832
INFO:root:-19.40345
INFO:root:31723
INFO:root:-19.95323
INFO:root:31692
INFO:root:x scan done: has max
INFO:root:-18.93839
INFO:root:Monitor start (loss then pos)
INFO:root:-18.93839
INFO:root:84882
INFO:root:-18.909635
INFO:root:84878
INFO:root:-18.90378
INFO:root:84878
INFO:root:-18.90059
INFO:root:84878
INFO:root:-18.8974
INFO:root:84878
INFO:root:-18.82558
INFO:root:84875
INFO:root:-18.641624999999998
INFO:root:84849
INFO:root:-18.45767
INFO:root:84829
INFO:root:-18.12697
INFO:root:84813
INFO:root:-17.79627
INFO:root:84796
INFO:root:-17.79627
INFO:root:84777
INFO:root:-15.33512
INFO:root:84660
INFO:root:-14.81254
INFO:root:84610
INFO:root:-14.46697
INFO:root:84570
INFO:root:-14.34676
INFO:root:84534
INFO:root:-14.415015
INFO:root:84502
INFO:root:-14.48327
INFO:root:84473
INFO:root:-14.694545
INFO:root:84442
INFO:root:-14.90582
INFO:root:84412
INFO:root:y scan done: has max
INFO:root:Scan update ends at: [-0.44165, -0.1303, 139.0874, 3, 0.5, 0]
INFO:root:X change: -112; Y change: -312
INFO:root:Z optim starts at (pos then loss): 
INFO:root:[-0.44165, -0.1303, 139.0874, 3, 0.5, 0]
INFO:root:-14.39556
INFO:root:[-0.44165, -0.1303, 139.145, 3, 0.5, 0]
INFO:root:-13.61614
INFO:root:[-0.44165, -0.1303, 139.20260000000002, 3, 0.5, 0]
INFO:root:-15.60782
INFO:root:[-0.44165, -0.1303, 139.26020000000003, 3, 0.5, 0]
INFO:root:-26.640355
INFO:root:[-0.44165, -0.1303, 139.2024, 3, 0.5, 0]
INFO:root:Z optim ends at: [-0.44165, -0.1303, 139.2024, 3, 0.5, 0]
INFO:root:Scan update starts at: [-0.44165, -0.1303, 139.2024, 3, 0.5, 0]
INFO:root:Start Tcounts: [35432, 84690, -30763, 10192, 108303, -50922]
INFO:root:-15.60878
INFO:root:Monitor start (loss then pos)
INFO:root:-15.60878
INFO:root:35432
INFO:root:-15.590375
INFO:root:35426
INFO:root:-15.57197
INFO:root:35427
INFO:root:-15.51204
INFO:root:35427
INFO:root:-15.507285
INFO:root:35430
INFO:root:-15.50253
INFO:root:35412
INFO:root:-15.40836
INFO:root:35392
INFO:root:-15.222845
INFO:root:35376
INFO:root:-14.819305
INFO:root:35355
INFO:root:-14.60128
INFO:root:35338
INFO:root:-14.502385
INFO:root:35228
INFO:root:-14.68698
INFO:root:35196
INFO:root:-14.97047
INFO:root:35163
INFO:root:-16.07817
INFO:root:35132
INFO:root:x scan done: has max
INFO:root:-14.360855
INFO:root:Monitor start (loss then pos)
INFO:root:-14.360855
INFO:root:84690
INFO:root:-14.35009
INFO:root:84684
INFO:root:-14.349025000000001
INFO:root:84684
INFO:root:-14.34796
INFO:root:84684
INFO:root:-14.286190000000001
INFO:root:84684
INFO:root:-14.22442
INFO:root:84666
INFO:root:-13.88494
INFO:root:84647
INFO:root:-13.195225
INFO:root:84586
INFO:root:-12.237549999999999
INFO:root:84565
INFO:root:-11.96959
INFO:root:84544
INFO:root:-11.56595
INFO:root:84521
INFO:root:-11.475010000000001
INFO:root:84494
INFO:root:-11.38407
INFO:root:84465
INFO:root:-11.51282
INFO:root:84434
INFO:root:-11.51282
INFO:root:84404
INFO:root:-12.08904
INFO:root:84372
INFO:root:-12.652765
INFO:root:84342
INFO:root:y scan done: has max
INFO:root:Scan update ends at: [-0.44634999999999997, -0.1401, 139.2024, 3, 0.5, 0]
INFO:root:X change: -94; Y change: -196
INFO:root:Z optim starts at (pos then loss): 
INFO:root:[-0.44634999999999997, -0.1401, 139.2024, 3, 0.5, 0]
INFO:root:-11.493265000000001
INFO:root:[-0.44634999999999997, -0.1401, 139.2254, 3, 0.5, 0]
INFO:root:-10.76422
INFO:root:[-0.44634999999999997, -0.1401, 139.2484, 3, 0.5, 0]
INFO:root:-10.66728
INFO:root:[-0.44634999999999997, -0.1401, 139.2714, 3, 0.5, 0]
INFO:root:-11.80022
INFO:root:[-0.44634999999999997, -0.1401, 139.2482, 3, 0.5, 0]
INFO:root:Z optim ends at: [-0.44634999999999997, -0.1401, 139.2482, 3, 0.5, 0]
INFO:root:Scan update starts at: [-0.44634999999999997, -0.1401, 139.2482, 3, 0.5, 0]
INFO:root:Start Tcounts: [36753, 84542, -30071, 11066, 109191, -52434]
INFO:root:-10.794805
INFO:root:Monitor start (loss then pos)
INFO:root:-10.794805
INFO:root:36753
INFO:root:-10.793945
INFO:root:36749
INFO:root:-10.7933
INFO:root:36750
INFO:root:-10.79075
INFO:root:36752
INFO:root:-10.7882
INFO:root:36741
INFO:root:-10.75713
INFO:root:36725
INFO:root:-10.677375
INFO:root:36712
INFO:root:-10.59762
INFO:root:36697
INFO:root:-10.4101
INFO:root:36682
INFO:root:-10.392714999999999
INFO:root:36665
INFO:root:-10.37533
INFO:root:36647
INFO:root:-10.54582
INFO:root:36627
INFO:root:-10.54582
INFO:root:36605
INFO:root:-11.0132
INFO:root:36582
INFO:root:x scan done: has max
INFO:root:-10.57076
INFO:root:Monitor start (loss then pos)
INFO:root:-10.57076
INFO:root:84542
INFO:root:-10.56152
INFO:root:84539
INFO:root:-10.559854999999999
INFO:root:84539
INFO:root:-10.55819
INFO:root:84539
INFO:root:-10.553935
INFO:root:84537
INFO:root:-10.54968
INFO:root:84515
INFO:root:-10.32441
INFO:root:84498
INFO:root:-10.196445
INFO:root:84483
INFO:root:-10.06848
INFO:root:84468
INFO:root:-10.0304045
INFO:root:84451
INFO:root:-9.992329
INFO:root:84432
INFO:root:-10.10467
INFO:root:84412
INFO:root:-10.31047
INFO:root:84388
INFO:root:-10.51627
INFO:root:84365
INFO:root:y scan done: has max
INFO:root:Scan update ends at: [-0.45075, -0.14465, 139.2482, 3, 0.5, 0]
INFO:root:X change: -88; Y change: -91
INFO:root:Z optim starts at (pos then loss): 
INFO:root:[-0.45075, -0.14465, 139.2482, 3, 0.5, 0]
INFO:root:-10.08212
INFO:root:[-0.45075, -0.14465, 139.26839999999999, 3, 0.5, 0]
INFO:root:-9.165994
INFO:root:[-0.45075, -0.14465, 139.28859999999997, 3, 0.5, 0]
INFO:root:-8.666039
INFO:root:[-0.45075, -0.14465, 139.30879999999996, 3, 0.5, 0]
INFO:root:-9.093505
INFO:root:[-0.45075, -0.14465, 139.28839999999997, 3, 0.5, 0]
INFO:root:Z optim ends at: [-0.45075, -0.14465, 139.28839999999997, 3, 0.5, 0]
INFO:root:Scan update starts at: [-0.45075, -0.14465, 139.28839999999997, 3, 0.5, 0]
INFO:root:Start Tcounts: [37910, 84493, -29458, 11916, 109978, -53684]
INFO:root:-8.636765
INFO:root:Monitor start (loss then pos)
INFO:root:-8.636765
INFO:root:37910
INFO:root:-8.638132
INFO:root:37906
INFO:root:-8.640738500000001
INFO:root:37906
INFO:root:-8.6415
INFO:root:37907
INFO:root:-8.638037
INFO:root:37886
INFO:root:-8.660703
INFO:root:37862
INFO:root:-8.8207265
INFO:root:37845
INFO:root:-8.98075
INFO:root:37827
INFO:root:x scan done: decreasing
INFO:root:Monitor start (loss then pos)
INFO:root:-8.98075
INFO:root:37845
INFO:root:-9.880595
INFO:root:37843
INFO:root:-9.754787499999999
INFO:root:37848
INFO:root:-9.62898
INFO:root:37853
INFO:root:-9.458116
INFO:root:37860
INFO:root:-9.2989335
INFO:root:37869
INFO:root:-9.139751
INFO:root:37879
INFO:root:-9.011982
INFO:root:37892
INFO:root:-8.884213
INFO:root:37906
INFO:root:-8.820651999999999
INFO:root:37978
INFO:root:-9.375818500000001
INFO:root:38016
INFO:root:-9.786265
INFO:root:38043
INFO:root:x scan done: has max
INFO:root:-8.633716
INFO:root:Monitor start (loss then pos)
INFO:root:-8.633716
INFO:root:84493
INFO:root:-8.640141
INFO:root:84489
INFO:root:-8.644118
INFO:root:84489
INFO:root:-8.644118
INFO:root:84489
INFO:root:-8.644564
INFO:root:84489
INFO:root:-8.4826655
INFO:root:84429
INFO:root:-8.290632
INFO:root:84408
INFO:root:-8.3754275
INFO:root:84389
INFO:root:-8.490358
INFO:root:84369
INFO:root:-8.803918
INFO:root:84348
INFO:root:y scan done: has max
INFO:root:Scan update ends at: [-0.45094999999999996, -0.14785, 139.28839999999997, 3, 0.5, 0]
INFO:root:X change: -4; Y change: -64
INFO:root:Z optim starts at (pos then loss): 
INFO:root:[-0.45094999999999996, -0.14785, 139.28839999999997, 3, 0.5, 0]
INFO:root:-8.305590500000001
INFO:root:[-0.45094999999999996, -0.14785, 139.30499999999998, 3, 0.5, 0]
INFO:root:-7.5233295
INFO:root:[-0.45094999999999996, -0.14785, 139.3216, 3, 0.5, 0]
INFO:root:-7.205444
INFO:root:[-0.45094999999999996, -0.14785, 139.3382, 3, 0.5, 0]
INFO:root:-7.817539
INFO:root:[-0.45094999999999996, -0.14785, 139.32139999999998, 3, 0.5, 0]
INFO:root:Z optim ends at: [-0.45094999999999996, -0.14785, 139.32139999999998, 3, 0.5, 0]
INFO:root:Scan update starts at: [-0.45094999999999996, -0.14785, 139.32139999999998, 3, 0.5, 0]
INFO:root:Start Tcounts: [38930, 84464, -29022, 12625, 110557, -54701]
INFO:root:-7.298551
INFO:root:Monitor start (loss then pos)
INFO:root:-7.298551
INFO:root:38930
INFO:root:-7.296967
INFO:root:38927
INFO:root:-7.30024
INFO:root:38927
INFO:root:-7.30024
INFO:root:38926
INFO:root:-7.307427
INFO:root:38948
INFO:root:-7.3431925
INFO:root:38962
INFO:root:-7.378958
INFO:root:38976
INFO:root:-7.810097
INFO:root:38991
INFO:root:-8.3023515
INFO:root:39010
INFO:root:x scan done: decreasing
INFO:root:Monitor start (loss then pos)
INFO:root:-8.3023515
INFO:root:38991
INFO:root:-8.908676
INFO:root:38980
INFO:root:-8.65727
INFO:root:38973
INFO:root:-8.4784315
INFO:root:38965
INFO:root:-8.299593
INFO:root:38955
INFO:root:-8.0764485
INFO:root:38943
INFO:root:-7.853304
INFO:root:38929
INFO:root:-7.448624
INFO:root:38914
INFO:root:-7.3533915
INFO:root:38896
INFO:root:-7.258159
INFO:root:38877
INFO:root:-7.367182
INFO:root:38857
INFO:root:-7.476205
INFO:root:38833
INFO:root:x scan done: has max
INFO:root:-7.3568485
INFO:root:Monitor start (loss then pos)
INFO:root:-7.3568485
INFO:root:84464
INFO:root:-7.354565
INFO:root:84461
INFO:root:-7.353024
INFO:root:84461
INFO:root:-7.350718
INFO:root:84461
INFO:root:-7.348412
INFO:root:84461
INFO:root:-7.348412
INFO:root:84441
INFO:root:-7.1351215
INFO:root:84423
INFO:root:-6.921831
INFO:root:84408
INFO:root:-6.846748
INFO:root:84391
INFO:root:-6.771665
INFO:root:84374
INFO:root:-6.938937
INFO:root:84356
INFO:root:-7.2635175
INFO:root:84336
INFO:root:y scan done: has max
INFO:root:Scan update ends at: [-0.45264999999999994, -0.1515, 139.32139999999998, 3, 0.5, 0]
INFO:root:X change: -34; Y change: -73
INFO:root:Z optim starts at (pos then loss): 
INFO:root:[-0.45264999999999994, -0.1515, 139.32139999999998, 3, 0.5, 0]
INFO:root:-7.029502000000001
INFO:root:[-0.45264999999999994, -0.1515, 139.3354, 3, 0.5, 0]
INFO:root:-6.042477
INFO:root:[-0.45264999999999994, -0.1515, 139.3494, 3, 0.5, 0]
INFO:root:-5.4414385
INFO:root:[-0.45264999999999994, -0.1515, 139.3634, 3, 0.5, 0]
INFO:root:-5.700949
INFO:root:[-0.45264999999999994, -0.1515, 139.3492, 3, 0.5, 0]
INFO:root:Z optim ends at: [-0.45264999999999994, -0.1515, 139.3492, 3, 0.5, 0]
INFO:root:Scan update starts at: [-0.45264999999999994, -0.1515, 139.3492, 3, 0.5, 0]
INFO:root:Start Tcounts: [39759, 84420, -28623, 13205, 111076, -55579]
INFO:root:-5.464582
INFO:root:Monitor start (loss then pos)
INFO:root:-5.464582
INFO:root:39759
INFO:root:-5.459847
INFO:root:39753
INFO:root:-5.456543
INFO:root:39753
INFO:root:-5.4554575
INFO:root:39747
INFO:root:-5.454372
INFO:root:39738
INFO:root:-5.4777795000000005
INFO:root:39730
INFO:root:-5.5905395
INFO:root:39702
INFO:root:-6.458301
INFO:root:39680
INFO:root:x scan done: decreasing
INFO:root:Monitor start (loss then pos)
INFO:root:-6.458301
INFO:root:39702
INFO:root:-7.900347
INFO:root:39703
INFO:root:-7.7024384999999995
INFO:root:39706
INFO:root:-7.50453
INFO:root:39711
INFO:root:-6.866708
INFO:root:39719
INFO:root:-6.866708
INFO:root:39728
INFO:root:-6.286906
INFO:root:39739
INFO:root:-6.035716
INFO:root:39751
INFO:root:-5.784526
INFO:root:39765
INFO:root:-5.464022
INFO:root:39782
INFO:root:-5.464022
INFO:root:39800
INFO:root:-5.535663
INFO:root:39820
INFO:root:-5.9270175
INFO:root:39845
INFO:root:x scan done: has max
INFO:root:-5.439813
INFO:root:Monitor start (loss then pos)
INFO:root:-5.439813
INFO:root:84420
INFO:root:-5.447497
INFO:root:84414
INFO:root:-5.449914
INFO:root:84414
INFO:root:-5.452312
INFO:root:84414
INFO:root:-5.45471
INFO:root:84414
INFO:root:-5.447329
INFO:root:84414
INFO:root:-5.3586765
INFO:root:84397
INFO:root:-5.270024
INFO:root:84373
INFO:root:-5.2891525
INFO:root:84354
INFO:root:-5.308281
INFO:root:84337
INFO:root:-5.854844
INFO:root:84320
INFO:root:-6.475446
INFO:root:84300
INFO:root:y scan done: has max
INFO:root:Scan update ends at: [-0.4523499999999999, -0.15265, 139.3492, 3, 0.5, 0]
INFO:root:X change: 6; Y change: -23
INFO:root:Z optim starts at (pos then loss): 
INFO:root:[-0.4523499999999999, -0.15265, 139.3492, 3, 0.5, 0]
INFO:root:-5.2161725
INFO:root:[-0.4523499999999999, -0.15265, 139.3596, 3, 0.5, 0]
INFO:root:-4.786832
INFO:root:[-0.4523499999999999, -0.15265, 139.37, 3, 0.5, 0]
INFO:root:-4.7897335000000005
INFO:root:[-0.4523499999999999, -0.15265, 139.3804, 3, 0.5, 0]
INFO:root:-5.776336
INFO:root:[-0.4523499999999999, -0.15265, 139.3698, 3, 0.5, 0]
INFO:root:Z optim ends at: [-0.4523499999999999, -0.15265, 139.3698, 3, 0.5, 0]
INFO:root:Scan update starts at: [-0.4523499999999999, -0.15265, 139.3698, 3, 0.5, 0]
INFO:root:Start Tcounts: [40406, 84419, -28359, 13666, 111430, -56199]
INFO:root:-4.8078085
INFO:root:Monitor start (loss then pos)
INFO:root:-4.8078085
INFO:root:40406
INFO:root:-4.811683
INFO:root:40404
INFO:root:-4.818382
INFO:root:40417
INFO:root:-4.847020499999999
INFO:root:40425
INFO:root:-4.875659
INFO:root:40435
INFO:root:-4.981981
INFO:root:40448
INFO:root:x scan done: decreasing
INFO:root:Monitor start (loss then pos)
INFO:root:-4.981981
INFO:root:40435
INFO:root:-5.70426
INFO:root:40429
INFO:root:-5.5587545
INFO:root:40426
INFO:root:-5.413249
INFO:root:40420
INFO:root:-5.3117315000000005
INFO:root:40413
INFO:root:-5.210214
INFO:root:40404
INFO:root:-4.891566
INFO:root:40394
INFO:root:-4.859135
INFO:root:40381
INFO:root:-4.826704
INFO:root:40367
INFO:root:-5.022645000000001
INFO:root:40350
INFO:root:-6.423497
INFO:root:40277
INFO:root:x scan done: has max
INFO:root:-5.098054
INFO:root:Monitor start (loss then pos)
INFO:root:-5.098054
INFO:root:84419
INFO:root:-5.057302
INFO:root:84413
INFO:root:-5.01655
INFO:root:84413
INFO:root:-4.993998
INFO:root:84413
INFO:root:-4.98263
INFO:root:84413
INFO:root:-4.971262
INFO:root:84412
INFO:root:-4.749003
INFO:root:84392
INFO:root:-4.526744
INFO:root:84370
INFO:root:-4.142584
INFO:root:84353
INFO:root:-4.2147685
INFO:root:84336
INFO:root:-4.286953
INFO:root:84319
INFO:root:y scan done: has max
INFO:root:Scan update ends at: [-0.4535999999999999, -0.15510000000000002, 139.3698, 3, 0.5, 0]
INFO:root:X change: -25; Y change: -49
INFO:root:Z optim starts at (pos then loss): 
INFO:root:[-0.4535999999999999, -0.15510000000000002, 139.3698, 3, 0.5, 0]
INFO:root:-4.148662
INFO:root:[-0.4535999999999999, -0.15510000000000002, 139.378, 3, 0.5, 0]
INFO:root:-3.753384
INFO:root:[-0.4535999999999999, -0.15510000000000002, 139.38619999999997, 3, 0.5, 0]
INFO:root:-3.403446
INFO:root:[-0.4535999999999999, -0.15510000000000002, 139.39439999999996, 3, 0.5, 0]
INFO:root:-4.006413
INFO:root:[-0.4535999999999999, -0.15510000000000002, 139.38599999999997, 3, 0.5, 0]
INFO:root:Z optim ends at: [-0.4535999999999999, -0.15510000000000002, 139.38599999999997, 3, 0.5, 0]
INFO:root:Scan update starts at: [-0.4535999999999999, -0.15510000000000002, 139.38599999999997, 3, 0.5, 0]
INFO:root:Start Tcounts: [40886, 84387, -28121, 13998, 111739, -56718]
INFO:root:Start Xstep (loss then pos)
INFO:root:-3.4574860000000003
INFO:root:40886
INFO:root:-3.857348
INFO:root:40876
INFO:root:Change direction
INFO:root:-3.314001
INFO:root:40896
INFO:root:-3.359745
INFO:root:40906
INFO:root:Over
INFO:root:Start Ystep (loss then pos)
INFO:root:-3.485953
INFO:root:84387
INFO:root:-3.124511
INFO:root:84377
INFO:root:-2.930851
INFO:root:84367
INFO:root:-2.912486
INFO:root:84357
INFO:root:-3.077267
INFO:root:84347
INFO:root:Over
INFO:root:Scan update ends at: [-0.4530999999999999, -0.15660000000000002, 139.38599999999997, 3, 0.5, 0]
INFO:root:X change: 10; Y change: -30
INFO:root:Z optim starts at (pos then loss): 
INFO:root:[-0.4530999999999999, -0.15660000000000002, 139.38599999999997, 3, 0.5, 0]
INFO:root:-2.92569
INFO:root:[-0.4530999999999999, -0.15660000000000002, 139.39034999999996, 3, 0.5, 0]
INFO:root:-2.615729
INFO:root:[-0.4530999999999999, -0.15660000000000002, 139.39469999999994, 3, 0.5, 0]
INFO:root:-2.442856
INFO:root:[-0.4530999999999999, -0.15660000000000002, 139.39904999999993, 3, 0.5, 0]
INFO:root:-2.215833
INFO:root:[-0.4530999999999999, -0.15660000000000002, 139.40339999999992, 3, 0.5, 0]
INFO:root:-2.5027125000000003
INFO:root:[-0.4530999999999999, -0.15660000000000002, 139.39884999999992, 3, 0.5, 0]
INFO:root:Z optim ends at: [-0.4530999999999999, -0.15660000000000002, 139.39884999999992, 3, 0.5, 0]
INFO:root:Scan update starts at: [-0.4530999999999999, -0.15660000000000002, 139.39884999999992, 3, 0.5, 0]
INFO:root:Start Tcounts: [41296, 84370, -27962, 14270, 111954, -57121]
INFO:root:Start Xstep (loss then pos)
INFO:root:-2.223333
INFO:root:41296
INFO:root:-2.332505
INFO:root:41306
INFO:root:Change direction
INFO:root:-2.4366505
INFO:root:41286
INFO:root:Over
INFO:root:Start Ystep (loss then pos)
INFO:root:-2.253908
INFO:root:84370
INFO:root:-2.038798
INFO:root:84360
INFO:root:-2.0127375
INFO:root:84350
INFO:root:-2.149962
INFO:root:84340
INFO:root:Over
INFO:root:Scan update ends at: [-0.4530499999999999, -0.15760000000000002, 139.39884999999992, 3, 0.5, 0]
INFO:root:X change: 1; Y change: -20
INFO:root:Z optim starts at (pos then loss): 
INFO:root:[-0.4530499999999999, -0.15760000000000002, 139.39884999999992, 3, 0.5, 0]
INFO:root:-2.005859
INFO:root:[-0.4530499999999999, -0.15760000000000002, 139.4018499999999, 3, 0.5, 0]
INFO:root:-1.824745
INFO:root:[-0.4530499999999999, -0.15760000000000002, 139.4048499999999, 3, 0.5, 0]
INFO:root:-1.664338
INFO:root:[-0.4530499999999999, -0.15760000000000002, 139.40784999999988, 3, 0.5, 0]
INFO:root:-1.669383
INFO:root:[-0.4530499999999999, -0.15760000000000002, 139.41084999999987, 3, 0.5, 0]
INFO:root:-1.6482809999999999
INFO:root:[-0.4530499999999999, -0.15760000000000002, 139.41384999999985, 3, 0.5, 0]
INFO:root:-1.9460915
INFO:root:[-0.4530499999999999, -0.15760000000000002, 139.41064999999986, 3, 0.5, 0]
INFO:root:Z optim ends at: [-0.4530499999999999, -0.15760000000000002, 139.41064999999986, 3, 0.5, 0]
INFO:root:Change to Final_adjust
INFO:root:Scan update starts at: [-0.4530499999999999, -0.15760000000000002, 139.41064999999986, 3, 0.5, 0]
INFO:root:Start Tcounts: [41665, 84363, -27808, 14528, 112159, -57484]
INFO:root:Start Xstep (loss then pos)
INFO:root:-1.7184325
INFO:root:41665
INFO:root:-1.7018490000000002
INFO:root:41662
INFO:root:-1.7766045
INFO:root:41659
INFO:root:Over
INFO:root:Start Ystep (loss then pos)
INFO:root:-1.735406
INFO:root:84363
INFO:root:-1.537787
INFO:root:84360
INFO:root:-1.4158805
INFO:root:84357
INFO:root:-1.368328
INFO:root:84354
INFO:root:-1.289171
INFO:root:84351
INFO:root:-1.2693094999999999
INFO:root:84348
INFO:root:-1.254264
INFO:root:84345
INFO:root:-1.246751
INFO:root:84342
INFO:root:-1.284722
INFO:root:84339
INFO:root:Over
INFO:root:Scan update ends at: [-0.4531999999999999, -0.15865, 139.41064999999986, 3, 0.5, 0]
INFO:root:X change: -3; Y change: -21
INFO:root:Change to Final_adjust
INFO:root:Z optim starts at (pos then loss): 
INFO:root:[-0.4531999999999999, -0.15865, 139.41064999999986, 3, 0.5, 0]
INFO:root:-1.255176
INFO:root:[-0.4531999999999999, -0.15865, 139.41220999999987, 3, 0.5, 0]
INFO:root:-1.1546775
INFO:root:[-0.4531999999999999, -0.15865, 139.4137699999999, 3, 0.5, 0]
INFO:root:-1.077592
INFO:root:[-0.4531999999999999, -0.15865, 139.4153299999999, 3, 0.5, 0]
INFO:root:-1.036824
INFO:root:[-0.4531999999999999, -0.15865, 139.4168899999999, 3, 0.5, 0]
INFO:root:-1.041978
INFO:root:[-0.4531999999999999, -0.15865, 139.4151299999999, 3, 0.5, 0]
INFO:root:Z optim ends at: [-0.4531999999999999, -0.15865, 139.4151299999999, 3, 0.5, 0]
INFO:root:Change to Final_adjust
INFO:root:Scan update starts at: [-0.4531999999999999, -0.15865, 139.4151299999999, 3, 0.5, 0]
INFO:root:Start Tcounts: [41802, 84346, -27746, 14613, 112241, -57635]
INFO:root:Start Xstep (loss then pos)
INFO:root:-1.017533
INFO:root:41802
INFO:root:-1.004192
INFO:root:41799
INFO:root:-1.012273
INFO:root:41796
INFO:root:Over
INFO:root:Start Ystep (loss then pos)
INFO:root:-1.0280535
INFO:root:84346
INFO:root:-0.9703973
INFO:root:84343
INFO:root:-0.959141
INFO:root:84340
INFO:root:-0.97687585
INFO:root:84337
INFO:root:Over
INFO:root:Scan update ends at: [-0.45334999999999986, -0.15895, 139.4151299999999, 3, 0.5, 0]
INFO:root:X change: -3; Y change: -6
INFO:root:Change to Final_adjust
INFO:root:Z optim starts at (pos then loss): 
INFO:root:[-0.45334999999999986, -0.15895, 139.4151299999999, 3, 0.5, 0]
INFO:root:-0.9762132
INFO:root:[-0.45334999999999986, -0.15895, 139.41662999999988, 3, 0.5, 0]
INFO:root:-0.9065143499999999
INFO:root:[-0.45334999999999986, -0.15895, 139.41812999999988, 3, 0.5, 0]
INFO:root:-0.8590466
INFO:root:[-0.45334999999999986, -0.15895, 139.41962999999987, 3, 0.5, 0]
INFO:root:-0.8587855
INFO:root:[-0.45334999999999986, -0.15895, 139.42112999999986, 3, 0.5, 0]
INFO:root:-0.9229227
INFO:root:[-0.45334999999999986, -0.15895, 139.41942999999986, 3, 0.5, 0]
INFO:root:Z optim ends at: [-0.45334999999999986, -0.15895, 139.41942999999986, 3, 0.5, 0]
INFO:root:Change to Final_adjust
INFO:root:Scan update starts at: [-0.45334999999999986, -0.15895, 139.41942999999986, 3, 0.5, 0]
INFO:root:Start Tcounts: [41933, 84345, -27686, 14708, 112319, -57766]
INFO:root:Start Xstep (loss then pos)
INFO:root:-0.809873
INFO:root:41933
INFO:root:-0.8080205
INFO:root:41930
INFO:root:-0.8911022
INFO:root:41927
INFO:root:Over
INFO:root:Start Ystep (loss then pos)
INFO:root:-0.8556244
INFO:root:84345
INFO:root:-0.79959185
INFO:root:84342
INFO:root:-0.7256906000000001
INFO:root:84339
INFO:root:-0.7292157
INFO:root:84336
INFO:root:-0.735017
INFO:root:84333
INFO:root:Over
INFO:root:Scan update ends at: [-0.45349999999999985, -0.15940000000000001, 139.41942999999986, 3, 0.5, 0]
INFO:root:X change: -3; Y change: -9
INFO:root:Change to Final_adjust
INFO:root:Z optim starts at (pos then loss): 
INFO:root:[-0.45349999999999985, -0.15940000000000001, 139.41942999999986, 3, 0.5, 0]
INFO:root:-0.7319297499999999
INFO:root:[-0.45349999999999985, -0.15940000000000001, 139.42092999999986, 3, 0.5, 0]
INFO:root:-0.6626183999999999
INFO:root:[-0.45349999999999985, -0.15940000000000001, 139.42242999999985, 3, 0.5, 0]
INFO:root:-0.6408014
INFO:root:[-0.45349999999999985, -0.15940000000000001, 139.42392999999984, 3, 0.5, 0]
INFO:root:-0.6570672
INFO:root:[-0.45349999999999985, -0.15940000000000001, 139.42222999999984, 3, 0.5, 0]
INFO:root:Z optim ends at: [-0.45349999999999985, -0.15940000000000001, 139.42222999999984, 3, 0.5, 0]
INFO:root:Change to Final_adjust
INFO:root:Scan update starts at: [-0.45349999999999985, -0.15940000000000001, 139.42222999999984, 3, 0.5, 0]
INFO:root:Start Tcounts: [42017, 84339, -27646, 14765, 112371, -57856]
INFO:root:Start Xstep (loss then pos)
INFO:root:-0.5969698
INFO:root:42017
INFO:root:-0.5998681
INFO:root:42014
INFO:root:Change direction
INFO:root:-0.7170558
INFO:root:42020
INFO:root:Over
INFO:root:Start Ystep (loss then pos)
INFO:root:-0.6040762
INFO:root:84339
INFO:root:-0.5666757
INFO:root:84336
INFO:root:-0.5582619
INFO:root:84333
INFO:root:-0.5900189
INFO:root:84330
INFO:root:Over
INFO:root:Scan update ends at: [-0.45344999999999985, -0.1597, 139.42222999999984, 3, 0.5, 0]
INFO:root:X change: 1; Y change: -6
INFO:root:Change to Final_adjust
INFO:root:Z optim starts at (pos then loss): 
INFO:root:[-0.45344999999999985, -0.1597, 139.42222999999984, 3, 0.5, 0]
INFO:root:-0.5714106
INFO:root:[-0.45344999999999985, -0.1597, 139.42372999999984, 3, 0.5, 0]
INFO:root:-0.5519425
INFO:root:[-0.45344999999999985, -0.1597, 139.42522999999983, 3, 0.5, 0]
INFO:root:-0.5515325
INFO:root:[-0.45344999999999985, -0.1597, 139.42672999999982, 3, 0.5, 0]
INFO:root:-0.563277
INFO:root:[-0.45344999999999985, -0.1597, 139.42502999999982, 3, 0.5, 0]
INFO:root:Z optim ends at: [-0.45344999999999985, -0.1597, 139.42502999999982, 3, 0.5, 0]
INFO:root:Change to Final_adjust
INFO:root:Scan update starts at: [-0.45344999999999985, -0.1597, 139.42502999999982, 3, 0.5, 0]
INFO:root:Start Tcounts: [42106, 84336, -27610, 14825, 112419, -57944]
INFO:root:Start Xstep (loss then pos)
INFO:root:-0.507619
INFO:root:42106
INFO:root:-0.6717059
INFO:root:42109
INFO:root:Change direction
INFO:root:-0.4733762
INFO:root:42103
INFO:root:-0.4797039
INFO:root:42100
INFO:root:Over
INFO:root:Start Ystep (loss then pos)
INFO:root:-0.4977456
INFO:root:84336
INFO:root:-0.4815833
INFO:root:84333
INFO:root:-0.4863365
INFO:root:84330
INFO:root:Over
INFO:root:Scan update ends at: [-0.45359999999999984, -0.15985000000000002, 139.42502999999982, 3, 0.5, 0]
INFO:root:X change: -3; Y change: -3
INFO:root:Change to Final_adjust
INFO:root:Z optim starts at (pos then loss): 
INFO:root:[-0.45359999999999984, -0.15985000000000002, 139.42502999999982, 3, 0.5, 0]
INFO:root:-0.5122378999999999
INFO:root:[-0.45359999999999984, -0.15985000000000002, 139.42652999999981, 3, 0.5, 0]
INFO:root:-0.45791875
INFO:root:[-0.45359999999999984, -0.15985000000000002, 139.4280299999998, 3, 0.5, 0]
INFO:root:-0.5007114
INFO:root:[-0.45359999999999984, -0.15985000000000002, 139.4263299999998, 3, 0.5, 0]
INFO:root:Z optim ends at: [-0.45359999999999984, -0.15985000000000002, 139.4263299999998, 3, 0.5, 0]
INFO:root:Change to Final_adjust
INFO:root:Scan update starts at: [-0.45359999999999984, -0.15985000000000002, 139.4263299999998, 3, 0.5, 0]
INFO:root:Start Tcounts: [42143, 84334, -27590, 14853, 112445, -57984]
INFO:root:Start Xstep (loss then pos)
INFO:root:-0.4387915
INFO:root:42143
INFO:root:-0.4291539
INFO:root:42140
INFO:root:-0.4981767
INFO:root:42137
INFO:root:Over
INFO:root:Start Ystep (loss then pos)
INFO:root:-0.4713718
INFO:root:84334
INFO:root:-0.41161905
INFO:root:84331
INFO:root:-0.4294596
INFO:root:84328
INFO:root:Over
INFO:root:Scan update ends at: [-0.4537499999999998, -0.16000000000000003, 139.4263299999998, 3, 0.5, 0]
INFO:root:X change: -3; Y change: -3
INFO:root:Change to Final_adjust
INFO:root:Z optim starts at (pos then loss): 
INFO:root:[-0.4537499999999998, -0.16000000000000003, 139.4263299999998, 3, 0.5, 0]
INFO:root:-0.4458142
INFO:root:[-0.4537499999999998, -0.16000000000000003, 139.4278299999998, 3, 0.5, 0]
INFO:root:-0.40722405
INFO:root:[-0.4537499999999998, -0.16000000000000003, 139.4293299999998, 3, 0.5, 0]
INFO:root:-0.418876
INFO:root:[-0.4537499999999998, -0.16000000000000003, 139.4276299999998, 3, 0.5, 0]
INFO:root:Z optim ends at: [-0.4537499999999998, -0.16000000000000003, 139.4276299999998, 3, 0.5, 0]
INFO:root:Change to Final_adjust
INFO:root:Scan update starts at: [-0.4537499999999998, -0.16000000000000003, 139.4276299999998, 3, 0.5, 0]
INFO:root:Start Tcounts: [42181, 84332, -27570, 14880, 112471, -58025]
INFO:root:Start Xstep (loss then pos)
INFO:root:-0.3651032
INFO:root:42181
INFO:root:-0.3671943
INFO:root:42178
INFO:root:Change direction
INFO:root:-0.4815024
INFO:root:42184
INFO:root:Over
INFO:root:Start Ystep (loss then pos)
INFO:root:-0.3639787
INFO:root:84332
INFO:root:-0.3373866
INFO:root:84329
INFO:root:-0.3648148
INFO:root:84326
INFO:root:Over
INFO:root:Scan update ends at: [-0.4536999999999998, -0.16015000000000004, 139.4276299999998, 3, 0.5, 0]
INFO:root:X change: 1; Y change: -3
INFO:root:Change to Final_adjust
INFO:root:Z optim starts at (pos then loss): 
INFO:root:[-0.4536999999999998, -0.16015000000000004, 139.4276299999998, 3, 0.5, 0]
INFO:root:-0.35826145
INFO:root:[-0.4536999999999998, -0.16015000000000004, 139.4291299999998, 3, 0.5, 0]
INFO:root:-0.3825684
INFO:root:[-0.4536999999999998, -0.16015000000000004, 139.4282299999998, 3, 0.5, 0]
INFO:root:-0.3290149
INFO:root:[-0.4536999999999998, -0.16015000000000004, 139.42882999999978, 3, 0.5, 0]
INFO:root:-0.3617595
INFO:root:[-0.4536999999999998, -0.16015000000000004, 139.42802999999978, 3, 0.5, 0]
INFO:root:Z optim ends at: [-0.4536999999999998, -0.16015000000000004, 139.42802999999978, 3, 0.5, 0]
INFO:root:Change to Final_adjust
INFO:root:Scan update starts at: [-0.4536999999999998, -0.16015000000000004, 139.42802999999978, 3, 0.5, 0]
INFO:root:Start Tcounts: [42194, 84330, -27566, 14887, 112477, -58040]
INFO:root:Start Xstep (loss then pos)
INFO:root:-0.33177294999999996
INFO:root:42194
INFO:root:-0.5172963
INFO:root:42197
INFO:root:Change direction
INFO:root:-0.34055525
INFO:root:42191
INFO:root:-0.3482536
INFO:root:42188
INFO:root:Over
INFO:root:Start Ystep (loss then pos)
INFO:root:-0.3698877
INFO:root:84330
INFO:root:-0.3683447
INFO:root:84327
INFO:root:-0.3880559
INFO:root:84324
INFO:root:Over
INFO:root:Scan update ends at: [-0.4538499999999998, -0.16030000000000005, 139.42802999999978, 3, 0.5, 0]
INFO:root:X change: -3; Y change: -3
INFO:root:Change to Final_adjust
INFO:root:Z optim starts at (pos then loss): 
INFO:root:[-0.4538499999999998, -0.16030000000000005, 139.42802999999978, 3, 0.5, 0]
INFO:root:-0.3658348
INFO:root:[-0.4538499999999998, -0.16030000000000005, 139.42952999999977, 3, 0.5, 0]
INFO:root:-0.3181613
INFO:root:[-0.4538499999999998, -0.16030000000000005, 139.43102999999977, 3, 0.5, 0]
INFO:root:-0.3320926
INFO:root:[-0.4538499999999998, -0.16030000000000005, 139.42932999999977, 3, 0.5, 0]
INFO:root:Z optim ends at: [-0.4538499999999998, -0.16030000000000005, 139.42932999999977, 3, 0.5, 0]
INFO:root:Change to Final_adjust
INFO:root:Scan update starts at: [-0.4538499999999998, -0.16030000000000005, 139.42932999999977, 3, 0.5, 0]
INFO:root:Start Tcounts: [42232, 84328, -27546, 14914, 112503, -58081]
INFO:root:Start Xstep (loss then pos)
INFO:root:-0.2955235
INFO:root:42232
INFO:root:-0.2867358
INFO:root:42229
INFO:root:-0.322533
INFO:root:42226
INFO:root:Over
INFO:root:Start Ystep (loss then pos)
INFO:root:-0.3071108
INFO:root:84328
INFO:root:-0.3070986
INFO:root:84325
INFO:root:-0.3753375
INFO:root:84322
INFO:root:Over
INFO:root:Scan update ends at: [-0.4539999999999998, -0.16045000000000006, 139.42932999999977, 3, 0.5, 0]
INFO:root:X change: -3; Y change: -3
INFO:root:Change to Final_adjust
INFO:root:Z optim starts at (pos then loss): 
INFO:root:[-0.4539999999999998, -0.16045000000000006, 139.42932999999977, 3, 0.5, 0]
INFO:root:-0.3048947
INFO:root:[-0.4539999999999998, -0.16045000000000006, 139.43082999999976, 3, 0.5, 0]
INFO:root:-0.2751374
INFO:root:[-0.4539999999999998, -0.16045000000000006, 139.43232999999975, 3, 0.5, 0]
INFO:root:-0.287968
INFO:root:[-0.4539999999999998, -0.16045000000000006, 139.43062999999975, 3, 0.5, 0]
INFO:root:Z optim ends at: [-0.4539999999999998, -0.16045000000000006, 139.43062999999975, 3, 0.5, 0]
INFO:root:Change to Final_adjust
INFO:root:Scan update starts at: [-0.4539999999999998, -0.16045000000000006, 139.43062999999975, 3, 0.5, 0]
INFO:root:Start Tcounts: [42269, 84327, -27525, 14942, 112528, -58122]
INFO:root:Start Xstep (loss then pos)
INFO:root:-0.2539829
INFO:root:42269
INFO:root:-0.26346925
INFO:root:42266
INFO:root:Change direction
INFO:root:-0.3278416
INFO:root:42272
INFO:root:Over
INFO:root:Start Ystep (loss then pos)
INFO:root:-0.2554343
INFO:root:84327
INFO:root:-0.2656913
INFO:root:84324
INFO:root:Change direction
INFO:root:-0.3312893
INFO:root:84330
INFO:root:Over
INFO:root:Scan update ends at: [-0.4539499999999998, -0.16040000000000007, 139.43062999999975, 3, 0.5, 0]
INFO:root:X change: 1; Y change: 1
INFO:root:Change to Final_adjust
INFO:root:Z optim starts at (pos then loss): 
INFO:root:[-0.4539499999999998, -0.16040000000000007, 139.43062999999975, 3, 0.5, 0]
INFO:root:-0.2579833
INFO:root:[-0.4539499999999998, -0.16040000000000007, 139.43212999999974, 3, 0.5, 0]
INFO:root:-0.3085551
INFO:root:[-0.4539499999999998, -0.16040000000000007, 139.43122999999974, 3, 0.5, 0]
INFO:root:-0.2577793
INFO:root:[-0.4539499999999998, -0.16040000000000007, 139.43182999999974, 3, 0.5, 0]
INFO:root:-0.2802467
INFO:root:[-0.4539499999999998, -0.16040000000000007, 139.43102999999974, 3, 0.5, 0]
INFO:root:Z optim ends at: [-0.4539499999999998, -0.16040000000000007, 139.43102999999974, 3, 0.5, 0]
INFO:root:Change to Final_adjust
INFO:root:Scan update starts at: [-0.4539499999999998, -0.16040000000000007, 139.43102999999974, 3, 0.5, 0]
INFO:root:Start Tcounts: [42283, 84328, -27521, 14952, 112535, -58132]
INFO:root:Start Xstep (loss then pos)
INFO:root:-0.25319265
INFO:root:42283
INFO:root:-0.36353610000000003
INFO:root:42286
INFO:root:Change direction
INFO:root:-0.2794029
INFO:root:42280
INFO:root:-0.3564121
INFO:root:42277
INFO:root:Over
INFO:root:Start Ystep (loss then pos)
INFO:root:-0.29761985
INFO:root:84328
INFO:root:-0.36743254999999997
INFO:root:84331
INFO:root:Change direction
INFO:root:-0.2612216
INFO:root:84325
INFO:root:-0.3081685
INFO:root:84322
INFO:root:Over
INFO:root:Scan update ends at: [-0.4540999999999998, -0.16055000000000008, 139.43102999999974, 3, 0.5, 0]
INFO:root:X change: -3; Y change: -3
INFO:root:Change to Final_adjust
INFO:root:Z optim starts at (pos then loss): 
INFO:root:[-0.4540999999999998, -0.16055000000000008, 139.43102999999974, 3, 0.5, 0]
INFO:root:-0.2644655
INFO:root:[-0.4540999999999998, -0.16055000000000008, 139.43252999999973, 3, 0.5, 0]
INFO:root:-0.2610962
INFO:root:[-0.4540999999999998, -0.16055000000000008, 139.43402999999972, 3, 0.5, 0]
INFO:root:-0.30413365000000003
INFO:root:[-0.4540999999999998, -0.16055000000000008, 139.43232999999972, 3, 0.5, 0]
INFO:root:Z optim ends at: [-0.4540999999999998, -0.16055000000000008, 139.43232999999972, 3, 0.5, 0]
INFO:root:Change to Final_adjust
INFO:root:Scan update starts at: [-0.4540999999999998, -0.16055000000000008, 139.43232999999972, 3, 0.5, 0]
INFO:root:Start Tcounts: [42321, 84326, -27501, 14980, 112560, -58173]
INFO:root:Start Xstep (loss then pos)
INFO:root:-0.2295472
INFO:root:42321
INFO:root:-0.24416195000000002
INFO:root:42318
INFO:root:Change direction
INFO:root:-0.3151899
INFO:root:42324
INFO:root:Over
INFO:root:Start Ystep (loss then pos)
INFO:root:-0.2273451
INFO:root:84326
INFO:root:-0.2401986
INFO:root:84323
INFO:root:Change direction
INFO:root:-0.3399576
INFO:root:84329
INFO:root:Over
INFO:root:Scan update ends at: [-0.4540499999999998, -0.1605000000000001, 139.43232999999972, 3, 0.5, 0]
INFO:root:X change: 1; Y change: 1
INFO:root:Change to Final_adjust
INFO:root:Z optim starts at (pos then loss): 
INFO:root:[-0.4540499999999998, -0.1605000000000001, 139.43232999999972, 3, 0.5, 0]
INFO:root:-0.2237008
INFO:root:[-0.4540499999999998, -0.1605000000000001, 139.43382999999972, 3, 0.5, 0]
INFO:root:-0.29312495
INFO:root:[-0.4540499999999998, -0.1605000000000001, 139.43292999999971, 3, 0.5, 0]
INFO:root:-0.2370249
INFO:root:[-0.4540499999999998, -0.1605000000000001, 139.4325699999997, 3, 0.5, 0]
INFO:root:-0.2304854
INFO:root:Z step is too small
INFO:root:Another Try
INFO:root:[-0.4540499999999998, -0.1605000000000001, 139.42632999999972, 3, 0.5, 0]
INFO:root:Change to Final_adjust
INFO:root:Scan update starts at: [-0.4540499999999998, -0.1605000000000001, 139.42632999999972, 3, 0.5, 0]
INFO:root:Start Tcounts: [42134, 84321, -27581, 14840, 112454, -57997]
INFO:root:Start Xstep (loss then pos)
INFO:root:-0.4453444
INFO:root:42134
INFO:root:-0.50996335
INFO:root:42137
INFO:root:Change direction
INFO:root:-0.4857726
INFO:root:42131
INFO:root:-0.5472793
INFO:root:42128
INFO:root:Over
INFO:root:Start Ystep (loss then pos)
INFO:root:-0.4468528
INFO:root:84321
INFO:root:-0.3675335
INFO:root:84324
INFO:root:-0.3715362
INFO:root:84327
INFO:root:Over
INFO:root:Scan update ends at: [-0.45419999999999977, -0.16035000000000008, 139.42632999999972, 3, 0.5, 0]
INFO:root:X change: -3; Y change: 3
INFO:root:Change to Final_adjust
INFO:root:Z optim starts at (pos then loss): 
INFO:root:[-0.45419999999999977, -0.16035000000000008, 139.42632999999972, 3, 0.5, 0]
INFO:root:-0.3990794
INFO:root:[-0.45419999999999977, -0.16035000000000008, 139.42782999999972, 3, 0.5, 0]
INFO:root:-0.3333626
INFO:root:[-0.45419999999999977, -0.16035000000000008, 139.4293299999997, 3, 0.5, 0]
INFO:root:-0.29310785
INFO:root:[-0.45419999999999977, -0.16035000000000008, 139.4308299999997, 3, 0.5, 0]
INFO:root:-0.31820175
INFO:root:[-0.45419999999999977, -0.16035000000000008, 139.4291299999997, 3, 0.5, 0]
INFO:root:Z optim ends at: [-0.45419999999999977, -0.16035000000000008, 139.4291299999997, 3, 0.5, 0]
INFO:root:Change to Final_adjust
INFO:root:Scan update starts at: [-0.45419999999999977, -0.16035000000000008, 139.4291299999997, 3, 0.5, 0]
INFO:root:Start Tcounts: [42219, 84327, -27541, 14909, 112506, -58076]
INFO:root:Start Xstep (loss then pos)
INFO:root:-0.2966553
INFO:root:42219
INFO:root:-0.33473929999999996
INFO:root:42216
INFO:root:Change direction
INFO:root:-0.3167793
INFO:root:42222
INFO:root:-0.3815713
INFO:root:42225
INFO:root:Over
INFO:root:Start Ystep (loss then pos)
INFO:root:-0.2927709
INFO:root:84327
INFO:root:-0.3588359
INFO:root:84330
INFO:root:Change direction
INFO:root:-0.2929001
INFO:root:84324
INFO:root:-0.34306335
INFO:root:84321
INFO:root:Over
INFO:root:Scan update ends at: [-0.4540499999999998, -0.1605000000000001, 139.4291299999997, 3, 0.5, 0]
INFO:root:X change: 3; Y change: -3
INFO:root:Change to Final_adjust
INFO:root:Z optim starts at (pos then loss): 
INFO:root:[-0.4540499999999998, -0.1605000000000001, 139.4291299999997, 3, 0.5, 0]
INFO:root:-0.2977346
INFO:root:[-0.4540499999999998, -0.1605000000000001, 139.4306299999997, 3, 0.5, 0]
INFO:root:-0.2739221
INFO:root:[-0.4540499999999998, -0.1605000000000001, 139.4321299999997, 3, 0.5, 0]
INFO:root:-0.267633
INFO:root:[-0.4540499999999998, -0.1605000000000001, 139.43362999999968, 3, 0.5, 0]
INFO:root:-0.318291
INFO:root:[-0.4540499999999998, -0.1605000000000001, 139.43192999999968, 3, 0.5, 0]
INFO:root:Z optim ends at: [-0.4540499999999998, -0.1605000000000001, 139.43192999999968, 3, 0.5, 0]
INFO:root:Change to Final_adjust
INFO:root:Scan update starts at: [-0.4540499999999998, -0.1605000000000001, 139.43192999999968, 3, 0.5, 0]
INFO:root:Start Tcounts: [42309, 84327, -27507, 14972, 112552, -58160]
INFO:root:Start Xstep (loss then pos)
INFO:root:-0.24928585
INFO:root:42309
INFO:root:-0.3476026
INFO:root:42312
INFO:root:Change direction
INFO:root:-0.2620382
INFO:root:42306
INFO:root:-0.3679263
INFO:root:42303
INFO:root:Over
INFO:root:Start Ystep (loss then pos)
INFO:root:-0.2624465
INFO:root:84327
INFO:root:-0.2397172
INFO:root:84324
INFO:root:-0.2680915
INFO:root:84321
INFO:root:Over
INFO:root:Scan update ends at: [-0.45419999999999977, -0.1606500000000001, 139.43192999999968, 3, 0.5, 0]
INFO:root:X change: -3; Y change: -3
INFO:root:Change to Final_adjust
INFO:root:Z optim starts at (pos then loss): 
INFO:root:[-0.45419999999999977, -0.1606500000000001, 139.43192999999968, 3, 0.5, 0]
INFO:root:-0.23153479999999999
INFO:root:[-0.45419999999999977, -0.1606500000000001, 139.43342999999967, 3, 0.5, 0]
INFO:root:-0.2257737
INFO:root:[-0.45419999999999977, -0.1606500000000001, 139.43492999999967, 3, 0.5, 0]
INFO:root:-0.2420765
INFO:root:[-0.45419999999999977, -0.1606500000000001, 139.43322999999967, 3, 0.5, 0]
INFO:root:Z optim ends at: [-0.45419999999999977, -0.1606500000000001, 139.43322999999967, 3, 0.5, 0]
INFO:root:Change to Final_adjust
INFO:root:Scan update starts at: [-0.45419999999999977, -0.1606500000000001, 139.43322999999967, 3, 0.5, 0]
INFO:root:Start Tcounts: [42347, 84325, -27487, 14999, 112578, -58201]
INFO:root:Start Xstep (loss then pos)
INFO:root:-0.2156626
INFO:root:42347
INFO:root:-0.2488899
INFO:root:42344
INFO:root:Change direction
INFO:root:-0.2444927
INFO:root:42350
INFO:root:-0.3100259
INFO:root:42353
INFO:root:Over
INFO:root:Start Ystep (loss then pos)
INFO:root:-0.2088527
INFO:root:84325
INFO:root:-0.23825695
INFO:root:84322
INFO:root:Change direction
INFO:root:-0.2883525
INFO:root:84328
INFO:root:Over
INFO:root:Scan update ends at: [-0.4540499999999998, -0.1606000000000001, 139.43322999999967, 3, 0.5, 0]
INFO:root:X change: 3; Y change: 1
INFO:root:Change to Final_adjust
INFO:root:Z optim starts at (pos then loss): 
INFO:root:[-0.4540499999999998, -0.1606000000000001, 139.43322999999967, 3, 0.5, 0]
INFO:root:-0.2135051
INFO:root:[-0.4540499999999998, -0.1606000000000001, 139.43472999999966, 3, 0.5, 0]
INFO:root:-0.2375063
INFO:root:[-0.4540499999999998, -0.1606000000000001, 139.43382999999966, 3, 0.5, 0]
INFO:root:-0.2023775
INFO:root:[-0.4540499999999998, -0.1606000000000001, 139.43442999999965, 3, 0.5, 0]
INFO:root:-0.23796495
INFO:root:[-0.4540499999999998, -0.1606000000000001, 139.43362999999965, 3, 0.5, 0]
INFO:root:Z optim ends at: [-0.4540499999999998, -0.1606000000000001, 139.43362999999965, 3, 0.5, 0]
INFO:root:Change to Final_adjust
INFO:root:Scan update starts at: [-0.4540499999999998, -0.1606000000000001, 139.43362999999965, 3, 0.5, 0]
INFO:root:Start Tcounts: [42362, 84327, -27485, 15010, 112582, -58212]
INFO:root:Start Xstep (loss then pos)
INFO:root:-0.2169756
INFO:root:42362
INFO:root:-0.2997169
INFO:root:42365
INFO:root:Change direction
INFO:root:-0.21482825
INFO:root:42359
INFO:root:-0.23857815
INFO:root:42356
INFO:root:Over
INFO:root:Start Ystep (loss then pos)
INFO:root:-0.2198052
INFO:root:84327
INFO:root:-0.2834519
INFO:root:84330
INFO:root:Change direction
INFO:root:-0.2194306
INFO:root:84324
INFO:root:-0.28481325
INFO:root:84321
INFO:root:Over
INFO:root:Scan update ends at: [-0.45419999999999977, -0.16075000000000012, 139.43362999999965, 3, 0.5, 0]
INFO:root:X change: -3; Y change: -3
INFO:root:Change to Final_adjust
INFO:root:Z optim starts at (pos then loss): 
INFO:root:[-0.45419999999999977, -0.16075000000000012, 139.43362999999965, 3, 0.5, 0]
INFO:root:-0.2142002
INFO:root:[-0.45419999999999977, -0.16075000000000012, 139.43512999999965, 3, 0.5, 0]
INFO:root:-0.2138188
INFO:root:[-0.45419999999999977, -0.16075000000000012, 139.43662999999964, 3, 0.5, 0]
INFO:root:-0.26172315
INFO:root:[-0.45419999999999977, -0.16075000000000012, 139.43492999999964, 3, 0.5, 0]
INFO:root:Z optim ends at: [-0.45419999999999977, -0.16075000000000012, 139.43492999999964, 3, 0.5, 0]
INFO:root:Change to Final_adjust
INFO:root:Scan update starts at: [-0.45419999999999977, -0.16075000000000012, 139.43492999999964, 3, 0.5, 0]
INFO:root:Start Tcounts: [42400, 84325, -27465, 15037, 112608, -58253]
INFO:root:Start Xstep (loss then pos)
INFO:root:-0.1935262
INFO:root:42400
INFO:root:-0.22630640000000002
INFO:root:42397
INFO:root:Change direction
INFO:root:-0.2643108
INFO:root:42403
INFO:root:Over
INFO:root:Start Ystep (loss then pos)
INFO:root:-0.19426685
INFO:root:84325
INFO:root:-0.2072436
INFO:root:84322
INFO:root:Change direction
INFO:root:-0.2736149
INFO:root:84328
INFO:root:Over
INFO:root:Scan update ends at: [-0.4541499999999998, -0.16070000000000012, 139.43492999999964, 3, 0.5, 0]
INFO:root:X change: 1; Y change: 1
INFO:root:Better than criteria
INFO:root:++++++++++++++++++++++++++++++
INFO:root:Curing Active Alignment Starts
INFO:root:-0.7648581
INFO:root:Scan update starts at: [-0.4541499999999998, -0.16070000000000012, 139.43492999999964, 3, 0.5, 0]
INFO:root:Start Tcounts: [42401, 84326, -27466, 15038, 112607, -58252]
INFO:root:Start Xstep (loss then pos)
INFO:root:-0.7527228
INFO:root:42401
INFO:root:-1.10644
INFO:root:42391
INFO:root:Change direction
INFO:root:-0.6457317
INFO:root:42411
INFO:root:-1.0707205000000002
INFO:root:42421
INFO:root:Over
INFO:root:Start Ystep (loss then pos)
INFO:root:-0.5088604
INFO:root:84326
INFO:root:-0.993185
INFO:root:84316
INFO:root:Change direction
INFO:root:-0.1939764
INFO:root:84336
INFO:root:-0.4167863
INFO:root:84346
INFO:root:Over
INFO:root:Scan update ends at: [-0.4536499999999998, -0.16020000000000012, 139.43492999999964, 3, 0.5, 0]
INFO:root:X change: 10; Y change: 10
INFO:root:-0.21851569999999998
INFO:root:-0.2188468
INFO:root:-0.219502
INFO:root:-0.2191352
INFO:root:-0.2183641
INFO:root:-0.2185662
INFO:root:-0.2164706
INFO:root:-0.2153595
INFO:root:-0.2155351
INFO:root:-0.2161938
INFO:root:-0.217028
INFO:root:-0.2182629
INFO:root:-0.2175557
INFO:root:-0.2178102
INFO:root:-0.2186447
INFO:root:-0.2184426
INFO:root:-0.2197921
INFO:root:-0.2214754
INFO:root:-0.2222059
INFO:root:-0.223371
INFO:root:-0.2247355
INFO:root:Scan update starts at: [-0.4536499999999998, -0.16020000000000012, 139.43492999999964, 3, 0.5, 0]
INFO:root:Start Tcounts: [42411, 84336, -27476, 15048, 112597, -58242]
INFO:root:Start Xstep (loss then pos)
INFO:root:-0.2247748
INFO:root:42411
INFO:root:-0.4084111
INFO:root:42415
INFO:root:Change direction
INFO:root:-0.2373316
INFO:root:42407
INFO:root:-0.3089172
INFO:root:42403
INFO:root:Over
INFO:root:Start Ystep (loss then pos)
INFO:root:-0.2357058
INFO:root:84336
INFO:root:-0.1967428
INFO:root:84340
INFO:root:-0.2501638
INFO:root:84344
INFO:root:Over
INFO:root:Scan update ends at: [-0.45384999999999975, -0.16000000000000011, 139.43492999999964, 3, 0.5, 0]
INFO:root:X change: -4; Y change: 4
INFO:root:-0.1919668
INFO:root:-0.1927704
INFO:root:-0.1933123
INFO:root:-0.1938278
INFO:root:-0.1946056
INFO:root:-0.1950818
INFO:root:-0.195838
INFO:root:-0.1961133
INFO:root:-0.1965899
INFO:root:-0.1972195
INFO:root:-0.19807435
INFO:root:-0.1987281
INFO:root:-0.1998611
INFO:root:-0.2007668
INFO:root:-0.20178665
INFO:root:-0.2031833
INFO:root:-0.20505774999999998
INFO:root:-0.2066346
INFO:root:-0.2084603
INFO:root:-0.2100366
INFO:root:-0.212357
INFO:root:-0.2147273
INFO:root:-0.2164706
INFO:root:-0.2182405
INFO:root:-0.22041175000000002
INFO:root:-0.2223594
INFO:root:-0.2241807
INFO:root:Scan update starts at: [-0.45384999999999975, -0.16000000000000011, 139.43492999999964, 3, 0.5, 0]
INFO:root:Start Tcounts: [42407, 84340, -27472, 15052, 112601, -58238]
INFO:root:Start Xstep (loss then pos)
INFO:root:-0.2246341
INFO:root:42407
INFO:root:-0.2715422
INFO:root:42403
INFO:root:Change direction
INFO:root:-0.2330422
INFO:root:42411
INFO:root:-0.3332078
INFO:root:42415
INFO:root:Over
INFO:root:Start Ystep (loss then pos)
INFO:root:-0.2384725
INFO:root:84340
INFO:root:-0.18597125
INFO:root:84344
INFO:root:-0.2260776
INFO:root:84348
INFO:root:Over
INFO:root:Scan update ends at: [-0.4536499999999998, -0.1598000000000001, 139.43492999999964, 3, 0.5, 0]
INFO:root:X change: 4; Y change: 4
INFO:root:-0.1885051
INFO:root:-0.1902115
INFO:root:-0.19208255000000002
INFO:root:-0.1943301
INFO:root:-0.1967166
INFO:root:-0.1993318
INFO:root:-0.20158330000000002
INFO:root:-0.2039365
INFO:root:-0.206418
INFO:root:-0.2102646
INFO:root:-0.2129888
INFO:root:-0.21683715
INFO:root:-0.2201086
INFO:root:-0.2244337
INFO:root:Scan update starts at: [-0.4536499999999998, -0.1598000000000001, 139.43492999999964, 3, 0.5, 0]
INFO:root:Start Tcounts: [42411, 84344, -27476, 15056, 112597, -58234]
INFO:root:Start Xstep (loss then pos)
INFO:root:-0.2250784
INFO:root:42411
INFO:root:-0.2861974
INFO:root:42415
INFO:root:Change direction
INFO:root:-0.2449225
INFO:root:42407
INFO:root:-0.2620382
INFO:root:42403
INFO:root:Over
INFO:root:Start Ystep (loss then pos)
INFO:root:-0.2451521
INFO:root:84344
INFO:root:-0.1835638
INFO:root:84348
INFO:root:-0.2094578
INFO:root:84352
INFO:root:Over
INFO:root:Scan update ends at: [-0.45384999999999975, -0.1596000000000001, 139.43492999999964, 3, 0.5, 0]
INFO:root:X change: -4; Y change: 4
INFO:root:-0.20352265
INFO:root:-0.2073624
INFO:root:-0.211677
INFO:root:-0.2149556
INFO:root:-0.2189217
INFO:root:-0.22242325000000002
INFO:root:-0.2266586
INFO:root:Scan update starts at: [-0.45384999999999975, -0.1596000000000001, 139.43492999999964, 3, 0.5, 0]
INFO:root:Start Tcounts: [42407, 84348, -27472, 15060, 112601, -58230]
INFO:root:Start Xstep (loss then pos)
INFO:root:-0.2270151
INFO:root:42407
INFO:root:-0.25969135
INFO:root:42403
INFO:root:Change direction
INFO:root:-0.2642349
INFO:root:42411
INFO:root:Over
INFO:root:Start Ystep (loss then pos)
INFO:root:-0.2455589
INFO:root:84348
INFO:root:-0.1945794
INFO:root:84352
INFO:root:-0.2540346
INFO:root:84356
INFO:root:Over
INFO:root:Scan update ends at: [-0.45379999999999976, -0.1594000000000001, 139.43492999999964, 3, 0.5, 0]
INFO:root:X change: 1; Y change: 4
INFO:root:-0.1918183
INFO:root:-0.194055
INFO:root:-0.1960129
INFO:root:-0.1978972
INFO:root:-0.1995855
INFO:root:-0.2013839
INFO:root:-0.2032839
INFO:root:-0.20498315
INFO:root:-0.2075156
INFO:root:-0.2100235
INFO:root:-0.2134936
INFO:root:-0.21635844999999998
INFO:root:-0.2199064
INFO:root:-0.22422945
INFO:root:Scan update starts at: [-0.45379999999999976, -0.1594000000000001, 139.43492999999964, 3, 0.5, 0]
INFO:root:Start Tcounts: [42408, 84352, -27473, 15064, 112600, -58226]
INFO:root:Start Xstep (loss then pos)
INFO:root:-0.224711
INFO:root:42408
INFO:root:-0.38836335
INFO:root:42412
INFO:root:Change direction
INFO:root:-0.2308384
INFO:root:42404
INFO:root:-0.2779446
INFO:root:42400
INFO:root:Over
INFO:root:Start Ystep (loss then pos)
INFO:root:-0.25166355
INFO:root:84352
INFO:root:-0.20908225
INFO:root:84356
INFO:root:-0.2746911
INFO:root:84360
INFO:root:Over
INFO:root:Scan update ends at: [-0.45399999999999974, -0.1592000000000001, 139.43492999999964, 3, 0.5, 0]
INFO:root:X change: -4; Y change: 4
INFO:root:-0.2191987
INFO:root:-0.22246055
INFO:root:-0.22611504999999998
INFO:root:Scan update starts at: [-0.45399999999999974, -0.1592000000000001, 139.43492999999964, 3, 0.5, 0]
INFO:root:Start Tcounts: [42404, 84356, -27469, 15068, 112604, -58222]
INFO:root:Start Xstep (loss then pos)
INFO:root:-0.2264825
INFO:root:42404
INFO:root:-0.2359333
INFO:root:42400
INFO:root:Change direction
INFO:root:-0.3045592
INFO:root:42408
INFO:root:Over
INFO:root:Start Ystep (loss then pos)
INFO:root:-0.2293934
INFO:root:84356
INFO:root:-0.2310147
INFO:root:84360
INFO:root:-0.3046502
INFO:root:84364
INFO:root:Over
INFO:root:Scan update ends at: [-0.45394999999999974, -0.15900000000000009, 139.43492999999964, 3, 0.5, 0]
INFO:root:X change: 1; Y change: 4
INFO:root:Start Zstep (pos then loss)
INFO:root:[-0.45394999999999974, -0.15900000000000009, 139.43492999999964, 3, 0.5, 0]
INFO:root:-0.1914909
INFO:root:[-0.45394999999999974, -0.15900000000000009, 139.43442999999965, 3, 0.5, 0]
INFO:root:-0.1940767
INFO:root:Change direction
INFO:root:[-0.45394999999999974, -0.15900000000000009, 139.43562999999963, 3, 0.5, 0]
INFO:root:-0.2283804
INFO:root:Over
INFO:root:[-0.45394999999999974, -0.15900000000000009, 139.43492999999964, 3, 0.5, 0]
INFO:root:-0.2083222
INFO:root:-0.20899075
INFO:root:-0.2105017
INFO:root:-0.2119796
INFO:root:-0.2135421
INFO:root:-0.21587765
INFO:root:-0.2176829
INFO:root:-0.2206889
INFO:root:-0.2225617
INFO:root:-0.2270412
INFO:root:Scan update starts at: [-0.45394999999999974, -0.15900000000000009, 139.43492999999964, 3, 0.5, 0]
INFO:root:Start Tcounts: [42405, 84360, -27470, 15072, 112603, -58218]
INFO:root:Start Xstep (loss then pos)
INFO:root:-0.2272437
INFO:root:42405
INFO:root:-0.51646535
INFO:root:42409
INFO:root:Change direction
INFO:root:-0.2086248
INFO:root:42401
INFO:root:-0.2279527
INFO:root:42397
INFO:root:Over
INFO:root:Start Ystep (loss then pos)
INFO:root:-0.2274951
INFO:root:84360
INFO:root:-0.20603
INFO:root:84364
INFO:root:-0.23714985
INFO:root:84368
INFO:root:Over
INFO:root:Scan update ends at: [-0.4541499999999997, -0.15880000000000008, 139.43492999999964, 3, 0.5, 0]
INFO:root:X change: -4; Y change: 4
INFO:root:-0.2466021
INFO:root:Scan update starts at: [-0.4541499999999997, -0.15880000000000008, 139.43492999999964, 3, 0.5, 0]
INFO:root:Start Tcounts: [42401, 84364, -27466, 15076, 112607, -58214]
INFO:root:Start Xstep (loss then pos)
INFO:root:-0.2469959
INFO:root:42401
INFO:root:-0.28532100000000005
INFO:root:42397
INFO:root:Change direction
INFO:root:-0.3202299
INFO:root:42405
INFO:root:Over
INFO:root:Start Ystep (loss then pos)
INFO:root:-0.270905
INFO:root:84364
INFO:root:-0.2251928
INFO:root:84368
INFO:root:-0.2673759
INFO:root:84372
INFO:root:Over
INFO:root:Scan update ends at: [-0.4540999999999997, -0.15860000000000007, 139.43492999999964, 3, 0.5, 0]
INFO:root:X change: 1; Y change: 4
INFO:root:Start Zstep (pos then loss)
INFO:root:[-0.4540999999999997, -0.15860000000000007, 139.43492999999964, 3, 0.5, 0]
INFO:root:-0.20906914999999998
INFO:root:[-0.4540999999999997, -0.15860000000000007, 139.43442999999965, 3, 0.5, 0]
INFO:root:-0.1989556
INFO:root:[-0.4540999999999997, -0.15860000000000007, 139.43392999999966, 3, 0.5, 0]
INFO:root:-0.2021018
INFO:root:Over
INFO:root:[-0.4540999999999997, -0.15860000000000007, 139.43462999999966, 3, 0.5, 0]
INFO:root:-0.2108436
INFO:root:-0.2129102
INFO:root:-0.2147536
INFO:root:-0.2170504
INFO:root:-0.2196779
INFO:root:-0.22223215000000002
INFO:root:-0.2251176
INFO:root:Scan update starts at: [-0.4540999999999997, -0.15860000000000007, 139.43462999999966, 3, 0.5, 0]
INFO:root:Start Tcounts: [42392, 84368, -27471, 15073, 112601, -58201]
INFO:root:Start Xstep (loss then pos)
INFO:root:-0.2259012
INFO:root:42392
INFO:root:-0.2468318
INFO:root:42396
INFO:root:Change direction
INFO:root:-0.2664299
INFO:root:42388
INFO:root:Over
INFO:root:Start Ystep (loss then pos)
INFO:root:-0.2500619
INFO:root:84368
INFO:root:-0.2267112
INFO:root:84372
INFO:root:-0.2488428
INFO:root:84376
INFO:root:Over
INFO:root:Scan update ends at: [-0.45404999999999973, -0.15840000000000007, 139.43462999999966, 3, 0.5, 0]
INFO:root:X change: 1; Y change: 4
INFO:root:Start Zstep (pos then loss)
INFO:root:[-0.45404999999999973, -0.15840000000000007, 139.43462999999966, 3, 0.5, 0]
INFO:root:-0.2683211
INFO:root:[-0.45404999999999973, -0.15840000000000007, 139.43412999999967, 3, 0.5, 0]
INFO:root:-0.2256595
INFO:root:[-0.45404999999999973, -0.15840000000000007, 139.43362999999968, 3, 0.5, 0]
INFO:root:-0.3080918
INFO:root:Over
INFO:root:[-0.45404999999999973, -0.15840000000000007, 139.43432999999968, 3, 0.5, 0]
INFO:root:-0.2968085
INFO:root:Scan update starts at: [-0.45404999999999973, -0.15840000000000007, 139.43432999999968, 3, 0.5, 0]
INFO:root:Start Tcounts: [42384, 84371, -27476, 15070, 112594, -58188]
INFO:root:Start Xstep (loss then pos)
INFO:root:-0.2974259
INFO:root:42384
INFO:root:-0.2884816
INFO:root:42380
INFO:root:-0.3284881
INFO:root:42376
INFO:root:Over
INFO:root:Start Ystep (loss then pos)
INFO:root:-0.2817847
INFO:root:84371
INFO:root:-0.20261645
INFO:root:84375
INFO:root:-0.222131
INFO:root:84379
INFO:root:Over
INFO:root:Scan update ends at: [-0.4542499999999997, -0.15820000000000006, 139.43432999999968, 3, 0.5, 0]
INFO:root:X change: -4; Y change: 4
INFO:root:-0.2938516
INFO:root:Scan update starts at: [-0.4542499999999997, -0.15820000000000006, 139.43432999999968, 3, 0.5, 0]
INFO:root:Start Tcounts: [42380, 84375, -27472, 15074, 112598, -58184]
INFO:root:Start Xstep (loss then pos)
INFO:root:-0.2952652
INFO:root:42380
INFO:root:-0.36289574999999996
INFO:root:42376
INFO:root:Change direction
INFO:root:-0.3543751
INFO:root:42384
INFO:root:-0.5247992
INFO:root:42388
INFO:root:Over
INFO:root:Start Ystep (loss then pos)
INFO:root:-0.3618911
INFO:root:84375
INFO:root:-0.20124415
INFO:root:84379
INFO:root:-0.21030454999999998
INFO:root:84383
INFO:root:Over
INFO:root:Scan update ends at: [-0.45404999999999973, -0.15800000000000006, 139.43432999999968, 3, 0.5, 0]
INFO:root:X change: 4; Y change: 4
INFO:root:-0.26645615
INFO:root:Scan update starts at: [-0.45404999999999973, -0.15800000000000006, 139.43432999999968, 3, 0.5, 0]
INFO:root:Start Tcounts: [42384, 84379, -27476, 15078, 112594, -58180]
INFO:root:Start Xstep (loss then pos)
INFO:root:-0.2674402
INFO:root:42384
INFO:root:-0.2929264
INFO:root:42388
INFO:root:Change direction
INFO:root:-0.285454
INFO:root:42380
INFO:root:-0.35157455
INFO:root:42376
INFO:root:Over
INFO:root:Start Ystep (loss then pos)
INFO:root:-0.3018273
INFO:root:84379
INFO:root:-0.2049701
INFO:root:84383
INFO:root:-0.2300275
INFO:root:84387
INFO:root:Over
INFO:root:Scan update ends at: [-0.4542499999999997, -0.15780000000000005, 139.43432999999968, 3, 0.5, 0]
INFO:root:X change: -4; Y change: 4
INFO:root:-0.25639120000000004
INFO:root:Scan update starts at: [-0.4542499999999997, -0.15780000000000005, 139.43432999999968, 3, 0.5, 0]
INFO:root:Start Tcounts: [42380, 84383, -27472, 15082, 112598, -58176]
INFO:root:Start Xstep (loss then pos)
INFO:root:-0.2568878
INFO:root:42380
INFO:root:-0.325018
INFO:root:42376
INFO:root:Change direction
INFO:root:-0.3345568
INFO:root:42384
INFO:root:Over
INFO:root:Start Ystep (loss then pos)
INFO:root:-0.32164065
INFO:root:84383
INFO:root:-0.21749390000000002
INFO:root:84387
INFO:root:-0.24571235
INFO:root:84391
INFO:root:Over
INFO:root:Scan update ends at: [-0.4541999999999997, -0.15760000000000005, 139.43432999999968, 3, 0.5, 0]
INFO:root:X change: 1; Y change: 4
INFO:root:-0.2770201
INFO:root:Scan update starts at: [-0.4541999999999997, -0.15760000000000005, 139.43432999999968, 3, 0.5, 0]
INFO:root:Start Tcounts: [42381, 84387, -27473, 15086, 112597, -58172]
INFO:root:Start Xstep (loss then pos)
INFO:root:-0.27786469999999996
INFO:root:42381
INFO:root:-0.33469045
INFO:root:42385
INFO:root:Change direction
INFO:root:-0.33416725
INFO:root:42377
INFO:root:-0.3954967
INFO:root:42373
INFO:root:Over
INFO:root:Start Ystep (loss then pos)
INFO:root:-0.3150864
INFO:root:84387
INFO:root:-0.2089755
INFO:root:84391
INFO:root:-0.2448732
INFO:root:84395
INFO:root:Over
INFO:root:Scan update ends at: [-0.4543999999999997, -0.15740000000000004, 139.43432999999968, 3, 0.5, 0]
INFO:root:X change: -4; Y change: 4
INFO:root:-0.234742
INFO:root:Scan update starts at: [-0.4543999999999997, -0.15740000000000004, 139.43432999999968, 3, 0.5, 0]
INFO:root:Start Tcounts: [42377, 84391, -27469, 15090, 112601, -58168]
INFO:root:Start Xstep (loss then pos)
INFO:root:-0.2356926
INFO:root:42377
INFO:root:-0.3757256
INFO:root:42373
INFO:root:Change direction
INFO:root:-0.26356179999999996
INFO:root:42381
INFO:root:-0.4360756
INFO:root:42385
INFO:root:Over
INFO:root:Start Ystep (loss then pos)
INFO:root:-0.30359205
INFO:root:84391
INFO:root:-0.20892715
INFO:root:84395
INFO:root:-0.2329987
INFO:root:84399
INFO:root:Over
INFO:root:Scan update ends at: [-0.4541999999999997, -0.15720000000000003, 139.43432999999968, 3, 0.5, 0]
INFO:root:X change: 4; Y change: 4
INFO:root:-0.2664824
INFO:root:Scan update starts at: [-0.4541999999999997, -0.15720000000000003, 139.43432999999968, 3, 0.5, 0]
INFO:root:Start Tcounts: [42381, 84395, -27473, 15094, 112597, -58164]
INFO:root:Start Xstep (loss then pos)
INFO:root:-0.2670693
INFO:root:42381
INFO:root:-0.28640885000000005
INFO:root:42385
INFO:root:Change direction
INFO:root:-0.3233612
INFO:root:42377
INFO:root:Over
INFO:root:Start Ystep (loss then pos)
INFO:root:-0.2744863
INFO:root:84395
INFO:root:-0.2131383
INFO:root:84399
INFO:root:-0.2589274
INFO:root:84403
INFO:root:Over
INFO:root:Scan update ends at: [-0.4541499999999997, -0.15700000000000003, 139.43432999999968, 3, 0.5, 0]
INFO:root:X change: 1; Y change: 4
INFO:root:-0.2453555
INFO:root:Scan update starts at: [-0.4541499999999997, -0.15700000000000003, 139.43432999999968, 3, 0.5, 0]
INFO:root:Start Tcounts: [42382, 84399, -27474, 15098, 112596, -58160]
INFO:root:Start Xstep (loss then pos)
INFO:root:-0.2459394
INFO:root:42382
INFO:root:-0.2865832
INFO:root:42378
INFO:root:Change direction
INFO:root:-0.31606005000000004
INFO:root:42386
INFO:root:Over
INFO:root:Start Ystep (loss then pos)
INFO:root:-0.2775823
INFO:root:84399
INFO:root:-0.22013860000000002
INFO:root:84403
INFO:root:-0.2901251
INFO:root:84407
INFO:root:Over
INFO:root:Scan update ends at: [-0.4540999999999997, -0.15680000000000002, 139.43432999999968, 3, 0.5, 0]
INFO:root:X change: 1; Y change: 4
INFO:root:-0.2291908
INFO:root:Scan update starts at: [-0.4540999999999997, -0.15680000000000002, 139.43432999999968, 3, 0.5, 0]
INFO:root:Start Tcounts: [42383, 84403, -27475, 15102, 112595, -58156]
INFO:root:Start Xstep (loss then pos)
INFO:root:-0.2297236
INFO:root:42383
INFO:root:-0.3191184
INFO:root:42387
INFO:root:Change direction
INFO:root:-0.2702124
INFO:root:42379
INFO:root:-0.2886369
INFO:root:42375
INFO:root:Over
INFO:root:Start Ystep (loss then pos)
INFO:root:-0.2542508
INFO:root:84403
INFO:root:-0.2271651
INFO:root:84407
INFO:root:-0.28596675
INFO:root:84411
INFO:root:Over
INFO:root:Scan update ends at: [-0.4542999999999997, -0.15660000000000002, 139.43432999999968, 3, 0.5, 0]
INFO:root:X change: -4; Y change: 4
INFO:root:Start Zstep (pos then loss)
INFO:root:[-0.4542999999999997, -0.15660000000000002, 139.43432999999968, 3, 0.5, 0]
INFO:root:-0.22110649999999998
INFO:root:[-0.4542999999999997, -0.15660000000000002, 139.4338299999997, 3, 0.5, 0]
INFO:root:-0.2114226
INFO:root:[-0.4542999999999997, -0.15660000000000002, 139.4333299999997, 3, 0.5, 0]
INFO:root:-0.2064554
INFO:root:[-0.4542999999999997, -0.15660000000000002, 139.4328299999997, 3, 0.5, 0]
INFO:root:-0.2229533
INFO:root:Over
INFO:root:[-0.4542999999999997, -0.15660000000000002, 139.4335299999997, 3, 0.5, 0]
INFO:root:-0.21012435000000002
INFO:root:-0.211901
INFO:root:-0.21484140000000002
INFO:root:-0.2176342
INFO:root:-0.220262
INFO:root:-0.2217526
INFO:root:-0.2211721
INFO:root:-0.2166239
INFO:root:-0.2110938
INFO:root:-0.2130373
INFO:root:-0.22300395
INFO:root:-0.2315739
INFO:root:Scan update starts at: [-0.4542999999999997, -0.15660000000000002, 139.4335299999997, 3, 0.5, 0]
INFO:root:Start Tcounts: [42354, 84407, -27481, 15087, 112585, -58129]
INFO:root:Start Xstep (loss then pos)
INFO:root:-0.2326366
INFO:root:42354
INFO:root:-0.32292025
INFO:root:42350
INFO:root:Change direction
INFO:root:-0.3115757
INFO:root:42358
INFO:root:-0.5120931
INFO:root:42362
INFO:root:Over
INFO:root:Start Ystep (loss then pos)
INFO:root:-0.2789668
INFO:root:84407
INFO:root:-0.2120281
INFO:root:84411
INFO:root:-0.2286844
INFO:root:84415
INFO:root:Over
INFO:root:Scan update ends at: [-0.4540999999999997, -0.1564, 139.4335299999997, 3, 0.5, 0]
INFO:root:X change: 4; Y change: 4
INFO:root:-0.2746518
INFO:root:Scan update starts at: [-0.4540999999999997, -0.1564, 139.4335299999997, 3, 0.5, 0]
INFO:root:Start Tcounts: [42358, 84411, -27485, 15091, 112581, -58125]
INFO:root:Start Xstep (loss then pos)
INFO:root:-0.2750745
INFO:root:42358
INFO:root:-0.3330777
INFO:root:42362
INFO:root:Change direction
INFO:root:-0.2688333
INFO:root:42354
INFO:root:-0.31311355
INFO:root:42350
INFO:root:Over
INFO:root:Start Ystep (loss then pos)
INFO:root:-0.3022657
INFO:root:84411
INFO:root:-0.2149819
INFO:root:84415
INFO:root:-0.2402479
INFO:root:84419
INFO:root:Over
INFO:root:Scan update ends at: [-0.4542999999999997, -0.1562, 139.4335299999997, 3, 0.5, 0]
INFO:root:X change: -4; Y change: 4
INFO:root:-0.2738196
INFO:root:Scan update starts at: [-0.4542999999999997, -0.1562, 139.4335299999997, 3, 0.5, 0]
INFO:root:Start Tcounts: [42354, 84415, -27481, 15095, 112585, -58121]
INFO:root:Start Xstep (loss then pos)
INFO:root:-0.2748697
INFO:root:42354
INFO:root:-0.2998366
INFO:root:42350
INFO:root:Change direction
INFO:root:-0.35612485
INFO:root:42358
INFO:root:Over
INFO:root:Start Ystep (loss then pos)
INFO:root:-0.3212139
INFO:root:84415
INFO:root:-0.212787
INFO:root:84419
INFO:root:-0.2501375
INFO:root:84423
INFO:root:Over
INFO:root:Scan update ends at: [-0.4542499999999997, -0.156, 139.4335299999997, 3, 0.5, 0]
INFO:root:X change: 1; Y change: 4
INFO:root:-0.24294179999999999
INFO:root:Scan update starts at: [-0.4542499999999997, -0.156, 139.4335299999997, 3, 0.5, 0]
INFO:root:Start Tcounts: [42355, 84419, -27482, 15099, 112584, -58117]
INFO:root:Start Xstep (loss then pos)
INFO:root:-0.2432729
INFO:root:42355
INFO:root:-0.3041972
INFO:root:42359
INFO:root:Change direction
INFO:root:-0.2887895
INFO:root:42351
INFO:root:-0.366253
INFO:root:42347
INFO:root:Over
INFO:root:Start Ystep (loss then pos)
INFO:root:-0.2711592
INFO:root:84419
INFO:root:-0.2195545
INFO:root:84423
INFO:root:-0.25877459999999997
INFO:root:84427
INFO:root:Over
INFO:root:Scan update ends at: [-0.4544499999999997, -0.1558, 139.4335299999997, 3, 0.5, 0]
INFO:root:X change: -4; Y change: 4
INFO:root:-0.23480594999999999
INFO:root:Scan update starts at: [-0.4544499999999997, -0.1558, 139.4335299999997, 3, 0.5, 0]
INFO:root:Start Tcounts: [42351, 84423, -27478, 15103, 112588, -58113]
INFO:root:Start Xstep (loss then pos)
INFO:root:-0.2363408
INFO:root:42351
INFO:root:-0.38922555000000003
INFO:root:42347
INFO:root:Change direction
INFO:root:-0.244201
INFO:root:42355
INFO:root:-0.2725132
INFO:root:42359
INFO:root:Over
INFO:root:Start Ystep (loss then pos)
INFO:root:-0.2807094
INFO:root:84423
INFO:root:-0.2359088
INFO:root:84427
INFO:root:-0.2807094
INFO:root:84431
INFO:root:Over
INFO:root:Scan update ends at: [-0.4542499999999997, -0.1556, 139.4335299999997, 3, 0.5, 0]
INFO:root:X change: 4; Y change: 4
INFO:root:Start Zstep (pos then loss)
INFO:root:[-0.4542499999999997, -0.1556, 139.4335299999997, 3, 0.5, 0]
INFO:root:-0.2346436
INFO:root:[-0.4542499999999997, -0.1556, 139.43302999999972, 3, 0.5, 0]
INFO:root:-0.2052462
INFO:root:[-0.4542499999999997, -0.1556, 139.43252999999973, 3, 0.5, 0]
INFO:root:-0.2160665
INFO:root:Over
INFO:root:[-0.4542499999999997, -0.1556, 139.43322999999972, 3, 0.5, 0]
INFO:root:-0.2115237
INFO:root:-0.2131644
INFO:root:-0.21442650000000002
INFO:root:-0.2159918
INFO:root:-0.2184782
INFO:root:-0.2220036
INFO:root:-0.22523025
INFO:root:Scan update starts at: [-0.4542499999999997, -0.1556, 139.43322999999972, 3, 0.5, 0]
INFO:root:Start Tcounts: [42346, 84426, -27486, 15100, 112579, -58100]
INFO:root:Start Xstep (loss then pos)
INFO:root:-0.2253952
INFO:root:42346
INFO:root:-0.23527975
INFO:root:42350
INFO:root:Change direction
INFO:root:-0.3224914
INFO:root:42342
INFO:root:Over
INFO:root:Start Ystep (loss then pos)
INFO:root:-0.2572956
INFO:root:84426
INFO:root:-0.2087367
INFO:root:84430
INFO:root:-0.22215715000000003
INFO:root:84434
INFO:root:Over
INFO:root:Scan update ends at: [-0.4541999999999997, -0.15539999999999998, 139.43322999999972, 3, 0.5, 0]
INFO:root:X change: 1; Y change: 4
INFO:root:-0.28925195000000004
INFO:root:Scan update starts at: [-0.4541999999999997, -0.15539999999999998, 139.43322999999972, 3, 0.5, 0]
INFO:root:Start Tcounts: [42347, 84430, -27487, 15104, 112578, -58096]
INFO:root:Start Xstep (loss then pos)
INFO:root:-0.29129485
INFO:root:42347
INFO:root:-0.383828
INFO:root:42343
INFO:root:Change direction
INFO:root:-0.36542050000000004
INFO:root:42351
INFO:root:-0.5619832499999999
INFO:root:42355
INFO:root:Over
INFO:root:Start Ystep (loss then pos)
INFO:root:-0.4403073
INFO:root:84430
INFO:root:-0.2249904
INFO:root:84434
INFO:root:-0.2140993
INFO:root:84438
INFO:root:-0.23214535
INFO:root:84442
INFO:root:Over
INFO:root:Scan update ends at: [-0.45399999999999974, -0.15499999999999997, 139.43322999999972, 3, 0.5, 0]
INFO:root:X change: 4; Y change: 8
INFO:root:-0.25928455
INFO:root:Scan update starts at: [-0.45399999999999974, -0.15499999999999997, 139.43322999999972, 3, 0.5, 0]
INFO:root:Start Tcounts: [42351, 84438, -27491, 15112, 112574, -58088]
INFO:root:Start Xstep (loss then pos)
INFO:root:-0.2609943
INFO:root:42351
INFO:root:-0.2641066
INFO:root:42355
INFO:root:Change direction
INFO:root:-0.306957
INFO:root:42347
INFO:root:Over
INFO:root:Start Ystep (loss then pos)
INFO:root:-0.273691
INFO:root:84438
INFO:root:-0.2171028
INFO:root:84442
INFO:root:-0.2345146
INFO:root:84446
INFO:root:Over
INFO:root:Scan update ends at: [-0.45394999999999974, -0.15479999999999997, 139.43322999999972, 3, 0.5, 0]
INFO:root:X change: 1; Y change: 4
INFO:root:-0.251563
INFO:root:Scan update starts at: [-0.45394999999999974, -0.15479999999999997, 139.43322999999972, 3, 0.5, 0]
INFO:root:Start Tcounts: [42352, 84442, -27492, 15116, 112573, -58084]
INFO:root:Start Xstep (loss then pos)
INFO:root:-0.2526323
INFO:root:42352
INFO:root:-0.29848035
INFO:root:42348
INFO:root:Change direction
INFO:root:-0.2885579
INFO:root:42356
INFO:root:-0.3201002
INFO:root:42360
INFO:root:Over
INFO:root:Start Ystep (loss then pos)
INFO:root:-0.3058994
INFO:root:84442
INFO:root:-0.21673625
INFO:root:84446
INFO:root:-0.22257415
INFO:root:84450
INFO:root:Over
INFO:root:Scan update ends at: [-0.45374999999999976, -0.15459999999999996, 139.43322999999972, 3, 0.5, 0]
INFO:root:X change: 4; Y change: 4
INFO:root:-0.2584436
INFO:root:Scan update starts at: [-0.45374999999999976, -0.15459999999999996, 139.43322999999972, 3, 0.5, 0]
INFO:root:Start Tcounts: [42356, 84446, -27496, 15120, 112569, -58080]
INFO:root:Start Xstep (loss then pos)
INFO:root:-0.2598194
INFO:root:42356
INFO:root:-0.33113345000000005
INFO:root:42360
INFO:root:Change direction
INFO:root:-0.2860937
INFO:root:42352
INFO:root:-0.3899478
INFO:root:42348
INFO:root:Over
INFO:root:Start Ystep (loss then pos)
INFO:root:-0.3109023
INFO:root:84446
INFO:root:-0.2237235
INFO:root:84450
INFO:root:-0.2208686
INFO:root:84454
INFO:root:-0.2514235
INFO:root:84458
INFO:root:Over
INFO:root:Scan update ends at: [-0.45394999999999974, -0.15419999999999995, 139.43322999999972, 3, 0.5, 0]
INFO:root:X change: -4; Y change: 8
INFO:root:-0.22806525
INFO:root:Scan update starts at: [-0.45394999999999974, -0.15419999999999995, 139.43322999999972, 3, 0.5, 0]
INFO:root:Start Tcounts: [42352, 84454, -27492, 15128, 112573, -58072]
INFO:root:Start Xstep (loss then pos)
INFO:root:-0.2282792
INFO:root:42352
INFO:root:-0.30586
INFO:root:42348
INFO:root:Change direction
INFO:root:-0.23333535
INFO:root:42356
INFO:root:-0.2954207
INFO:root:42360
INFO:root:Over
INFO:root:Start Ystep (loss then pos)
INFO:root:-0.2612216
INFO:root:84454
INFO:root:-0.2203857
INFO:root:84458
INFO:root:-0.2355677
INFO:root:84462
INFO:root:Over
INFO:root:Scan update ends at: [-0.45374999999999976, -0.15399999999999994, 139.43322999999972, 3, 0.5, 0]
INFO:root:X change: 4; Y change: 4
INFO:root:-0.2317505
INFO:root:Scan update starts at: [-0.45374999999999976, -0.15399999999999994, 139.43322999999972, 3, 0.5, 0]
INFO:root:Start Tcounts: [42356, 84458, -27496, 15132, 112569, -58068]
INFO:root:Start Xstep (loss then pos)
INFO:root:-0.2319271
INFO:root:42356
INFO:root:-0.2259762
INFO:root:42360
INFO:root:-0.2612244
INFO:root:42364
INFO:root:Over
INFO:root:Start Ystep (loss then pos)
INFO:root:-0.2418242
INFO:root:84458
INFO:root:-0.21921200000000002
INFO:root:84462
INFO:root:-0.23222065
INFO:root:84466
INFO:root:Over
INFO:root:Scan update ends at: [-0.4535499999999998, -0.15379999999999994, 139.43322999999972, 3, 0.5, 0]
INFO:root:X change: 4; Y change: 4
INFO:root:-0.2198576
INFO:root:-0.22093045
INFO:root:-0.2215503
INFO:root:-0.2225095
INFO:root:-0.2237757
INFO:root:Scan update starts at: [-0.4535499999999998, -0.15379999999999994, 139.43322999999972, 3, 0.5, 0]
INFO:root:Start Tcounts: [42360, 84462, -27500, 15136, 112565, -58064]
INFO:root:Start Xstep (loss then pos)
INFO:root:-0.2240269
INFO:root:42360
INFO:root:-0.2370775
INFO:root:42364
INFO:root:Change direction
INFO:root:-0.2320171
INFO:root:42356
INFO:root:-0.2630095
INFO:root:42352
INFO:root:Over
INFO:root:Start Ystep (loss then pos)
INFO:root:-0.2444951
INFO:root:84462
INFO:root:-0.22149999999999997
INFO:root:84466
INFO:root:-0.21975465
INFO:root:84470
INFO:root:-0.2238246
INFO:root:84474
INFO:root:Over
INFO:root:Scan update ends at: [-0.45374999999999976, -0.15339999999999993, 139.43322999999972, 3, 0.5, 0]
INFO:root:X change: -4; Y change: 8
INFO:root:-0.2203369
INFO:root:-0.2205879
INFO:root:-0.2209305
INFO:root:-0.2211721
INFO:root:-0.2214229
INFO:root:-0.2216514
INFO:root:-0.2219024
INFO:root:-0.2223858
INFO:root:-0.2225861
INFO:root:-0.2227904
INFO:root:-0.22312955
INFO:root:-0.22352285
INFO:root:-0.2236486
INFO:root:Scan update starts at: [-0.45374999999999976, -0.15339999999999993, 139.43322999999972, 3, 0.5, 0]
INFO:root:Start Tcounts: [42356, 84470, -27496, 15144, 112569, -58056]
INFO:root:Start Xstep (loss then pos)
INFO:root:-0.2237496
INFO:root:42356
INFO:root:-0.2301665
INFO:root:42352
INFO:root:Change direction
INFO:root:-0.2243081
INFO:root:42360
INFO:root:-0.2244598
INFO:root:42364
INFO:root:-0.22410385
INFO:root:42368
INFO:root:-0.22576069999999998
INFO:root:42372
INFO:root:-0.23209215
INFO:root:42376
INFO:root:Over
INFO:root:Start Ystep (loss then pos)
INFO:root:-0.2272437
INFO:root:84470
INFO:root:-0.223952
INFO:root:84474
INFO:root:-0.2238246
INFO:root:84478
INFO:root:-0.2248141
INFO:root:84482
INFO:root:-0.2263812
INFO:root:84486
INFO:root:Over
INFO:root:Scan update ends at: [-0.45294999999999974, -0.15279999999999994, 139.43322999999972, 3, 0.5, 0]
INFO:root:X change: 16; Y change: 12
INFO:root:Start Zstep (pos then loss)
INFO:root:[-0.45294999999999974, -0.15279999999999994, 139.43322999999972, 3, 0.5, 0]
INFO:root:-0.2249151
INFO:root:[-0.45294999999999974, -0.15279999999999994, 139.43272999999974, 3, 0.5, 0]
INFO:root:-0.2289131
INFO:root:Change direction
INFO:root:[-0.45294999999999974, -0.15279999999999994, 139.43392999999972, 3, 0.5, 0]
INFO:root:-0.22532
INFO:root:[-0.45294999999999974, -0.15279999999999994, 139.4344299999997, 3, 0.5, 0]
INFO:root:-0.2240269
INFO:root:[-0.45294999999999974, -0.15279999999999994, 139.4349299999997, 3, 0.5, 0]
INFO:root:-0.2237496
INFO:root:[-0.45294999999999974, -0.15279999999999994, 139.43542999999968, 3, 0.5, 0]
INFO:root:-0.22368775000000002
INFO:root:[-0.45294999999999974, -0.15279999999999994, 139.43592999999967, 3, 0.5, 0]
INFO:root:-0.2238246
INFO:root:[-0.45294999999999974, -0.15279999999999994, 139.43642999999966, 3, 0.5, 0]
INFO:root:-0.2240794
INFO:root:Value doesnt change in Z
INFO:root:[-0.45294999999999974, -0.15279999999999994, 139.43372999999966, 3, 0.5, 0]
INFO:root:-0.22609065
INFO:root:Scan update starts at: [-0.45294999999999974, -0.15279999999999994, 139.43372999999966, 3, 0.5, 0]
INFO:root:Start Tcounts: [42387, 84483, -27506, 15168, 112562, -58059]
INFO:root:Start Xstep (loss then pos)
INFO:root:-0.22612815
INFO:root:42387
INFO:root:-0.2286355
INFO:root:42391
INFO:root:Change direction
INFO:root:-0.2262556
INFO:root:42383
INFO:root:-0.2258751
INFO:root:42379
INFO:root:-0.2257249
INFO:root:42375
INFO:root:-0.2256726
INFO:root:42371
INFO:root:-0.22552070000000002
INFO:root:42367
INFO:root:-0.2256726
INFO:root:42363
INFO:root:X step failed
INFO:root:XY Value doesnt change
INFO:root:Scan update starts at: [-0.45294999999999974, -0.15279999999999994, 139.43372999999966, 3, 0.5, 0]
INFO:root:Start Tcounts: [42387, 84483, -27506, 15168, 112562, -58059]
INFO:root:Start Xstep (loss then pos)
INFO:root:-0.22702630000000001
INFO:root:42387
INFO:root:-0.22723064999999998
INFO:root:42383
INFO:root:-0.2268875
INFO:root:42379
INFO:root:-0.22676
INFO:root:42375
INFO:root:-0.2265575
INFO:root:42371
INFO:root:-0.2266586
INFO:root:42367
INFO:root:X step failed
INFO:root:XY Value doesnt change
INFO:root:End program
INFO:root:Reach Time Limit
