INFO:root:[-0.2, 0.4, 138, 2, 0.5, 0]
INFO:root:Scan update starts at: [-0.2, 0.4, 138, 2, 0.5, 0]
INFO:root:Start Tcounts: [2215, 61658, -32499, -6225, 60420, -1249]
INFO:root:-34.34478
INFO:root:Monitor start (loss then pos)
INFO:root:-34.34478
INFO:root:2215
INFO:root:-34.3511
INFO:root:2215
INFO:root:-34.35742
INFO:root:2215
INFO:root:-34.35941
INFO:root:2183
INFO:root:-34.23945
INFO:root:2167
INFO:root:-34.06552
INFO:root:2153
INFO:root:-33.72927
INFO:root:2088
INFO:root:-33.52762
INFO:root:2060
INFO:root:-33.40536
INFO:root:2034
INFO:root:-33.2831
INFO:root:1994
INFO:root:-33.00125
INFO:root:1956
INFO:root:-32.64998
INFO:root:1926
INFO:root:-32.64998
INFO:root:1891
INFO:root:-32.23776
INFO:root:1855
INFO:root:-31.82029
INFO:root:1819
INFO:root:-31.63015
INFO:root:1790
INFO:root:-31.44001
INFO:root:1752
INFO:root:-31.08946
INFO:root:1717
INFO:root:-30.944355
INFO:root:1687
INFO:root:-30.79925
INFO:root:1656
INFO:root:-30.55024
INFO:root:1622
INFO:root:-30.09303
INFO:root:1502
INFO:root:-29.87655
INFO:root:1465
INFO:root:-29.753745000000002
INFO:root:1435
INFO:root:-29.63094
INFO:root:1406
INFO:root:-29.35884
INFO:root:1376
INFO:root:-29.21731
INFO:root:1344
INFO:root:-29.07578
INFO:root:1315
INFO:root:-28.941565
INFO:root:1285
INFO:root:-28.80735
INFO:root:1256
INFO:root:-28.55619
INFO:root:1223
INFO:root:-28.45476
INFO:root:1193
INFO:root:-28.35333
INFO:root:1162
INFO:root:-28.28613
INFO:root:1132
INFO:root:-28.21893
INFO:root:1102
INFO:root:-28.13231
INFO:root:1072
INFO:root:-28.094945000000003
INFO:root:1041
INFO:root:-27.958075
INFO:root:939
INFO:root:-27.85857
INFO:root:908
INFO:root:-27.77019
INFO:root:877
INFO:root:-27.77019
INFO:root:847
INFO:root:-27.68837
INFO:root:817
INFO:root:-27.65309
INFO:root:786
INFO:root:-27.61781
INFO:root:756
INFO:root:-27.62153
INFO:root:726
INFO:root:-27.672510000000003
INFO:root:693
INFO:root:-27.72349
INFO:root:663
INFO:root:-27.808795000000003
INFO:root:633
INFO:root:-27.8941
INFO:root:602
INFO:root:-28.09017
INFO:root:569
INFO:root:-28.19893
INFO:root:539
INFO:root:-28.30769
INFO:root:510
INFO:root:-28.55299
INFO:root:479
INFO:root:x scan done: has max
INFO:root:-27.63378
INFO:root:Monitor start (loss then pos)
INFO:root:-27.63378
INFO:root:61658
INFO:root:-27.63039
INFO:root:61659
INFO:root:-27.62991
INFO:root:61654
INFO:root:-27.62943
INFO:root:61647
INFO:root:-27.59204
INFO:root:61638
INFO:root:-27.59204
INFO:root:61628
INFO:root:-27.49086
INFO:root:61616
INFO:root:-27.39521
INFO:root:61602
INFO:root:-27.29956
INFO:root:61587
INFO:root:-27.19021
INFO:root:61570
INFO:root:-27.08086
INFO:root:61551
INFO:root:-26.88834
INFO:root:61531
INFO:root:-26.7879
INFO:root:61509
INFO:root:-26.68746
INFO:root:61485
INFO:root:-26.59937
INFO:root:61460
INFO:root:-26.51128
INFO:root:61432
INFO:root:-26.309739999999998
INFO:root:61291
INFO:root:-26.254825
INFO:root:61256
INFO:root:-26.26047
INFO:root:61225
INFO:root:-26.30191
INFO:root:61195
INFO:root:-26.326034999999997
INFO:root:61166
INFO:root:-26.35016
INFO:root:61136
INFO:root:-26.36449
INFO:root:61105
INFO:root:-26.36494
INFO:root:61075
INFO:root:-26.36539
INFO:root:61045
INFO:root:-26.341005000000003
INFO:root:61015
INFO:root:-26.31662
INFO:root:60984
INFO:root:-26.22416
INFO:root:60953
INFO:root:-26.16673
INFO:root:60922
INFO:root:-26.1093
INFO:root:60889
INFO:root:-26.049935
INFO:root:60856
INFO:root:-25.99057
INFO:root:60825
INFO:root:-25.726425
INFO:root:60712
INFO:root:-25.67856
INFO:root:60675
INFO:root:-25.60608
INFO:root:60645
INFO:root:-25.60711
INFO:root:60615
INFO:root:-25.60814
INFO:root:60586
INFO:root:-25.66375
INFO:root:60555
INFO:root:-25.714105
INFO:root:60523
INFO:root:-25.76446
INFO:root:60493
INFO:root:-25.842875
INFO:root:60461
INFO:root:-25.92129
INFO:root:60430
INFO:root:-26.1519
INFO:root:60399
INFO:root:-26.286335
INFO:root:60370
INFO:root:-26.42077
INFO:root:60341
INFO:root:-26.57478
INFO:root:60310
INFO:root:y scan done: has max
INFO:root:Scan update ends at: [-0.27145, 0.35085, 138, 2, 0.5, 0]
INFO:root:X change: -1429; Y change: -983
INFO:root:Z optim starts at (pos then loss): [-0.27145, 0.35085, 138, 2, 0.5, 0]
INFO:root:-25.60183
INFO:root:[-0.27145, 0.35085, 138.1024, 2, 0.5, 0]
INFO:root:-25.181595
INFO:root:[-0.27145, 0.35085, 138.20479999999998, 2, 0.5, 0]
INFO:root:-24.70802
INFO:root:[-0.27145, 0.35085, 138.30719999999997, 2, 0.5, 0]
INFO:root:-24.78484
INFO:root:[-0.27145, 0.35085, 138.40959999999995, 2, 0.5, 0]
INFO:root:-25.13699
INFO:root:[-0.27145, 0.35085, 138.30699999999996, 2, 0.5, 0]
INFO:root:Z optim ends at: [-0.27145, 0.35085, 138.30699999999996, 2, 0.5, 0]
INFO:root:Scan update starts at: [-0.27145, 0.35085, 138.30699999999996, 2, 0.5, 0]
INFO:root:Start Tcounts: [9739, 60889, -27078, -173, 66642, -10236]
INFO:root:-24.81765
INFO:root:Monitor start (loss then pos)
INFO:root:-24.81765
INFO:root:9739
INFO:root:-24.81852
INFO:root:9734
INFO:root:-24.820045
INFO:root:9734
INFO:root:-24.82157
INFO:root:9734
INFO:root:-24.83615
INFO:root:9733
INFO:root:-24.852854999999998
INFO:root:9707
INFO:root:-24.86956
INFO:root:9692
INFO:root:-24.96009
INFO:root:9676
INFO:root:-25.006155
INFO:root:9658
INFO:root:-25.05222
INFO:root:9639
INFO:root:-25.17182
INFO:root:9618
INFO:root:-25.25005
INFO:root:9597
INFO:root:-25.32828
INFO:root:9574
INFO:root:-25.426054999999998
INFO:root:9550
INFO:root:-25.52383
INFO:root:9523
INFO:root:x scan done: decreasing
INFO:root:Monitor start (loss then pos)
INFO:root:-25.52383
INFO:root:9550
INFO:root:-25.77465
INFO:root:9551
INFO:root:-25.72965
INFO:root:9555
INFO:root:-25.714135
INFO:root:9562
INFO:root:-25.69862
INFO:root:9570
INFO:root:-25.64966
INFO:root:9580
INFO:root:-25.612245
INFO:root:9591
INFO:root:-25.57483
INFO:root:9604
INFO:root:-25.521904999999997
INFO:root:9619
INFO:root:-25.46898
INFO:root:9636
INFO:root:-25.34076
INFO:root:9654
INFO:root:-25.266415000000002
INFO:root:9674
INFO:root:-25.19207
INFO:root:9696
INFO:root:-25.113570000000003
INFO:root:9720
INFO:root:-25.03507
INFO:root:9748
INFO:root:-24.87914
INFO:root:9776
INFO:root:-24.8041
INFO:root:9805
INFO:root:-24.72906
INFO:root:9838
INFO:root:-24.48867
INFO:root:9944
INFO:root:-24.43253
INFO:root:9996
INFO:root:-24.44622
INFO:root:10026
INFO:root:-24.510015000000003
INFO:root:10056
INFO:root:-24.57381
INFO:root:10088
INFO:root:-24.8396
INFO:root:10119
INFO:root:-24.8396
INFO:root:10149
INFO:root:-25.25797
INFO:root:10179
INFO:root:x scan done: has max
INFO:root:-24.41797
INFO:root:Monitor start (loss then pos)
INFO:root:-24.41797
INFO:root:60889
INFO:root:-24.41899
INFO:root:60885
INFO:root:-24.43134
INFO:root:60861
INFO:root:-24.56603
INFO:root:60842
INFO:root:-24.698745000000002
INFO:root:60828
INFO:root:-24.83146
INFO:root:60812
INFO:root:-25.07842
INFO:root:60795
INFO:root:-25.219415
INFO:root:60776
INFO:root:y scan done: decreasing
INFO:root:Monitor start (loss then pos)
INFO:root:-25.219415
INFO:root:60795
INFO:root:-25.450335000000003
INFO:root:60796
INFO:root:-25.40142
INFO:root:60801
INFO:root:-25.35071
INFO:root:60808
INFO:root:-25.304814999999998
INFO:root:60816
INFO:root:-25.25892
INFO:root:60826
INFO:root:-25.11641
INFO:root:60839
INFO:root:-24.893665
INFO:root:60894
INFO:root:-24.36636
INFO:root:60925
INFO:root:-24.189799999999998
INFO:root:60956
INFO:root:-24.01324
INFO:root:60983
INFO:root:-23.63215
INFO:root:61017
INFO:root:-23.437915
INFO:root:61047
INFO:root:-23.24368
INFO:root:61076
INFO:root:-22.88708
INFO:root:61107
INFO:root:-22.753860000000003
INFO:root:61138
INFO:root:-22.62064
INFO:root:61168
INFO:root:-22.554845
INFO:root:61199
INFO:root:-22.48905
INFO:root:61230
INFO:root:-22.48902
INFO:root:61260
INFO:root:-22.556675
INFO:root:61290
INFO:root:-22.62433
INFO:root:61322
INFO:root:-22.87369
INFO:root:61358
INFO:root:-23.177725000000002
INFO:root:61461
INFO:root:-23.77179
INFO:root:61509
INFO:root:y scan done: has max
INFO:root:Scan update ends at: [-0.26120000000000004, 0.3679, 138.30699999999996, 2, 0.5, 0]
INFO:root:X change: 205; Y change: 341
INFO:root:Z optim starts at (pos then loss): [-0.26120000000000004, 0.3679, 138.30699999999996, 2, 0.5, 0]
INFO:root:-22.53464
INFO:root:[-0.26120000000000004, 0.3679, 138.36324999999997, 2, 0.5, 0]
INFO:root:-22.12395
INFO:root:[-0.26120000000000004, 0.3679, 138.41949999999997, 2, 0.5, 0]
INFO:root:-21.72697
INFO:root:[-0.26120000000000004, 0.3679, 138.47574999999998, 2, 0.5, 0]
INFO:root:-21.450924999999998
INFO:root:[-0.26120000000000004, 0.3679, 138.53199999999998, 2, 0.5, 0]
INFO:root:-21.164369999999998
INFO:root:[-0.26120000000000004, 0.3679, 138.58825, 2, 0.5, 0]
INFO:root:-21.10777
INFO:root:[-0.26120000000000004, 0.3679, 138.6445, 2, 0.5, 0]
INFO:root:-21.26258
INFO:root:[-0.26120000000000004, 0.3679, 138.70075, 2, 0.5, 0]
INFO:root:-21.75751
INFO:root:[-0.26120000000000004, 0.3679, 138.6443, 2, 0.5, 0]
INFO:root:Z optim ends at: [-0.26120000000000004, 0.3679, 138.6443, 2, 0.5, 0]
INFO:root:Scan update starts at: [-0.26120000000000004, 0.3679, 138.6443, 2, 0.5, 0]
INFO:root:Start Tcounts: [19936, 61466, -22834, 8007, 71788, -18835]
INFO:root:-21.296425
INFO:root:Monitor start (loss then pos)
INFO:root:-21.296425
INFO:root:19936
INFO:root:-21.306415
INFO:root:19936
INFO:root:-21.3004
INFO:root:19947
INFO:root:-21.25922
INFO:root:19957
INFO:root:-21.228659999999998
INFO:root:19969
INFO:root:-21.1981
INFO:root:19983
INFO:root:-21.07543
INFO:root:19999
INFO:root:-21.000775
INFO:root:20017
INFO:root:-20.92612
INFO:root:20037
INFO:root:-20.83143
INFO:root:20059
INFO:root:-20.80687
INFO:root:20084
INFO:root:-20.78231
INFO:root:20109
INFO:root:-20.79338
INFO:root:20135
INFO:root:-20.80445
INFO:root:20165
INFO:root:-20.96795
INFO:root:20197
INFO:root:-21.132415
INFO:root:20226
INFO:root:-21.29688
INFO:root:20255
INFO:root:-21.75737
INFO:root:20285
INFO:root:x scan done: has max
INFO:root:-20.782485
INFO:root:Monitor start (loss then pos)
INFO:root:-20.782485
INFO:root:61466
INFO:root:-20.777695
INFO:root:61462
INFO:root:-20.7748
INFO:root:61466
INFO:root:-20.76862
INFO:root:61472
INFO:root:-20.755285
INFO:root:61480
INFO:root:-20.74195
INFO:root:61490
INFO:root:-20.661425
INFO:root:61501
INFO:root:-20.5809
INFO:root:61515
INFO:root:-20.37127
INFO:root:61530
INFO:root:-20.271079999999998
INFO:root:61547
INFO:root:-20.17089
INFO:root:61564
INFO:root:-20.069305
INFO:root:61585
INFO:root:-19.96772
INFO:root:61607
INFO:root:-19.77953
INFO:root:61631
INFO:root:-19.5471
INFO:root:61725
INFO:root:-19.560634999999998
INFO:root:61759
INFO:root:-19.57417
INFO:root:61790
INFO:root:-19.74222
INFO:root:61820
INFO:root:-19.878965
INFO:root:61851
INFO:root:-20.01571
INFO:root:61880
INFO:root:-20.17994
INFO:root:61911
INFO:root:y scan done: has max
INFO:root:Scan update ends at: [-0.2538, 0.37615, 138.6443, 2, 0.5, 0]
INFO:root:X change: 148; Y change: 165
INFO:root:Z optim starts at (pos then loss): [-0.2538, 0.37615, 138.6443, 2, 0.5, 0]
INFO:root:-19.60351
INFO:root:[-0.2538, 0.37615, 138.6933, 2, 0.5, 0]
INFO:root:-19.31482
INFO:root:[-0.2538, 0.37615, 138.7423, 2, 0.5, 0]
INFO:root:-19.15625
INFO:root:[-0.2538, 0.37615, 138.7913, 2, 0.5, 0]
INFO:root:-18.98987
INFO:root:[-0.2538, 0.37615, 138.8403, 2, 0.5, 0]
INFO:root:-18.709274999999998
INFO:root:[-0.2538, 0.37615, 138.88930000000002, 2, 0.5, 0]
INFO:root:-18.5553
INFO:root:[-0.2538, 0.37615, 138.93830000000003, 2, 0.5, 0]
INFO:root:-18.56382
INFO:root:[-0.2538, 0.37615, 138.98730000000003, 2, 0.5, 0]
INFO:root:-19.31601
INFO:root:[-0.2538, 0.37615, 138.93810000000002, 2, 0.5, 0]
INFO:root:Z optim ends at: [-0.2538, 0.37615, 138.93810000000002, 2, 0.5, 0]
INFO:root:Scan update starts at: [-0.2538, 0.37615, 138.93810000000002, 2, 0.5, 0]
INFO:root:Start Tcounts: [28924, 61836, -19052, 15097, 76376, -26588]
INFO:root:-18.59597
INFO:root:Monitor start (loss then pos)
INFO:root:-18.59597
INFO:root:28924
INFO:root:-18.63423
INFO:root:28920
INFO:root:-18.642255
INFO:root:28923
INFO:root:-18.65028
INFO:root:28930
INFO:root:-18.63747
INFO:root:28937
INFO:root:-18.62393
INFO:root:28948
INFO:root:-18.61039
INFO:root:28960
INFO:root:-18.56762
INFO:root:28975
INFO:root:-18.51572
INFO:root:28991
INFO:root:-18.527265
INFO:root:29091
INFO:root:-18.59071
INFO:root:29118
INFO:root:-18.74641
INFO:root:29146
INFO:root:-18.90211
INFO:root:29177
INFO:root:-19.46465
INFO:root:29207
INFO:root:x scan done: decreasing
INFO:root:Monitor start (loss then pos)
INFO:root:-19.46465
INFO:root:29177
INFO:root:-20.02477
INFO:root:29171
INFO:root:-19.98594
INFO:root:29169
INFO:root:-19.94711
INFO:root:29163
INFO:root:-19.86367
INFO:root:29155
INFO:root:-19.784065
INFO:root:29146
INFO:root:-19.70446
INFO:root:29135
INFO:root:-19.597985
INFO:root:29121
INFO:root:-18.825899999999997
INFO:root:29034
INFO:root:-18.70301
INFO:root:29011
INFO:root:-18.5572
INFO:root:28986
INFO:root:-18.532355000000003
INFO:root:28959
INFO:root:-18.50751
INFO:root:28928
INFO:root:-18.554715
INFO:root:28896
INFO:root:-18.60192
INFO:root:28866
INFO:root:-18.91655
INFO:root:28835
INFO:root:-19.185315000000003
INFO:root:28805
INFO:root:x scan done: has max
INFO:root:-18.49995
INFO:root:Monitor start (loss then pos)
INFO:root:-18.49995
INFO:root:61836
INFO:root:-18.492445
INFO:root:61835
INFO:root:-18.48973
INFO:root:61850
INFO:root:-18.39557
INFO:root:61861
INFO:root:-18.170025
INFO:root:61874
INFO:root:-17.94448
INFO:root:61888
INFO:root:-17.762135
INFO:root:61903
INFO:root:-17.57979
INFO:root:61920
INFO:root:-17.57979
INFO:root:61939
INFO:root:-16.98304
INFO:root:61959
INFO:root:-16.98304
INFO:root:61984
INFO:root:-16.61394
INFO:root:62008
INFO:root:-16.419865
INFO:root:62034
INFO:root:-16.22579
INFO:root:62063
INFO:root:-15.84713
INFO:root:62094
INFO:root:-15.70346
INFO:root:62124
INFO:root:-15.55979
INFO:root:62155
INFO:root:-15.524104999999999
INFO:root:62186
INFO:root:-16.386925
INFO:root:62328
INFO:root:-17.28543
INFO:root:62358
INFO:root:y scan done: has max
INFO:root:Scan update ends at: [-0.25205000000000005, 0.3921, 138.93810000000002, 2, 0.5, 0]
INFO:root:X change: 35; Y change: 319
INFO:root:Z optim starts at (pos then loss): [-0.25205000000000005, 0.3921, 138.93810000000002, 2, 0.5, 0]
INFO:root:-15.50047
INFO:root:[-0.25205000000000005, 0.3921, 138.97685, 2, 0.5, 0]
INFO:root:-14.80192
INFO:root:[-0.25205000000000005, 0.3921, 139.0156, 2, 0.5, 0]
INFO:root:-14.11003
INFO:root:[-0.25205000000000005, 0.3921, 139.05435, 2, 0.5, 0]
INFO:root:-13.52059
INFO:root:[-0.25205000000000005, 0.3921, 139.0931, 2, 0.5, 0]
INFO:root:-13.03414
INFO:root:[-0.25205000000000005, 0.3921, 139.13185, 2, 0.5, 0]
INFO:root:-13.03136
INFO:root:[-0.25205000000000005, 0.3921, 139.17059999999998, 2, 0.5, 0]
INFO:root:-13.50584
INFO:root:[-0.25205000000000005, 0.3921, 139.13164999999998, 2, 0.5, 0]
INFO:root:Z optim ends at: [-0.25205000000000005, 0.3921, 139.13164999999998, 2, 0.5, 0]
INFO:root:Scan update starts at: [-0.25205000000000005, 0.3921, 139.13164999999998, 2, 0.5, 0]
INFO:root:Start Tcounts: [34855, 62290, -16468, 20028, 79500, -31552]
INFO:root:-12.95841
INFO:root:Monitor start (loss then pos)
INFO:root:-12.95841
INFO:root:34855
INFO:root:-12.98641
INFO:root:34850
INFO:root:-12.99904
INFO:root:34850
INFO:root:-13.02425
INFO:root:34851
INFO:root:-13.04946
INFO:root:34852
INFO:root:-13.18218
INFO:root:34827
INFO:root:-13.385855
INFO:root:34809
INFO:root:x scan done: decreasing
INFO:root:Monitor start (loss then pos)
INFO:root:-13.385855
INFO:root:34827
INFO:root:-13.83973
INFO:root:34828
INFO:root:-13.729865
INFO:root:34832
INFO:root:-13.62
INFO:root:34839
INFO:root:-13.3789
INFO:root:34848
INFO:root:-13.3789
INFO:root:34858
INFO:root:-12.64423
INFO:root:34909
INFO:root:-12.50872
INFO:root:34933
INFO:root:-12.33703
INFO:root:34953
INFO:root:-12.33703
INFO:root:34977
INFO:root:-12.33703
INFO:root:35001
INFO:root:-12.64689
INFO:root:35028
INFO:root:-12.64689
INFO:root:35055
INFO:root:-13.3624
INFO:root:35085
INFO:root:x scan done: has max
INFO:root:-12.273595
INFO:root:Monitor start (loss then pos)
INFO:root:-12.273595
INFO:root:62290
INFO:root:-12.27328
INFO:root:62287
INFO:root:-12.248014999999999
INFO:root:62312
INFO:root:-11.8358
INFO:root:62331
INFO:root:-11.64522
INFO:root:62345
INFO:root:-11.45464
INFO:root:62362
INFO:root:-11.16196
INFO:root:62378
INFO:root:-11.07117
INFO:root:62400
INFO:root:-10.98038
INFO:root:62422
INFO:root:-10.97467
INFO:root:62446
INFO:root:-11.10779
INFO:root:62477
INFO:root:-11.24091
INFO:root:62504
INFO:root:y scan done: has max
INFO:root:Scan update ends at: [-0.24815000000000006, 0.3987, 139.13164999999998, 2, 0.5, 0]
INFO:root:X change: 78; Y change: 132
INFO:root:Z optim starts at (pos then loss): [-0.24815000000000006, 0.3987, 139.13164999999998, 2, 0.5, 0]
INFO:root:-11.00922
INFO:root:[-0.24815000000000006, 0.3987, 139.15914999999998, 2, 0.5, 0]
INFO:root:-10.12869
INFO:root:[-0.24815000000000006, 0.3987, 139.18665, 2, 0.5, 0]
INFO:root:-9.212062
INFO:root:[-0.24815000000000006, 0.3987, 139.21415, 2, 0.5, 0]
INFO:root:-8.248939
INFO:root:[-0.24815000000000006, 0.3987, 139.24165, 2, 0.5, 0]
INFO:root:-7.674771
INFO:root:[-0.24815000000000006, 0.3987, 139.26915, 2, 0.5, 0]
INFO:root:-8.256408
INFO:root:[-0.24815000000000006, 0.3987, 139.24145, 2, 0.5, 0]
INFO:root:Z optim ends at: [-0.24815000000000006, 0.3987, 139.24145, 2, 0.5, 0]
INFO:root:Scan update starts at: [-0.24815000000000006, 0.3987, 139.24145, 2, 0.5, 0]
INFO:root:Start Tcounts: [38303, 62499, -15050, 22794, 81228, -34442]
INFO:root:-7.409677
INFO:root:Monitor start (loss then pos)
INFO:root:-7.409677
INFO:root:38303
INFO:root:-7.446892
INFO:root:38299
INFO:root:-7.450767
INFO:root:38304
INFO:root:-7.454642
INFO:root:38311
INFO:root:-7.349183
INFO:root:38320
INFO:root:-7.2619705
INFO:root:38331
INFO:root:-7.174758
INFO:root:38344
INFO:root:-6.808869
INFO:root:38360
INFO:root:-6.839272
INFO:root:38419
INFO:root:-7.342001
INFO:root:38444
INFO:root:-7.84473
INFO:root:38468
INFO:root:x scan done: has max
INFO:root:-6.619536
INFO:root:Monitor start (loss then pos)
INFO:root:-6.619536
INFO:root:62499
INFO:root:-6.627832
INFO:root:62494
INFO:root:-6.6300075
INFO:root:62495
INFO:root:-6.632183
INFO:root:62503
INFO:root:-6.625536
INFO:root:62514
INFO:root:-6.5753065
INFO:root:62525
INFO:root:-6.525077
INFO:root:62537
INFO:root:-6.469412
INFO:root:62552
INFO:root:-7.372217
INFO:root:62610
INFO:root:-8.0104805
INFO:root:62644
INFO:root:y scan done: has max
INFO:root:Scan update ends at: [-0.24610000000000007, 0.4006, 139.24145, 2, 0.5, 0]
INFO:root:X change: 41; Y change: 38
INFO:root:Z optim starts at (pos then loss): [-0.24610000000000007, 0.4006, 139.24145, 2, 0.5, 0]
INFO:root:-6.506087
INFO:root:[-0.24610000000000007, 0.4006, 139.2577, 2, 0.5, 0]
INFO:root:-5.87345
INFO:root:[-0.24610000000000007, 0.4006, 139.27395, 2, 0.5, 0]
INFO:root:-5.529847
INFO:root:[-0.24610000000000007, 0.4006, 139.29020000000003, 2, 0.5, 0]
INFO:root:-5.333155
INFO:root:[-0.24610000000000007, 0.4006, 139.30645000000004, 2, 0.5, 0]
INFO:root:-22.27852
INFO:root:[-0.24610000000000007, 0.4006, 139.29000000000002, 2, 0.5, 0]
INFO:root:Z optim ends at: [-0.24610000000000007, 0.4006, 139.29000000000002, 2, 0.5, 0]
INFO:root:Scan update starts at: [-0.24610000000000007, 0.4006, 139.29000000000002, 2, 0.5, 0]
INFO:root:Start Tcounts: [39840, 62571, -14428, 24002, 81989, -35746]
INFO:root:-36.68691
INFO:root:Monitor start (loss then pos)
INFO:root:-36.68691
INFO:root:39840
INFO:root:-36.88617
INFO:root:39837
INFO:root:-36.8801
INFO:root:39844
INFO:root:-36.47549
INFO:root:39852
INFO:root:-36.02099
INFO:root:39862
INFO:root:-35.56649
INFO:root:39874
INFO:root:-34.46952
INFO:root:39889
INFO:root:-35.5232
INFO:root:39975
INFO:root:-36.57688
INFO:root:40006
INFO:root:x scan done: has max
INFO:root:-34.73507
INFO:root:Monitor start (loss then pos)
INFO:root:-34.73507
INFO:root:62571
INFO:root:-34.86144
INFO:root:62566
INFO:root:-34.86144
INFO:root:62566
INFO:root:-34.98479
INFO:root:62568
INFO:root:-35.36548
INFO:root:62580
INFO:root:-35.74617
INFO:root:62592
INFO:root:-38.619585
INFO:root:62604
INFO:root:y scan done: decreasing
INFO:root:Monitor start (loss then pos)
INFO:root:-38.619585
INFO:root:62592
INFO:root:-41.26617
INFO:root:62581
INFO:root:-40.06552
INFO:root:62571
INFO:root:-40.06552
INFO:root:62561
INFO:root:-34.3878
INFO:root:62550
INFO:root:-34.3878
INFO:root:62535
INFO:root:-34.3878
INFO:root:62519
INFO:root:-23.6515
INFO:root:62503
INFO:root:-23.6515
INFO:root:62485
INFO:root:-18.821849999999998
INFO:root:62463
INFO:root:-13.9922
INFO:root:62441
INFO:root:-9.315457
INFO:root:62416
INFO:root:-9.315457
INFO:root:62390
INFO:root:-5.807897
INFO:root:62363
INFO:root:-5.211634999999999
INFO:root:62334
INFO:root:-4.615373
INFO:root:62303
INFO:root:-13.37885
INFO:root:62154
INFO:root:-13.37885
INFO:root:62108
INFO:root:-55.14618
INFO:root:62075
INFO:root:y scan done: has max
INFO:root:Scan update ends at: [-0.24440000000000006, 0.38875, 139.29000000000002, 2, 0.5, 0]
INFO:root:X change: 34; Y change: -237
INFO:root:Z optim starts at (pos then loss): [-0.24440000000000006, 0.38875, 139.29000000000002, 2, 0.5, 0]
INFO:root:-5.287135
INFO:root:[-0.24440000000000006, 0.38875, 139.30325000000002, 2, 0.5, 0]
INFO:root:-13.08823
INFO:root:[-0.24440000000000006, 0.38875, 139.29530000000003, 2, 0.5, 0]
INFO:root:-14.36565
INFO:root:[-0.24440000000000006, 0.38875, 139.29212, 2, 0.5, 0]
INFO:root:-16.48827
INFO:root:[-0.24440000000000006, 0.38875, 139.290848, 2, 0.5, 0]
INFO:root:-15.57594
INFO:root:A larger Z step
INFO:root:[-0.24440000000000006, 0.38875, 139.3693, 2, 0.5, 0]
INFO:root:Z optim ends at: [-0.24440000000000006, 0.38875, 139.3693, 2, 0.5, 0]
INFO:root:Scan update starts at: [-0.24440000000000006, 0.38875, 139.3693, 2, 0.5, 0]
INFO:root:Start Tcounts: [42326, 62389, -13374, 25680, 83269, -38183]
INFO:root:-61.87009
INFO:root:Monitor start (loss then pos)
INFO:root:-61.87009
INFO:root:42326
INFO:root:-61.87523
INFO:root:42326
INFO:root:-61.87642
INFO:root:42326
INFO:root:-61.88663
INFO:root:42325
INFO:root:-61.90473
INFO:root:42336
INFO:root:-61.92283
INFO:root:42359
INFO:root:-61.9623
INFO:root:42377
INFO:root:-61.997344999999996
INFO:root:42394
INFO:root:-62.03239
INFO:root:42413
INFO:root:-62.3036
INFO:root:42435
INFO:root:-62.620105
INFO:root:42458
INFO:root:-62.93661
INFO:root:42481
INFO:root:-62.512645000000006
INFO:root:42612
INFO:root:-63.18166
INFO:root:42655
INFO:root:-63.11365
INFO:root:42686
INFO:root:-63.04564
INFO:root:42716
INFO:root:-63.11431
INFO:root:42748
INFO:root:-63.18298
INFO:root:42778
INFO:root:-62.99669
INFO:root:42816
INFO:root:-63.10083
INFO:root:42847
INFO:root:-63.10083
INFO:root:42877
INFO:root:-62.84002
INFO:root:42915
INFO:root:-62.864850000000004
INFO:root:42946
INFO:root:-62.88968
INFO:root:42977
INFO:root:-62.73193
INFO:root:43008
INFO:root:-62.723425
INFO:root:43039
INFO:root:-62.71492
INFO:root:43071
INFO:root:-62.1049
INFO:root:43151
INFO:root:-62.540095
INFO:root:43184
INFO:root:-62.97529
INFO:root:43225
INFO:root:-62.86717
INFO:root:43254
INFO:root:-62.772345
INFO:root:43284
INFO:root:-62.67752
INFO:root:43313
INFO:root:-62.914075
INFO:root:43343
INFO:root:-63.15063
INFO:root:43376
INFO:root:-63.37236
INFO:root:43405
INFO:root:-63.308935000000005
INFO:root:43435
INFO:root:-63.24551
INFO:root:43465
INFO:root:-63.52141
INFO:root:43496
INFO:root:-63.52141
INFO:root:43527
INFO:root:-63.09312
INFO:root:43556
INFO:root:-63.11334
INFO:root:43587
INFO:root:-63.13356
INFO:root:43617
INFO:root:-63.16389
INFO:root:43648
INFO:root:-63.16389
INFO:root:43680
INFO:root:-63.36393
INFO:root:43751
INFO:root:-63.427155
INFO:root:43787
INFO:root:-63.49038
INFO:root:43819
INFO:root:-63.48263
INFO:root:43849
INFO:root:-63.47161
INFO:root:43881
INFO:root:-63.46059
INFO:root:43911
INFO:root:-63.446415
INFO:root:43941
INFO:root:-63.43224
INFO:root:43970
INFO:root:-63.28637
INFO:root:44001
INFO:root:-63.29354
INFO:root:44031
INFO:root:-63.30071
INFO:root:44061
INFO:root:-63.365545
INFO:root:44091
INFO:root:-63.43038
INFO:root:44122
INFO:root:-63.04131
INFO:root:44153
INFO:root:-63.102765000000005
INFO:root:44187
INFO:root:-63.16422
INFO:root:44221
INFO:root:-63.43156
INFO:root:44251
INFO:root:-63.315315
INFO:root:44329
INFO:root:-63.19907
INFO:root:44370
INFO:root:-63.17294
INFO:root:44401
INFO:root:-63.251239999999996
INFO:root:44432
INFO:root:-63.32954
INFO:root:44470
INFO:root:-63.36498
INFO:root:44500
INFO:root:-63.329980000000006
INFO:root:44531
INFO:root:-63.29498
INFO:root:44562
INFO:root:-63.379625000000004
INFO:root:44592
INFO:root:-63.46427
INFO:root:44622
INFO:root:-63.5022
INFO:root:44652
INFO:root:-63.472855
INFO:root:44682
INFO:root:-63.44351
INFO:root:44712
INFO:root:-63.421915
INFO:root:44743
INFO:root:-63.40032
INFO:root:44774
INFO:root:-63.43607
INFO:root:44804
INFO:root:-63.27527
INFO:root:44834
INFO:root:-63.11447
INFO:root:44865
INFO:root:-63.381389999999996
INFO:root:44946
INFO:root:-63.43945
INFO:root:44977
INFO:root:-63.4034
INFO:root:45007
INFO:root:-63.44202
INFO:root:45037
INFO:root:-63.48064
INFO:root:45068
INFO:root:-63.50095
INFO:root:45098
INFO:root:-63.37615
INFO:root:45129
INFO:root:-63.25135
INFO:root:45159
INFO:root:-62.903915
INFO:root:45193
INFO:root:-62.55648
INFO:root:45225
INFO:root:-62.71532
INFO:root:45258
INFO:root:-63.012635
INFO:root:45288
INFO:root:-63.30995
INFO:root:45318
INFO:root:-63.1712
INFO:root:45349
INFO:root:-63.15162
INFO:root:45379
INFO:root:-63.13204
INFO:root:45409
INFO:root:-63.111075
INFO:root:45440
INFO:root:-63.09011
INFO:root:45472
INFO:root:-63.1713
INFO:root:45544
INFO:root:-63.225415
INFO:root:45584
INFO:root:-63.27953
INFO:root:45614
INFO:root:-63.30229
INFO:root:45648
INFO:root:-63.344245
INFO:root:45679
INFO:root:-63.3862
INFO:root:45709
INFO:root:-63.259545
INFO:root:45739
INFO:root:-63.13289
INFO:root:45770
INFO:root:-63.3292
INFO:root:45799
INFO:root:-63.389065
INFO:root:45830
INFO:root:-63.44893
INFO:root:45860
INFO:root:-63.405985
INFO:root:45891
INFO:root:-63.36304
INFO:root:45925
INFO:root:-63.31861
INFO:root:45955
INFO:root:-63.193484999999995
INFO:root:45984
INFO:root:-63.06836
INFO:root:46014
INFO:root:-62.89172
INFO:root:46045
INFO:root:-63.068835
INFO:root:46120
INFO:root:-63.07304
INFO:root:46160
INFO:root:-63.087900000000005
INFO:root:46190
INFO:root:-63.10276
INFO:root:46221
INFO:root:-63.32866
INFO:root:46255
INFO:root:-63.174695
INFO:root:46284
INFO:root:-63.02073
INFO:root:46314
INFO:root:-62.9706
INFO:root:46345
INFO:root:-62.9706
INFO:root:46375
INFO:root:-62.76406
INFO:root:46405
INFO:root:-63.035935
INFO:root:46439
INFO:root:-63.30781
INFO:root:46470
INFO:root:-63.50038
INFO:root:46499
INFO:root:-63.294129999999996
INFO:root:46530
INFO:root:-63.08788
INFO:root:46560
INFO:root:-63.134339999999995
INFO:root:46591
INFO:root:-63.1808
INFO:root:46622
INFO:root:-63.14393
INFO:root:46652
INFO:root:-63.08457
INFO:root:46728
INFO:root:-63.14145
INFO:root:46766
INFO:root:-63.01254
INFO:root:46797
INFO:root:-63.134730000000005
INFO:root:46827
INFO:root:-63.25692
INFO:root:46858
INFO:root:-62.882425
INFO:root:46888
INFO:root:-62.50793
INFO:root:46924
INFO:root:-62.90031
INFO:root:46953
INFO:root:-63.005075
INFO:root:46983
INFO:root:-63.10984
INFO:root:47013
INFO:root:-63.27029
INFO:root:47048
INFO:root:-63.280125
INFO:root:47078
INFO:root:-63.28996
INFO:root:47108
INFO:root:-63.13153
INFO:root:47139
INFO:root:-62.9731
INFO:root:47169
INFO:root:-63.12469
INFO:root:47198
INFO:root:-62.755215
INFO:root:47228
INFO:root:-62.38574
INFO:root:47259
INFO:root:-62.823505
INFO:root:47334
INFO:root:-62.885265
INFO:root:47374
INFO:root:-62.87134
INFO:root:47405
INFO:root:-62.654465
INFO:root:47435
INFO:root:-62.43759
INFO:root:47466
INFO:root:-62.33806
INFO:root:47496
INFO:root:-62.575305
INFO:root:47529
INFO:root:-62.81255
INFO:root:47560
INFO:root:-62.59304
INFO:root:47591
INFO:root:-62.59304
INFO:root:47622
INFO:root:-63.15358
INFO:root:47652
INFO:root:-63.1219
INFO:root:47682
INFO:root:-63.09022
INFO:root:47712
INFO:root:-63.26059
INFO:root:47743
INFO:root:-63.26059
INFO:root:47774
INFO:root:-62.44739
INFO:root:47804
INFO:root:-62.53308
INFO:root:47838
INFO:root:-62.334875
INFO:root:47911
INFO:root:-62.81525
INFO:root:47942
INFO:root:-62.81525
INFO:root:47973
INFO:root:-62.76693
INFO:root:48003
INFO:root:-62.636825
INFO:root:48032
INFO:root:-62.50672
INFO:root:48062
INFO:root:-62.61782
INFO:root:48093
INFO:root:-62.528505
INFO:root:48124
INFO:root:-62.43919
INFO:root:48154
INFO:root:-62.49419
INFO:root:48185
INFO:root:-62.54919
INFO:root:48215
INFO:root:-62.45328
INFO:root:48246
INFO:root:-62.68562
INFO:root:48276
INFO:root:-62.91796
INFO:root:48307
INFO:root:-62.342645000000005
INFO:root:48338
INFO:root:-61.76733
INFO:root:48369
INFO:root:-61.29838
INFO:root:48399
INFO:root:-61.913325
INFO:root:48429
INFO:root:-62.875765
INFO:root:48507
INFO:root:-62.82813
INFO:root:48538
INFO:root:-62.433
INFO:root:48569
INFO:root:-62.40623
INFO:root:48599
INFO:root:-62.569424999999995
INFO:root:48630
INFO:root:-62.73262
INFO:root:48668
INFO:root:-62.75474
INFO:root:48699
INFO:root:-62.676995
INFO:root:48729
INFO:root:-62.59925
INFO:root:48758
INFO:root:-62.93847
INFO:root:48791
INFO:root:-62.93847
INFO:root:48822
INFO:root:-62.81506
INFO:root:48851
INFO:root:-62.531220000000005
INFO:root:48889
INFO:root:-62.24738
INFO:root:48918
INFO:root:-62.18351
INFO:root:48952
INFO:root:-61.878725
INFO:root:48983
INFO:root:-61.57394
INFO:root:49017
INFO:root:-61.54552
INFO:root:49050
INFO:root:-61.56534
INFO:root:49153
INFO:root:-61.33365
INFO:root:49185
INFO:root:-61.10196
INFO:root:49214
INFO:root:-61.21416
INFO:root:49243
INFO:root:-61.433345
INFO:root:49273
INFO:root:-61.65253
INFO:root:49303
INFO:root:-61.919075
INFO:root:49334
INFO:root:-62.18562
INFO:root:49364
INFO:root:-62.29182
INFO:root:49394
INFO:root:-62.45943
INFO:root:49425
INFO:root:-62.62704
INFO:root:49455
INFO:root:-62.19585
INFO:root:49485
INFO:root:-61.76466
INFO:root:49519
INFO:root:-62.19085
INFO:root:49622
INFO:root:-62.2031
INFO:root:49698
INFO:root:-62.169585
INFO:root:49727
INFO:root:-62.15145
INFO:root:49757
