INFO:root:[0, 0.18, 137.2, 2, 0.5, 0]
INFO:root:Scan update starts at: [0, 0.18, 137.2, 2, 0.5, 0]
INFO:root:Start Tcounts: [-16511, 56699, -46651, -28527, 44258, 14639]
INFO:root:-35.315960000000004
INFO:root:Monitor start (loss then pos)
INFO:root:-35.315960000000004
INFO:root:-16511
INFO:root:-35.31548
INFO:root:-16512
INFO:root:-35.31462
INFO:root:-16512
INFO:root:-35.31728
INFO:root:-16510
INFO:root:-35.330705
INFO:root:-16531
INFO:root:-35.34147
INFO:root:-16547
INFO:root:-35.44162
INFO:root:-16563
INFO:root:-35.5845
INFO:root:-16598
INFO:root:-35.79041
INFO:root:-16619
INFO:root:-36.0191
INFO:root:-16653
INFO:root:-36.432125
INFO:root:-16741
INFO:root:-36.97409
INFO:root:-16776
INFO:root:x scan done: decreasing
INFO:root:Monitor start (loss then pos)
INFO:root:-36.97409
INFO:root:-16741
INFO:root:-37.328019999999995
INFO:root:-16741
INFO:root:-37.141905
INFO:root:-16727
INFO:root:-37.1073
INFO:root:-16719
INFO:root:-37.00509
INFO:root:-16697
INFO:root:-36.85899
INFO:root:-16681
INFO:root:-36.76644
INFO:root:-16664
INFO:root:-36.67389
INFO:root:-16628
INFO:root:-36.342240000000004
INFO:root:-16605
INFO:root:-35.95602
INFO:root:-16545
INFO:root:-35.802170000000004
INFO:root:-16501
INFO:root:-35.484845
INFO:root:-16470
INFO:root:-35.32137
INFO:root:-16437
INFO:root:-35.01588
INFO:root:-16380
INFO:root:-34.71302
INFO:root:-16345
INFO:root:-34.557745
INFO:root:-16312
INFO:root:-34.40247
INFO:root:-16243
INFO:root:-33.925515
INFO:root:-16211
INFO:root:-33.75778
INFO:root:-16180
INFO:root:-33.41803
INFO:root:-16120
INFO:root:-33.04187
INFO:root:-16088
INFO:root:-32.66338
INFO:root:-16055
INFO:root:-32.46832499999999
INFO:root:-15920
INFO:root:-30.99986
INFO:root:-15829
INFO:root:-30.59395
INFO:root:-15796
INFO:root:-30.415335
INFO:root:-15734
INFO:root:-29.89848
INFO:root:-15675
INFO:root:-29.58341
INFO:root:-15613
INFO:root:-29.31336
INFO:root:-15579
INFO:root:-29.1133
INFO:root:-15522
INFO:root:-28.94773
INFO:root:-15462
INFO:root:-28.81076
INFO:root:-15428
INFO:root:-28.64072
INFO:root:-15327
INFO:root:-28.61322
INFO:root:-15289
INFO:root:-28.57155
INFO:root:-15252
INFO:root:-28.555495
INFO:root:-15222
INFO:root:-28.53944
INFO:root:-15189
INFO:root:-28.49675
INFO:root:-15131
INFO:root:-28.41203
INFO:root:-15098
INFO:root:-28.31566
INFO:root:-15038
INFO:root:-28.19812
INFO:root:-14978
INFO:root:-28.03952
INFO:root:-14948
INFO:root:-27.943845
INFO:root:-14915
INFO:root:-27.84817
INFO:root:-14881
INFO:root:-27.64289
INFO:root:-14823
INFO:root:-27.26378
INFO:root:-14726
INFO:root:-27.08864
INFO:root:-14688
INFO:root:-26.95255
INFO:root:-14655
INFO:root:-26.905009999999997
INFO:root:-14598
INFO:root:-26.80876
INFO:root:-14541
INFO:root:-26.81878
INFO:root:-14503
INFO:root:-26.853675000000003
INFO:root:-14473
INFO:root:-26.88857
INFO:root:-14440
INFO:root:-27.01534
INFO:root:-14380
INFO:root:-27.19304
INFO:root:-14325
INFO:root:-27.41493
INFO:root:-14292
INFO:root:-27.66331
INFO:root:-14255
INFO:root:-28.107554999999998
INFO:root:-14109
INFO:root:x scan done: has max
INFO:root:-26.79864
INFO:root:Monitor start (loss then pos)
INFO:root:-26.79864
INFO:root:56699
INFO:root:-26.79502
INFO:root:56698
INFO:root:-26.79424
INFO:root:56698
INFO:root:-26.794179999999997
INFO:root:56689
INFO:root:-26.79412
INFO:root:56672
INFO:root:-26.77823
INFO:root:56657
INFO:root:-26.75844
INFO:root:56643
INFO:root:-26.73865
INFO:root:56627
INFO:root:-26.71034
INFO:root:56604
INFO:root:-26.699365
INFO:root:56504
INFO:root:-26.70555
INFO:root:56476
INFO:root:-26.74072
INFO:root:56423
INFO:root:-26.82878
INFO:root:56337
INFO:root:-27.0999
INFO:root:56224
INFO:root:-27.47341
INFO:root:56176
INFO:root:-27.71054
INFO:root:56140
INFO:root:-27.841115000000002
INFO:root:56082
INFO:root:y scan done: decreasing
INFO:root:Monitor start (loss then pos)
INFO:root:-27.841115000000002
INFO:root:56140
INFO:root:-28.066795
INFO:root:56142
INFO:root:-28.0559
INFO:root:56147
INFO:root:-28.02805
INFO:root:56163
INFO:root:-27.97425
INFO:root:56174
INFO:root:-27.93401
INFO:root:56189
INFO:root:-27.84138
INFO:root:56208
INFO:root:-27.78899
INFO:root:56226
INFO:root:-27.66883
INFO:root:56247
INFO:root:-27.59786
INFO:root:56270
INFO:root:-27.52689
INFO:root:56296
INFO:root:-27.37612
INFO:root:56322
INFO:root:-27.30173
INFO:root:56354
INFO:root:-27.22734
INFO:root:56393
INFO:root:-27.07312
INFO:root:56433
INFO:root:-26.77468
INFO:root:56550
INFO:root:-26.73169
INFO:root:56586
INFO:root:-26.69996
INFO:root:56628
INFO:root:-26.69663
INFO:root:56679
INFO:root:-26.718245
INFO:root:56710
INFO:root:-26.73986
INFO:root:56743
INFO:root:-26.81998
INFO:root:56804
INFO:root:-26.92941
INFO:root:56834
INFO:root:-27.07886
INFO:root:56878
INFO:root:-27.163435
INFO:root:56910
INFO:root:-27.24801
INFO:root:56943
INFO:root:-27.41789
INFO:root:56979
INFO:root:-27.503684999999997
INFO:root:57010
INFO:root:-27.58948
INFO:root:57044
INFO:root:y scan done: has max
INFO:root:Scan update ends at: [0.09565, 0.17645, 137.2, 2, 0.5, 0]
INFO:root:X change: 1913; Y change: -71
INFO:root:Z optim starts at (pos then loss): [0.09565, 0.17645, 137.2, 2, 0.5, 0]
INFO:root:-26.70893
INFO:root:[0.09565, 0.17645, 137.30679999999998, 2, 0.5, 0]
INFO:root:-26.11617
INFO:root:[0.09565, 0.17645, 137.41359999999997, 2, 0.5, 0]
INFO:root:-25.6604
INFO:root:[0.09565, 0.17645, 137.52039999999997, 2, 0.5, 0]
INFO:root:-25.33198
INFO:root:[0.09565, 0.17645, 137.62719999999996, 2, 0.5, 0]
INFO:root:-25.189705
INFO:root:[0.09565, 0.17645, 137.73399999999995, 2, 0.5, 0]
INFO:root:-25.34738
INFO:root:[0.09565, 0.17645, 137.84079999999994, 2, 0.5, 0]
INFO:root:-25.82963
INFO:root:[0.09565, 0.17645, 137.73379999999995, 2, 0.5, 0]
INFO:root:Z optim ends at: [0.09565, 0.17645, 137.73379999999995, 2, 0.5, 0]
INFO:root:Scan update starts at: [0.09565, 0.17645, 137.73379999999995, 2, 0.5, 0]
INFO:root:Start Tcounts: [470, 57001, -41829, -16721, 50409, 1120]
INFO:root:-25.35112
INFO:root:Monitor start (loss then pos)
INFO:root:-25.35112
INFO:root:470
INFO:root:-25.35035
INFO:root:470
INFO:root:-25.34958
INFO:root:474
INFO:root:-25.35649
INFO:root:481
INFO:root:-25.360185
INFO:root:491
INFO:root:-25.37722
INFO:root:512
INFO:root:-25.37299
INFO:root:528
INFO:root:-25.37747
INFO:root:574
INFO:root:-25.41241
INFO:root:595
INFO:root:-25.442675
INFO:root:619
INFO:root:-25.47294
INFO:root:646
INFO:root:-25.58797
INFO:root:675
INFO:root:-25.872305
INFO:root:750
INFO:root:-25.9833
INFO:root:786
INFO:root:-26.419975
INFO:root:849
INFO:root:x scan done: decreasing
INFO:root:Monitor start (loss then pos)
INFO:root:-26.419975
INFO:root:786
INFO:root:-26.467435000000002
INFO:root:783
INFO:root:-26.4282
INFO:root:777
INFO:root:-26.41545
INFO:root:762
INFO:root:-26.36506
INFO:root:751
INFO:root:-26.28569
INFO:root:726
INFO:root:-26.17591
INFO:root:691
INFO:root:-25.7459
INFO:root:603
INFO:root:-25.59215
INFO:root:571
INFO:root:-25.5297
INFO:root:542
INFO:root:-25.46725
INFO:root:505
INFO:root:-25.39223
INFO:root:474
INFO:root:-25.379755000000003
INFO:root:417
INFO:root:-25.41526
INFO:root:359
INFO:root:-25.50523
INFO:root:326
INFO:root:-25.559404999999998
INFO:root:296
INFO:root:-25.61358
INFO:root:261
INFO:root:-25.72389
INFO:root:201
INFO:root:-25.8426
INFO:root:167
INFO:root:-25.887175
INFO:root:134
INFO:root:-25.976565
INFO:root:62
INFO:root:-26.12035
INFO:root:4
INFO:root:x scan done: has max
INFO:root:-25.37432
INFO:root:Monitor start (loss then pos)
INFO:root:-25.37432
INFO:root:57001
INFO:root:-25.3698
INFO:root:57000
INFO:root:-25.30678
INFO:root:57020
INFO:root:-25.25534
INFO:root:57035
INFO:root:-25.17705
INFO:root:57062
INFO:root:-24.93875
INFO:root:57081
INFO:root:-24.57177
INFO:root:57152
INFO:root:-24.467265
INFO:root:57187
INFO:root:-24.25602
INFO:root:57217
INFO:root:-24.14928
INFO:root:57294
INFO:root:-23.73997
INFO:root:57382
INFO:root:-23.563415
INFO:root:57435
INFO:root:-23.53093
INFO:root:57518
INFO:root:-23.62319
INFO:root:57552
INFO:root:-23.79782
INFO:root:57583
INFO:root:-23.92214
INFO:root:57616
INFO:root:-24.332965
INFO:root:57723
INFO:root:-24.61947
INFO:root:57759
INFO:root:-24.87446
INFO:root:57796
INFO:root:y scan done: has max
INFO:root:Scan update ends at: [0.09585, 0.19815, 137.73379999999995, 2, 0.5, 0]
INFO:root:X change: 4; Y change: 434
INFO:root:Z optim starts at (pos then loss): [0.09585, 0.19815, 137.73379999999995, 2, 0.5, 0]
INFO:root:-23.55051
INFO:root:[0.09585, 0.19815, 137.79279999999994, 2, 0.5, 0]
INFO:root:-23.41499
INFO:root:[0.09585, 0.19815, 137.85179999999994, 2, 0.5, 0]
INFO:root:-23.40882
INFO:root:[0.09585, 0.19815, 137.91079999999994, 2, 0.5, 0]
INFO:root:-23.1785
INFO:root:[0.09585, 0.19815, 137.96979999999994, 2, 0.5, 0]
INFO:root:-23.055
INFO:root:[0.09585, 0.19815, 138.02879999999993, 2, 0.5, 0]
INFO:root:-22.922
INFO:root:[0.09585, 0.19815, 138.08779999999993, 2, 0.5, 0]
INFO:root:-23.08076
INFO:root:[0.09585, 0.19815, 138.14679999999993, 2, 0.5, 0]
INFO:root:-23.17747
INFO:root:[0.09585, 0.19815, 138.20579999999993, 2, 0.5, 0]
INFO:root:-23.21598
INFO:root:[0.09585, 0.19815, 138.26479999999992, 2, 0.5, 0]
INFO:root:-23.64782
INFO:root:[0.09585, 0.19815, 138.20559999999992, 2, 0.5, 0]
INFO:root:Z optim ends at: [0.09585, 0.19815, 138.20559999999992, 2, 0.5, 0]
INFO:root:Scan update starts at: [0.09585, 0.19815, 138.20559999999992, 2, 0.5, 0]
INFO:root:Start Tcounts: [14113, 57764, -35749, -5561, 57705, -10632]
INFO:root:-23.20177
INFO:root:Monitor start (loss then pos)
INFO:root:-23.20177
INFO:root:14113
INFO:root:-23.19858
INFO:root:14113
INFO:root:-23.19556
INFO:root:14116
INFO:root:-23.19818
INFO:root:14103
INFO:root:-23.20718
INFO:root:14083
INFO:root:-23.257045
INFO:root:14050
INFO:root:-23.50528
INFO:root:14003
INFO:root:-23.58399
INFO:root:13980
INFO:root:-23.80168
INFO:root:13932
INFO:root:x scan done: decreasing
INFO:root:Monitor start (loss then pos)
INFO:root:-23.80168
INFO:root:13980
INFO:root:-24.05174
INFO:root:13981
INFO:root:-23.94131
INFO:root:13994
INFO:root:-23.76459
INFO:root:14031
INFO:root:-23.703235
INFO:root:14046
INFO:root:-23.50638
INFO:root:14082
INFO:root:-23.43027
INFO:root:14104
INFO:root:-23.35416
INFO:root:14128
INFO:root:-23.21086
INFO:root:14155
INFO:root:-23.13578
INFO:root:14209
INFO:root:-22.88844
INFO:root:14240
INFO:root:-22.88844
INFO:root:14273
INFO:root:-22.74224
INFO:root:14331
INFO:root:-22.67406
INFO:root:14366
INFO:root:-22.786915
INFO:root:14429
INFO:root:-23.43103
INFO:root:14554
INFO:root:-23.595165
INFO:root:14591
INFO:root:-23.913629999999998
INFO:root:14622
INFO:root:x scan done: has max
INFO:root:-22.6778
INFO:root:Monitor start (loss then pos)
INFO:root:-22.6778
INFO:root:57764
INFO:root:-22.67385
INFO:root:57763
INFO:root:-22.67331
INFO:root:57763
INFO:root:-22.65055
INFO:root:57775
INFO:root:-22.580599999999997
INFO:root:57792
INFO:root:-22.51065
INFO:root:57806
INFO:root:-22.00172
INFO:root:57865
INFO:root:-21.71886
INFO:root:57888
INFO:root:-21.36143
INFO:root:57917
INFO:root:-21.153799999999997
INFO:root:57945
INFO:root:-20.715375
INFO:root:57973
INFO:root:-20.48458
INFO:root:58028
INFO:root:-20.02091
INFO:root:58062
INFO:root:-19.64667
INFO:root:58096
INFO:root:-19.548605000000002
INFO:root:58155
INFO:root:-19.44576
INFO:root:58188
INFO:root:-19.44098
INFO:root:58222
INFO:root:-19.54587
INFO:root:58254
INFO:root:-19.69636
INFO:root:58311
INFO:root:-19.88773
INFO:root:58346
INFO:root:-20.53373
INFO:root:58449
INFO:root:y scan done: has max
INFO:root:Scan update ends at: [0.10675000000000001, 0.21935, 138.20559999999992, 2, 0.5, 0]
INFO:root:X change: 218; Y change: 424
INFO:root:Z optim starts at (pos then loss): [0.10675000000000001, 0.21935, 138.20559999999992, 2, 0.5, 0]
INFO:root:-19.55279
INFO:root:[0.10675000000000001, 0.21935, 138.25459999999993, 2, 0.5, 0]
INFO:root:-18.9952
INFO:root:[0.10675000000000001, 0.21935, 138.30359999999993, 2, 0.5, 0]
INFO:root:-18.52956
INFO:root:[0.10675000000000001, 0.21935, 138.35259999999994, 2, 0.5, 0]
INFO:root:-18.169475
INFO:root:[0.10675000000000001, 0.21935, 138.40159999999995, 2, 0.5, 0]
INFO:root:-17.88059
INFO:root:[0.10675000000000001, 0.21935, 138.45059999999995, 2, 0.5, 0]
INFO:root:-18.17252
INFO:root:[0.10675000000000001, 0.21935, 138.40139999999994, 2, 0.5, 0]
INFO:root:Z optim ends at: [0.10675000000000001, 0.21935, 138.40139999999994, 2, 0.5, 0]
INFO:root:Scan update starts at: [0.10675000000000001, 0.21935, 138.40139999999994, 2, 0.5, 0]
INFO:root:Start Tcounts: [20082, 58325, -33404, -621, 60567, -15352]
INFO:root:-17.84719
INFO:root:Monitor start (loss then pos)
INFO:root:-17.84719
INFO:root:20082
INFO:root:-17.875465
INFO:root:20084
INFO:root:-17.878235
INFO:root:20091
INFO:root:-17.87623
INFO:root:20107
INFO:root:-17.81811
INFO:root:20133
INFO:root:-17.79248
INFO:root:20216
INFO:root:-17.830135
INFO:root:20243
INFO:root:-17.86779
INFO:root:20271
INFO:root:-18.01948
INFO:root:20305
INFO:root:-18.17436
INFO:root:20335
INFO:root:-18.32924
INFO:root:20367
INFO:root:-18.91803
INFO:root:20401
INFO:root:x scan done: decreasing
INFO:root:Monitor start (loss then pos)
INFO:root:-18.91803
INFO:root:20367
INFO:root:-19.38008
INFO:root:20362
INFO:root:-19.16493
INFO:root:20350
INFO:root:-18.841225
INFO:root:20284
INFO:root:-18.2721
INFO:root:20247
INFO:root:-18.06483
INFO:root:20222
INFO:root:-17.98977
INFO:root:20174
INFO:root:-17.8657
INFO:root:20144
INFO:root:-17.81669
INFO:root:20111
INFO:root:-17.77903
INFO:root:20048
INFO:root:-17.86906
INFO:root:20013
INFO:root:-18.17742
INFO:root:19980
INFO:root:-18.473959999999998
INFO:root:19946
INFO:root:x scan done: has max
INFO:root:-17.80387
INFO:root:Monitor start (loss then pos)
INFO:root:-17.80387
INFO:root:58325
INFO:root:-17.80021
INFO:root:58326
INFO:root:-17.800295
INFO:root:58330
INFO:root:-17.80038
INFO:root:58351
INFO:root:-17.749679999999998
INFO:root:58366
INFO:root:-17.7084
INFO:root:58381
INFO:root:-17.58905
INFO:root:58398
INFO:root:-17.523975
INFO:root:58433
INFO:root:-17.30152
INFO:root:58456
INFO:root:-17.30152
INFO:root:58481
INFO:root:-17.08089
INFO:root:58513
INFO:root:-17.02541
INFO:root:58547
INFO:root:-17.83055
INFO:root:58693
INFO:root:-17.83055
INFO:root:58732
INFO:root:-18.49759
INFO:root:58765
INFO:root:y scan done: has max
INFO:root:Scan update ends at: [0.10820000000000002, 0.22874999999999998, 138.40139999999994, 2, 0.5, 0]
INFO:root:X change: 29; Y change: 188
INFO:root:Z optim starts at (pos then loss): [0.10820000000000002, 0.22874999999999998, 138.40139999999994, 2, 0.5, 0]
INFO:root:-16.95424
INFO:root:[0.10820000000000002, 0.22874999999999998, 138.44389999999993, 2, 0.5, 0]
INFO:root:-16.29514
INFO:root:[0.10820000000000002, 0.22874999999999998, 138.48639999999992, 2, 0.5, 0]
INFO:root:-15.87384
INFO:root:[0.10820000000000002, 0.22874999999999998, 138.5288999999999, 2, 0.5, 0]
INFO:root:-15.76883
INFO:root:[0.10820000000000002, 0.22874999999999998, 138.5713999999999, 2, 0.5, 0]
INFO:root:-16.43991
INFO:root:[0.10820000000000002, 0.22874999999999998, 138.5286999999999, 2, 0.5, 0]
INFO:root:Z optim ends at: [0.10820000000000002, 0.22874999999999998, 138.5286999999999, 2, 0.5, 0]
INFO:root:Scan update starts at: [0.10820000000000002, 0.22874999999999998, 138.5286999999999, 2, 0.5, 0]
INFO:root:Start Tcounts: [23880, 58602, -31755, 2524, 62556, -18537]
INFO:root:-15.748059999999999
INFO:root:Monitor start (loss then pos)
INFO:root:-15.748059999999999
INFO:root:23880
INFO:root:-15.78721
INFO:root:23879
INFO:root:-15.880135
INFO:root:23860
INFO:root:-16.13348
INFO:root:23819
INFO:root:-16.58357
INFO:root:23794
INFO:root:x scan done: decreasing
INFO:root:Monitor start (loss then pos)
INFO:root:-16.58357
INFO:root:23819
INFO:root:-17.44719
INFO:root:23821
INFO:root:-16.95925
INFO:root:23838
INFO:root:-16.56864
INFO:root:23878
INFO:root:-15.86357
INFO:root:24042
INFO:root:-15.81993
INFO:root:24147
INFO:root:-16.06317
INFO:root:24186
INFO:root:-16.44112
INFO:root:24244
INFO:root:x scan done: has max
INFO:root:-15.78053
INFO:root:Monitor start (loss then pos)
INFO:root:-15.78053
INFO:root:58602
INFO:root:-15.770520000000001
INFO:root:58602
INFO:root:-15.76943
INFO:root:58608
INFO:root:-15.74278
INFO:root:58625
INFO:root:-15.64746
INFO:root:58637
INFO:root:-15.577729999999999
INFO:root:58671
INFO:root:-15.37965
INFO:root:58696
INFO:root:-15.26121
INFO:root:58735
INFO:root:-15.18655
INFO:root:58847
INFO:root:-15.76501
INFO:root:58923
INFO:root:-16.61259
INFO:root:58960
INFO:root:y scan done: has max
INFO:root:Scan update ends at: [0.11630000000000001, 0.23539999999999997, 138.5286999999999, 2, 0.5, 0]
INFO:root:X change: 162; Y change: 133
INFO:root:Z optim starts at (pos then loss): [0.11630000000000001, 0.23539999999999997, 138.5286999999999, 2, 0.5, 0]
INFO:root:-15.1671
INFO:root:[0.11630000000000001, 0.23539999999999997, 138.5666999999999, 2, 0.5, 0]
INFO:root:-14.18305
INFO:root:[0.11630000000000001, 0.23539999999999997, 138.60469999999992, 2, 0.5, 0]
INFO:root:-13.33474
INFO:root:[0.11630000000000001, 0.23539999999999997, 138.64269999999993, 2, 0.5, 0]
INFO:root:-12.4903
INFO:root:[0.11630000000000001, 0.23539999999999997, 138.68069999999994, 2, 0.5, 0]
INFO:root:-11.74391
INFO:root:[0.11630000000000001, 0.23539999999999997, 138.71869999999996, 2, 0.5, 0]
INFO:root:-11.5958
INFO:root:[0.11630000000000001, 0.23539999999999997, 138.75669999999997, 2, 0.5, 0]
INFO:root:-12.448785
INFO:root:[0.11630000000000001, 0.23539999999999997, 138.71849999999995, 2, 0.5, 0]
INFO:root:Z optim ends at: [0.11630000000000001, 0.23539999999999997, 138.71849999999995, 2, 0.5, 0]
INFO:root:Scan update starts at: [0.11630000000000001, 0.23539999999999997, 138.71849999999995, 2, 0.5, 0]
INFO:root:Start Tcounts: [29706, 58868, -29397, 7097, 65428, -23473]
INFO:root:-11.74132
INFO:root:Monitor start (loss then pos)
INFO:root:-11.74132
INFO:root:29706
INFO:root:-11.69652
INFO:root:29706
INFO:root:-11.69658
INFO:root:29710
INFO:root:-11.69362
INFO:root:29718
INFO:root:-11.674025
INFO:root:29726
INFO:root:-11.65443
INFO:root:29739
INFO:root:-11.652215
INFO:root:29763
INFO:root:-11.67109
INFO:root:29781
INFO:root:-12.038395
INFO:root:29848
INFO:root:-12.94271
INFO:root:29878
INFO:root:x scan done: decreasing
INFO:root:Monitor start (loss then pos)
INFO:root:-12.94271
INFO:root:29848
INFO:root:-13.92529
INFO:root:29846
INFO:root:-13.79677
INFO:root:29839
INFO:root:-13.569495
INFO:root:29831
INFO:root:-13.47074
INFO:root:29812
INFO:root:-12.98106
INFO:root:29799
INFO:root:-12.79164
INFO:root:29783
INFO:root:-12.385
INFO:root:29750
INFO:root:-12.01803
INFO:root:29728
INFO:root:-11.915545
INFO:root:29671
INFO:root:-11.81306
INFO:root:29640
INFO:root:-12.22531
INFO:root:29609
INFO:root:-12.755794999999999
INFO:root:29576
INFO:root:x scan done: has max
INFO:root:-12.27802
INFO:root:Monitor start (loss then pos)
INFO:root:-12.27802
INFO:root:58868
INFO:root:-12.081645
INFO:root:58868
INFO:root:-12.07038
INFO:root:58882
INFO:root:-11.93319
INFO:root:58892
INFO:root:-11.81926
INFO:root:58904
INFO:root:-11.31137
INFO:root:58918
INFO:root:-11.041364999999999
INFO:root:58935
INFO:root:-10.77136
INFO:root:58970
INFO:root:-10.16112
INFO:root:59029
INFO:root:-10.24013
INFO:root:59061
INFO:root:-10.75457
INFO:root:59111
INFO:root:-11.88828
INFO:root:59144
INFO:root:y scan done: has max
INFO:root:Scan update ends at: [0.11455000000000001, 0.24049999999999996, 138.71849999999995, 2, 0.5, 0]
INFO:root:X change: -35; Y change: 102
INFO:root:Z optim starts at (pos then loss): [0.11455000000000001, 0.24049999999999996, 138.71849999999995, 2, 0.5, 0]
INFO:root:-10.14625
INFO:root:[0.11455000000000001, 0.24049999999999996, 138.74374999999995, 2, 0.5, 0]
INFO:root:-9.6091455
INFO:root:[0.11455000000000001, 0.24049999999999996, 138.76899999999995, 2, 0.5, 0]
INFO:root:-9.92836
INFO:root:[0.11455000000000001, 0.24049999999999996, 138.74354999999994, 2, 0.5, 0]
INFO:root:Z optim ends at: [0.11455000000000001, 0.24049999999999996, 138.74354999999994, 2, 0.5, 0]
INFO:root:Scan update starts at: [0.11455000000000001, 0.24049999999999996, 138.74354999999994, 2, 0.5, 0]
INFO:root:Start Tcounts: [30423, 58987, -29027, 7788, 65865, -24044]
INFO:root:-9.568503
INFO:root:Monitor start (loss then pos)
INFO:root:-9.568503
INFO:root:30423
INFO:root:-9.572481
INFO:root:30423
INFO:root:-9.576459
INFO:root:30423
INFO:root:-9.604723
INFO:root:30422
INFO:root:-9.93751
INFO:root:30380
INFO:root:-10.71229
INFO:root:30364
INFO:root:x scan done: decreasing
INFO:root:Monitor start (loss then pos)
INFO:root:-10.71229
INFO:root:30380
INFO:root:-11.656945
INFO:root:30380
INFO:root:-11.57201
INFO:root:30387
INFO:root:-11.32959
INFO:root:30395
INFO:root:-10.9831
INFO:root:30413
INFO:root:-10.40647
INFO:root:30427
INFO:root:-9.881694
INFO:root:30443
INFO:root:-9.622121499999999
INFO:root:30460
INFO:root:-9.362549
INFO:root:30497
INFO:root:-8.903138
INFO:root:30522
INFO:root:-8.638186
INFO:root:30552
INFO:root:-8.751413
INFO:root:30621
INFO:root:-13.708
INFO:root:30726
INFO:root:x scan done: has max
INFO:root:-8.765691
INFO:root:Monitor start (loss then pos)
INFO:root:-8.765691
INFO:root:58987
INFO:root:-8.754479
INFO:root:58998
INFO:root:-8.745772
INFO:root:59008
INFO:root:-8.670733
INFO:root:59019
INFO:root:-8.689254
INFO:root:59072
INFO:root:-8.8909205
INFO:root:59094
INFO:root:-9.074066
INFO:root:59115
INFO:root:y scan done: decreasing
INFO:root:Monitor start (loss then pos)
INFO:root:-9.074066
INFO:root:59094
INFO:root:-10.08359
INFO:root:59093
INFO:root:-9.750971499999999
INFO:root:59084
INFO:root:-9.674864
INFO:root:59076
INFO:root:-9.426209
INFO:root:59057
INFO:root:-9.109526
INFO:root:59045
INFO:root:-8.957426000000002
INFO:root:59030
INFO:root:-8.805326
INFO:root:58998
INFO:root:-8.617582
INFO:root:58977
INFO:root:-9.216202
INFO:root:58897
INFO:root:-10.3879
INFO:root:58802
INFO:root:y scan done: has max
INFO:root:Scan update ends at: [0.11950000000000001, 0.24104999999999996, 138.74354999999994, 2, 0.5, 0]
INFO:root:X change: 99; Y change: 11
INFO:root:Z optim starts at (pos then loss): [0.11950000000000001, 0.24104999999999996, 138.74354999999994, 2, 0.5, 0]
INFO:root:-8.694127
INFO:root:[0.11950000000000001, 0.24104999999999996, 138.76529999999994, 2, 0.5, 0]
INFO:root:-7.777515
INFO:root:[0.11950000000000001, 0.24104999999999996, 138.78704999999994, 2, 0.5, 0]
INFO:root:-7.379671
INFO:root:[0.11950000000000001, 0.24104999999999996, 138.80879999999993, 2, 0.5, 0]
INFO:root:-7.007852
INFO:root:[0.11950000000000001, 0.24104999999999996, 138.83054999999993, 2, 0.5, 0]
INFO:root:-8.332334
INFO:root:[0.11950000000000001, 0.24104999999999996, 138.80859999999993, 2, 0.5, 0]
INFO:root:Z optim ends at: [0.11950000000000001, 0.24104999999999996, 138.80859999999993, 2, 0.5, 0]
INFO:root:Scan update starts at: [0.11950000000000001, 0.24104999999999996, 138.80859999999993, 2, 0.5, 0]
INFO:root:Start Tcounts: [32477, 59044, -28257, 9331, 66814, -25785]
INFO:root:-6.886498
INFO:root:Monitor start (loss then pos)
INFO:root:-6.886498
INFO:root:32477
INFO:root:-7.054928
INFO:root:32479
INFO:root:-7.06301
INFO:root:32479
INFO:root:-7.071092
INFO:root:32509
INFO:root:-7.311612
INFO:root:32542
INFO:root:x scan done: decreasing
INFO:root:Monitor start (loss then pos)
INFO:root:-7.311612
INFO:root:32509
INFO:root:-7.6352095
INFO:root:32504
INFO:root:-7.480735
INFO:root:32497
INFO:root:-7.431869
INFO:root:32482
INFO:root:-7.272679
INFO:root:32469
INFO:root:-7.178551
INFO:root:32443
INFO:root:-7.286146
INFO:root:32410
INFO:root:-7.817535
INFO:root:32371
INFO:root:x scan done: has max
INFO:root:-7.169933
INFO:root:Monitor start (loss then pos)
INFO:root:-7.169933
INFO:root:59044
INFO:root:-7.156435
INFO:root:59044
INFO:root:-7.150804
INFO:root:59043
INFO:root:-7.208815
INFO:root:59031
INFO:root:-7.5037355
INFO:root:59009
INFO:root:-8.875479
INFO:root:58994
INFO:root:y scan done: decreasing
INFO:root:Monitor start (loss then pos)
INFO:root:-8.875479
INFO:root:59009
INFO:root:-9.927034
INFO:root:59012
INFO:root:-9.172258
INFO:root:59037
INFO:root:-8.006431
INFO:root:59052
INFO:root:-8.006431
INFO:root:59080
INFO:root:-6.270321
INFO:root:59099
INFO:root:-5.864802
INFO:root:59137
INFO:root:-5.449849
INFO:root:59163
INFO:root:-5.73577
INFO:root:59212
INFO:root:-7.122101
INFO:root:59243
INFO:root:y scan done: has max
INFO:root:Scan update ends at: [0.11910000000000001, 0.24569999999999995, 138.80859999999993, 2, 0.5, 0]
INFO:root:X change: -8; Y change: 93
INFO:root:Z optim starts at (pos then loss): [0.11910000000000001, 0.24569999999999995, 138.80859999999993, 2, 0.5, 0]
INFO:root:-5.722259
INFO:root:[0.11910000000000001, 0.24569999999999995, 138.82284999999993, 2, 0.5, 0]
INFO:root:-4.6605705
INFO:root:[0.11910000000000001, 0.24569999999999995, 138.83709999999994, 2, 0.5, 0]
INFO:root:-4.088521500000001
INFO:root:[0.11910000000000001, 0.24569999999999995, 138.85134999999994, 2, 0.5, 0]
INFO:root:-3.273833
INFO:root:[0.11910000000000001, 0.24569999999999995, 138.86559999999994, 2, 0.5, 0]
INFO:root:-2.906101
INFO:root:[0.11910000000000001, 0.24569999999999995, 138.87984999999995, 2, 0.5, 0]
INFO:root:-3.688592
INFO:root:[0.11910000000000001, 0.24569999999999995, 138.86539999999994, 2, 0.5, 0]
INFO:root:Z optim ends at: [0.11910000000000001, 0.24569999999999995, 138.86539999999994, 2, 0.5, 0]
INFO:root:Scan update starts at: [0.11910000000000001, 0.24569999999999995, 138.86539999999994, 2, 0.5, 0]
INFO:root:Start Tcounts: [34182, 59176, -27487, 10766, 67739, -27226]
INFO:root:Start Xstep (loss then pos)
INFO:root:-2.539516
INFO:root:34182
INFO:root:-2.9597474999999998
INFO:root:34172
INFO:root:Change direction
INFO:root:-2.228212
INFO:root:34194
INFO:root:-2.173787
INFO:root:34204
INFO:root:-2.236129
INFO:root:34214
INFO:root:Over
INFO:root:Start Ystep (loss then pos)
INFO:root:-2.153193
INFO:root:59176
INFO:root:-1.856274
INFO:root:59186
INFO:root:-1.712494
INFO:root:59196
INFO:root:-1.777286
INFO:root:59206
INFO:root:Over
INFO:root:Scan update ends at: [0.12010000000000001, 0.24659999999999996, 138.86539999999994, 2, 0.5, 0]
INFO:root:X change: 20; Y change: 18
INFO:root:Z optim starts at (pos then loss): [0.12010000000000001, 0.24659999999999996, 138.86539999999994, 2, 0.5, 0]
INFO:root:-1.7390935
INFO:root:[0.12010000000000001, 0.24659999999999996, 138.86794999999995, 2, 0.5, 0]
INFO:root:-1.638054
INFO:root:[0.12010000000000001, 0.24659999999999996, 138.87049999999996, 2, 0.5, 0]
INFO:root:-1.6072365
INFO:root:[0.12010000000000001, 0.24659999999999996, 138.87304999999998, 2, 0.5, 0]
INFO:root:-1.493193
INFO:root:[0.12010000000000001, 0.24659999999999996, 138.8756, 2, 0.5, 0]
INFO:root:-1.529286
INFO:root:[0.12010000000000001, 0.24659999999999996, 138.87284999999997, 2, 0.5, 0]
INFO:root:Z optim ends at: [0.12010000000000001, 0.24659999999999996, 138.87284999999997, 2, 0.5, 0]
INFO:root:Change to Final_adjust
INFO:root:Scan update starts at: [0.12010000000000001, 0.24659999999999996, 138.87284999999997, 2, 0.5, 0]
INFO:root:Start Tcounts: [34427, 59199, -27407, 10960, 67840, -27410]
INFO:root:Start Xstep (loss then pos)
INFO:root:-1.4179125
INFO:root:34427
INFO:root:-1.3901875
INFO:root:34431
INFO:root:-1.4341125
INFO:root:34435
INFO:root:Over
INFO:root:Start Ystep (loss then pos)
INFO:root:-1.418731
INFO:root:59199
INFO:root:-1.315369
INFO:root:59203
INFO:root:-1.284916
INFO:root:59207
INFO:root:-1.233973
INFO:root:59211
INFO:root:-1.241292
INFO:root:59215
INFO:root:Over
INFO:root:Scan update ends at: [0.12020000000000002, 0.24709999999999996, 138.87284999999997, 2, 0.5, 0]
INFO:root:X change: 2; Y change: 10
INFO:root:Z optim starts at (pos then loss): [0.12020000000000002, 0.24709999999999996, 138.87284999999997, 2, 0.5, 0]
INFO:root:-1.247505
INFO:root:[0.12020000000000002, 0.24709999999999996, 138.87434999999996, 2, 0.5, 0]
INFO:root:-1.219177
INFO:root:[0.12020000000000002, 0.24709999999999996, 138.87584999999996, 2, 0.5, 0]
INFO:root:-1.1692
INFO:root:[0.12020000000000002, 0.24709999999999996, 138.87734999999995, 2, 0.5, 0]
INFO:root:-1.1474905
INFO:root:[0.12020000000000002, 0.24709999999999996, 138.87884999999994, 2, 0.5, 0]
INFO:root:-1.121057
INFO:root:[0.12020000000000002, 0.24709999999999996, 138.88034999999994, 2, 0.5, 0]
INFO:root:-1.114766
INFO:root:[0.12020000000000002, 0.24709999999999996, 138.88184999999993, 2, 0.5, 0]
INFO:root:-1.109121
INFO:root:[0.12020000000000002, 0.24709999999999996, 138.88334999999992, 2, 0.5, 0]
INFO:root:-1.1362860000000001
INFO:root:[0.12020000000000002, 0.24709999999999996, 138.88164999999992, 2, 0.5, 0]
INFO:root:Z optim ends at: [0.12020000000000002, 0.24709999999999996, 138.88164999999992, 2, 0.5, 0]
INFO:root:Change to Final_adjust
INFO:root:Scan update starts at: [0.12020000000000002, 0.24709999999999996, 138.88164999999992, 2, 0.5, 0]
INFO:root:Start Tcounts: [34695, 59216, -27291, 11178, 67980, -27638]
INFO:root:Start Xstep (loss then pos)
INFO:root:-0.9186738999999999
INFO:root:34695
INFO:root:-0.95423115
INFO:root:34699
INFO:root:Change direction
INFO:root:-0.9773684
INFO:root:34689
INFO:root:Over
INFO:root:Start Ystep (loss then pos)
INFO:root:-0.8917347
INFO:root:59216
INFO:root:-0.8403799000000001
INFO:root:59220
INFO:root:-0.7455339
INFO:root:59224
INFO:root:-0.7198791499999999
INFO:root:59228
INFO:root:-0.7238567
INFO:root:59232
INFO:root:-0.75597
INFO:root:59236
INFO:root:Over
INFO:root:Scan update ends at: [0.12025000000000001, 0.24779999999999996, 138.88164999999992, 2, 0.5, 0]
INFO:root:X change: 1; Y change: 14
INFO:root:Z optim starts at (pos then loss): [0.12025000000000001, 0.24779999999999996, 138.88164999999992, 2, 0.5, 0]
INFO:root:-0.7111967
INFO:root:[0.12025000000000001, 0.24779999999999996, 138.88314999999992, 2, 0.5, 0]
INFO:root:-0.6604083
INFO:root:[0.12025000000000001, 0.24779999999999996, 138.8846499999999, 2, 0.5, 0]
INFO:root:-0.6124543
INFO:root:[0.12025000000000001, 0.24779999999999996, 138.8861499999999, 2, 0.5, 0]
INFO:root:-0.5718099
INFO:root:[0.12025000000000001, 0.24779999999999996, 138.8876499999999, 2, 0.5, 0]
INFO:root:-0.5533549
INFO:root:[0.12025000000000001, 0.24779999999999996, 138.8891499999999, 2, 0.5, 0]
INFO:root:-0.5389221
INFO:root:[0.12025000000000001, 0.24779999999999996, 138.89064999999988, 2, 0.5, 0]
INFO:root:-0.5542936
INFO:root:[0.12025000000000001, 0.24779999999999996, 138.88894999999988, 2, 0.5, 0]
INFO:root:Z optim ends at: [0.12025000000000001, 0.24779999999999996, 138.88894999999988, 2, 0.5, 0]
INFO:root:Change to Final_adjust
INFO:root:Scan update starts at: [0.12025000000000001, 0.24779999999999996, 138.88894999999988, 2, 0.5, 0]
INFO:root:Start Tcounts: [34917, 59235, -27194, 11365, 68098, -27822]
INFO:root:Start Xstep (loss then pos)
INFO:root:-0.4221985
INFO:root:34917
INFO:root:-0.44100645
INFO:root:34913
INFO:root:Change direction
INFO:root:-0.4906292
INFO:root:34923
INFO:root:Over
INFO:root:Start Ystep (loss then pos)
INFO:root:-0.4220429
INFO:root:59235
INFO:root:-0.39062759999999996
INFO:root:59239
INFO:root:-0.4057819
INFO:root:59243
INFO:root:Over
INFO:root:Scan update ends at: [0.1203, 0.24789999999999995, 138.88894999999988, 2, 0.5, 0]
INFO:root:X change: 1; Y change: 2
INFO:root:Z optim starts at (pos then loss): [0.1203, 0.24789999999999995, 138.88894999999988, 2, 0.5, 0]
INFO:root:-0.40298
INFO:root:[0.1203, 0.24789999999999995, 138.89044999999987, 2, 0.5, 0]
INFO:root:-0.4448147
INFO:root:[0.1203, 0.24789999999999995, 138.88954999999987, 2, 0.5, 0]
INFO:root:-0.377343
INFO:root:[0.1203, 0.24789999999999995, 138.89014999999986, 2, 0.5, 0]
INFO:root:-0.42468799999999995
INFO:root:[0.1203, 0.24789999999999995, 138.88934999999987, 2, 0.5, 0]
INFO:root:Z optim ends at: [0.1203, 0.24789999999999995, 138.88934999999987, 2, 0.5, 0]
INFO:root:Change to Final_adjust
INFO:root:Scan update starts at: [0.1203, 0.24789999999999995, 138.88934999999987, 2, 0.5, 0]
INFO:root:Start Tcounts: [34930, 59237, -27190, 11377, 68103, -27830]
INFO:root:Start Xstep (loss then pos)
INFO:root:-0.3768013
INFO:root:34930
INFO:root:-0.4339098
INFO:root:34934
INFO:root:Change direction
INFO:root:-0.4031091
INFO:root:34924
INFO:root:-0.48114144999999997
INFO:root:34920
INFO:root:Over
INFO:root:Start Ystep (loss then pos)
INFO:root:-0.3735555
INFO:root:59237
INFO:root:-0.3734263
INFO:root:59241
INFO:root:-0.4051711
INFO:root:59245
INFO:root:Over
INFO:root:Scan update ends at: [0.1201, 0.24799999999999994, 138.88934999999987, 2, 0.5, 0]
INFO:root:X change: -4; Y change: 2
INFO:root:Z optim starts at (pos then loss): [0.1201, 0.24799999999999994, 138.88934999999987, 2, 0.5, 0]
INFO:root:-0.3802052
INFO:root:[0.1201, 0.24799999999999994, 138.89084999999986, 2, 0.5, 0]
INFO:root:-0.3939508
INFO:root:[0.1201, 0.24799999999999994, 138.88994999999986, 2, 0.5, 0]
INFO:root:-0.37523134999999996
INFO:root:[0.1201, 0.24799999999999994, 138.89054999999985, 2, 0.5, 0]
INFO:root:-0.36935865
INFO:root:[0.1201, 0.24799999999999994, 138.89114999999984, 2, 0.5, 0]
INFO:root:-0.3858597
INFO:root:[0.1201, 0.24799999999999994, 138.89034999999984, 2, 0.5, 0]
INFO:root:Z optim ends at: [0.1201, 0.24799999999999994, 138.89034999999984, 2, 0.5, 0]
INFO:root:Change to Final_adjust
INFO:root:Scan update starts at: [0.1201, 0.24799999999999994, 138.89034999999984, 2, 0.5, 0]
INFO:root:Start Tcounts: [34956, 59240, -27172, 11402, 68123, -27855]
INFO:root:Start Xstep (loss then pos)
INFO:root:-0.3638291
INFO:root:34956
INFO:root:-0.4022925
INFO:root:34952
INFO:root:Change direction
INFO:root:-0.3785806
INFO:root:34962
INFO:root:-0.51724015
INFO:root:34966
INFO:root:Over
INFO:root:Start Ystep (loss then pos)
INFO:root:-0.34470069999999997
INFO:root:59240
INFO:root:-0.35410105000000003
INFO:root:59244
INFO:root:Change direction
INFO:root:-0.4592525
INFO:root:59234
INFO:root:Over
INFO:root:Scan update ends at: [0.1203, 0.24804999999999994, 138.89034999999984, 2, 0.5, 0]
INFO:root:X change: 4; Y change: 1
INFO:root:Z optim starts at (pos then loss): [0.1203, 0.24804999999999994, 138.89034999999984, 2, 0.5, 0]
INFO:root:-0.34637655
INFO:root:[0.1203, 0.24804999999999994, 138.89184999999983, 2, 0.5, 0]
INFO:root:-0.3525623
INFO:root:[0.1203, 0.24804999999999994, 138.89094999999983, 2, 0.5, 0]
INFO:root:-0.3197734
INFO:root:[0.1203, 0.24804999999999994, 138.89154999999982, 2, 0.5, 0]
INFO:root:-0.34357635
INFO:root:[0.1203, 0.24804999999999994, 138.89074999999983, 2, 0.5, 0]
INFO:root:Z optim ends at: [0.1203, 0.24804999999999994, 138.89074999999983, 2, 0.5, 0]
INFO:root:Change to Final_adjust
INFO:root:Scan update starts at: [0.1203, 0.24804999999999994, 138.89074999999983, 2, 0.5, 0]
INFO:root:Start Tcounts: [34972, 59241, -27171, 11413, 68126, -27865]
INFO:root:Start Xstep (loss then pos)
INFO:root:-0.3260377
INFO:root:34972
INFO:root:-0.3688956
INFO:root:34976
INFO:root:Change direction
INFO:root:-0.35403640000000003
INFO:root:34966
INFO:root:-0.46395790000000003
INFO:root:34962
INFO:root:Over
INFO:root:Start Ystep (loss then pos)
INFO:root:-0.32455885
INFO:root:59241
INFO:root:-0.3869437
INFO:root:59237
INFO:root:Change direction
INFO:root:-0.3776262
INFO:root:59247
INFO:root:-0.3869437
INFO:root:59251
INFO:root:Over
INFO:root:Scan update ends at: [0.1201, 0.24824999999999994, 138.89074999999983, 2, 0.5, 0]
INFO:root:X change: -4; Y change: 4
INFO:root:Z optim starts at (pos then loss): [0.1201, 0.24824999999999994, 138.89074999999983, 2, 0.5, 0]
INFO:root:-0.3278461
INFO:root:[0.1201, 0.24824999999999994, 138.89224999999982, 2, 0.5, 0]
INFO:root:-0.3016469
INFO:root:[0.1201, 0.24824999999999994, 138.8937499999998, 2, 0.5, 0]
INFO:root:-0.3462361
INFO:root:[0.1201, 0.24824999999999994, 138.8920499999998, 2, 0.5, 0]
INFO:root:Z optim ends at: [0.1201, 0.24824999999999994, 138.8920499999998, 2, 0.5, 0]
INFO:root:Change to Final_adjust
INFO:root:Scan update starts at: [0.1201, 0.24824999999999994, 138.8920499999998, 2, 0.5, 0]
INFO:root:Start Tcounts: [35008, 59246, -27149, 11447, 68151, -27896]
INFO:root:Start Xstep (loss then pos)
INFO:root:-0.30337075
INFO:root:35008
INFO:root:-0.31943315
INFO:root:35004
INFO:root:Change direction
INFO:root:-0.34946710000000003
INFO:root:35014
INFO:root:Over
INFO:root:Start Ystep (loss then pos)
INFO:root:-0.2973421
INFO:root:59246
INFO:root:-0.34500949999999997
INFO:root:59250
INFO:root:Change direction
INFO:root:-0.3326655
INFO:root:59240
INFO:root:-0.4219385
INFO:root:59236
INFO:root:Over
INFO:root:Scan update ends at: [0.12014999999999999, 0.24804999999999994, 138.8920499999998, 2, 0.5, 0]
INFO:root:X change: 1; Y change: -4
INFO:root:Z optim starts at (pos then loss): [0.12014999999999999, 0.24804999999999994, 138.8920499999998, 2, 0.5, 0]
INFO:root:-0.2960263
INFO:root:[0.12014999999999999, 0.24804999999999994, 138.8935499999998, 2, 0.5, 0]
INFO:root:-0.3868141
INFO:root:[0.12014999999999999, 0.24804999999999994, 138.8926499999998, 2, 0.5, 0]
INFO:root:-0.3157802
INFO:root:[0.12014999999999999, 0.24804999999999994, 138.8922899999998, 2, 0.5, 0]
INFO:root:-0.3012661
INFO:root:Z step is too small
INFO:root:Another Try
INFO:root:[0.12014999999999999, 0.24804999999999994, 138.88904999999983, 2, 0.5, 0]
INFO:root:Change to Final_adjust
INFO:root:Scan update starts at: [0.12014999999999999, 0.24804999999999994, 138.88904999999983, 2, 0.5, 0]
INFO:root:Start Tcounts: [34918, 59240, -27191, 11372, 68101, -27819]
INFO:root:Start Xstep (loss then pos)
INFO:root:-0.37684065
INFO:root:34918
INFO:root:-0.4741076
INFO:root:34922
INFO:root:Change direction
INFO:root:-0.40392589999999995
INFO:root:34912
INFO:root:-0.50352
INFO:root:34908
INFO:root:Over
INFO:root:Start Ystep (loss then pos)
INFO:root:-0.3819353
INFO:root:59240
INFO:root:-0.3901488
INFO:root:59236
INFO:root:Change direction
INFO:root:-0.4907997
INFO:root:59246
INFO:root:Over
INFO:root:Scan update ends at: [0.11994999999999999, 0.24809999999999993, 138.88904999999983, 2, 0.5, 0]
INFO:root:X change: -4; Y change: 1
INFO:root:Z optim starts at (pos then loss): [0.11994999999999999, 0.24809999999999993, 138.88904999999983, 2, 0.5, 0]
INFO:root:-0.378348
INFO:root:[0.11994999999999999, 0.24809999999999993, 138.89054999999982, 2, 0.5, 0]
INFO:root:-0.3433312
INFO:root:[0.11994999999999999, 0.24809999999999993, 138.8920499999998, 2, 0.5, 0]
INFO:root:-0.3354467
INFO:root:[0.11994999999999999, 0.24809999999999993, 138.8935499999998, 2, 0.5, 0]
INFO:root:-0.4159002
INFO:root:[0.11994999999999999, 0.24809999999999993, 138.8918499999998, 2, 0.5, 0]
INFO:root:Z optim ends at: [0.11994999999999999, 0.24809999999999993, 138.8918499999998, 2, 0.5, 0]
INFO:root:Change to Final_adjust
INFO:root:Scan update starts at: [0.11994999999999999, 0.24809999999999993, 138.8918499999998, 2, 0.5, 0]
INFO:root:Start Tcounts: [34999, 59243, -27149, 11440, 68151, -27894]
INFO:root:Start Xstep (loss then pos)
INFO:root:-0.3341191
INFO:root:34999
INFO:root:-0.3805146
INFO:root:34995
INFO:root:Change direction
INFO:root:-0.308188
INFO:root:35005
INFO:root:-0.3673018
INFO:root:35009
INFO:root:Over
INFO:root:Start Ystep (loss then pos)
INFO:root:-0.29182830000000004
INFO:root:59243
INFO:root:-0.3205119
INFO:root:59247
INFO:root:Change direction
INFO:root:-0.3675075
INFO:root:59237
INFO:root:Over
INFO:root:Scan update ends at: [0.12014999999999999, 0.24814999999999993, 138.8918499999998, 2, 0.5, 0]
INFO:root:X change: 4; Y change: 1
INFO:root:Z optim starts at (pos then loss): [0.12014999999999999, 0.24814999999999993, 138.8918499999998, 2, 0.5, 0]
INFO:root:-0.2917778
INFO:root:[0.12014999999999999, 0.24814999999999993, 138.8933499999998, 2, 0.5, 0]
INFO:root:-0.33162
INFO:root:[0.12014999999999999, 0.24814999999999993, 138.8924499999998, 2, 0.5, 0]
INFO:root:-0.2888203
INFO:root:[0.12014999999999999, 0.24814999999999993, 138.8930499999998, 2, 0.5, 0]
INFO:root:-0.3046375
INFO:root:[0.12014999999999999, 0.24814999999999993, 138.8922499999998, 2, 0.5, 0]
INFO:root:Z optim ends at: [0.12014999999999999, 0.24814999999999993, 138.8922499999998, 2, 0.5, 0]
INFO:root:Change to Final_adjust
INFO:root:Scan update starts at: [0.12014999999999999, 0.24814999999999993, 138.8922499999998, 2, 0.5, 0]
INFO:root:Start Tcounts: [35015, 59244, -27148, 11450, 68153, -27904]
INFO:root:Start Xstep (loss then pos)
INFO:root:-0.2819327
INFO:root:35015
INFO:root:-0.3096353
INFO:root:35019
INFO:root:Change direction
INFO:root:-0.3313138
INFO:root:35009
INFO:root:Over
INFO:root:Start Ystep (loss then pos)
INFO:root:-0.2833453
INFO:root:59244
INFO:root:-0.319061
INFO:root:59240
INFO:root:Change direction
INFO:root:-0.3420404
INFO:root:59250
INFO:root:Over
INFO:root:Scan update ends at: [0.12019999999999999, 0.24819999999999992, 138.8922499999998, 2, 0.5, 0]
INFO:root:X change: 1; Y change: 1
INFO:root:Z optim starts at (pos then loss): [0.12019999999999999, 0.24819999999999992, 138.8922499999998, 2, 0.5, 0]
INFO:root:-0.2812752
INFO:root:[0.12019999999999999, 0.24819999999999992, 138.89374999999978, 2, 0.5, 0]
INFO:root:-0.3325881
INFO:root:[0.12019999999999999, 0.24819999999999992, 138.89284999999978, 2, 0.5, 0]
INFO:root:-0.2969372
INFO:root:[0.12019999999999999, 0.24819999999999992, 138.89248999999978, 2, 0.5, 0]
INFO:root:-0.3102709
INFO:root:Z step is too small
INFO:root:Scan update starts at: [0.12019999999999999, 0.24819999999999992, 138.8922499999998, 2, 0.5, 0]
INFO:root:Start Tcounts: [35016, 59245, -27149, 11451, 68152, -27903]
INFO:root:Start Xstep (loss then pos)
INFO:root:-0.3085678
INFO:root:35016
INFO:root:-0.3055256
INFO:root:35012
INFO:root:-0.34969574999999997
INFO:root:35008
INFO:root:Over
INFO:root:Start Ystep (loss then pos)
INFO:root:-0.2961274
INFO:root:59245
INFO:root:-0.3443176
INFO:root:59249
INFO:root:Change direction
INFO:root:-0.3453411
INFO:root:59239
INFO:root:-0.4336744
INFO:root:59235
INFO:root:Over
INFO:root:Scan update ends at: [0.12009999999999998, 0.24799999999999991, 138.8922499999998, 2, 0.5, 0]
INFO:root:X change: -2; Y change: -4
INFO:root:Change to Final_adjust
INFO:root:Scan update starts at: False
