INFO:root:[0, 0.18, 137.2, 2, 0.5, 0]
INFO:root:Scan update starts at: [0, 0.18, 137.2, 2, 0.5, 0]
INFO:root:Start Tcounts: [-16511, 56699, -46651, -28527, 44258, 14639]
INFO:root:-44.576449999999994
INFO:root:Monitor start (loss then pos)
INFO:root:-44.576449999999994
INFO:root:-16511
INFO:root:-44.57635
INFO:root:-16511
INFO:root:-44.57727
INFO:root:-16510
INFO:root:-44.57808
INFO:root:-16509
INFO:root:-44.57889
INFO:root:-16528
INFO:root:-44.66959
INFO:root:-16539
INFO:root:-44.94264
INFO:root:-16552
INFO:root:-45.141755
INFO:root:-16566
INFO:root:-45.34087
INFO:root:-16583
INFO:root:-45.78215
INFO:root:-16603
INFO:root:-46.0332
INFO:root:-16624
INFO:root:-46.28425
INFO:root:-16648
INFO:root:-46.601755
INFO:root:-16676
INFO:root:-47.269045000000006
INFO:root:-16721
INFO:root:-47.947655
INFO:root:-16755
INFO:root:x scan done: decreasing
INFO:root:Monitor start (loss then pos)
INFO:root:-47.947655
INFO:root:-16721
INFO:root:-48.66691
INFO:root:-16721
INFO:root:-48.353425
INFO:root:-16714
INFO:root:-48.30226
INFO:root:-16706
INFO:root:-48.19855
INFO:root:-16697
INFO:root:-48.107609999999994
INFO:root:-16685
INFO:root:-48.01667
INFO:root:-16656
INFO:root:-47.51719
INFO:root:-16625
INFO:root:-46.482375000000005
INFO:root:-16564
INFO:root:-46.17578
INFO:root:-16520
INFO:root:-44.72873
INFO:root:-16425
INFO:root:-43.12324
INFO:root:-16332
INFO:root:-42.39436
INFO:root:-16299
INFO:root:-41.62679
INFO:root:-16235
INFO:root:-40.681905
INFO:root:-16118
INFO:root:-39.02454
INFO:root:-16045
INFO:root:-38.20149
INFO:root:-16010
INFO:root:-38.20149
INFO:root:-15972
INFO:root:-36.72696
INFO:root:-15918
INFO:root:-35.91493
INFO:root:-15861
INFO:root:-33.79507
INFO:root:-15713
INFO:root:-33.24379
INFO:root:-15653
INFO:root:-32.76462
INFO:root:-15621
INFO:root:-32.55687
INFO:root:-15588
INFO:root:-31.94886
INFO:root:-15530
INFO:root:-31.706695
INFO:root:-15498
INFO:root:-31.46453
INFO:root:-15462
INFO:root:-30.90408
INFO:root:-15403
INFO:root:-30.31896
INFO:root:-15328
INFO:root:-29.1655
INFO:root:-15226
INFO:root:-27.89991
INFO:root:-15146
INFO:root:-27.67632
INFO:root:-15115
INFO:root:-27.67632
INFO:root:-15055
INFO:root:-26.90867
INFO:root:-14997
INFO:root:-26.79076
INFO:root:-14964
INFO:root:-26.538735000000003
INFO:root:-14906
INFO:root:-26.46881
INFO:root:-14877
INFO:root:-26.35199
INFO:root:-14846
INFO:root:-26.35199
INFO:root:-14793
INFO:root:-26.252299999999998
INFO:root:-14737
INFO:root:-26.226950000000002
INFO:root:-14674
INFO:root:-26.30489
INFO:root:-14509
INFO:root:-26.492675
INFO:root:-14445
INFO:root:-26.54079
INFO:root:-14391
INFO:root:-26.78334
INFO:root:-14331
INFO:root:-26.872145
INFO:root:-14293
INFO:root:-27.072364999999998
INFO:root:-14260
INFO:root:-27.18378
INFO:root:-14227
INFO:root:-27.49511
INFO:root:-14149
INFO:root:x scan done: has max
INFO:root:-26.24941
INFO:root:Monitor start (loss then pos)
INFO:root:-26.24941
INFO:root:56699
INFO:root:-26.24784
INFO:root:56698
INFO:root:-26.253965
INFO:root:56674
INFO:root:-26.32394
INFO:root:56660
INFO:root:-26.47035
INFO:root:56619
INFO:root:-26.595095
INFO:root:56583
INFO:root:-26.66467
INFO:root:56560
INFO:root:-26.85481
INFO:root:56516
INFO:root:-27.13564
INFO:root:56490
INFO:root:y scan done: decreasing
INFO:root:Monitor start (loss then pos)
INFO:root:-27.13564
INFO:root:56516
INFO:root:-27.48254
INFO:root:56518
INFO:root:-27.45584
INFO:root:56529
INFO:root:-27.3881
INFO:root:56546
INFO:root:-27.20591
INFO:root:56566
INFO:root:-27.13299
INFO:root:56582
INFO:root:-26.96428
INFO:root:56611
INFO:root:-26.786
INFO:root:56633
INFO:root:-26.70172
INFO:root:56655
INFO:root:-26.61744
INFO:root:56679
INFO:root:-26.43675
INFO:root:56707
INFO:root:-26.340195
INFO:root:56738
INFO:root:-26.24364
INFO:root:56792
INFO:root:-26.00372
INFO:root:56823
INFO:root:-25.25151
INFO:root:56924
INFO:root:-24.78651
INFO:root:56959
INFO:root:-24.5507
INFO:root:57012
INFO:root:-24.066265
INFO:root:57044
INFO:root:-23.81764
INFO:root:57099
INFO:root:-23.115785000000002
INFO:root:57129
INFO:root:-22.89554
INFO:root:57160
INFO:root:-22.706
INFO:root:57194
INFO:root:-22.51646
INFO:root:57250
INFO:root:-22.094005000000003
INFO:root:57280
INFO:root:-21.98618
INFO:root:57311
INFO:root:-21.88863
INFO:root:57370
INFO:root:-21.90849
INFO:root:57403
INFO:root:-22.085155
INFO:root:57510
INFO:root:-22.54387
INFO:root:57577
INFO:root:-23.020375
INFO:root:57635
INFO:root:y scan done: has max
INFO:root:Scan update ends at: [0.0887, 0.2106, 137.2, 2, 0.5, 0]
INFO:root:X change: 1774; Y change: 612
INFO:root:Z optim starts at (pos then loss): [0.0887, 0.2106, 137.2, 2, 0.5, 0]
INFO:root:-21.87706
INFO:root:[0.0887, 0.2106, 137.2876, 2, 0.5, 0]
INFO:root:-21.29873
INFO:root:[0.0887, 0.2106, 137.3752, 2, 0.5, 0]
INFO:root:-21.03115
INFO:root:[0.0887, 0.2106, 137.46280000000002, 2, 0.5, 0]
INFO:root:-21.45369
INFO:root:[0.0887, 0.2106, 137.375, 2, 0.5, 0]
INFO:root:Z optim ends at: [0.0887, 0.2106, 137.375, 2, 0.5, 0]
INFO:root:Scan update starts at: [0.0887, 0.2106, 137.375, 2, 0.5, 0]
INFO:root:Start Tcounts: [-9838, 57433, -46234, -24051, 45105, 10881]
INFO:root:-20.94857
INFO:root:Monitor start (loss then pos)
INFO:root:-20.94857
INFO:root:-9838
INFO:root:-21.00099
INFO:root:-9836
INFO:root:-21.01589
INFO:root:-9825
INFO:root:-21.00824
INFO:root:-9817
INFO:root:-20.99189
INFO:root:-9774
INFO:root:-20.98271
INFO:root:-9751
INFO:root:-21.02966
INFO:root:-9713
INFO:root:-21.16276
INFO:root:-9671
INFO:root:-21.41138
INFO:root:-9640
INFO:root:-21.79757
INFO:root:-9586
INFO:root:x scan done: decreasing
INFO:root:Monitor start (loss then pos)
INFO:root:-21.79757
INFO:root:-9640
INFO:root:-22.039749999999998
INFO:root:-9643
INFO:root:-21.805120000000002
INFO:root:-9681
INFO:root:-21.51225
INFO:root:-9712
INFO:root:-21.32006
INFO:root:-9736
INFO:root:-21.1402
INFO:root:-9763
INFO:root:-21.00009
INFO:root:-9808
INFO:root:-20.976215
INFO:root:-9834
INFO:root:-20.95234
INFO:root:-9861
INFO:root:-21.04402
INFO:root:-9892
INFO:root:-21.17523
INFO:root:-9947
INFO:root:-21.51303
INFO:root:-9983
INFO:root:-21.95988
INFO:root:-10017
INFO:root:x scan done: has max
INFO:root:-21.02476
INFO:root:Monitor start (loss then pos)
INFO:root:-21.02476
INFO:root:57433
INFO:root:-21.016405
INFO:root:57433
INFO:root:-21.01257
INFO:root:57434
INFO:root:-20.95716
INFO:root:57454
INFO:root:-20.79326
INFO:root:57506
INFO:root:-20.49936
INFO:root:57565
INFO:root:-20.43704
INFO:root:57588
INFO:root:-20.43886
INFO:root:57614
INFO:root:-20.479725000000002
INFO:root:57643
INFO:root:-20.51877
INFO:root:57671
INFO:root:-20.82118
INFO:root:57785
INFO:root:-21.03868
INFO:root:57822
INFO:root:-21.18468
INFO:root:57852
INFO:root:y scan done: has max
INFO:root:Scan update ends at: [0.0889, 0.2172, 137.375, 2, 0.5, 0]
INFO:root:X change: 4; Y change: 132
INFO:root:Z optim starts at (pos then loss): [0.0889, 0.2172, 137.375, 2, 0.5, 0]
INFO:root:-20.43511
INFO:root:[0.0889, 0.2172, 137.426, 2, 0.5, 0]
INFO:root:-20.273935
INFO:root:[0.0889, 0.2172, 137.47699999999998, 2, 0.5, 0]
INFO:root:-20.173965
INFO:root:[0.0889, 0.2172, 137.52799999999996, 2, 0.5, 0]
INFO:root:-20.10173
INFO:root:[0.0889, 0.2172, 137.57899999999995, 2, 0.5, 0]
INFO:root:-19.991655
INFO:root:[0.0889, 0.2172, 137.62999999999994, 2, 0.5, 0]
INFO:root:-20.0027
INFO:root:[0.0889, 0.2172, 137.68099999999993, 2, 0.5, 0]
INFO:root:-20.500655000000002
INFO:root:[0.0889, 0.2172, 137.62979999999993, 2, 0.5, 0]
INFO:root:Z optim ends at: [0.0889, 0.2172, 137.62979999999993, 2, 0.5, 0]
INFO:root:Scan update starts at: [0.0889, 0.2172, 137.62979999999993, 2, 0.5, 0]
INFO:root:Start Tcounts: [-2630, 57743, -43018, -18241, 48956, 4583]
INFO:root:-19.914175
INFO:root:Monitor start (loss then pos)
INFO:root:-19.914175
INFO:root:-2630
INFO:root:-19.90956
INFO:root:-2630
INFO:root:-19.9447
INFO:root:-2630
INFO:root:-19.949635
INFO:root:-2630
INFO:root:-19.95457
INFO:root:-2644
INFO:root:-20.076675
INFO:root:-2663
INFO:root:-20.15162
INFO:root:-2681
INFO:root:-20.3737
INFO:root:-2708
INFO:root:x scan done: decreasing
INFO:root:Monitor start (loss then pos)
INFO:root:-20.3737
INFO:root:-2681
INFO:root:-20.44968
INFO:root:-2678
INFO:root:-20.29643
INFO:root:-2649
INFO:root:-20.227955
INFO:root:-2634
INFO:root:-20.074605
INFO:root:-2618
INFO:root:-19.98973
INFO:root:-2601
INFO:root:-19.903005
INFO:root:-2581
INFO:root:-19.81628
INFO:root:-2559
INFO:root:-19.66349
INFO:root:-2534
INFO:root:-19.57413
INFO:root:-2508
INFO:root:-19.57413
INFO:root:-2482
INFO:root:-19.60056
INFO:root:-2455
INFO:root:-19.71094
INFO:root:-2427
INFO:root:-19.82132
INFO:root:-2371
INFO:root:-20.2862
INFO:root:-2339
INFO:root:x scan done: has max
INFO:root:-19.54193
INFO:root:Monitor start (loss then pos)
INFO:root:-19.54193
INFO:root:57743
INFO:root:-19.522225
INFO:root:57754
INFO:root:-19.50345
INFO:root:57770
INFO:root:-19.38262
INFO:root:57783
INFO:root:-19.10013
INFO:root:57798
INFO:root:-18.95976
INFO:root:57815
INFO:root:-18.81939
INFO:root:57834
INFO:root:-18.58315
INFO:root:57855
INFO:root:-18.49323
INFO:root:57882
INFO:root:-18.40331
INFO:root:57907
INFO:root:-18.28161
INFO:root:57935
INFO:root:-18.230105000000002
INFO:root:57964
INFO:root:-17.93171
INFO:root:58077
INFO:root:-17.93956
INFO:root:58137
INFO:root:-18.11683
INFO:root:58168
INFO:root:-18.11683
INFO:root:58220
INFO:root:-18.660065
INFO:root:58279
INFO:root:-19.205934999999997
INFO:root:58313
INFO:root:y scan done: has max
INFO:root:Scan update ends at: [0.0937, 0.22825, 137.62979999999993, 2, 0.5, 0]
INFO:root:X change: 96; Y change: 221
INFO:root:Z optim starts at (pos then loss): [0.0937, 0.22825, 137.62979999999993, 2, 0.5, 0]
INFO:root:-18.05566
INFO:root:[0.0937, 0.22825, 137.67504999999994, 2, 0.5, 0]
INFO:root:-17.54978
INFO:root:[0.0937, 0.22825, 137.72029999999995, 2, 0.5, 0]
INFO:root:-17.09459
INFO:root:[0.0937, 0.22825, 137.76554999999996, 2, 0.5, 0]
INFO:root:-17.13438
INFO:root:[0.0937, 0.22825, 137.81079999999997, 2, 0.5, 0]
INFO:root:-17.75845
INFO:root:[0.0937, 0.22825, 137.76534999999996, 2, 0.5, 0]
INFO:root:Z optim ends at: [0.0937, 0.22825, 137.76534999999996, 2, 0.5, 0]
INFO:root:Scan update starts at: [0.0937, 0.22825, 137.76534999999996, 2, 0.5, 0]
INFO:root:Start Tcounts: [1334, 58059, -41387, -14975, 50931, 1350]
INFO:root:-17.1477
INFO:root:Monitor start (loss then pos)
INFO:root:-17.1477
INFO:root:1334
INFO:root:-17.11296
INFO:root:1357
INFO:root:-17.06497
INFO:root:1368
INFO:root:-17.03988
INFO:root:1381
INFO:root:-17.01479
INFO:root:1409
INFO:root:-16.99013
INFO:root:1467
INFO:root:-17.01281
INFO:root:1498
INFO:root:-17.13277
INFO:root:1543
INFO:root:-17.63315
INFO:root:1600
INFO:root:-18.77326
INFO:root:1658
INFO:root:x scan done: decreasing
INFO:root:Monitor start (loss then pos)
INFO:root:-18.77326
INFO:root:1600
INFO:root:-18.902214999999998
INFO:root:1598
INFO:root:-18.707825
INFO:root:1590
INFO:root:-18.61112
INFO:root:1582
INFO:root:-18.16679
INFO:root:1522
INFO:root:-17.78654
INFO:root:1499
INFO:root:-17.5007
INFO:root:1476
INFO:root:-17.5007
INFO:root:1453
INFO:root:-17.5007
INFO:root:1425
INFO:root:-17.09911
INFO:root:1396
INFO:root:-17.05348
INFO:root:1366
INFO:root:-17.00785
INFO:root:1331
INFO:root:-17.04676
INFO:root:1276
INFO:root:-17.608575000000002
INFO:root:1222
INFO:root:-17.91208
INFO:root:1166
INFO:root:x scan done: has max
INFO:root:-17.00484
INFO:root:Monitor start (loss then pos)
INFO:root:-17.00484
INFO:root:58059
INFO:root:-16.99035
INFO:root:58059
INFO:root:-16.96511
INFO:root:58070
INFO:root:-16.88684
INFO:root:58082
INFO:root:-16.815775000000002
INFO:root:58102
INFO:root:-16.56338
INFO:root:58119
INFO:root:-16.457034999999998
INFO:root:58137
INFO:root:-16.35069
INFO:root:58172
INFO:root:-16.018825
INFO:root:58216
INFO:root:-15.830145
INFO:root:58287
INFO:root:-15.68104
INFO:root:58411
INFO:root:-16.75657
INFO:root:58472
INFO:root:-17.71454
INFO:root:58504
INFO:root:y scan done: has max
INFO:root:Scan update ends at: [0.09530000000000001, 0.23965, 137.76534999999996, 2, 0.5, 0]
INFO:root:X change: 32; Y change: 228
INFO:root:Z optim starts at (pos then loss): [0.09530000000000001, 0.23965, 137.76534999999996, 2, 0.5, 0]
INFO:root:-15.62997
INFO:root:[0.09530000000000001, 0.23965, 137.80434999999994, 2, 0.5, 0]
INFO:root:-14.92259
INFO:root:[0.09530000000000001, 0.23965, 137.84334999999993, 2, 0.5, 0]
INFO:root:-14.37435
INFO:root:[0.09530000000000001, 0.23965, 137.88234999999992, 2, 0.5, 0]
INFO:root:-13.93823
INFO:root:[0.09530000000000001, 0.23965, 137.9213499999999, 2, 0.5, 0]
INFO:root:-14.16749
INFO:root:[0.09530000000000001, 0.23965, 137.8821499999999, 2, 0.5, 0]
INFO:root:Z optim ends at: [0.09530000000000001, 0.23965, 137.8821499999999, 2, 0.5, 0]
INFO:root:Scan update starts at: [0.09530000000000001, 0.23965, 137.8821499999999, 2, 0.5, 0]
INFO:root:Start Tcounts: [4719, 58369, -39922, -12108, 52693, -1416]
INFO:root:-13.78118
INFO:root:Monitor start (loss then pos)
INFO:root:-13.78118
INFO:root:4719
INFO:root:-13.8355
INFO:root:4702
INFO:root:-13.93275
INFO:root:4692
INFO:root:-14.021475
INFO:root:4656
INFO:root:-14.43992
INFO:root:4638
INFO:root:x scan done: decreasing
INFO:root:Monitor start (loss then pos)
INFO:root:-14.43992
INFO:root:4656
INFO:root:-15.44891
INFO:root:4658
INFO:root:-15.09762
INFO:root:4673
INFO:root:-14.77777
INFO:root:4685
INFO:root:-14.609435000000001
INFO:root:4697
INFO:root:-14.4411
INFO:root:4713
INFO:root:-13.948895
INFO:root:4773
INFO:root:-13.55925
INFO:root:4795
INFO:root:-13.492945
INFO:root:4848
INFO:root:-13.43996
INFO:root:4905
INFO:root:-13.64827
INFO:root:4956
INFO:root:-14.72628
INFO:root:5018
INFO:root:-14.72628
INFO:root:5081
INFO:root:-16.38866
INFO:root:5117
INFO:root:x scan done: has max
INFO:root:-13.612095
INFO:root:Monitor start (loss then pos)
INFO:root:-13.612095
INFO:root:58369
INFO:root:-13.60714
INFO:root:58370
INFO:root:-13.603275
INFO:root:58376
INFO:root:-13.59941
INFO:root:58391
INFO:root:-13.55375
INFO:root:58402
INFO:root:-13.42408
INFO:root:58415
INFO:root:-13.37369
INFO:root:58431
INFO:root:-13.3233
INFO:root:58450
INFO:root:-13.26045
INFO:root:58468
INFO:root:-13.26915
INFO:root:58504
INFO:root:-13.44002
INFO:root:58551
INFO:root:-13.83687
INFO:root:58578
INFO:root:y scan done: has max
INFO:root:Scan update ends at: [0.10175000000000001, 0.2437, 137.8821499999999, 2, 0.5, 0]
INFO:root:X change: 129; Y change: 81
INFO:root:Z optim starts at (pos then loss): [0.10175000000000001, 0.2437, 137.8821499999999, 2, 0.5, 0]
INFO:root:-13.25545
INFO:root:[0.10175000000000001, 0.2437, 137.91539999999992, 2, 0.5, 0]
INFO:root:-12.27059
INFO:root:[0.10175000000000001, 0.2437, 137.94864999999993, 2, 0.5, 0]
INFO:root:-11.36207
INFO:root:[0.10175000000000001, 0.2437, 137.98189999999994, 2, 0.5, 0]
INFO:root:-10.6407
INFO:root:[0.10175000000000001, 0.2437, 138.01514999999995, 2, 0.5, 0]
INFO:root:-9.932514
INFO:root:[0.10175000000000001, 0.2437, 138.04839999999996, 2, 0.5, 0]
INFO:root:-10.638295
INFO:root:[0.10175000000000001, 0.2437, 138.01494999999994, 2, 0.5, 0]
INFO:root:Z optim ends at: [0.10175000000000001, 0.2437, 138.01494999999994, 2, 0.5, 0]
INFO:root:Scan update starts at: [0.10175000000000001, 0.2437, 138.01494999999994, 2, 0.5, 0]
INFO:root:Start Tcounts: [8683, 58542, -38340, -9011, 54617, -4762]
INFO:root:-9.981214999999999
INFO:root:Monitor start (loss then pos)
INFO:root:-9.981214999999999
INFO:root:8683
INFO:root:-10.06015
INFO:root:8682
INFO:root:-10.10305
INFO:root:8686
INFO:root:-10.101005
INFO:root:8692
INFO:root:-10.09896
INFO:root:8708
INFO:root:-10.083195
INFO:root:8719
INFO:root:-10.08376
INFO:root:8733
INFO:root:-10.161349999999999
INFO:root:8761
INFO:root:-10.58829
INFO:root:8778
INFO:root:x scan done: decreasing
INFO:root:Monitor start (loss then pos)
INFO:root:-10.58829
INFO:root:8761
INFO:root:-10.965959999999999
INFO:root:8741
INFO:root:-10.73652
INFO:root:8730
INFO:root:-10.50619
INFO:root:8706
INFO:root:-10.230685000000001
INFO:root:8679
INFO:root:-10.16796
INFO:root:8659
INFO:root:-10.22567
INFO:root:8637
INFO:root:-10.408760000000001
INFO:root:8611
INFO:root:-10.59185
INFO:root:8587
INFO:root:x scan done: has max
INFO:root:-10.1516
INFO:root:Monitor start (loss then pos)
INFO:root:-10.1516
INFO:root:58542
INFO:root:-10.09141
INFO:root:58545
INFO:root:-9.810446
INFO:root:58578
INFO:root:-9.562986500000001
INFO:root:58594
INFO:root:-9.315527
INFO:root:58609
INFO:root:-8.940082
INFO:root:58628
INFO:root:-8.850426
INFO:root:58648
INFO:root:-8.76077
INFO:root:58670
INFO:root:-8.886185
INFO:root:58697
INFO:root:-9.176072999999999
INFO:root:58724
INFO:root:y scan done: has max
INFO:root:Scan update ends at: [0.10155, 0.249, 138.01494999999994, 2, 0.5, 0]
INFO:root:X change: -4; Y change: 106
INFO:root:Z optim starts at (pos then loss): [0.10155, 0.249, 138.01494999999994, 2, 0.5, 0]
INFO:root:-8.884773
INFO:root:[0.10155, 0.249, 138.03719999999996, 2, 0.5, 0]
INFO:root:-7.97768
INFO:root:[0.10155, 0.249, 138.05944999999997, 2, 0.5, 0]
INFO:root:-7.395952
INFO:root:[0.10155, 0.249, 138.08169999999998, 2, 0.5, 0]
INFO:root:-6.700051
INFO:root:[0.10155, 0.249, 138.10395, 2, 0.5, 0]
INFO:root:-6.641281
INFO:root:[0.10155, 0.249, 138.1262, 2, 0.5, 0]
INFO:root:-9.0221
INFO:root:[0.10155, 0.249, 138.10375, 2, 0.5, 0]
INFO:root:Z optim ends at: [0.10155, 0.249, 138.10375, 2, 0.5, 0]
INFO:root:Scan update starts at: [0.10155, 0.249, 138.10375, 2, 0.5, 0]
INFO:root:Start Tcounts: [11256, 58710, -37187, -6878, 56001, -6960]
INFO:root:-6.604226000000001
INFO:root:Monitor start (loss then pos)
INFO:root:-6.604226000000001
INFO:root:11256
INFO:root:-6.510529
INFO:root:11256
INFO:root:-6.489797
INFO:root:11256
INFO:root:-6.500804
INFO:root:11232
INFO:root:-6.7658819999999995
INFO:root:11214
INFO:root:-7.03096
INFO:root:11198
INFO:root:x scan done: has max
INFO:root:-6.785298
INFO:root:Monitor start (loss then pos)
INFO:root:-6.785298
INFO:root:58710
INFO:root:-6.536894
INFO:root:58710
INFO:root:-6.4783085
INFO:root:58727
INFO:root:-6.464512
INFO:root:58740
INFO:root:-6.002788
INFO:root:58753
INFO:root:-5.8170075
INFO:root:58785
INFO:root:-6.2390015000000005
INFO:root:58864
INFO:root:-12.12464
INFO:root:58934
INFO:root:y scan done: has max
INFO:root:Scan update ends at: [0.1016, 0.25115, 138.10375, 2, 0.5, 0]
INFO:root:X change: 1; Y change: 43
INFO:root:Z optim starts at (pos then loss): [0.1016, 0.25115, 138.10375, 2, 0.5, 0]
INFO:root:-5.607942
INFO:root:[0.1016, 0.25115, 138.11775, 2, 0.5, 0]
INFO:root:-5.8558015
INFO:root:[0.1016, 0.25115, 138.10934999999998, 2, 0.5, 0]
INFO:root:-5.621448
INFO:root:[0.1016, 0.25115, 138.11494999999996, 2, 0.5, 0]
INFO:root:-5.74386
INFO:root:[0.1016, 0.25115, 138.10914999999997, 2, 0.5, 0]
INFO:root:Z optim ends at: [0.1016, 0.25115, 138.10914999999997, 2, 0.5, 0]
INFO:root:Scan update starts at: [0.1016, 0.25115, 138.10914999999997, 2, 0.5, 0]
INFO:root:Start Tcounts: [11415, 58757, -37118, -6712, 56084, -7057]
INFO:root:-6.197968
INFO:root:Monitor start (loss then pos)
INFO:root:-6.197968
INFO:root:11415
INFO:root:-5.597442
INFO:root:11415
INFO:root:-5.5639135
INFO:root:11415
INFO:root:-5.5487625000000005
INFO:root:11387
INFO:root:-6.157038
INFO:root:11368
INFO:root:-6.746936
INFO:root:11353
INFO:root:x scan done: has max
INFO:root:-6.120243
INFO:root:Monitor start (loss then pos)
INFO:root:-6.120243
INFO:root:58757
INFO:root:-5.539856
INFO:root:58756
INFO:root:-5.498218
INFO:root:58759
INFO:root:-5.492609
INFO:root:58776
INFO:root:-5.498714
INFO:root:58791
INFO:root:-5.6746745
INFO:root:58806
INFO:root:-5.850635
INFO:root:58823
INFO:root:y scan done: has max
INFO:root:Scan update ends at: [0.10164999999999999, 0.25125, 138.10914999999997, 2, 0.5, 0]
INFO:root:X change: 1; Y change: 2
INFO:root:Z optim starts at (pos then loss): [0.10164999999999999, 0.25125, 138.10914999999997, 2, 0.5, 0]
INFO:root:-5.471637
INFO:root:[0.10164999999999999, 0.25125, 138.12289999999996, 2, 0.5, 0]
INFO:root:-6.0687014999999995
INFO:root:[0.10164999999999999, 0.25125, 138.11464999999998, 2, 0.5, 0]
INFO:root:-5.5382
INFO:root:[0.10164999999999999, 0.25125, 138.12015, 2, 0.5, 0]
INFO:root:-5.864689
INFO:root:[0.10164999999999999, 0.25125, 138.11444999999998, 2, 0.5, 0]
INFO:root:Z optim ends at: [0.10164999999999999, 0.25125, 138.11444999999998, 2, 0.5, 0]
INFO:root:Scan update starts at: [0.10164999999999999, 0.25125, 138.11444999999998, 2, 0.5, 0]
INFO:root:Start Tcounts: [11570, 58763, -37050, -6589, 56166, -7193]
INFO:root:-6.311954
INFO:root:Monitor start (loss then pos)
INFO:root:-6.311954
INFO:root:11570
INFO:root:-5.647048
INFO:root:11570
INFO:root:-5.600461
INFO:root:11570
INFO:root:-5.553874
INFO:root:11570
INFO:root:-5.527575
INFO:root:11567
INFO:root:-5.542004
INFO:root:11535
INFO:root:-6.516318
INFO:root:11510
INFO:root:-12.02602
INFO:root:11462
INFO:root:x scan done: has max
INFO:root:-6.42034
INFO:root:Monitor start (loss then pos)
INFO:root:-6.42034
INFO:root:58763
INFO:root:-5.5690550000000005
INFO:root:58762
INFO:root:-5.484508
INFO:root:58777
INFO:root:-5.433849
INFO:root:58792
INFO:root:-5.5802105
INFO:root:58806
INFO:root:-5.726572
INFO:root:58835
INFO:root:y scan done: has max
INFO:root:Scan update ends at: [0.10169999999999998, 0.25194999999999995, 138.11444999999998, 2, 0.5, 0]
INFO:root:X change: 1; Y change: 14
INFO:root:Z optim starts at (pos then loss): [0.10169999999999998, 0.25194999999999995, 138.11444999999998, 2, 0.5, 0]
INFO:root:-5.611461
INFO:root:[0.10169999999999998, 0.25194999999999995, 138.12845, 2, 0.5, 0]
INFO:root:-6.073523
INFO:root:[0.10169999999999998, 0.25194999999999995, 138.12004999999996, 2, 0.5, 0]
INFO:root:-5.657248
INFO:root:[0.10169999999999998, 0.25194999999999995, 138.12564999999995, 2, 0.5, 0]
INFO:root:-5.905373
INFO:root:[0.10169999999999998, 0.25194999999999995, 138.11984999999996, 2, 0.5, 0]
INFO:root:Z optim ends at: [0.10169999999999998, 0.25194999999999995, 138.11984999999996, 2, 0.5, 0]
INFO:root:Scan update starts at: [0.10169999999999998, 0.25194999999999995, 138.11984999999996, 2, 0.5, 0]
INFO:root:Start Tcounts: [11728, 58781, -36981, -6451, 56249, -7320]
INFO:root:-6.273989
INFO:root:Monitor start (loss then pos)
INFO:root:-6.273989
INFO:root:11728
INFO:root:-5.9963405000000005
INFO:root:11728
INFO:root:-5.626582000000001
INFO:root:11728
INFO:root:-5.6890695000000004
INFO:root:11689
INFO:root:-12.14927
INFO:root:11644
INFO:root:-12.14927
INFO:root:11617
INFO:root:-17.8837
INFO:root:11595
INFO:root:x scan done: has max
INFO:root:-6.214032
INFO:root:Monitor start (loss then pos)
INFO:root:-6.214032
INFO:root:58781
INFO:root:-5.5811775
INFO:root:58781
INFO:root:-5.5237490000000005
INFO:root:58783
INFO:root:-5.522177
INFO:root:58809
INFO:root:-5.571838
INFO:root:58825
INFO:root:-6.303509
INFO:root:58840
INFO:root:-7.662529
INFO:root:58858
INFO:root:y scan done: has max
INFO:root:Scan update ends at: [0.10174999999999998, 0.25204999999999994, 138.11984999999996, 2, 0.5, 0]
INFO:root:X change: 1; Y change: 2
INFO:root:Z optim starts at (pos then loss): [0.10174999999999998, 0.25204999999999994, 138.11984999999996, 2, 0.5, 0]
INFO:root:-5.534633
INFO:root:[0.10174999999999998, 0.25204999999999994, 138.13359999999994, 2, 0.5, 0]
INFO:root:-6.34059
INFO:root:[0.10174999999999998, 0.25204999999999994, 138.12534999999997, 2, 0.5, 0]
INFO:root:-5.6463365
INFO:root:[0.10174999999999998, 0.25204999999999994, 138.12204999999994, 2, 0.5, 0]
INFO:root:-5.173938
INFO:root:[0.10174999999999998, 0.25204999999999994, 138.12424999999993, 2, 0.5, 0]
INFO:root:-5.837626
INFO:root:[0.10174999999999998, 0.25204999999999994, 138.12184999999994, 2, 0.5, 0]
INFO:root:Z optim ends at: [0.10174999999999998, 0.25204999999999994, 138.12184999999994, 2, 0.5, 0]
INFO:root:Scan update starts at: [0.10174999999999998, 0.25204999999999994, 138.12184999999994, 2, 0.5, 0]
INFO:root:Start Tcounts: [11787, 58784, -36956, -6403, 56279, -7370]
INFO:root:-5.3565830000000005
INFO:root:Monitor start (loss then pos)
INFO:root:-5.3565830000000005
INFO:root:11787
INFO:root:-5.486142
INFO:root:11785
INFO:root:-5.677266
INFO:root:11769
INFO:root:x scan done: decreasing
INFO:root:Monitor start (loss then pos)
INFO:root:-5.677266
INFO:root:11785
INFO:root:-6.342677
INFO:root:11789
INFO:root:-6.046495
INFO:root:11795
INFO:root:-5.750313
INFO:root:11804
INFO:root:-4.871224
INFO:root:11823
INFO:root:-3.948343
INFO:root:11837
INFO:root:-3.554791
INFO:root:11896
INFO:root:-3.942311
INFO:root:11931
INFO:root:-6.20546
INFO:root:11979
INFO:root:x scan done: has max
INFO:root:-3.192706
INFO:root:Monitor start (loss then pos)
INFO:root:-3.192706
INFO:root:58784
INFO:root:-3.212073
INFO:root:58784
INFO:root:-3.220857
INFO:root:58784
INFO:root:-3.234026
INFO:root:58794
INFO:root:-3.247195
INFO:root:58809
INFO:root:-3.566053
INFO:root:58833
INFO:root:y scan done: decreasing
INFO:root:Monitor start (loss then pos)
INFO:root:-3.566053
INFO:root:58809
INFO:root:-3.8971574999999996
INFO:root:58804
INFO:root:-3.65265
INFO:root:58749
INFO:root:-3.7194615
INFO:root:58710
INFO:root:-5.0303515
INFO:root:58688
INFO:root:y scan done: has max
INFO:root:Scan update ends at: [0.10424999999999998, 0.24724999999999994, 138.12184999999994, 2, 0.5, 0]
INFO:root:X change: 50; Y change: -96
INFO:root:Z optim starts at (pos then loss): [0.10424999999999998, 0.24724999999999994, 138.12184999999994, 2, 0.5, 0]
INFO:root:-7.3809545
INFO:root:[0.10424999999999998, 0.24724999999999994, 138.14034999999993, 2, 0.5, 0]
INFO:root:-15.38962
INFO:root:[0.10424999999999998, 0.24724999999999994, 138.12924999999993, 2, 0.5, 0]
INFO:root:-10.00045
INFO:root:[0.10424999999999998, 0.24724999999999994, 138.12480999999994, 2, 0.5, 0]
INFO:root:-10.4031925
INFO:root:[0.10424999999999998, 0.24724999999999994, 138.12303399999993, 2, 0.5, 0]
INFO:root:-9.150062
INFO:root:[0.10424999999999998, 0.24724999999999994, 138.12232359999993, 2, 0.5, 0]
INFO:root:-8.8783545
INFO:root:Z step is too small
INFO:root:Another Try
INFO:root:[0.10424999999999998, 0.24724999999999994, 137.85484999999994, 2, 0.5, 0]
INFO:root:Scan update starts at: [0.10424999999999998, 0.24724999999999994, 137.85484999999994, 2, 0.5, 0]
INFO:root:Start Tcounts: [4112, 58501, -40452, -12574, 52094, -563]
INFO:root:-15.06665
INFO:root:Monitor start (loss then pos)
INFO:root:-15.06665
INFO:root:4112
INFO:root:-15.04502
INFO:root:4112
INFO:root:-15.05299
INFO:root:4116
INFO:root:-15.06096
INFO:root:4122
INFO:root:-15.07418
INFO:root:4129
INFO:root:-15.108865
INFO:root:4139
INFO:root:-15.65381
INFO:root:4186
INFO:root:-15.893975
INFO:root:4210
INFO:root:x scan done: decreasing
INFO:root:Monitor start (loss then pos)
INFO:root:-15.893975
INFO:root:4186
INFO:root:-16.39053
INFO:root:4185
INFO:root:-16.29096
INFO:root:4180
INFO:root:-16.14341
INFO:root:4172
INFO:root:-16.059615
INFO:root:4164
INFO:root:-15.97582
INFO:root:4153
INFO:root:-15.74728
INFO:root:4139
INFO:root:-15.604945
INFO:root:4123
INFO:root:-15.46261
INFO:root:4106
INFO:root:-15.16097
INFO:root:4085
INFO:root:-15.018
INFO:root:4063
INFO:root:-14.52933
INFO:root:3982
INFO:root:-14.52933
INFO:root:3951
INFO:root:-14.54506
INFO:root:3921
INFO:root:-14.658655
INFO:root:3887
INFO:root:-14.77225
INFO:root:3852
INFO:root:-15.37441
INFO:root:3798
INFO:root:x scan done: has max
INFO:root:-14.64015
INFO:root:Monitor start (loss then pos)
INFO:root:-14.64015
INFO:root:58501
INFO:root:-14.6461
INFO:root:58500
INFO:root:-14.64479
INFO:root:58500
INFO:root:-14.64348
INFO:root:58497
INFO:root:-14.60412
INFO:root:58458
INFO:root:-14.33375
INFO:root:58444
INFO:root:-14.245085
INFO:root:58429
INFO:root:-14.15642
INFO:root:58412
INFO:root:-14.03566
INFO:root:58393
INFO:root:-14.01557
INFO:root:58372
INFO:root:-13.99548
INFO:root:58349
INFO:root:-14.04317
INFO:root:58324
INFO:root:-14.09086
INFO:root:58298
INFO:root:-14.37413
INFO:root:58270
INFO:root:-14.614484999999998
INFO:root:58241
INFO:root:y scan done: has max
INFO:root:Scan update ends at: [0.10179999999999999, 0.24079999999999993, 137.85484999999994, 2, 0.5, 0]
INFO:root:X change: -49; Y change: -129
INFO:root:Z optim starts at (pos then loss): [0.10179999999999999, 0.24079999999999993, 137.85484999999994, 2, 0.5, 0]
INFO:root:-14.03758
INFO:root:[0.10179999999999999, 0.24079999999999993, 137.88984999999994, 2, 0.5, 0]
INFO:root:-13.24325
INFO:root:[0.10179999999999999, 0.24079999999999993, 137.92484999999994, 2, 0.5, 0]
INFO:root:-12.52036
INFO:root:[0.10179999999999999, 0.24079999999999993, 137.95984999999993, 2, 0.5, 0]
INFO:root:-12.074695
INFO:root:[0.10179999999999999, 0.24079999999999993, 137.99484999999993, 2, 0.5, 0]
INFO:root:-12.29109
INFO:root:[0.10179999999999999, 0.24079999999999993, 137.95964999999993, 2, 0.5, 0]
INFO:root:Z optim ends at: [0.10179999999999999, 0.24079999999999993, 137.95964999999993, 2, 0.5, 0]
INFO:root:Scan update starts at: [0.10179999999999999, 0.24079999999999993, 137.95964999999993, 2, 0.5, 0]
INFO:root:Start Tcounts: [7084, 58446, -39055, -10327, 53759, -3390]
INFO:root:-12.223385
INFO:root:Monitor start (loss then pos)
INFO:root:-12.223385
INFO:root:7084
INFO:root:-12.2492
INFO:root:7084
INFO:root:-12.26301
INFO:root:7084
INFO:root:-12.26301
INFO:root:7084
INFO:root:-12.26235
INFO:root:7086
INFO:root:-12.2521
INFO:root:7030
INFO:root:-12.30897
INFO:root:7015
INFO:root:-12.393235
INFO:root:6997
INFO:root:-12.4775
INFO:root:6979
INFO:root:-12.677695
INFO:root:6957
INFO:root:x scan done: decreasing
INFO:root:Monitor start (loss then pos)
INFO:root:-12.677695
INFO:root:6979
INFO:root:-13.246134999999999
INFO:root:6979
INFO:root:-13.14668
INFO:root:6982
INFO:root:-13.01172
INFO:root:6988
INFO:root:-12.8992
INFO:root:6996
INFO:root:-12.78668
INFO:root:7004
INFO:root:-12.682365
INFO:root:7016
INFO:root:-12.57805
INFO:root:7028
INFO:root:-12.37561
INFO:root:7043
INFO:root:-12.26511
INFO:root:7106
INFO:root:-12.20497
INFO:root:7129
INFO:root:-12.25533
INFO:root:7153
INFO:root:-12.43882
INFO:root:7179
INFO:root:-12.62231
INFO:root:7207
INFO:root:x scan done: has max
INFO:root:-12.41387
INFO:root:Monitor start (loss then pos)
INFO:root:-12.41387
INFO:root:58446
INFO:root:-12.40021
INFO:root:58446
INFO:root:-12.39753
INFO:root:58445
INFO:root:-12.39485
INFO:root:58445
INFO:root:-12.4394
INFO:root:58442
INFO:root:-12.549485
INFO:root:58426
INFO:root:-12.65957
INFO:root:58412
INFO:root:-13.93258
INFO:root:58356
INFO:root:y scan done: decreasing
INFO:root:Monitor start (loss then pos)
INFO:root:-13.93258
INFO:root:58412
INFO:root:-13.554065
INFO:root:58413
INFO:root:-13.46666
INFO:root:58416
INFO:root:-13.406065
INFO:root:58422
INFO:root:-13.34547
INFO:root:58429
INFO:root:-13.07401
INFO:root:58438
INFO:root:-12.877395
INFO:root:58449
INFO:root:-12.68078
INFO:root:58462
INFO:root:-12.43566
INFO:root:58477
INFO:root:-12.19054
INFO:root:58493
INFO:root:-11.6762
INFO:root:58511
INFO:root:-11.44999
INFO:root:58532
INFO:root:-11.22378
INFO:root:58554
INFO:root:-10.96866
INFO:root:58647
INFO:root:-11.41653
INFO:root:58677
INFO:root:-11.920525
INFO:root:58712
INFO:root:y scan done: has max
INFO:root:Scan update ends at: [0.10289999999999999, 0.24619999999999992, 137.95964999999993, 2, 0.5, 0]
INFO:root:X change: 22; Y change: 108
INFO:root:Z optim starts at (pos then loss): [0.10289999999999999, 0.24619999999999992, 137.95964999999993, 2, 0.5, 0]
INFO:root:-10.913555
INFO:root:[0.10289999999999999, 0.24619999999999992, 137.98689999999993, 2, 0.5, 0]
INFO:root:-9.913713
INFO:root:[0.10289999999999999, 0.24619999999999992, 138.01414999999994, 2, 0.5, 0]
INFO:root:-8.9625
INFO:root:[0.10289999999999999, 0.24619999999999992, 138.04139999999995, 2, 0.5, 0]
INFO:root:-8.3343335
INFO:root:[0.10289999999999999, 0.24619999999999992, 138.06864999999996, 2, 0.5, 0]
INFO:root:-7.772678
INFO:root:[0.10289999999999999, 0.24619999999999992, 138.09589999999997, 2, 0.5, 0]
INFO:root:-9.05046
INFO:root:[0.10289999999999999, 0.24619999999999992, 138.06844999999996, 2, 0.5, 0]
INFO:root:Z optim ends at: [0.10289999999999999, 0.24619999999999992, 138.06844999999996, 2, 0.5, 0]
INFO:root:Scan update starts at: [0.10289999999999999, 0.24619999999999992, 138.06844999999996, 2, 0.5, 0]
INFO:root:Start Tcounts: [10257, 58630, -37671, -7741, 55425, -6099]
INFO:root:-7.921827
INFO:root:Monitor start (loss then pos)
INFO:root:-7.921827
INFO:root:10257
INFO:root:-8.0456655
INFO:root:10257
INFO:root:-8.074852
INFO:root:10258
INFO:root:-8.074852
INFO:root:10267
INFO:root:-8.072633
INFO:root:10274
INFO:root:-8.070414
INFO:root:10283
INFO:root:-8.081353499999999
INFO:root:10295
INFO:root:-8.092293
INFO:root:10308
INFO:root:-8.494856
INFO:root:10322
INFO:root:x scan done: decreasing
INFO:root:Monitor start (loss then pos)
INFO:root:-8.494856
INFO:root:10308
INFO:root:-8.952417
INFO:root:10299
INFO:root:-8.832745500000001
INFO:root:10291
INFO:root:-8.713074
INFO:root:10282
INFO:root:-8.557593
INFO:root:10272
INFO:root:-8.402112
INFO:root:10259
INFO:root:-8.173196
INFO:root:10240
INFO:root:-8.161125
INFO:root:10222
INFO:root:-8.161125
INFO:root:10203
INFO:root:-8.573667
INFO:root:10183
INFO:root:-8.573667
INFO:root:10153
INFO:root:-9.7819985
INFO:root:10127
INFO:root:x scan done: has max
INFO:root:-8.292335
INFO:root:Monitor start (loss then pos)
INFO:root:-8.292335
INFO:root:58630
INFO:root:-8.1506095
INFO:root:58630
INFO:root:-8.150326
INFO:root:58630
INFO:root:-8.1458665
INFO:root:58632
INFO:root:-8.141407
INFO:root:58642
INFO:root:-7.956164
INFO:root:58652
INFO:root:-7.956164
INFO:root:58663
INFO:root:-7.956164
INFO:root:58675
INFO:root:-6.867238
INFO:root:58690
INFO:root:-6.6557975
INFO:root:58706
INFO:root:-6.444357
INFO:root:58723
INFO:root:-6.4118154999999994
INFO:root:58743
INFO:root:-6.379274
INFO:root:58764
INFO:root:-6.865609
INFO:root:58788
INFO:root:-7.529980500000001
INFO:root:58818
INFO:root:y scan done: has max
INFO:root:Scan update ends at: [0.10204999999999999, 0.2518499999999999, 138.06844999999996, 2, 0.5, 0]
INFO:root:X change: -17; Y change: 113
INFO:root:Z optim starts at (pos then loss): [0.10204999999999999, 0.2518499999999999, 138.06844999999996, 2, 0.5, 0]
INFO:root:-6.815247
INFO:root:[0.10204999999999999, 0.2518499999999999, 138.08544999999995, 2, 0.5, 0]
INFO:root:-5.896117
INFO:root:[0.10204999999999999, 0.2518499999999999, 138.10244999999995, 2, 0.5, 0]
INFO:root:-5.482336
INFO:root:[0.10204999999999999, 0.2518499999999999, 138.11944999999994, 2, 0.5, 0]
INFO:root:-4.924229
INFO:root:[0.10204999999999999, 0.2518499999999999, 138.13644999999994, 2, 0.5, 0]
INFO:root:-5.935303
INFO:root:[0.10204999999999999, 0.2518499999999999, 138.11924999999994, 2, 0.5, 0]
INFO:root:Z optim ends at: [0.10204999999999999, 0.2518499999999999, 138.11924999999994, 2, 0.5, 0]
INFO:root:Scan update starts at: [0.10204999999999999, 0.2518499999999999, 138.11924999999994, 2, 0.5, 0]
INFO:root:Start Tcounts: [11717, 58778, -36996, -6467, 56232, -7306]
INFO:root:-4.559766
INFO:root:Monitor start (loss then pos)
INFO:root:-4.559766
INFO:root:11717
INFO:root:-4.617144
INFO:root:11715
INFO:root:-4.674522
INFO:root:11714
INFO:root:-5.068037
INFO:root:11685
INFO:root:x scan done: decreasing
INFO:root:Monitor start (loss then pos)
INFO:root:-5.068037
INFO:root:11714
INFO:root:-5.730921
INFO:root:11714
INFO:root:-5.05207
INFO:root:11717
INFO:root:-4.66652
INFO:root:11725
INFO:root:-4.4271315
INFO:root:11732
INFO:root:-4.187743
INFO:root:11742
INFO:root:-3.9244440000000003
INFO:root:11753
INFO:root:-3.661145
INFO:root:11767
INFO:root:-3.296998
INFO:root:11782
INFO:root:-3.3495925
INFO:root:11798
INFO:root:-3.402187
INFO:root:11816
INFO:root:x scan done: has max
INFO:root:-3.256189
INFO:root:Monitor start (loss then pos)
INFO:root:-3.256189
INFO:root:58778
INFO:root:-3.249839
INFO:root:58778
INFO:root:-3.2493545
INFO:root:58779
INFO:root:-3.24887
INFO:root:58784
INFO:root:-3.262706
INFO:root:58794
INFO:root:-3.332224
INFO:root:58805
INFO:root:-3.401742
INFO:root:58816
INFO:root:y scan done: decreasing
INFO:root:Monitor start (loss then pos)
INFO:root:-3.401742
INFO:root:58805
INFO:root:-4.023723
INFO:root:58805
INFO:root:-3.8736420000000003
INFO:root:58801
INFO:root:-3.723561
INFO:root:58795
INFO:root:-3.522681
INFO:root:58788
INFO:root:-3.522681
INFO:root:58778
INFO:root:-3.479567
INFO:root:58732
INFO:root:-3.681745
INFO:root:58714
INFO:root:-4.892788
INFO:root:58692
INFO:root:y scan done: has max
INFO:root:Scan update ends at: [0.10454999999999999, 0.2475499999999999, 138.11924999999994, 2, 0.5, 0]
INFO:root:X change: 50; Y change: -86
INFO:root:Z optim starts at (pos then loss): [0.10454999999999999, 0.2475499999999999, 138.11924999999994, 2, 0.5, 0]
INFO:root:-6.0935855
INFO:root:[0.10454999999999999, 0.2475499999999999, 138.13449999999995, 2, 0.5, 0]
INFO:root:-10.73155
INFO:root:[0.10454999999999999, 0.2475499999999999, 138.12534999999994, 2, 0.5, 0]
INFO:root:-8.488126
INFO:root:[0.10454999999999999, 0.2475499999999999, 138.12168999999994, 2, 0.5, 0]
INFO:root:-8.584
INFO:root:[0.10454999999999999, 0.2475499999999999, 138.12022599999995, 2, 0.5, 0]
INFO:root:-7.958078
INFO:root:[0.10454999999999999, 0.2475499999999999, 138.11964039999992, 2, 0.5, 0]
INFO:root:-7.7203365
INFO:root:Z step is too small
INFO:root:Scan update starts at: [0.10454999999999999, 0.2475499999999999, 138.11924999999994, 2, 0.5, 0]
INFO:root:Start Tcounts: [11767, 58692, -37046, -6553, 56182, -7392]
INFO:root:-7.6983405000000005
INFO:root:Monitor start (loss then pos)
INFO:root:-7.6983405000000005
INFO:root:11767
INFO:root:-7.6778755
INFO:root:11777
INFO:root:-7.671646
INFO:root:11777
INFO:root:-7.68799
INFO:root:11776
INFO:root:-7.68799
INFO:root:11788
INFO:root:-7.722734
INFO:root:11804
INFO:root:-7.9297059999999995
INFO:root:11816
INFO:root:-8.136678
INFO:root:11829
INFO:root:x scan done: decreasing
INFO:root:Monitor start (loss then pos)
INFO:root:-8.136678
INFO:root:11816
INFO:root:-9.856074
INFO:root:11814
INFO:root:-9.654654
INFO:root:11812
INFO:root:-9.4012045
INFO:root:11804
INFO:root:-8.718852
INFO:root:11753
INFO:root:-7.635259
INFO:root:11737
INFO:root:-7.8579035
INFO:root:11719
INFO:root:-8.080548
INFO:root:11699
INFO:root:x scan done: has max
INFO:root:-7.88273
INFO:root:Monitor start (loss then pos)
INFO:root:-7.88273
INFO:root:58692
INFO:root:-7.742684
INFO:root:58692
INFO:root:-7.769156
INFO:root:58691
INFO:root:-7.795628
INFO:root:58691
INFO:root:-8.032092
INFO:root:58680
INFO:root:-8.268556
INFO:root:58667
INFO:root:y scan done: has max
INFO:root:Scan update ends at: [0.10384999999999998, 0.2475999999999999, 138.11924999999994, 2, 0.5, 0]
INFO:root:X change: -14; Y change: 1
