INFO:root:[0, 0.15, 137.2, 2, 0.5, 0]
INFO:root:Scan update starts at: [0, 0.15, 137.2, 2, 0.5, 0]
INFO:root:Start Tcounts: [-16511, 56099, -46651, -29127, 44258, 14039]
INFO:root:-34.08142
INFO:root:Monitor start (loss then pos)
INFO:root:-34.08142
INFO:root:-16511
INFO:root:-34.08142
INFO:root:-16513
INFO:root:-34.08142
INFO:root:-16513
INFO:root:-34.08045
INFO:root:-16512
INFO:root:-34.081265
INFO:root:-16526
INFO:root:-34.08208
INFO:root:-16537
INFO:root:-34.14471
INFO:root:-16550
INFO:root:-34.20837
INFO:root:-16564
INFO:root:-34.27203
INFO:root:-16578
INFO:root:-34.336034999999995
INFO:root:-16595
INFO:root:-34.40004
INFO:root:-16614
INFO:root:-34.80962
INFO:root:-16709
INFO:root:-35.048185000000004
INFO:root:-16741
INFO:root:-35.18145
INFO:root:-16771
INFO:root:-35.335274999999996
INFO:root:-16802
INFO:root:-35.4891
INFO:root:-16833
INFO:root:x scan done: decreasing
INFO:root:Monitor start (loss then pos)
INFO:root:-35.4891
INFO:root:-16802
INFO:root:-35.78857
INFO:root:-16803
INFO:root:-35.771995000000004
INFO:root:-16799
INFO:root:-35.75542
INFO:root:-16794
INFO:root:-35.72655
INFO:root:-16787
INFO:root:-35.702560000000005
INFO:root:-16778
INFO:root:-35.67857
INFO:root:-16768
INFO:root:-35.6014
INFO:root:-16755
INFO:root:-35.6014
INFO:root:-16740
INFO:root:-35.22959
INFO:root:-16678
INFO:root:-35.13005
INFO:root:-16655
INFO:root:-35.022634999999994
INFO:root:-16629
INFO:root:-34.91522
INFO:root:-16599
INFO:root:-34.69303
INFO:root:-16568
INFO:root:-34.580545
INFO:root:-16526
INFO:root:-34.338835
INFO:root:-16494
INFO:root:-34.20961
INFO:root:-16461
INFO:root:-33.89696
INFO:root:-16428
INFO:root:-33.73184
INFO:root:-16384
INFO:root:-33.56672
INFO:root:-16353
INFO:root:-33.20694
INFO:root:-16324
INFO:root:-33.021215
INFO:root:-16288
INFO:root:-32.664155
INFO:root:-16216
INFO:root:-31.83537
INFO:root:-16109
INFO:root:-31.52418
INFO:root:-16078
INFO:root:-31.38163
INFO:root:-16047
INFO:root:-31.23908
INFO:root:-16018
INFO:root:-31.107385
INFO:root:-15989
INFO:root:-30.97569
INFO:root:-15959
INFO:root:-30.73934
INFO:root:-15927
INFO:root:-30.62268
INFO:root:-15897
INFO:root:-30.50602
INFO:root:-15868
INFO:root:-30.4056
INFO:root:-15838
INFO:root:-30.30518
INFO:root:-15807
INFO:root:-30.14209
INFO:root:-15769
INFO:root:-30.075045
INFO:root:-15739
INFO:root:-30.008
INFO:root:-15709
INFO:root:-29.91052
INFO:root:-15680
INFO:root:-29.866275
INFO:root:-15649
INFO:root:-29.82203
INFO:root:-15619
INFO:root:-29.65801
INFO:root:-15511
INFO:root:-29.58902
INFO:root:-15480
INFO:root:-29.556885
INFO:root:-15448
INFO:root:-29.52475
INFO:root:-15418
INFO:root:-29.49881
INFO:root:-15388
INFO:root:-29.47287
INFO:root:-15357
INFO:root:-29.43081
INFO:root:-15327
INFO:root:-29.406335
INFO:root:-15297
INFO:root:-29.38186
INFO:root:-15265
INFO:root:-29.32667
INFO:root:-15235
INFO:root:-29.32667
INFO:root:-15205
INFO:root:-29.2733
INFO:root:-15174
INFO:root:-29.242089999999997
INFO:root:-15145
INFO:root:-29.21088
INFO:root:-15115
INFO:root:-29.10532
INFO:root:-15083
INFO:root:-29.04244
INFO:root:-15052
INFO:root:-28.97956
INFO:root:-15022
INFO:root:-28.7034
INFO:root:-14910
INFO:root:-28.55262
INFO:root:-14879
INFO:root:-28.479660000000003
INFO:root:-14846
INFO:root:-28.4067
INFO:root:-14809
INFO:root:-28.26411
INFO:root:-14780
INFO:root:-28.19435
INFO:root:-14750
INFO:root:-28.12459
INFO:root:-14720
INFO:root:-28.06331
INFO:root:-14689
INFO:root:-28.00203
INFO:root:-14658
INFO:root:-27.90274
INFO:root:-14627
INFO:root:-27.871045000000002
INFO:root:-14593
INFO:root:-27.83935
INFO:root:-14563
INFO:root:-27.80206
INFO:root:-14533
INFO:root:-27.79535
INFO:root:-14503
INFO:root:-27.78864
INFO:root:-14473
INFO:root:-27.798740000000002
INFO:root:-14442
INFO:root:-27.878995
INFO:root:-14327
INFO:root:-27.999715000000002
INFO:root:-14295
INFO:root:-28.05028
INFO:root:-14265
INFO:root:-28.1626
INFO:root:-14234
INFO:root:-28.23386
INFO:root:-14204
INFO:root:-28.30512
INFO:root:-14167
INFO:root:-28.45776
INFO:root:-14136
INFO:root:-28.541815
INFO:root:-14098
INFO:root:-28.62587
INFO:root:-14068
INFO:root:-28.79508
INFO:root:-14035
INFO:root:x scan done: has max
INFO:root:-27.806385
INFO:root:Monitor start (loss then pos)
INFO:root:-27.806385
INFO:root:56099
INFO:root:-27.802565
INFO:root:56099
INFO:root:-27.80234
INFO:root:56098
INFO:root:-27.800435
INFO:root:56091
INFO:root:-27.79853
INFO:root:56072
INFO:root:-27.75572
INFO:root:56057
INFO:root:-27.75572
INFO:root:56043
INFO:root:-27.7076
INFO:root:56027
INFO:root:-27.687235
INFO:root:56010
INFO:root:-27.66687
INFO:root:55988
INFO:root:-27.63364
INFO:root:55967
INFO:root:-27.616655
INFO:root:55944
INFO:root:-27.59967
INFO:root:55919
INFO:root:-27.58711
INFO:root:55892
INFO:root:-27.57455
INFO:root:55864
INFO:root:-27.55675
INFO:root:55834
INFO:root:-27.551805
INFO:root:55805
INFO:root:-27.54686
INFO:root:55775
INFO:root:-27.546349999999997
INFO:root:55744
INFO:root:-27.55995
INFO:root:55639
INFO:root:-27.59641
INFO:root:55608
INFO:root:-27.61876
INFO:root:55574
INFO:root:-27.69117
INFO:root:55544
INFO:root:-27.69117
INFO:root:55513
INFO:root:-27.80359
INFO:root:55484
INFO:root:-27.8819
INFO:root:55454
INFO:root:-27.96021
INFO:root:55424
INFO:root:-28.14397
INFO:root:55393
INFO:root:-28.14397
INFO:root:55363
INFO:root:-28.32229
INFO:root:55333
INFO:root:-28.42063
INFO:root:55303
INFO:root:-28.51897
INFO:root:55273
INFO:root:-28.71864
INFO:root:55243
INFO:root:y scan done: decreasing
INFO:root:Monitor start (loss then pos)
INFO:root:-28.71864
INFO:root:55273
INFO:root:-28.79474
INFO:root:55284
INFO:root:-28.76844
INFO:root:55293
INFO:root:-28.746705
INFO:root:55303
INFO:root:-28.72497
INFO:root:55315
INFO:root:-28.69289
INFO:root:55329
INFO:root:-28.66081
INFO:root:55344
INFO:root:-28.57692
INFO:root:55362
INFO:root:-28.523045
INFO:root:55381
INFO:root:-28.46917
INFO:root:55402
INFO:root:-28.40679
INFO:root:55425
INFO:root:-28.34441
INFO:root:55450
INFO:root:-28.21127
INFO:root:55477
INFO:root:-28.135855
INFO:root:55505
INFO:root:-28.06044
INFO:root:55535
INFO:root:-27.90091
INFO:root:55565
INFO:root:-27.90091
INFO:root:55597
INFO:root:-27.7607
INFO:root:55627
INFO:root:-27.59878
INFO:root:55738
INFO:root:-27.56518
INFO:root:55778
INFO:root:-27.5561
INFO:root:55808
INFO:root:-27.54702
INFO:root:55839
INFO:root:-27.55011
INFO:root:55869
INFO:root:-27.55269
INFO:root:55900
INFO:root:-27.55527
INFO:root:55930
INFO:root:-27.5634
INFO:root:55960
INFO:root:-27.57153
INFO:root:55990
INFO:root:-27.59883
INFO:root:56019
INFO:root:-27.624155000000002
INFO:root:56053
INFO:root:-27.64948
INFO:root:56083
INFO:root:-27.68851
INFO:root:56113
INFO:root:-27.72754
INFO:root:56145
INFO:root:-27.84739
INFO:root:56175
INFO:root:-27.910965
INFO:root:56204
INFO:root:-28.12513
INFO:root:56312
INFO:root:-28.346629999999998
INFO:root:56354
INFO:root:-28.41754
INFO:root:56384
INFO:root:-28.55621
INFO:root:56415
INFO:root:-28.55621
INFO:root:56446
INFO:root:-28.6963
INFO:root:56477
INFO:root:-28.762205
INFO:root:56506
INFO:root:y scan done: has max
INFO:root:Scan update ends at: [0.1004, 0.13545, 137.2, 2, 0.5, 0]
INFO:root:X change: 2008; Y change: -291
INFO:root:Z optim starts at (pos then loss): [0.1004, 0.13545, 137.2, 2, 0.5, 0]
INFO:root:-27.548735
INFO:root:[0.1004, 0.13545, 137.31, 2, 0.5, 0]
INFO:root:-27.10776
INFO:root:[0.1004, 0.13545, 137.42000000000002, 2, 0.5, 0]
INFO:root:-26.7792
INFO:root:[0.1004, 0.13545, 137.53000000000003, 2, 0.5, 0]
INFO:root:-26.53537
INFO:root:[0.1004, 0.13545, 137.64000000000004, 2, 0.5, 0]
INFO:root:-26.42467
INFO:root:[0.1004, 0.13545, 137.75000000000006, 2, 0.5, 0]
INFO:root:-26.595914999999998
INFO:root:[0.1004, 0.13545, 137.86000000000007, 2, 0.5, 0]
INFO:root:-26.87479
INFO:root:[0.1004, 0.13545, 137.74980000000005, 2, 0.5, 0]
INFO:root:Z optim ends at: [0.1004, 0.13545, 137.74980000000005, 2, 0.5, 0]
INFO:root:Scan update starts at: [0.1004, 0.13545, 137.74980000000005, 2, 0.5, 0]
INFO:root:Start Tcounts: [1023, 56192, -41720, -17181, 50558, -108]
INFO:root:-26.63869
INFO:root:Monitor start (loss then pos)
INFO:root:-26.63869
INFO:root:1023
INFO:root:-26.648139999999998
INFO:root:1023
INFO:root:-26.65759
INFO:root:1025
INFO:root:-26.66452
INFO:root:1031
INFO:root:-26.668844999999997
INFO:root:1051
INFO:root:-26.68616
INFO:root:1062
INFO:root:-26.692555
INFO:root:1075
INFO:root:-26.69895
INFO:root:1090
INFO:root:-26.70928
INFO:root:1107
INFO:root:-26.71961
INFO:root:1126
INFO:root:-26.76247
INFO:root:1145
INFO:root:-26.79658
INFO:root:1168
INFO:root:-26.83069
INFO:root:1200
INFO:root:-26.92692
INFO:root:1227
INFO:root:-26.993355
INFO:root:1254
INFO:root:-27.05979
INFO:root:1284
INFO:root:-27.14041
INFO:root:1314
INFO:root:-27.22103
INFO:root:1345
INFO:root:-27.40886
INFO:root:1374
INFO:root:x scan done: decreasing
INFO:root:Monitor start (loss then pos)
INFO:root:-27.40886
INFO:root:1345
INFO:root:-27.51968
INFO:root:1333
INFO:root:-27.49511
INFO:root:1325
INFO:root:-27.473354999999998
INFO:root:1315
INFO:root:-27.4516
INFO:root:1304
INFO:root:-27.420775
INFO:root:1291
INFO:root:-27.38995
INFO:root:1276
INFO:root:-27.30181
INFO:root:1260
INFO:root:-27.253355
INFO:root:1241
INFO:root:-27.2049
INFO:root:1221
INFO:root:-27.153374999999997
INFO:root:1198
INFO:root:-27.10185
INFO:root:1175
INFO:root:-26.99633
INFO:root:1150
INFO:root:-26.94524
INFO:root:1119
INFO:root:-26.89415
INFO:root:1086
INFO:root:-26.79412
INFO:root:1056
INFO:root:-26.75553
INFO:root:1025
INFO:root:-26.71694
INFO:root:995
INFO:root:-26.68248
INFO:root:887
INFO:root:-26.71969
INFO:root:849
INFO:root:-26.75045
INFO:root:818
INFO:root:-26.78121
INFO:root:787
INFO:root:-26.88706
INFO:root:757
INFO:root:-26.88706
INFO:root:726
INFO:root:-27.01443
INFO:root:695
INFO:root:-27.07768
INFO:root:665
INFO:root:-27.14093
INFO:root:632
INFO:root:-27.27539
INFO:root:602
INFO:root:-27.344205000000002
INFO:root:572
INFO:root:-27.41302
INFO:root:541
INFO:root:-27.55316
INFO:root:507
INFO:root:-27.55316
INFO:root:476
INFO:root:-27.68904
INFO:root:447
INFO:root:-27.75059
INFO:root:417
INFO:root:x scan done: has max
INFO:root:-26.650570000000002
INFO:root:Monitor start (loss then pos)
INFO:root:-26.650570000000002
INFO:root:56192
INFO:root:-26.65063
INFO:root:56191
INFO:root:-26.65031
INFO:root:56191
INFO:root:-26.647095
INFO:root:56191
INFO:root:-26.64388
INFO:root:56192
INFO:root:-26.621945
INFO:root:56211
INFO:root:-26.60001
INFO:root:56225
INFO:root:-26.50035
INFO:root:56239
INFO:root:-26.439975
INFO:root:56254
INFO:root:-26.3796
INFO:root:56270
INFO:root:-26.2413
INFO:root:56288
INFO:root:-26.2413
INFO:root:56309
INFO:root:-26.08557
INFO:root:56336
INFO:root:-25.9159
INFO:root:56361
INFO:root:-25.747284999999998
INFO:root:56456
INFO:root:-25.50049
INFO:root:56488
INFO:root:-25.42231
INFO:root:56518
INFO:root:-25.35737
INFO:root:56549
INFO:root:-25.29243
INFO:root:56581
INFO:root:-25.19629
INFO:root:56611
INFO:root:-25.178165
INFO:root:56641
INFO:root:-25.16004
INFO:root:56673
INFO:root:-25.18089
INFO:root:56704
INFO:root:-25.18089
INFO:root:56735
INFO:root:-25.26299
INFO:root:56765
INFO:root:-25.327015
INFO:root:56794
INFO:root:-25.39104
INFO:root:56824
INFO:root:-25.561
INFO:root:56855
INFO:root:-25.561
INFO:root:56885
INFO:root:-25.72515
INFO:root:56916
INFO:root:-25.80558
INFO:root:56947
INFO:root:-25.962139999999998
INFO:root:57018
INFO:root:-26.114130000000003
INFO:root:57051
INFO:root:-26.18999
INFO:root:57082
INFO:root:y scan done: has max
INFO:root:Scan update ends at: [0.099, 0.15789999999999998, 137.74980000000005, 2, 0.5, 0]
INFO:root:X change: -28; Y change: 449
INFO:root:Z optim starts at (pos then loss): [0.099, 0.15789999999999998, 137.74980000000005, 2, 0.5, 0]
INFO:root:-25.18031
INFO:root:[0.099, 0.15789999999999998, 137.81280000000004, 2, 0.5, 0]
INFO:root:-24.99011
INFO:root:[0.099, 0.15789999999999998, 137.87580000000003, 2, 0.5, 0]
INFO:root:-24.901035
INFO:root:[0.099, 0.15789999999999998, 137.93880000000001, 2, 0.5, 0]
INFO:root:-24.69765
INFO:root:[0.099, 0.15789999999999998, 138.0018, 2, 0.5, 0]
INFO:root:-24.60888
INFO:root:[0.099, 0.15789999999999998, 138.0648, 2, 0.5, 0]
INFO:root:-24.63791
INFO:root:[0.099, 0.15789999999999998, 138.12779999999998, 2, 0.5, 0]
INFO:root:-24.85905
INFO:root:[0.099, 0.15789999999999998, 138.19079999999997, 2, 0.5, 0]
INFO:root:-25.0248
INFO:root:[0.099, 0.15789999999999998, 138.12759999999997, 2, 0.5, 0]
INFO:root:Z optim ends at: [0.099, 0.15789999999999998, 138.12759999999997, 2, 0.5, 0]
INFO:root:Scan update starts at: [0.099, 0.15789999999999998, 138.12759999999997, 2, 0.5, 0]
INFO:root:Start Tcounts: [11900, 56905, -36826, -8155, 56424, -9402]
INFO:root:-24.84455
INFO:root:Monitor start (loss then pos)
INFO:root:-24.84455
INFO:root:11900
INFO:root:-24.85292
INFO:root:11900
INFO:root:-24.85292
INFO:root:11900
INFO:root:-24.862455
INFO:root:11890
INFO:root:-24.887705
INFO:root:11871
INFO:root:-24.90617
INFO:root:11855
INFO:root:-25.01492
INFO:root:11841
INFO:root:-25.071559999999998
INFO:root:11825
INFO:root:-25.1282
INFO:root:11808
INFO:root:-25.19172
INFO:root:11788
INFO:root:-25.25524
INFO:root:11765
INFO:root:-25.39554
INFO:root:11738
INFO:root:-25.476775
INFO:root:11712
INFO:root:-25.55801
INFO:root:11686
INFO:root:x scan done: decreasing
INFO:root:Monitor start (loss then pos)
INFO:root:-25.55801
INFO:root:11712
INFO:root:-25.75115
INFO:root:11712
INFO:root:-25.73648
INFO:root:11715
INFO:root:-25.72181
INFO:root:11721
INFO:root:-25.64577
INFO:root:11753
INFO:root:-25.59664
INFO:root:11766
INFO:root:-25.51531
INFO:root:11783
INFO:root:-25.51531
INFO:root:11800
INFO:root:-25.4104
INFO:root:11819
INFO:root:-25.345475
INFO:root:11840
INFO:root:-25.28055
INFO:root:11862
INFO:root:-25.12004
INFO:root:11887
INFO:root:-25.12004
INFO:root:11913
INFO:root:-24.93385
INFO:root:11941
INFO:root:-24.8295
INFO:root:11970
INFO:root:-24.72515
INFO:root:12000
INFO:root:-24.5329
INFO:root:12031
INFO:root:-24.464115
INFO:root:12062
INFO:root:-24.39533
INFO:root:12092
INFO:root:-24.367615
INFO:root:12122
INFO:root:-24.3399
INFO:root:12151
INFO:root:-24.47715
INFO:root:12261
INFO:root:-24.80492
INFO:root:12291
INFO:root:-24.950025
INFO:root:12325
INFO:root:-25.09513
INFO:root:12354
INFO:root:-25.41537
INFO:root:12384
INFO:root:x scan done: has max
INFO:root:-24.4001
INFO:root:Monitor start (loss then pos)
INFO:root:-24.4001
INFO:root:56905
INFO:root:-24.38984
INFO:root:56905
INFO:root:-24.38812
INFO:root:56906
INFO:root:-24.3848
INFO:root:56906
INFO:root:-24.38148
INFO:root:56917
INFO:root:-24.32466
INFO:root:56929
INFO:root:-24.258285
INFO:root:56940
INFO:root:-23.947705
INFO:root:56996
INFO:root:-23.74832
INFO:root:57022
INFO:root:-23.64119
INFO:root:57043
INFO:root:-23.41435
INFO:root:57066
INFO:root:-23.41435
INFO:root:57092
INFO:root:-23.19635
INFO:root:57119
INFO:root:-23.10746
INFO:root:57149
INFO:root:-23.01857
INFO:root:57178
INFO:root:-22.90516
INFO:root:57209
INFO:root:-22.89331
INFO:root:57239
INFO:root:-22.88146
INFO:root:57269
INFO:root:-22.908715
INFO:root:57300
INFO:root:-22.93597
INFO:root:57329
INFO:root:-23.05761
INFO:root:57360
INFO:root:-23.15418
INFO:root:57391
INFO:root:-23.25075
INFO:root:57423
INFO:root:-23.648505
INFO:root:57534
INFO:root:y scan done: has max
INFO:root:Scan update ends at: [0.1101, 0.17459999999999998, 138.12759999999997, 2, 0.5, 0]
INFO:root:X change: 222; Y change: 334
INFO:root:Z optim starts at (pos then loss): [0.1101, 0.17459999999999998, 138.12759999999997, 2, 0.5, 0]
INFO:root:-22.90614
INFO:root:[0.1101, 0.17459999999999998, 138.18484999999998, 2, 0.5, 0]
INFO:root:-22.46906
INFO:root:[0.1101, 0.17459999999999998, 138.2421, 2, 0.5, 0]
INFO:root:-22.138875
INFO:root:[0.1101, 0.17459999999999998, 138.29935, 2, 0.5, 0]
INFO:root:-21.88545
INFO:root:[0.1101, 0.17459999999999998, 138.35660000000001, 2, 0.5, 0]
INFO:root:-21.73261
INFO:root:[0.1101, 0.17459999999999998, 138.41385000000002, 2, 0.5, 0]
INFO:root:-21.931179999999998
INFO:root:[0.1101, 0.17459999999999998, 138.47110000000004, 2, 0.5, 0]
INFO:root:-22.443545
INFO:root:[0.1101, 0.17459999999999998, 138.41365000000002, 2, 0.5, 0]
INFO:root:Z optim ends at: [0.1101, 0.17459999999999998, 138.41365000000002, 2, 0.5, 0]
INFO:root:Scan update starts at: [0.1101, 0.17459999999999998, 138.41365000000002, 2, 0.5, 0]
INFO:root:Start Tcounts: [20511, 57439, -33310, -1232, 60693, -16571]
INFO:root:-21.974875
INFO:root:Monitor start (loss then pos)
INFO:root:-21.974875
INFO:root:20511
INFO:root:-21.97004
INFO:root:20512
INFO:root:-21.96258
INFO:root:20512
INFO:root:-21.95776
INFO:root:20519
INFO:root:-21.95294
INFO:root:20527
INFO:root:-21.93123
INFO:root:20535
INFO:root:-21.90952
INFO:root:20546
INFO:root:-21.86152
INFO:root:20558
INFO:root:-21.839039999999997
INFO:root:20572
INFO:root:-21.81656
INFO:root:20587
INFO:root:-21.806535
INFO:root:20606
INFO:root:-21.79651
INFO:root:20625
INFO:root:-21.82406
INFO:root:20647
INFO:root:-21.87696
INFO:root:20670
INFO:root:-21.92986
INFO:root:20695
INFO:root:-22.12925
INFO:root:20722
INFO:root:-22.12925
INFO:root:20752
INFO:root:-23.05787
INFO:root:20857
INFO:root:-23.28476
INFO:root:20888
INFO:root:-23.49495
INFO:root:20919
INFO:root:x scan done: decreasing
INFO:root:Monitor start (loss then pos)
INFO:root:-23.49495
INFO:root:20888
INFO:root:-23.892055
INFO:root:20886
INFO:root:-23.826725
INFO:root:20882
INFO:root:-23.81417
INFO:root:20876
INFO:root:-23.788865
INFO:root:20868
INFO:root:-23.76356
INFO:root:20858
INFO:root:-23.67239
INFO:root:20847
INFO:root:-23.605345
INFO:root:20834
INFO:root:-23.5383
INFO:root:20819
INFO:root:-23.3513
INFO:root:20802
INFO:root:-23.3513
INFO:root:20783
INFO:root:-22.690405
INFO:root:20701
INFO:root:-22.54251
INFO:root:20667
INFO:root:-22.24778
INFO:root:20638
INFO:root:-22.11955
INFO:root:20609
INFO:root:-21.99132
INFO:root:20579
INFO:root:-21.92003
INFO:root:20548
INFO:root:-21.84874
INFO:root:20518
INFO:root:-21.87118
INFO:root:20488
INFO:root:-21.96544
INFO:root:20459
INFO:root:-22.0597
INFO:root:20430
INFO:root:-22.235104999999997
INFO:root:20399
INFO:root:-22.41051
INFO:root:20369
INFO:root:-22.85537
INFO:root:20339
INFO:root:x scan done: has max
INFO:root:-21.84276
INFO:root:Monitor start (loss then pos)
INFO:root:-21.84276
INFO:root:57439
INFO:root:-21.84136
INFO:root:57437
INFO:root:-21.84149
INFO:root:57438
INFO:root:-21.84002
INFO:root:57449
INFO:root:-21.84002
INFO:root:57459
INFO:root:-21.76114
INFO:root:57470
INFO:root:-21.675005
INFO:root:57482
INFO:root:-21.58887
INFO:root:57496
INFO:root:-21.42022
INFO:root:57511
INFO:root:-21.32997
INFO:root:57529
INFO:root:-21.23972
INFO:root:57549
INFO:root:-21.151415
INFO:root:57570
INFO:root:-21.06311
INFO:root:57593
INFO:root:-20.92297
INFO:root:57617
INFO:root:-20.88751
INFO:root:57645
INFO:root:-20.85205
INFO:root:57673
INFO:root:-20.98603
INFO:root:57785
INFO:root:-21.18651
INFO:root:57817
INFO:root:-21.326034999999997
INFO:root:57846
INFO:root:-21.46556
INFO:root:57875
INFO:root:-21.79034
INFO:root:57906
INFO:root:y scan done: has max
INFO:root:Scan update ends at: [0.11195000000000001, 0.18489999999999998, 138.41365000000002, 2, 0.5, 0]
INFO:root:X change: 37; Y change: 206
INFO:root:Z optim starts at (pos then loss): [0.11195000000000001, 0.18489999999999998, 138.41365000000002, 2, 0.5, 0]
INFO:root:-20.862475
INFO:root:[0.11195000000000001, 0.18489999999999998, 138.4659, 2, 0.5, 0]
INFO:root:-20.73146
INFO:root:[0.11195000000000001, 0.18489999999999998, 138.51815, 2, 0.5, 0]
INFO:root:-20.9937
INFO:root:[0.11195000000000001, 0.18489999999999998, 138.57039999999998, 2, 0.5, 0]
INFO:root:-21.044114999999998
INFO:root:[0.11195000000000001, 0.18489999999999998, 138.62264999999996, 2, 0.5, 0]
INFO:root:-21.25868
INFO:root:[0.11195000000000001, 0.18489999999999998, 138.57019999999997, 2, 0.5, 0]
INFO:root:Z optim ends at: [0.11195000000000001, 0.18489999999999998, 138.57019999999997, 2, 0.5, 0]
INFO:root:Scan update starts at: [0.11195000000000001, 0.18489999999999998, 138.57019999999997, 2, 0.5, 0]
INFO:root:Start Tcounts: [25189, 57754, -31281, 2615, 63142, -20518]
INFO:root:-21.07819
INFO:root:Monitor start (loss then pos)
INFO:root:-21.07819
INFO:root:25189
INFO:root:-21.072364999999998
INFO:root:25188
INFO:root:-21.06654
INFO:root:25186
INFO:root:-21.076169999999998
INFO:root:25181
INFO:root:-21.0858
INFO:root:25174
INFO:root:-21.15476
INFO:root:25165
INFO:root:-21.222825
INFO:root:25154
INFO:root:-21.29089
INFO:root:25142
INFO:root:-21.73106
INFO:root:25085
INFO:root:-22.02971
INFO:root:25064
INFO:root:x scan done: decreasing
INFO:root:Monitor start (loss then pos)
INFO:root:-22.02971
INFO:root:25085
INFO:root:-22.344475
INFO:root:25084
INFO:root:-22.31046
INFO:root:25087
INFO:root:-22.24926
INFO:root:25092
INFO:root:-22.199495
INFO:root:25099
INFO:root:-22.14973
INFO:root:25108
INFO:root:-22.086465
INFO:root:25119
INFO:root:-22.0232
INFO:root:25131
INFO:root:-21.84045
INFO:root:25145
INFO:root:-21.72121
INFO:root:25161
INFO:root:-21.60197
INFO:root:25179
INFO:root:-21.31254
INFO:root:25199
INFO:root:-21.158115
INFO:root:25253
INFO:root:-20.69248
INFO:root:25279
INFO:root:-20.5716
INFO:root:25307
INFO:root:-20.45072
INFO:root:25336
INFO:root:-20.38839
INFO:root:25366
INFO:root:-20.32606
INFO:root:25396
INFO:root:-20.38318
INFO:root:25427
INFO:root:-20.507514999999998
INFO:root:25458
INFO:root:-20.63185
INFO:root:25488
INFO:root:-20.829034999999998
INFO:root:25519
INFO:root:-21.02622
INFO:root:25550
INFO:root:-21.4975
INFO:root:25580
INFO:root:x scan done: has max
INFO:root:-20.43224
INFO:root:Monitor start (loss then pos)
INFO:root:-20.43224
INFO:root:57754
INFO:root:-20.424525000000003
INFO:root:57790
INFO:root:-20.31337
INFO:root:57803
INFO:root:-20.13349
INFO:root:57818
INFO:root:-20.06553
INFO:root:57835
INFO:root:-19.99757
INFO:root:57852
INFO:root:-19.938305
INFO:root:57872
INFO:root:-19.87904
INFO:root:57893
INFO:root:-19.79695
INFO:root:57916
INFO:root:-19.79132
INFO:root:57942
INFO:root:-19.78569
INFO:root:57969
INFO:root:-19.82661
INFO:root:57998
INFO:root:-19.86753
INFO:root:58028
INFO:root:-20.048
INFO:root:58057
INFO:root:-20.17425
INFO:root:58088
INFO:root:-20.3005
INFO:root:58119
INFO:root:-20.95052
INFO:root:58226
INFO:root:y scan done: has max
INFO:root:Scan update ends at: [0.1208, 0.19429999999999997, 138.57019999999997, 2, 0.5, 0]
INFO:root:X change: 177; Y change: 188
INFO:root:Z optim starts at (pos then loss): [0.1208, 0.19429999999999997, 138.57019999999997, 2, 0.5, 0]
INFO:root:-19.84159
INFO:root:[0.1208, 0.19429999999999997, 138.61969999999997, 2, 0.5, 0]
INFO:root:-19.29806
INFO:root:[0.1208, 0.19429999999999997, 138.66919999999996, 2, 0.5, 0]
INFO:root:-18.938270000000003
INFO:root:[0.1208, 0.19429999999999997, 138.71869999999996, 2, 0.5, 0]
INFO:root:-18.58633
INFO:root:[0.1208, 0.19429999999999997, 138.76819999999995, 2, 0.5, 0]
INFO:root:-18.26921
INFO:root:[0.1208, 0.19429999999999997, 138.81769999999995, 2, 0.5, 0]
INFO:root:-18.08314
INFO:root:[0.1208, 0.19429999999999997, 138.86719999999994, 2, 0.5, 0]
INFO:root:-18.29422
INFO:root:[0.1208, 0.19429999999999997, 138.91669999999993, 2, 0.5, 0]
INFO:root:-18.98971
INFO:root:[0.1208, 0.19429999999999997, 138.86699999999993, 2, 0.5, 0]
INFO:root:Z optim ends at: [0.1208, 0.19429999999999997, 138.86699999999993, 2, 0.5, 0]
INFO:root:Scan update starts at: [0.1208, 0.19429999999999997, 138.86699999999993, 2, 0.5, 0]
INFO:root:Start Tcounts: [34265, 58149, -27500, 9776, 67731, -28297]
INFO:root:-18.367185
INFO:root:Monitor start (loss then pos)
INFO:root:-18.367185
INFO:root:34265
INFO:root:-18.41028
INFO:root:34265
INFO:root:-18.40735
INFO:root:34267
INFO:root:-18.40569
INFO:root:34276
INFO:root:-18.40403
INFO:root:34284
INFO:root:-18.3918
INFO:root:34294
INFO:root:-18.37957
INFO:root:34306
INFO:root:-18.35663
INFO:root:34319
INFO:root:-18.332189999999997
INFO:root:34334
INFO:root:-18.30775
INFO:root:34351
INFO:root:-18.316735
INFO:root:34370
INFO:root:-18.32572
INFO:root:34390
INFO:root:-18.43564
INFO:root:34413
INFO:root:-18.554655
INFO:root:34438
INFO:root:-18.67367
INFO:root:34463
INFO:root:-18.890205
INFO:root:34492
INFO:root:x scan done: decreasing
INFO:root:Monitor start (loss then pos)
INFO:root:-18.890205
INFO:root:34463
INFO:root:-19.44134
INFO:root:34462
INFO:root:-19.44134
INFO:root:34457
INFO:root:-19.37114
INFO:root:34451
INFO:root:-19.31986
INFO:root:34444
INFO:root:-19.26858
INFO:root:34435
INFO:root:-19.10899
INFO:root:34423
INFO:root:-19.006995
INFO:root:34410
INFO:root:-18.905
INFO:root:34395
INFO:root:-18.798659999999998
INFO:root:34378
INFO:root:-18.69232
INFO:root:34359
INFO:root:-18.49838
INFO:root:34336
INFO:root:-18.42826
INFO:root:34313
INFO:root:-18.35814
INFO:root:34289
INFO:root:-18.32919
INFO:root:34263
INFO:root:-18.32919
INFO:root:34235
INFO:root:-18.43722
INFO:root:34205
INFO:root:-18.852809999999998
INFO:root:34097
INFO:root:-19.98207
INFO:root:34066
INFO:root:x scan done: has max
INFO:root:-18.34116
INFO:root:Monitor start (loss then pos)
INFO:root:-18.34116
INFO:root:58149
INFO:root:-18.34006
INFO:root:58149
INFO:root:-18.33896
INFO:root:58149
INFO:root:-18.33915
INFO:root:58149
INFO:root:-18.325200000000002
INFO:root:58160
INFO:root:-18.31125
INFO:root:58172
INFO:root:-18.03817
INFO:root:58184
INFO:root:-18.03817
INFO:root:58197
INFO:root:-17.7106
INFO:root:58212
INFO:root:-17.58103
INFO:root:58279
INFO:root:-17.0794
INFO:root:58308
INFO:root:-17.008175
INFO:root:58334
INFO:root:-16.93695
INFO:root:58361
INFO:root:-16.80363
INFO:root:58389
INFO:root:-16.720914999999998
INFO:root:58419
INFO:root:-16.6382
INFO:root:58449
INFO:root:-16.565275
INFO:root:58480
INFO:root:-16.49235
INFO:root:58513
INFO:root:-16.487
INFO:root:58542
INFO:root:-16.609695
INFO:root:58572
INFO:root:-16.73239
INFO:root:58602
INFO:root:-17.30385
INFO:root:58632
INFO:root:-17.30385
INFO:root:58664
INFO:root:-18.15549
INFO:root:58694
INFO:root:y scan done: has max
INFO:root:Scan update ends at: [0.12200000000000001, 0.21249999999999997, 138.86699999999993, 2, 0.5, 0]
INFO:root:X change: 24; Y change: 364
INFO:root:Z optim starts at (pos then loss): [0.12200000000000001, 0.21249999999999997, 138.86699999999993, 2, 0.5, 0]
INFO:root:-16.58143
INFO:root:[0.12200000000000001, 0.21249999999999997, 138.90849999999995, 2, 0.5, 0]
INFO:root:-15.75004
INFO:root:[0.12200000000000001, 0.21249999999999997, 138.94999999999996, 2, 0.5, 0]
INFO:root:-14.90121
INFO:root:[0.12200000000000001, 0.21249999999999997, 138.99149999999997, 2, 0.5, 0]
INFO:root:-14.01219
INFO:root:[0.12200000000000001, 0.21249999999999997, 139.033, 2, 0.5, 0]
INFO:root:-13.194375
INFO:root:[0.12200000000000001, 0.21249999999999997, 139.0745, 2, 0.5, 0]
INFO:root:-12.80849
INFO:root:[0.12200000000000001, 0.21249999999999997, 139.116, 2, 0.5, 0]
INFO:root:-13.446525000000001
INFO:root:[0.12200000000000001, 0.21249999999999997, 139.0743, 2, 0.5, 0]
INFO:root:Z optim ends at: [0.12200000000000001, 0.21249999999999997, 139.0743, 2, 0.5, 0]
INFO:root:Scan update starts at: [0.12200000000000001, 0.21249999999999997, 139.0743, 2, 0.5, 0]
INFO:root:Start Tcounts: [40583, 58658, -24728, 15065, 71080, -33573]
INFO:root:-12.72325
INFO:root:Monitor start (loss then pos)
INFO:root:-12.72325
INFO:root:40583
INFO:root:-12.74954
INFO:root:40583
INFO:root:-12.76251
INFO:root:40584
INFO:root:-12.76251
INFO:root:40584
INFO:root:-12.8127
INFO:root:40584
INFO:root:-12.87189
INFO:root:40563
INFO:root:-12.93108
INFO:root:40545
INFO:root:-13.31751
INFO:root:40530
INFO:root:x scan done: decreasing
INFO:root:Monitor start (loss then pos)
INFO:root:-13.31751
INFO:root:40545
INFO:root:-13.76574
INFO:root:40545
INFO:root:-13.63487
INFO:root:40549
INFO:root:-13.504
INFO:root:40555
INFO:root:-13.402445
INFO:root:40562
INFO:root:-13.045490000000001
INFO:root:40603
INFO:root:-12.64748
INFO:root:40625
INFO:root:-12.50487
INFO:root:40643
INFO:root:-12.25988
INFO:root:40663
INFO:root:-12.184695000000001
INFO:root:40685
INFO:root:-12.10951
INFO:root:40709
INFO:root:-12.139050000000001
INFO:root:40734
INFO:root:-12.16859
INFO:root:40761
INFO:root:-12.5675
INFO:root:40790
INFO:root:-12.98521
INFO:root:40821
INFO:root:x scan done: has max
INFO:root:-12.12083
INFO:root:Monitor start (loss then pos)
INFO:root:-12.12083
INFO:root:58658
INFO:root:-12.11467
INFO:root:58668
INFO:root:-12.058745
INFO:root:58678
INFO:root:-12.00533
INFO:root:58689
INFO:root:-11.89973
INFO:root:58701
INFO:root:-11.79413
INFO:root:58715
INFO:root:-11.55223
INFO:root:58731
INFO:root:-11.480879999999999
INFO:root:58748
INFO:root:-11.40953
INFO:root:58767
INFO:root:-11.41282
INFO:root:58791
INFO:root:-11.531165
INFO:root:58815
INFO:root:-11.64951
INFO:root:58840
INFO:root:-11.93934
INFO:root:58867
INFO:root:y scan done: has max
INFO:root:Scan update ends at: [0.12710000000000002, 0.21699999999999997, 139.0743, 2, 0.5, 0]
INFO:root:X change: 102; Y change: 90
INFO:root:Z optim starts at (pos then loss): [0.12710000000000002, 0.21699999999999997, 139.0743, 2, 0.5, 0]
INFO:root:-11.413595
INFO:root:[0.12710000000000002, 0.21699999999999997, 139.1028, 2, 0.5, 0]
INFO:root:-10.55898
INFO:root:[0.12710000000000002, 0.21699999999999997, 139.1313, 2, 0.5, 0]
INFO:root:-9.7317735
INFO:root:[0.12710000000000002, 0.21699999999999997, 139.15980000000002, 2, 0.5, 0]
INFO:root:-9.338139
INFO:root:[0.12710000000000002, 0.21699999999999997, 139.18830000000003, 2, 0.5, 0]
INFO:root:-9.180777
INFO:root:[0.12710000000000002, 0.21699999999999997, 139.21680000000003, 2, 0.5, 0]
INFO:root:-11.1865
INFO:root:[0.12710000000000002, 0.21699999999999997, 139.18810000000002, 2, 0.5, 0]
INFO:root:Z optim ends at: [0.12710000000000002, 0.21699999999999997, 139.18810000000002, 2, 0.5, 0]
INFO:root:Scan update starts at: [0.12710000000000002, 0.21699999999999997, 139.18810000000002, 2, 0.5, 0]
INFO:root:Start Tcounts: [44168, 58828, -23283, 17879, 72844, -36606]
INFO:root:-9.340165
INFO:root:Monitor start (loss then pos)
INFO:root:-9.340165
INFO:root:44168
INFO:root:-9.353006
INFO:root:44168
INFO:root:-9.352828
INFO:root:44169
INFO:root:-9.35265
INFO:root:44179
INFO:root:-9.252134
INFO:root:44187
INFO:root:-9.252134
INFO:root:44197
INFO:root:-8.994102
INFO:root:44208
INFO:root:-8.749341999999999
INFO:root:44221
INFO:root:-8.504582
INFO:root:44236
INFO:root:-8.021128
INFO:root:44253
INFO:root:-8.014019
INFO:root:44273
INFO:root:-8.00691
INFO:root:44293
INFO:root:-8.288041499999999
INFO:root:44316
INFO:root:-8.569173
INFO:root:44347
INFO:root:x scan done: has max
INFO:root:-8.324507
INFO:root:Monitor start (loss then pos)
INFO:root:-8.324507
INFO:root:58828
INFO:root:-8.321820500000001
INFO:root:58827
INFO:root:-8.319134
INFO:root:58828
INFO:root:-8.310296
INFO:root:58834
INFO:root:-8.310296
INFO:root:58843
INFO:root:-8.253842
INFO:root:58852
INFO:root:-8.0519695
INFO:root:58863
INFO:root:-7.850097
INFO:root:58876
INFO:root:-7.370606
INFO:root:58890
INFO:root:-7.370606
INFO:root:58906
INFO:root:-7.214213
INFO:root:58924
INFO:root:-7.3145095
INFO:root:58944
INFO:root:-7.414806
INFO:root:58965
INFO:root:y scan done: has max
INFO:root:Scan update ends at: [0.13235000000000002, 0.22089999999999996, 139.18810000000002, 2, 0.5, 0]
INFO:root:X change: 105; Y change: 78
INFO:root:Z optim starts at (pos then loss): [0.13235000000000002, 0.22089999999999996, 139.18810000000002, 2, 0.5, 0]
INFO:root:-7.284898999999999
INFO:root:[0.13235000000000002, 0.22089999999999996, 139.20635000000001, 2, 0.5, 0]
INFO:root:-6.216009
INFO:root:[0.13235000000000002, 0.22089999999999996, 139.2246, 2, 0.5, 0]
INFO:root:-5.540796
INFO:root:[0.13235000000000002, 0.22089999999999996, 139.24285, 2, 0.5, 0]
INFO:root:-4.942846
INFO:root:[0.13235000000000002, 0.22089999999999996, 139.2611, 2, 0.5, 0]
INFO:root:-5.3938065
INFO:root:[0.13235000000000002, 0.22089999999999996, 139.24265, 2, 0.5, 0]
INFO:root:Z optim ends at: [0.13235000000000002, 0.22089999999999996, 139.24265, 2, 0.5, 0]
INFO:root:Scan update starts at: [0.13235000000000002, 0.22089999999999996, 139.24265, 2, 0.5, 0]
INFO:root:Start Tcounts: [45950, 58944, -22644, 19267, 73638, -38031]
INFO:root:-4.891118499999999
INFO:root:Monitor start (loss then pos)
INFO:root:-4.891118499999999
INFO:root:45950
INFO:root:-4.863293
INFO:root:45950
INFO:root:-4.833763
INFO:root:45950
INFO:root:-4.854236
INFO:root:45949
INFO:root:-4.874709
INFO:root:45949
INFO:root:-4.963872
INFO:root:45952
INFO:root:-5.053035
INFO:root:45979
INFO:root:x scan done: decreasing
INFO:root:Monitor start (loss then pos)
INFO:root:-5.053035
INFO:root:45952
INFO:root:-5.518023
INFO:root:45951
INFO:root:-5.272191
INFO:root:45949
INFO:root:-5.026359
INFO:root:45943
INFO:root:-4.859528
INFO:root:45936
INFO:root:-4.7633685
INFO:root:45928
INFO:root:-4.667209
INFO:root:45917
INFO:root:-4.578851
INFO:root:45905
INFO:root:-4.578851
INFO:root:45891
INFO:root:-4.809387
INFO:root:45876
INFO:root:-5.235983
INFO:root:45859
INFO:root:x scan done: has max
INFO:root:-4.5507345
INFO:root:Monitor start (loss then pos)
INFO:root:-4.5507345
INFO:root:58944
INFO:root:-4.5259564999999995
INFO:root:58952
INFO:root:-4.3983995
INFO:root:58966
INFO:root:-4.286522
INFO:root:58977
INFO:root:-3.949346
INFO:root:58989
INFO:root:-3.9367295
INFO:root:59004
INFO:root:-3.924113
INFO:root:59020
INFO:root:-4.1624075000000005
INFO:root:59038
INFO:root:-4.400702
INFO:root:59058
INFO:root:y scan done: has max
INFO:root:Scan update ends at: [0.1307, 0.22389999999999996, 139.24265, 2, 0.5, 0]
INFO:root:X change: -33; Y change: 60
INFO:root:Z optim starts at (pos then loss): [0.1307, 0.22389999999999996, 139.24265, 2, 0.5, 0]
INFO:root:-4.248922
INFO:root:[0.1307, 0.22389999999999996, 139.25315, 2, 0.5, 0]
INFO:root:-3.302969
INFO:root:[0.1307, 0.22389999999999996, 139.26365, 2, 0.5, 0]
INFO:root:-2.950696
INFO:root:[0.1307, 0.22389999999999996, 139.27415000000002, 2, 0.5, 0]
INFO:root:-1.919217
INFO:root:[0.1307, 0.22389999999999996, 139.28465000000003, 2, 0.5, 0]
INFO:root:-1.476811
INFO:root:[0.1307, 0.22389999999999996, 139.29515000000004, 2, 0.5, 0]
INFO:root:-1.7331485
INFO:root:[0.1307, 0.22389999999999996, 139.28445000000002, 2, 0.5, 0]
INFO:root:Z optim ends at: [0.1307, 0.22389999999999996, 139.28445000000002, 2, 0.5, 0]
INFO:root:Change to Final_adjust
INFO:root:Scan update starts at: [0.1307, 0.22389999999999996, 139.28445000000002, 2, 0.5, 0]
INFO:root:Start Tcounts: [47205, 59033, -22040, 20334, 74361, -39127]
INFO:root:Start Xstep (loss then pos)
INFO:root:-1.42479
INFO:root:47205
INFO:root:-1.695699
INFO:root:47201
INFO:root:Change direction
INFO:root:-1.330881
INFO:root:47211
INFO:root:-1.3122479999999999
INFO:root:47215
INFO:root:-1.3049745
INFO:root:47219
INFO:root:-1.384048
INFO:root:47223
INFO:root:Over
INFO:root:Start Ystep (loss then pos)
INFO:root:-1.343073
INFO:root:59033
INFO:root:-1.173295
INFO:root:59037
INFO:root:-1.1292520000000001
INFO:root:59041
INFO:root:-1.1094335
INFO:root:59045
INFO:root:-1.1191135
INFO:root:59049
INFO:root:Over
INFO:root:Scan update ends at: [0.1313, 0.22439999999999996, 139.28445000000002, 2, 0.5, 0]
INFO:root:X change: 12; Y change: 10
INFO:root:Z optim starts at (pos then loss): [0.1313, 0.22439999999999996, 139.28445000000002, 2, 0.5, 0]
INFO:root:-1.1131575
INFO:root:[0.1313, 0.22439999999999996, 139.28595, 2, 0.5, 0]
INFO:root:-1.089544
INFO:root:[0.1313, 0.22439999999999996, 139.28745, 2, 0.5, 0]
INFO:root:-1.064923
INFO:root:[0.1313, 0.22439999999999996, 139.28895, 2, 0.5, 0]
INFO:root:-1.060174
INFO:root:[0.1313, 0.22439999999999996, 139.29045, 2, 0.5, 0]
INFO:root:-1.079808
INFO:root:[0.1313, 0.22439999999999996, 139.28875, 2, 0.5, 0]
INFO:root:Z optim ends at: [0.1313, 0.22439999999999996, 139.28875, 2, 0.5, 0]
INFO:root:Change to Final_adjust
INFO:root:Scan update starts at: [0.1313, 0.22439999999999996, 139.28875, 2, 0.5, 0]
INFO:root:Start Tcounts: [47350, 59046, -21993, 20447, 74420, -39236]
INFO:root:Start Xstep (loss then pos)
INFO:root:-0.9438831
INFO:root:47350
INFO:root:-1.079552
INFO:root:47354
INFO:root:Change direction
INFO:root:-0.9865862
INFO:root:47344
INFO:root:-1.042471
INFO:root:47340
INFO:root:Over
INFO:root:Start Ystep (loss then pos)
INFO:root:-0.9464319
INFO:root:59046
INFO:root:-0.9110246
INFO:root:59050
INFO:root:-0.8813615
INFO:root:59054
INFO:root:-0.8870935
INFO:root:59058
INFO:root:Over
INFO:root:Scan update ends at: [0.1311, 0.22469999999999996, 139.28875, 2, 0.5, 0]
INFO:root:X change: -4; Y change: 6
INFO:root:Z optim starts at (pos then loss): [0.1311, 0.22469999999999996, 139.28875, 2, 0.5, 0]
INFO:root:-0.886309
INFO:root:[0.1311, 0.22469999999999996, 139.29025, 2, 0.5, 0]
INFO:root:-0.8550099
INFO:root:[0.1311, 0.22469999999999996, 139.29174999999998, 2, 0.5, 0]
INFO:root:-0.83715205
INFO:root:[0.1311, 0.22469999999999996, 139.29324999999997, 2, 0.5, 0]
INFO:root:-0.8171027
INFO:root:[0.1311, 0.22469999999999996, 139.29474999999996, 2, 0.5, 0]
INFO:root:-0.8714672
INFO:root:[0.1311, 0.22469999999999996, 139.29304999999997, 2, 0.5, 0]
INFO:root:Z optim ends at: [0.1311, 0.22469999999999996, 139.29304999999997, 2, 0.5, 0]
INFO:root:Change to Final_adjust
INFO:root:Scan update starts at: [0.1311, 0.22469999999999996, 139.29304999999997, 2, 0.5, 0]
INFO:root:Start Tcounts: [47478, 59055, -21930, 20557, 74495, -39349]
INFO:root:Start Xstep (loss then pos)
INFO:root:-0.7316232
INFO:root:47478
INFO:root:-0.7723745
INFO:root:47474
INFO:root:Change direction
INFO:root:-0.80146725
INFO:root:47484
INFO:root:Over
INFO:root:Start Ystep (loss then pos)
INFO:root:-0.7449757
INFO:root:59055
INFO:root:-0.68285285
INFO:root:59059
INFO:root:-0.6795482
INFO:root:59063
INFO:root:-0.72494445
INFO:root:59067
INFO:root:Over
INFO:root:Scan update ends at: [0.13115, 0.22499999999999995, 139.29304999999997, 2, 0.5, 0]
INFO:root:X change: 1; Y change: 6
INFO:root:Z optim starts at (pos then loss): [0.13115, 0.22499999999999995, 139.29304999999997, 2, 0.5, 0]
INFO:root:-0.6832932
INFO:root:[0.13115, 0.22499999999999995, 139.29454999999996, 2, 0.5, 0]
INFO:root:-0.69638895
INFO:root:[0.13115, 0.22499999999999995, 139.29364999999996, 2, 0.5, 0]
INFO:root:-0.6530969
INFO:root:[0.13115, 0.22499999999999995, 139.29424999999995, 2, 0.5, 0]
INFO:root:-0.6975477
INFO:root:[0.13115, 0.22499999999999995, 139.29344999999995, 2, 0.5, 0]
INFO:root:Z optim ends at: [0.13115, 0.22499999999999995, 139.29344999999995, 2, 0.5, 0]
INFO:root:Change to Final_adjust
INFO:root:Scan update starts at: [0.13115, 0.22499999999999995, 139.29344999999995, 2, 0.5, 0]
INFO:root:Start Tcounts: [47492, 59061, -21925, 20573, 74501, -39354]
INFO:root:Start Xstep (loss then pos)
INFO:root:-0.661042
INFO:root:47492
INFO:root:-0.777147
INFO:root:47496
INFO:root:Change direction
INFO:root:-0.6875419
INFO:root:47486
INFO:root:-0.7688689
INFO:root:47482
INFO:root:Over
INFO:root:Start Ystep (loss then pos)
INFO:root:-0.6607119
INFO:root:59061
INFO:root:-0.6630807
INFO:root:59065
INFO:root:Change direction
INFO:root:-0.7427993
INFO:root:59055
INFO:root:Over
INFO:root:Scan update ends at: [0.13094999999999998, 0.22504999999999994, 139.29344999999995, 2, 0.5, 0]
INFO:root:X change: -4; Y change: 1
INFO:root:Z optim starts at (pos then loss): [0.13094999999999998, 0.22504999999999994, 139.29344999999995, 2, 0.5, 0]
INFO:root:-0.6578243
INFO:root:[0.13094999999999998, 0.22504999999999994, 139.29494999999994, 2, 0.5, 0]
INFO:root:-0.6144951000000001
INFO:root:[0.13094999999999998, 0.22504999999999994, 139.29644999999994, 2, 0.5, 0]
INFO:root:-0.5800548999999999
INFO:root:[0.13094999999999998, 0.22504999999999994, 139.29794999999993, 2, 0.5, 0]
INFO:root:-0.5650372
INFO:root:[0.13094999999999998, 0.22504999999999994, 139.29944999999992, 2, 0.5, 0]
INFO:root:-0.55077025
INFO:root:[0.13094999999999998, 0.22504999999999994, 139.30094999999992, 2, 0.5, 0]
INFO:root:-0.5230487500000001
INFO:root:[0.13094999999999998, 0.22504999999999994, 139.3024499999999, 2, 0.5, 0]
INFO:root:-0.5391113999999999
INFO:root:[0.13094999999999998, 0.22504999999999994, 139.3007499999999, 2, 0.5, 0]
INFO:root:Z optim ends at: [0.13094999999999998, 0.22504999999999994, 139.3007499999999, 2, 0.5, 0]
INFO:root:Change to Final_adjust
INFO:root:Scan update starts at: [0.13094999999999998, 0.22504999999999994, 139.3007499999999, 2, 0.5, 0]
INFO:root:Start Tcounts: [47713, 59067, -21821, 20750, 74626, -39555]
INFO:root:Start Xstep (loss then pos)
INFO:root:-0.4545131
INFO:root:47713
INFO:root:-0.460133
INFO:root:47709
INFO:root:Change direction
INFO:root:-0.5136168
INFO:root:47719
INFO:root:Over
INFO:root:Start Ystep (loss then pos)
INFO:root:-0.4720784
INFO:root:59067
INFO:root:-0.6070559
INFO:root:59063
INFO:root:Change direction
INFO:root:-0.4113249
INFO:root:59073
INFO:root:-0.4178509
INFO:root:59077
INFO:root:Over
INFO:root:Scan update ends at: [0.13099999999999998, 0.22524999999999995, 139.3007499999999, 2, 0.5, 0]
INFO:root:X change: 1; Y change: 4
INFO:root:Z optim starts at (pos then loss): [0.13099999999999998, 0.22524999999999995, 139.3007499999999, 2, 0.5, 0]
INFO:root:-0.4320033
INFO:root:[0.13099999999999998, 0.22524999999999995, 139.3022499999999, 2, 0.5, 0]
INFO:root:-0.4593972
INFO:root:[0.13099999999999998, 0.22524999999999995, 139.3013499999999, 2, 0.5, 0]
INFO:root:-0.4034206
INFO:root:[0.13099999999999998, 0.22524999999999995, 139.3019499999999, 2, 0.5, 0]
INFO:root:-0.4610525
INFO:root:[0.13099999999999998, 0.22524999999999995, 139.3011499999999, 2, 0.5, 0]
INFO:root:Z optim ends at: [0.13099999999999998, 0.22524999999999995, 139.3011499999999, 2, 0.5, 0]
INFO:root:Change to Final_adjust
INFO:root:Scan update starts at: [0.13099999999999998, 0.22524999999999995, 139.3011499999999, 2, 0.5, 0]
INFO:root:Start Tcounts: [47727, 59072, -21817, 20763, 74631, -39562]
INFO:root:Start Xstep (loss then pos)
INFO:root:-0.4188918
INFO:root:47727
INFO:root:-0.5174227
INFO:root:47731
INFO:root:Change direction
INFO:root:-0.46286715
INFO:root:47721
INFO:root:-0.57475195
INFO:root:47717
INFO:root:Over
INFO:root:Start Ystep (loss then pos)
INFO:root:-0.3992211
INFO:root:59072
INFO:root:-0.40220140000000004
INFO:root:59076
INFO:root:Change direction
INFO:root:-0.5419197499999999
INFO:root:59066
INFO:root:Over
INFO:root:Scan update ends at: [0.13079999999999997, 0.22529999999999994, 139.3011499999999, 2, 0.5, 0]
INFO:root:X change: -4; Y change: 1
INFO:root:Z optim starts at (pos then loss): [0.13079999999999997, 0.22529999999999994, 139.3011499999999, 2, 0.5, 0]
INFO:root:-0.40173444999999997
INFO:root:[0.13079999999999997, 0.22529999999999994, 139.3026499999999, 2, 0.5, 0]
INFO:root:-0.38357475
INFO:root:[0.13079999999999997, 0.22529999999999994, 139.30414999999988, 2, 0.5, 0]
INFO:root:-0.3846443
INFO:root:[0.13079999999999997, 0.22529999999999994, 139.30564999999987, 2, 0.5, 0]
INFO:root:-0.4038994
INFO:root:[0.13079999999999997, 0.22529999999999994, 139.30394999999987, 2, 0.5, 0]
INFO:root:Z optim ends at: [0.13079999999999997, 0.22529999999999994, 139.30394999999987, 2, 0.5, 0]
INFO:root:Change to Final_adjust
INFO:root:Scan update starts at: [0.13079999999999997, 0.22529999999999994, 139.30394999999987, 2, 0.5, 0]
INFO:root:Start Tcounts: [47809, 59075, -21775, 20832, 74682, -39638]
INFO:root:Start Xstep (loss then pos)
INFO:root:-0.40267414999999995
INFO:root:47809
INFO:root:-0.4396331
INFO:root:47805
INFO:root:Change direction
INFO:root:-0.37235830000000003
INFO:root:47815
INFO:root:-0.3710572
INFO:root:47819
INFO:root:-0.57279395
INFO:root:47823
INFO:root:Over
INFO:root:Start Ystep (loss then pos)
INFO:root:-0.3836034
INFO:root:59075
INFO:root:-0.46738115
INFO:root:59071
INFO:root:Change direction
INFO:root:-0.3934341
INFO:root:59081
INFO:root:-0.4116652
INFO:root:59085
INFO:root:Over
INFO:root:Scan update ends at: [0.13119999999999998, 0.22549999999999995, 139.30394999999987, 2, 0.5, 0]
INFO:root:X change: 8; Y change: 4
INFO:root:Z optim starts at (pos then loss): [0.13119999999999998, 0.22549999999999995, 139.30394999999987, 2, 0.5, 0]
INFO:root:-0.35943735
INFO:root:[0.13119999999999998, 0.22549999999999995, 139.30544999999987, 2, 0.5, 0]
INFO:root:-0.4655751
INFO:root:[0.13119999999999998, 0.22549999999999995, 139.30454999999986, 2, 0.5, 0]
INFO:root:-0.4183715
INFO:root:[0.13119999999999998, 0.22549999999999995, 139.30418999999986, 2, 0.5, 0]
INFO:root:-0.4341716
INFO:root:Z step is too small
INFO:root:Another Try
INFO:root:[0.13119999999999998, 0.22549999999999995, 139.29194999999987, 2, 0.5, 0]
INFO:root:Change to Final_adjust
INFO:root:Scan update starts at: [0.13119999999999998, 0.22549999999999995, 139.29194999999987, 2, 0.5, 0]
INFO:root:Start Tcounts: [47447, 59070, -21947, 20547, 74475, -39302]
INFO:root:Start Xstep (loss then pos)
INFO:root:-0.9337770000000001
INFO:root:47447
INFO:root:-0.973382
INFO:root:47451
INFO:root:Change direction
INFO:root:-0.8865409
INFO:root:47441
INFO:root:-0.9916908
INFO:root:47437
INFO:root:Over
INFO:root:Start Ystep (loss then pos)
INFO:root:-0.886309
INFO:root:59070
INFO:root:-1.09003
INFO:root:59074
INFO:root:Change direction
INFO:root:-0.7280176
INFO:root:59064
INFO:root:-0.69978455
INFO:root:59060
INFO:root:-0.6970639000000001
INFO:root:59056
INFO:root:-0.7596283500000001
INFO:root:59052
INFO:root:Over
INFO:root:Scan update ends at: [0.13099999999999998, 0.22489999999999996, 139.29194999999987, 2, 0.5, 0]
INFO:root:X change: -4; Y change: -12
INFO:root:Z optim starts at (pos then loss): [0.13099999999999998, 0.22489999999999996, 139.29194999999987, 2, 0.5, 0]
INFO:root:-0.6998686000000001
INFO:root:[0.13099999999999998, 0.22489999999999996, 139.29344999999986, 2, 0.5, 0]
INFO:root:-0.6441791
INFO:root:[0.13099999999999998, 0.22489999999999996, 139.29494999999986, 2, 0.5, 0]
INFO:root:-0.6095573
INFO:root:[0.13099999999999998, 0.22489999999999996, 139.29644999999985, 2, 0.5, 0]
INFO:root:-0.6088369
INFO:root:[0.13099999999999998, 0.22489999999999996, 139.29794999999984, 2, 0.5, 0]
INFO:root:-0.6450267
INFO:root:[0.13099999999999998, 0.22489999999999996, 139.29624999999984, 2, 0.5, 0]
INFO:root:Z optim ends at: [0.13099999999999998, 0.22489999999999996, 139.29624999999984, 2, 0.5, 0]
INFO:root:Change to Final_adjust
INFO:root:Scan update starts at: [0.13099999999999998, 0.22489999999999996, 139.29624999999984, 2, 0.5, 0]
INFO:root:Start Tcounts: [47575, 59061, -21884, 20638, 74550, -39433]
INFO:root:Start Xstep (loss then pos)
INFO:root:-0.5743721
INFO:root:47575
INFO:root:-0.6160612999999999
INFO:root:47571
INFO:root:Change direction
INFO:root:-0.605126
INFO:root:47581
INFO:root:-0.680875
INFO:root:47585
INFO:root:Over
INFO:root:Start Ystep (loss then pos)
INFO:root:-0.5697349
INFO:root:59061
INFO:root:-0.65019645
INFO:root:59057
INFO:root:Change direction
INFO:root:-0.5695193
INFO:root:59067
INFO:root:-0.58716445
INFO:root:59071
INFO:root:Over
INFO:root:Scan update ends at: [0.13119999999999998, 0.22509999999999997, 139.29624999999984, 2, 0.5, 0]
INFO:root:X change: 4; Y change: 4
INFO:root:Z optim starts at (pos then loss): [0.13119999999999998, 0.22509999999999997, 139.29624999999984, 2, 0.5, 0]
INFO:root:-0.5419066
INFO:root:[0.13119999999999998, 0.22509999999999997, 139.29774999999984, 2, 0.5, 0]
INFO:root:-0.6125219
INFO:root:[0.13119999999999998, 0.22509999999999997, 139.29684999999984, 2, 0.5, 0]
INFO:root:-0.514814
INFO:root:[0.13119999999999998, 0.22509999999999997, 139.29744999999983, 2, 0.5, 0]
INFO:root:-0.6041213
INFO:root:[0.13119999999999998, 0.22509999999999997, 139.29664999999983, 2, 0.5, 0]
INFO:root:Z optim ends at: [0.13119999999999998, 0.22509999999999997, 139.29664999999983, 2, 0.5, 0]
INFO:root:Change to Final_adjust
INFO:root:Scan update starts at: [0.13119999999999998, 0.22509999999999997, 139.29664999999983, 2, 0.5, 0]
INFO:root:Start Tcounts: [47592, 59065, -21883, 20652, 74553, -39440]
INFO:root:Start Xstep (loss then pos)
INFO:root:-0.5229115
INFO:root:47592
INFO:root:-0.6993114
INFO:root:47596
INFO:root:Change direction
INFO:root:-0.5261108
INFO:root:47586
INFO:root:-0.5534626
INFO:root:47582
INFO:root:Over
INFO:root:Start Ystep (loss then pos)
INFO:root:-0.5340412
INFO:root:59065
INFO:root:-0.5327728
INFO:root:59069
INFO:root:-0.6281932
INFO:root:59073
INFO:root:Over
INFO:root:Scan update ends at: [0.13099999999999998, 0.22519999999999996, 139.29664999999983, 2, 0.5, 0]
INFO:root:X change: -4; Y change: 2
INFO:root:Z optim starts at (pos then loss): [0.13099999999999998, 0.22519999999999996, 139.29664999999983, 2, 0.5, 0]
INFO:root:-0.51421535
INFO:root:[0.13099999999999998, 0.22519999999999996, 139.29814999999982, 2, 0.5, 0]
INFO:root:-0.5200325
INFO:root:[0.13099999999999998, 0.22519999999999996, 139.29724999999982, 2, 0.5, 0]
INFO:root:-0.5089776500000001
INFO:root:[0.13099999999999998, 0.22519999999999996, 139.2978499999998, 2, 0.5, 0]
INFO:root:-0.519793
INFO:root:[0.13099999999999998, 0.22519999999999996, 139.2970499999998, 2, 0.5, 0]
INFO:root:Z optim ends at: [0.13099999999999998, 0.22519999999999996, 139.2970499999998, 2, 0.5, 0]
INFO:root:Change to Final_adjust
INFO:root:Scan update starts at: [0.13099999999999998, 0.22519999999999996, 139.2970499999998, 2, 0.5, 0]
INFO:root:Start Tcounts: [47600, 59068, -21873, 20664, 74564, -39449]
INFO:root:Start Xstep (loss then pos)
INFO:root:-0.5166774
INFO:root:47600
INFO:root:-0.52909975
INFO:root:47596
INFO:root:Change direction
INFO:root:-0.5908125500000001
INFO:root:47606
INFO:root:Over
INFO:root:Start Ystep (loss then pos)
INFO:root:-0.508539
INFO:root:59068
INFO:root:-0.5334821
INFO:root:59072
INFO:root:Change direction
INFO:root:-0.5689803
INFO:root:59062
INFO:root:Over
INFO:root:Scan update ends at: [0.13104999999999997, 0.22524999999999995, 139.2970499999998, 2, 0.5, 0]
INFO:root:X change: 1; Y change: 1
INFO:root:Z optim starts at (pos then loss): [0.13104999999999997, 0.22524999999999995, 139.2970499999998, 2, 0.5, 0]
INFO:root:-0.5142284
INFO:root:[0.13104999999999997, 0.22524999999999995, 139.2985499999998, 2, 0.5, 0]
INFO:root:-0.5201656
INFO:root:[0.13104999999999997, 0.22524999999999995, 139.2976499999998, 2, 0.5, 0]
INFO:root:-0.49316865
INFO:root:[0.13104999999999997, 0.22524999999999995, 139.2982499999998, 2, 0.5, 0]
INFO:root:-0.53153
INFO:root:[0.13104999999999997, 0.22524999999999995, 139.2974499999998, 2, 0.5, 0]
INFO:root:Z optim ends at: [0.13104999999999997, 0.22524999999999995, 139.2974499999998, 2, 0.5, 0]
INFO:root:Change to Final_adjust
INFO:root:Scan update starts at: [0.13104999999999997, 0.22524999999999995, 139.2974499999998, 2, 0.5, 0]
INFO:root:Start Tcounts: [47613, 59069, -21869, 20674, 74569, -39459]
INFO:root:Start Xstep (loss then pos)
INFO:root:-0.5024851
INFO:root:47613
INFO:root:-0.6203402
INFO:root:47617
INFO:root:Change direction
INFO:root:-0.5258975
INFO:root:47607
INFO:root:-0.6019624
INFO:root:47603
INFO:root:Over
INFO:root:Start Ystep (loss then pos)
INFO:root:-0.5166239
INFO:root:59069
INFO:root:-0.5191268499999999
INFO:root:59065
INFO:root:Change direction
INFO:root:-0.6022457
INFO:root:59075
INFO:root:Over
INFO:root:Scan update ends at: [0.13084999999999997, 0.22529999999999994, 139.2974499999998, 2, 0.5, 0]
INFO:root:X change: -4; Y change: 1
INFO:root:Z optim starts at (pos then loss): [0.13084999999999997, 0.22529999999999994, 139.2974499999998, 2, 0.5, 0]
INFO:root:-0.4900852
INFO:root:[0.13084999999999997, 0.22529999999999994, 139.2989499999998, 2, 0.5, 0]
INFO:root:-0.4654437
INFO:root:[0.13084999999999997, 0.22529999999999994, 139.30044999999978, 2, 0.5, 0]
INFO:root:-0.44249905
INFO:root:[0.13084999999999997, 0.22529999999999994, 139.30194999999978, 2, 0.5, 0]
INFO:root:-0.4512083
INFO:root:[0.13084999999999997, 0.22529999999999994, 139.30024999999978, 2, 0.5, 0]
INFO:root:Z optim ends at: [0.13084999999999997, 0.22529999999999994, 139.30024999999978, 2, 0.5, 0]
INFO:root:Change to Final_adjust
INFO:root:Scan update starts at: [0.13084999999999997, 0.22529999999999994, 139.30024999999978, 2, 0.5, 0]
INFO:root:Start Tcounts: [47696, 59072, -21826, 20743, 74620, -39536]
INFO:root:Start Xstep (loss then pos)
INFO:root:-0.4476171
INFO:root:47696
INFO:root:-0.44139915
INFO:root:47692
INFO:root:-0.5597626
INFO:root:47688
INFO:root:Over
INFO:root:Start Ystep (loss then pos)
INFO:root:-0.4132473
INFO:root:59072
INFO:root:-0.44100894999999996
INFO:root:59076
INFO:root:Change direction
INFO:root:-0.5018487
INFO:root:59066
INFO:root:Over
INFO:root:Scan update ends at: [0.13074999999999998, 0.22534999999999994, 139.30024999999978, 2, 0.5, 0]
INFO:root:X change: -2; Y change: 1
INFO:root:Z optim starts at (pos then loss): [0.13074999999999998, 0.22534999999999994, 139.30024999999978, 2, 0.5, 0]
INFO:root:-0.4181896
INFO:root:[0.13074999999999998, 0.22534999999999994, 139.30174999999977, 2, 0.5, 0]
INFO:root:-0.39819795
INFO:root:[0.13074999999999998, 0.22534999999999994, 139.30324999999976, 2, 0.5, 0]
INFO:root:-0.3841289
INFO:root:[0.13074999999999998, 0.22534999999999994, 139.30474999999976, 2, 0.5, 0]
INFO:root:-0.4053013
INFO:root:[0.13074999999999998, 0.22534999999999994, 139.30304999999976, 2, 0.5, 0]
INFO:root:Z optim ends at: [0.13074999999999998, 0.22534999999999994, 139.30304999999976, 2, 0.5, 0]
INFO:root:Change to Final_adjust
INFO:root:Scan update starts at: [0.13074999999999998, 0.22534999999999994, 139.30304999999976, 2, 0.5, 0]
INFO:root:Start Tcounts: [47780, 59075, -21786, 20811, 74668, -39612]
INFO:root:Start Xstep (loss then pos)
INFO:root:-0.4008145
INFO:root:47780
INFO:root:-0.4296549
INFO:root:47776
INFO:root:Change direction
INFO:root:-0.3866864
INFO:root:47786
INFO:root:-0.4017214
INFO:root:47790
INFO:root:Over
INFO:root:Start Ystep (loss then pos)
INFO:root:-0.3668903
INFO:root:59075
INFO:root:-0.43632845
INFO:root:59071
INFO:root:Change direction
INFO:root:-0.4032261
INFO:root:59081
INFO:root:-0.43199089999999996
INFO:root:59085
INFO:root:Over
INFO:root:Scan update ends at: [0.13094999999999998, 0.22554999999999994, 139.30304999999976, 2, 0.5, 0]
INFO:root:X change: 4; Y change: 4
INFO:root:Z optim starts at (pos then loss): [0.13094999999999998, 0.22554999999999994, 139.30304999999976, 2, 0.5, 0]
INFO:root:-0.36151675
INFO:root:[0.13094999999999998, 0.22554999999999994, 139.30454999999975, 2, 0.5, 0]
INFO:root:-0.3937192
INFO:root:[0.13094999999999998, 0.22554999999999994, 139.30364999999975, 2, 0.5, 0]
INFO:root:-0.3692042
INFO:root:[0.13094999999999998, 0.22554999999999994, 139.30328999999975, 2, 0.5, 0]
INFO:root:-0.4038487
INFO:root:Z step is too small
INFO:root:Scan update starts at: [0.13094999999999998, 0.22554999999999994, 139.30304999999976, 2, 0.5, 0]
INFO:root:Start Tcounts: [47784, 59079, -21790, 20815, 74664, -39608]
INFO:root:Start Xstep (loss then pos)
INFO:root:-0.39035644999999997
INFO:root:47784
INFO:root:-0.3778086
INFO:root:47788
INFO:root:-0.5052592499999999
INFO:root:47792
INFO:root:Over
INFO:root:Start Ystep (loss then pos)
INFO:root:-0.3701571
INFO:root:59079
INFO:root:-0.4736625
INFO:root:59083
INFO:root:Change direction
INFO:root:-0.39062725
INFO:root:59073
INFO:root:-0.43294715
INFO:root:59069
INFO:root:Over
INFO:root:Scan update ends at: [0.13104999999999997, 0.22534999999999994, 139.30304999999976, 2, 0.5, 0]
INFO:root:X change: 2; Y change: -4
