INFO:root:[-0.3, -0.1, 138, 2, 0.5, 0]
INFO:root:Scan update starts at: [-0.3, -0.1, 138, 2, 0.5, 0]
INFO:root:Start Tcounts: [215, 51658, -30499, -16225, 62420, -11249]
INFO:root:-25.64241
INFO:root:Monitor start (loss then pos)
INFO:root:-25.64241
INFO:root:215
INFO:root:-25.81271
INFO:root:214
INFO:root:-25.81271
INFO:root:214
INFO:root:-25.81418
INFO:root:214
INFO:root:-25.814095000000002
INFO:root:215
INFO:root:-25.81401
INFO:root:203
INFO:root:-25.809275
INFO:root:184
INFO:root:-25.80454
INFO:root:167
INFO:root:-25.67917
INFO:root:150
INFO:root:-25.53511
INFO:root:134
INFO:root:-25.44381
INFO:root:114
INFO:root:-25.35251
INFO:root:95
INFO:root:-25.23051
INFO:root:71
INFO:root:-25.10851
INFO:root:44
INFO:root:-24.78537
INFO:root:16
INFO:root:-24.36472
INFO:root:-84
INFO:root:-23.48421
INFO:root:-131
INFO:root:-23.275930000000002
INFO:root:-164
INFO:root:-23.06765
INFO:root:-198
INFO:root:-22.7447
INFO:root:-229
INFO:root:-22.63393
INFO:root:-260
INFO:root:-22.52316
INFO:root:-289
INFO:root:-22.412
INFO:root:-321
INFO:root:-22.457855
INFO:root:-458
INFO:root:-22.67381
INFO:root:-507
INFO:root:-22.89739
INFO:root:-537
INFO:root:-23.13664
INFO:root:-567
INFO:root:x scan done: has max
INFO:root:-22.40339
INFO:root:Monitor start (loss then pos)
INFO:root:-22.40339
INFO:root:51658
INFO:root:-22.40537
INFO:root:51657
INFO:root:-22.402135
INFO:root:51655
INFO:root:-22.3989
INFO:root:51644
INFO:root:-22.34367
INFO:root:51634
INFO:root:-22.28161
INFO:root:51622
INFO:root:-22.21955
INFO:root:51608
INFO:root:-22.0848
INFO:root:51592
INFO:root:-22.01237
INFO:root:51576
INFO:root:-21.93994
INFO:root:51554
INFO:root:-21.8074
INFO:root:51531
INFO:root:-21.761115
INFO:root:51507
INFO:root:-21.71483
INFO:root:51479
INFO:root:-21.69115
INFO:root:51450
INFO:root:-21.848875
INFO:root:51349
INFO:root:-22.36606
INFO:root:51305
INFO:root:-22.58886
INFO:root:51275
INFO:root:-22.81166
INFO:root:51244
INFO:root:y scan done: has max
INFO:root:Scan update ends at: [-0.3252, -0.10895, 138, 2, 0.5, 0]
INFO:root:X change: -504; Y change: -179
INFO:root:Z optim starts at (pos then loss): [-0.3252, -0.10895, 138, 2, 0.5, 0]
INFO:root:-21.7184
INFO:root:[-0.3252, -0.10895, 138.0651, 2, 0.5, 0]
INFO:root:-21.07446
INFO:root:[-0.3252, -0.10895, 138.1302, 2, 0.5, 0]
INFO:root:-20.51383
INFO:root:[-0.3252, -0.10895, 138.1953, 2, 0.5, 0]
INFO:root:-20.2689
INFO:root:[-0.3252, -0.10895, 138.2604, 2, 0.5, 0]
INFO:root:-20.31561
INFO:root:[-0.3252, -0.10895, 138.1953, 2, 0.5, 0]
INFO:root:Z optim ends at: [-0.3252, -0.10895, 138.1953, 2, 0.5, 0]
INFO:root:Scan update starts at: [-0.3252, -0.10895, 138.1953, 2, 0.5, 0]
INFO:root:Start Tcounts: [5391, 51615, -27462, -11940, 65965, -16505]
INFO:root:-20.3909
INFO:root:Monitor start (loss then pos)
INFO:root:-20.3909
INFO:root:5391
INFO:root:-20.39582
INFO:root:5390
INFO:root:-20.38731
INFO:root:5391
INFO:root:-20.378394999999998
INFO:root:5395
INFO:root:-20.36948
INFO:root:5375
INFO:root:-20.30093
INFO:root:5357
INFO:root:-20.23826
INFO:root:5341
INFO:root:-20.17559
INFO:root:5325
INFO:root:-20.08024
INFO:root:5307
INFO:root:-20.048845
INFO:root:5286
INFO:root:-20.01745
INFO:root:5264
INFO:root:-19.99444
INFO:root:5239
INFO:root:-20.012735
INFO:root:5212
INFO:root:-20.03103
INFO:root:5183
INFO:root:-20.14278
INFO:root:5151
INFO:root:-20.59437
INFO:root:5038
INFO:root:-20.89571
INFO:root:4990
INFO:root:x scan done: has max
INFO:root:-19.998
INFO:root:Monitor start (loss then pos)
INFO:root:-19.998
INFO:root:51615
INFO:root:-19.99036
INFO:root:51615
INFO:root:-19.990125
INFO:root:51615
INFO:root:-19.98989
INFO:root:51614
INFO:root:-20.00284
INFO:root:51596
INFO:root:-20.030445
INFO:root:51580
INFO:root:-20.05805
INFO:root:51566
INFO:root:-20.18955
INFO:root:51551
INFO:root:-20.28727
INFO:root:51535
INFO:root:-20.70712
INFO:root:51462
INFO:root:y scan done: decreasing
INFO:root:Monitor start (loss then pos)
INFO:root:-20.70712
INFO:root:51535
INFO:root:-20.68841
INFO:root:51535
INFO:root:-20.63418
INFO:root:51538
INFO:root:-20.63418
INFO:root:51544
INFO:root:-20.58026
INFO:root:51552
INFO:root:-20.52933
INFO:root:51563
INFO:root:-20.4784
INFO:root:51575
INFO:root:-20.33766
INFO:root:51587
INFO:root:-20.25804
INFO:root:51602
INFO:root:-20.17842
INFO:root:51619
INFO:root:-20.02984
INFO:root:51638
INFO:root:-19.979934999999998
INFO:root:51658
INFO:root:-19.93003
INFO:root:51683
INFO:root:-20.05819
INFO:root:51771
INFO:root:-20.194454999999998
INFO:root:51812
INFO:root:-20.520899999999997
INFO:root:51846
INFO:root:y scan done: has max
INFO:root:Scan update ends at: [-0.33155, -0.1068, 138.1953, 2, 0.5, 0]
INFO:root:X change: -127; Y change: 43
INFO:root:Z optim starts at (pos then loss): [-0.33155, -0.1068, 138.1953, 2, 0.5, 0]
INFO:root:-19.919565
INFO:root:[-0.33155, -0.1068, 138.255, 2, 0.5, 0]
INFO:root:-19.50096
INFO:root:[-0.33155, -0.1068, 138.3147, 2, 0.5, 0]
INFO:root:-19.24098
INFO:root:[-0.33155, -0.1068, 138.37439999999998, 2, 0.5, 0]
INFO:root:-18.84619
INFO:root:[-0.33155, -0.1068, 138.43409999999997, 2, 0.5, 0]
INFO:root:-18.49333
INFO:root:[-0.33155, -0.1068, 138.49379999999996, 2, 0.5, 0]
INFO:root:-18.7273
INFO:root:[-0.33155, -0.1068, 138.43409999999997, 2, 0.5, 0]
INFO:root:Z optim ends at: [-0.33155, -0.1068, 138.43409999999997, 2, 0.5, 0]
INFO:root:Scan update starts at: [-0.33155, -0.1068, 138.43409999999997, 2, 0.5, 0]
INFO:root:Start Tcounts: [12282, 51825, -24208, -6386, 69850, -22739]
INFO:root:-18.59568
INFO:root:Monitor start (loss then pos)
INFO:root:-18.59568
INFO:root:12282
INFO:root:-18.67897
INFO:root:12281
INFO:root:-18.69026
INFO:root:12282
INFO:root:-18.69189
INFO:root:12286
INFO:root:-18.67672
INFO:root:12257
INFO:root:-18.65992
INFO:root:12238
INFO:root:-18.39879
INFO:root:12221
INFO:root:-18.316175
INFO:root:12203
INFO:root:-18.23356
INFO:root:12184
INFO:root:-17.87048
INFO:root:12072
INFO:root:-17.69743
INFO:root:12031
INFO:root:-17.62211
INFO:root:11990
INFO:root:-17.54679
INFO:root:11961
INFO:root:-17.57254
INFO:root:11927
INFO:root:-17.73442
INFO:root:11895
INFO:root:-17.8963
INFO:root:11865
INFO:root:-18.50977
INFO:root:11835
INFO:root:x scan done: has max
INFO:root:-17.599944999999998
INFO:root:Monitor start (loss then pos)
INFO:root:-17.599944999999998
INFO:root:51825
INFO:root:-17.55107
INFO:root:51824
INFO:root:-17.50726
INFO:root:51858
INFO:root:-17.4088
INFO:root:51875
INFO:root:-17.29249
INFO:root:51891
INFO:root:-17.26219
INFO:root:51910
INFO:root:-17.23189
INFO:root:51931
INFO:root:-17.23546
INFO:root:51954
INFO:root:-17.282925
INFO:root:51978
INFO:root:-17.33039
INFO:root:52004
INFO:root:-17.55024
INFO:root:52033
INFO:root:-17.55024
INFO:root:52061
INFO:root:-17.9023
INFO:root:52092
INFO:root:-18.124775
INFO:root:52123
INFO:root:y scan done: has max
INFO:root:Scan update ends at: [-0.34615, -0.10255, 138.43409999999997, 2, 0.5, 0]
INFO:root:X change: -292; Y change: 85
INFO:root:Z optim starts at (pos then loss): [-0.34615, -0.10255, 138.43409999999997, 2, 0.5, 0]
INFO:root:-17.23141
INFO:root:[-0.34615, -0.10255, 138.48569999999998, 2, 0.5, 0]
INFO:root:-16.48038
INFO:root:[-0.34615, -0.10255, 138.5373, 2, 0.5, 0]
INFO:root:-15.68403
INFO:root:[-0.34615, -0.10255, 138.5889, 2, 0.5, 0]
INFO:root:-14.970089999999999
INFO:root:[-0.34615, -0.10255, 138.6405, 2, 0.5, 0]
INFO:root:-14.004815
INFO:root:[-0.34615, -0.10255, 138.6921, 2, 0.5, 0]
INFO:root:-13.91876
INFO:root:[-0.34615, -0.10255, 138.6405, 2, 0.5, 0]
INFO:root:Z optim ends at: [-0.34615, -0.10255, 138.6405, 2, 0.5, 0]
INFO:root:Scan update starts at: [-0.34615, -0.10255, 138.6405, 2, 0.5, 0]
INFO:root:Start Tcounts: [18123, 52054, -21186, -1491, 73426, -28143]
INFO:root:-14.05873
INFO:root:Monitor start (loss then pos)
INFO:root:-14.05873
INFO:root:18123
INFO:root:-14.11581
INFO:root:18123
INFO:root:-14.13503
INFO:root:18123
INFO:root:-14.13827
INFO:root:18123
INFO:root:-14.066189999999999
INFO:root:18068
INFO:root:-13.78274
INFO:root:18040
INFO:root:-13.74108
INFO:root:18021
INFO:root:-13.69942
INFO:root:17999
INFO:root:-13.72614
INFO:root:17976
INFO:root:-13.811309999999999
INFO:root:17949
INFO:root:-13.89648
INFO:root:17924
INFO:root:-14.27617
INFO:root:17897
INFO:root:-14.27617
INFO:root:17864
INFO:root:-15.01718
INFO:root:17834
INFO:root:x scan done: has max
INFO:root:-13.72933
INFO:root:Monitor start (loss then pos)
INFO:root:-13.72933
INFO:root:52054
INFO:root:-13.71471
INFO:root:52052
INFO:root:-13.68002
INFO:root:52075
INFO:root:-13.62256
INFO:root:52094
INFO:root:-13.59421
INFO:root:52109
INFO:root:-13.56586
INFO:root:52125
INFO:root:-13.53751
INFO:root:52147
INFO:root:-13.547059999999998
INFO:root:52168
INFO:root:-13.55661
INFO:root:52191
INFO:root:-13.65811
INFO:root:52217
INFO:root:-13.776585
INFO:root:52243
INFO:root:-13.89506
INFO:root:52269
INFO:root:-14.125105000000001
INFO:root:52299
INFO:root:y scan done: has max
INFO:root:Scan update ends at: [-0.35125, -0.099, 138.6405, 2, 0.5, 0]
INFO:root:X change: -102; Y change: 71
INFO:root:Z optim starts at (pos then loss): [-0.35125, -0.099, 138.6405, 2, 0.5, 0]
INFO:root:-13.539885
INFO:root:[-0.35125, -0.099, 138.681, 2, 0.5, 0]
INFO:root:-12.52957
INFO:root:[-0.35125, -0.099, 138.72150000000002, 2, 0.5, 0]
INFO:root:-11.43064
INFO:root:[-0.35125, -0.099, 138.76200000000003, 2, 0.5, 0]
INFO:root:-10.67756
INFO:root:[-0.35125, -0.099, 138.80250000000004, 2, 0.5, 0]
INFO:root:-9.900141000000001
INFO:root:[-0.35125, -0.099, 138.84300000000005, 2, 0.5, 0]
INFO:root:-12.75366
INFO:root:[-0.35125, -0.099, 138.80250000000004, 2, 0.5, 0]
INFO:root:Z optim ends at: [-0.35125, -0.099, 138.80250000000004, 2, 0.5, 0]
INFO:root:Scan update starts at: [-0.35125, -0.099, 138.80250000000004, 2, 0.5, 0]
INFO:root:Start Tcounts: [22879, 52238, -18923, 2387, 76130, -32421]
INFO:root:-10.142725
INFO:root:Monitor start (loss then pos)
INFO:root:-10.142725
INFO:root:22879
INFO:root:-10.361805
INFO:root:22876
INFO:root:-10.42427
INFO:root:22877
INFO:root:-10.45185
INFO:root:22861
INFO:root:-10.44991
INFO:root:22841
INFO:root:-9.694686
INFO:root:22794
INFO:root:-9.566205
INFO:root:22774
INFO:root:-9.566205
INFO:root:22753
INFO:root:-9.737636
INFO:root:22730
INFO:root:-10.061933
INFO:root:22706
INFO:root:x scan done: has max
INFO:root:-9.717112499999999
INFO:root:Monitor start (loss then pos)
INFO:root:-9.717112499999999
INFO:root:52238
INFO:root:-9.595837
INFO:root:52237
INFO:root:-9.565778
INFO:root:52237
INFO:root:-9.5606035
INFO:root:52248
INFO:root:-9.501821
INFO:root:52265
INFO:root:-8.949892
INFO:root:52282
INFO:root:-8.568583499999999
INFO:root:52337
INFO:root:-8.189608
INFO:root:52362
INFO:root:-8.191941
INFO:root:52385
INFO:root:-8.656056
INFO:root:52418
INFO:root:-9.2410265
INFO:root:52448
INFO:root:y scan done: has max
INFO:root:Scan update ends at: [-0.3555, -0.09405000000000001, 138.80250000000004, 2, 0.5, 0]
INFO:root:X change: -85; Y change: 99
INFO:root:Z optim starts at (pos then loss): [-0.3555, -0.09405000000000001, 138.80250000000004, 2, 0.5, 0]
INFO:root:-8.216876
INFO:root:[-0.3555, -0.09405000000000001, 138.82710000000003, 2, 0.5, 0]
INFO:root:-7.201347999999999
INFO:root:[-0.3555, -0.09405000000000001, 138.85170000000002, 2, 0.5, 0]
INFO:root:-6.272672
INFO:root:[-0.3555, -0.09405000000000001, 138.87630000000001, 2, 0.5, 0]
INFO:root:-6.681031
INFO:root:[-0.3555, -0.09405000000000001, 138.85170000000002, 2, 0.5, 0]
INFO:root:Z optim ends at: [-0.3555, -0.09405000000000001, 138.85170000000002, 2, 0.5, 0]
INFO:root:Scan update starts at: [-0.3555, -0.09405000000000001, 138.85170000000002, 2, 0.5, 0]
INFO:root:Start Tcounts: [24277, 52372, -18179, 3647, 77010, -33651]
INFO:root:-6.291615999999999
INFO:root:Monitor start (loss then pos)
INFO:root:-6.291615999999999
INFO:root:24277
INFO:root:-6.307392
INFO:root:24276
INFO:root:-6.365017
INFO:root:24277
INFO:root:-6.355981
INFO:root:24279
INFO:root:-6.2246185
INFO:root:24224
INFO:root:-5.781976
INFO:root:24203
INFO:root:-5.8926514999999995
INFO:root:24182
INFO:root:-6.4015745
INFO:root:24152
INFO:root:x scan done: has max
INFO:root:-5.9357915
INFO:root:Monitor start (loss then pos)
INFO:root:-5.9357915
INFO:root:52372
INFO:root:-5.843557
INFO:root:52371
INFO:root:-5.830681
INFO:root:52371
INFO:root:-5.829670500000001
INFO:root:52371
INFO:root:-5.82866
INFO:root:52379
INFO:root:-5.860615
INFO:root:52394
INFO:root:-5.860615
INFO:root:52414
INFO:root:-6.2665
INFO:root:52431
INFO:root:-8.389585
INFO:root:52495
INFO:root:y scan done: has max
INFO:root:Scan update ends at: [-0.35814999999999997, -0.0941, 138.85170000000002, 2, 0.5, 0]
INFO:root:X change: -53; Y change: -1
INFO:root:Z optim starts at (pos then loss): [-0.35814999999999997, -0.0941, 138.85170000000002, 2, 0.5, 0]
INFO:root:-5.870643
INFO:root:[-0.35814999999999997, -0.0941, 138.8694, 2, 0.5, 0]
INFO:root:-4.840719
INFO:root:[-0.35814999999999997, -0.0941, 138.8871, 2, 0.5, 0]
INFO:root:-3.978874
INFO:root:[-0.35814999999999997, -0.0941, 138.9048, 2, 0.5, 0]
INFO:root:-4.377008
INFO:root:[-0.35814999999999997, -0.0941, 138.8871, 2, 0.5, 0]
INFO:root:Z optim ends at: [-0.35814999999999997, -0.0941, 138.8871, 2, 0.5, 0]
INFO:root:Scan update starts at: [-0.35814999999999997, -0.0941, 138.8871, 2, 0.5, 0]
INFO:root:Start Tcounts: [25293, 52395, -17651, 4483, 77636, -34609]
INFO:root:Start Xstep (loss then pos)
INFO:root:-4.271822
INFO:root:25293
INFO:root:-3.967139
INFO:root:25283
INFO:root:-3.763265
INFO:root:25273
INFO:root:-3.734067
INFO:root:25263
INFO:root:-3.8412509999999997
INFO:root:25253
INFO:root:Over
INFO:root:Start Ystep (loss then pos)
INFO:root:-3.7466255000000004
INFO:root:52395
INFO:root:-3.970407
INFO:root:52405
INFO:root:Change direction
INFO:root:-3.651823
INFO:root:52385
INFO:root:-3.707599
INFO:root:52375
INFO:root:Over
INFO:root:Scan update ends at: [-0.35964999999999997, -0.0946, 138.8871, 2, 0.5, 0]
INFO:root:X change: -30; Y change: -10
INFO:root:Z optim starts at (pos then loss): [-0.35964999999999997, -0.0946, 138.8871, 2, 0.5, 0]
INFO:root:-3.656804
INFO:root:[-0.35964999999999997, -0.0946, 138.89006, 2, 0.5, 0]
INFO:root:-4.036551
INFO:root:[-0.35964999999999997, -0.0946, 138.888284, 2, 0.5, 0]
INFO:root:-3.6936555
INFO:root:[-0.35964999999999997, -0.0946, 138.8875736, 2, 0.5, 0]
INFO:root:-3.661854
INFO:root:Z step is too small
INFO:root:Change to Final_adjust(Z optim failed once)
INFO:root:Scan update starts at: [-0.35964999999999997, -0.0946, 138.8871, 2, 0.5, 0]
INFO:root:Start Tcounts: [25263, 52385, -17621, 4473, 77666, -34619]
INFO:root:Start Xstep (loss then pos)
INFO:root:-3.641066
INFO:root:25263
INFO:root:-3.68596
INFO:root:25259
INFO:root:-3.692278
INFO:root:25255
INFO:root:Over
INFO:root:Start Ystep (loss then pos)
INFO:root:-3.654548
INFO:root:52385
INFO:root:-3.663706
INFO:root:52381
INFO:root:-3.691043
INFO:root:52377
INFO:root:-3.726382
INFO:root:52373
INFO:root:Over
INFO:root:Scan update ends at: [-0.35984999999999995, -0.095, 138.8871, 2, 0.5, 0]
INFO:root:X change: -4; Y change: -8
INFO:root:Z optim starts at (pos then loss): [-0.35984999999999995, -0.095, 138.8871, 2, 0.5, 0]
INFO:root:-3.67896
INFO:root:[-0.35984999999999995, -0.095, 138.89006, 2, 0.5, 0]
INFO:root:-3.5196300000000003
INFO:root:[-0.35984999999999995, -0.095, 138.89302, 2, 0.5, 0]
INFO:root:-3.3353824999999997
INFO:root:[-0.35984999999999995, -0.095, 138.89598, 2, 0.5, 0]
INFO:root:-3.1647
INFO:root:[-0.35984999999999995, -0.095, 138.89894, 2, 0.5, 0]
INFO:root:-2.999397
INFO:root:[-0.35984999999999995, -0.095, 138.9019, 2, 0.5, 0]
INFO:root:-2.850561
INFO:root:[-0.35984999999999995, -0.095, 138.90486, 2, 0.5, 0]
INFO:root:-2.666152
INFO:root:[-0.35984999999999995, -0.095, 138.90782000000002, 2, 0.5, 0]
INFO:root:-2.5506159999999998
INFO:root:[-0.35984999999999995, -0.095, 138.91078000000002, 2, 0.5, 0]
INFO:root:-2.384673
INFO:root:[-0.35984999999999995, -0.095, 138.91374000000002, 2, 0.5, 0]
INFO:root:-2.3409044999999997
INFO:root:[-0.35984999999999995, -0.095, 138.91670000000002, 2, 0.5, 0]
INFO:root:-2.228608
INFO:root:[-0.35984999999999995, -0.095, 138.91966000000002, 2, 0.5, 0]
INFO:root:-2.215363
INFO:root:[-0.35984999999999995, -0.095, 138.91670000000002, 2, 0.5, 0]
INFO:root:Z optim ends at: [-0.35984999999999995, -0.095, 138.91670000000002, 2, 0.5, 0]
INFO:root:Scan update starts at: [-0.35984999999999995, -0.095, 138.91670000000002, 2, 0.5, 0]
INFO:root:Start Tcounts: [26155, 52398, -17219, 5166, 78150, -35430]
INFO:root:Start Xstep (loss then pos)
INFO:root:-2.305142
INFO:root:26155
INFO:root:-2.0721410000000002
INFO:root:26151
INFO:root:-1.97533
INFO:root:26147
INFO:root:-1.8970539999999998
INFO:root:26143
INFO:root:-1.827379
INFO:root:26139
INFO:root:-1.818096
INFO:root:26135
INFO:root:-1.822834
INFO:root:26131
INFO:root:-1.864715
INFO:root:26127
INFO:root:Over
INFO:root:Start Ystep (loss then pos)
INFO:root:-1.787819
INFO:root:52398
INFO:root:-1.939095
INFO:root:52394
INFO:root:Change direction
INFO:root:-1.737205
INFO:root:52402
INFO:root:-1.724446
INFO:root:52406
INFO:root:-1.7328915
INFO:root:52410
INFO:root:-1.761899
INFO:root:52414
INFO:root:Over
INFO:root:Scan update ends at: [-0.3610499999999999, -0.0944, 138.91670000000002, 2, 0.5, 0]
INFO:root:X change: -24; Y change: 12
INFO:root:Change to Final_adjust
INFO:root:Z optim starts at (pos then loss): [-0.3610499999999999, -0.0944, 138.91670000000002, 2, 0.5, 0]
INFO:root:-1.7186565
INFO:root:[-0.3610499999999999, -0.0944, 138.91806000000003, 2, 0.5, 0]
INFO:root:-1.63121
INFO:root:[-0.3610499999999999, -0.0944, 138.91942000000003, 2, 0.5, 0]
INFO:root:-1.5425495
INFO:root:[-0.3610499999999999, -0.0944, 138.92078000000004, 2, 0.5, 0]
INFO:root:-1.459659
INFO:root:[-0.3610499999999999, -0.0944, 138.92214000000004, 2, 0.5, 0]
INFO:root:-1.3713359999999999
INFO:root:[-0.3610499999999999, -0.0944, 138.92350000000005, 2, 0.5, 0]
INFO:root:-1.295896
INFO:root:[-0.3610499999999999, -0.0944, 138.92486000000005, 2, 0.5, 0]
INFO:root:-1.218838
INFO:root:[-0.3610499999999999, -0.0944, 138.92622000000006, 2, 0.5, 0]
INFO:root:-1.158237
INFO:root:[-0.3610499999999999, -0.0944, 138.92758000000006, 2, 0.5, 0]
INFO:root:-1.090064
INFO:root:[-0.3610499999999999, -0.0944, 138.92894000000007, 2, 0.5, 0]
INFO:root:-1.033528
INFO:root:[-0.3610499999999999, -0.0944, 138.93030000000007, 2, 0.5, 0]
INFO:root:-1.0009428
INFO:root:[-0.3610499999999999, -0.0944, 138.93166000000008, 2, 0.5, 0]
INFO:root:-0.9455521
INFO:root:[-0.3610499999999999, -0.0944, 138.93302000000008, 2, 0.5, 0]
INFO:root:-0.9246271
INFO:root:[-0.3610499999999999, -0.0944, 138.9343800000001, 2, 0.5, 0]
INFO:root:-0.8886742000000001
INFO:root:[-0.3610499999999999, -0.0944, 138.9357400000001, 2, 0.5, 0]
INFO:root:-0.88204875
INFO:root:[-0.3610499999999999, -0.0944, 138.9371000000001, 2, 0.5, 0]
INFO:root:-0.8917042
INFO:root:[-0.3610499999999999, -0.0944, 138.9357400000001, 2, 0.5, 0]
INFO:root:Z optim ends at: [-0.3610499999999999, -0.0944, 138.9357400000001, 2, 0.5, 0]
INFO:root:Scan update starts at: [-0.3610499999999999, -0.0944, 138.9357400000001, 2, 0.5, 0]
INFO:root:Start Tcounts: [26708, 52423, -16938, 5630, 78483, -35934]
INFO:root:Start Xstep (loss then pos)
INFO:root:-0.79762855
INFO:root:26708
INFO:root:-0.7257005
INFO:root:26704
INFO:root:-0.6295923
INFO:root:26700
INFO:root:-0.617125
INFO:root:26696
INFO:root:-0.5906165
INFO:root:26692
INFO:root:-0.6169602
INFO:root:26688
INFO:root:Over
INFO:root:Start Ystep (loss then pos)
INFO:root:-0.5855003
INFO:root:52423
INFO:root:-0.621486
INFO:root:52427
INFO:root:Change direction
INFO:root:-0.6399869
INFO:root:52419
INFO:root:Over
INFO:root:Scan update ends at: [-0.36184999999999995, -0.09435, 138.9357400000001, 2, 0.5, 0]
INFO:root:X change: -16; Y change: 1
INFO:root:Change to Final_adjust
INFO:root:Z optim starts at (pos then loss): [-0.36184999999999995, -0.09435, 138.9357400000001, 2, 0.5, 0]
INFO:root:-0.5995337
INFO:root:[-0.36184999999999995, -0.09435, 138.93624000000008, 2, 0.5, 0]
INFO:root:-0.5639459
INFO:root:[-0.36184999999999995, -0.09435, 138.93674000000007, 2, 0.5, 0]
INFO:root:-0.5365283
INFO:root:[-0.36184999999999995, -0.09435, 138.93724000000006, 2, 0.5, 0]
INFO:root:-0.5152408
INFO:root:[-0.36184999999999995, -0.09435, 138.93774000000005, 2, 0.5, 0]
INFO:root:-0.49357965000000004
INFO:root:[-0.36184999999999995, -0.09435, 138.93824000000004, 2, 0.5, 0]
INFO:root:-0.4739501
INFO:root:[-0.36184999999999995, -0.09435, 138.93874000000002, 2, 0.5, 0]
INFO:root:-0.4534381
INFO:root:[-0.36184999999999995, -0.09435, 138.93924, 2, 0.5, 0]
INFO:root:-0.4407322
INFO:root:[-0.36184999999999995, -0.09435, 138.93974, 2, 0.5, 0]
INFO:root:-0.4230069
INFO:root:[-0.36184999999999995, -0.09435, 138.94024, 2, 0.5, 0]
INFO:root:-0.4085197
INFO:root:[-0.36184999999999995, -0.09435, 138.94073999999998, 2, 0.5, 0]
INFO:root:-0.3945206
INFO:root:[-0.36184999999999995, -0.09435, 138.94123999999996, 2, 0.5, 0]
INFO:root:-0.3820906
INFO:root:[-0.36184999999999995, -0.09435, 138.94173999999995, 2, 0.5, 0]
INFO:root:-0.3751656
INFO:root:[-0.36184999999999995, -0.09435, 138.94223999999994, 2, 0.5, 0]
INFO:root:-0.3728866
INFO:root:[-0.36184999999999995, -0.09435, 138.94173999999995, 2, 0.5, 0]
INFO:root:Z optim ends at: [-0.36184999999999995, -0.09435, 138.94173999999995, 2, 0.5, 0]
INFO:root:Scan update starts at: [-0.36184999999999995, -0.09435, 138.94173999999995, 2, 0.5, 0]
INFO:root:Start Tcounts: [26873, 52429, -16842, 5773, 78596, -36096]
INFO:root:Start Xstep (loss then pos)
INFO:root:-0.3566673
INFO:root:26873
INFO:root:-0.3566909
INFO:root:26869
INFO:root:-0.3727956
INFO:root:26865
INFO:root:Over
INFO:root:Start Ystep (loss then pos)
INFO:root:-0.3486432
INFO:root:52429
INFO:root:-0.4272036
INFO:root:52425
INFO:root:Change direction
INFO:root:-0.3921665
INFO:root:52433
INFO:root:-0.4393985
INFO:root:52437
INFO:root:Over
INFO:root:Scan update ends at: [-0.3620499999999999, -0.09415, 138.94173999999995, 2, 0.5, 0]
INFO:root:X change: -4; Y change: 4
INFO:root:Change to Final_adjust
INFO:root:Z optim starts at (pos then loss): [-0.3620499999999999, -0.09415, 138.94173999999995, 2, 0.5, 0]
INFO:root:-0.34601885
INFO:root:[-0.3620499999999999, -0.09415, 138.94223999999994, 2, 0.5, 0]
INFO:root:-0.3758506
INFO:root:[-0.3620499999999999, -0.09415, 138.94193999999996, 2, 0.5, 0]
INFO:root:-0.34874605000000003
INFO:root:Z step is too small
INFO:root:Scan update starts at: [-0.3620499999999999, -0.09415, 138.94173999999995, 2, 0.5, 0]
INFO:root:Start Tcounts: [26869, 52433, -16838, 5777, 78600, -36092]
INFO:root:Start Xstep (loss then pos)
INFO:root:-0.34540475000000004
INFO:root:26869
INFO:root:-0.40294145000000003
INFO:root:26865
INFO:root:Change direction
INFO:root:-0.404601
INFO:root:26873
INFO:root:-0.51399
INFO:root:26877
INFO:root:Over
INFO:root:Start Ystep (loss then pos)
INFO:root:-0.3639337
INFO:root:52433
INFO:root:-0.4351647
INFO:root:52437
INFO:root:Change direction
INFO:root:-0.3902537
INFO:root:52429
INFO:root:-0.4481158
INFO:root:52425
INFO:root:Over
INFO:root:Scan update ends at: [-0.36184999999999995, -0.09435, 138.94173999999995, 2, 0.5, 0]
INFO:root:X change: 4; Y change: -4
