INFO:root:[-0.3, -0.1, 138, 2, 0.6, 0]
INFO:root:Scan update starts at: [-0.3, -0.1, 138, 2, 0.6, 0]
INFO:root:Start Tcounts: [1780, 51658, -28476, -18111, 64535, -9168]
INFO:root:-26.260044999999998
INFO:root:Monitor start (loss then pos)
INFO:root:-26.260044999999998
INFO:root:1780
INFO:root:-26.16532
INFO:root:1779
INFO:root:-26.16618
INFO:root:1779
INFO:root:-26.16704
INFO:root:1779
INFO:root:-26.16845
INFO:root:1744
INFO:root:-26.00377
INFO:root:1699
INFO:root:-25.88818
INFO:root:1681
INFO:root:-25.88818
INFO:root:1661
INFO:root:-25.74491
INFO:root:1636
INFO:root:-25.643545
INFO:root:1611
INFO:root:-25.54218
INFO:root:1585
INFO:root:-24.50109
INFO:root:1443
INFO:root:-24.05515
INFO:root:1399
INFO:root:-23.847855000000003
INFO:root:1368
INFO:root:-23.64056
INFO:root:1335
INFO:root:-23.28201
INFO:root:1303
INFO:root:-23.145895
INFO:root:1268
INFO:root:-23.00978
INFO:root:1235
INFO:root:-22.83032
INFO:root:1202
INFO:root:-22.787375
INFO:root:1168
INFO:root:-22.74443
INFO:root:1136
INFO:root:-22.75657
INFO:root:1102
INFO:root:-22.80295
INFO:root:1069
INFO:root:-22.84933
INFO:root:1036
INFO:root:-23.00927
INFO:root:1003
INFO:root:-23.41757
INFO:root:897
INFO:root:x scan done: has max
INFO:root:-22.75529
INFO:root:Monitor start (loss then pos)
INFO:root:-22.75529
INFO:root:51658
INFO:root:-22.75315
INFO:root:51658
INFO:root:-22.75251
INFO:root:51658
INFO:root:-22.75187
INFO:root:51650
INFO:root:-22.74245
INFO:root:51638
INFO:root:-22.678605
INFO:root:51625
INFO:root:-22.61476
INFO:root:51612
INFO:root:-22.41666
INFO:root:51596
INFO:root:-22.331319999999998
INFO:root:51578
INFO:root:-22.24598
INFO:root:51558
INFO:root:-22.07547
INFO:root:51536
INFO:root:-21.961305
INFO:root:51453
INFO:root:-21.85396
INFO:root:51418
INFO:root:-21.86078
INFO:root:51384
INFO:root:-22.00625
INFO:root:51350
INFO:root:-22.15124
INFO:root:51318
INFO:root:-22.29623
INFO:root:51285
INFO:root:-22.70167
INFO:root:51252
INFO:root:-22.933120000000002
INFO:root:51218
INFO:root:-23.16457
INFO:root:51184
INFO:root:y scan done: has max
INFO:root:Scan update ends at: [-0.3306, -0.11025, 138, 2, 0.6, 0]
INFO:root:X change: -612; Y change: -205
INFO:root:Z optim starts at (pos then loss): [-0.3306, -0.11025, 138, 2, 0.6, 0]
INFO:root:-21.87542
INFO:root:[-0.3306, -0.11025, 138.0657, 2, 0.6, 0]
INFO:root:-21.11745
INFO:root:[-0.3306, -0.11025, 138.13139999999999, 2, 0.6, 0]
INFO:root:-20.50689
INFO:root:[-0.3306, -0.11025, 138.19709999999998, 2, 0.6, 0]
INFO:root:-20.20102
INFO:root:[-0.3306, -0.11025, 138.26279999999997, 2, 0.6, 0]
INFO:root:-20.05431
INFO:root:[-0.3306, -0.11025, 138.19709999999998, 2, 0.6, 0]
INFO:root:Z optim ends at: [-0.3306, -0.11025, 138.19709999999998, 2, 0.6, 0]
INFO:root:Scan update starts at: [-0.3306, -0.11025, 138.19709999999998, 2, 0.6, 0]
INFO:root:Start Tcounts: [6925, 51590, -25307, -13822, 68215, -14484]
INFO:root:-20.36311
INFO:root:Monitor start (loss then pos)
INFO:root:-20.36311
INFO:root:6925
INFO:root:-20.330225
INFO:root:6924
INFO:root:-20.319029999999998
INFO:root:6924
INFO:root:-20.30866
INFO:root:6928
INFO:root:-20.27097
INFO:root:6898
INFO:root:-20.225454999999997
INFO:root:6880
INFO:root:-20.17994
INFO:root:6864
INFO:root:-20.0833
INFO:root:6846
INFO:root:-20.055455000000002
INFO:root:6827
INFO:root:-20.02761
INFO:root:6804
INFO:root:-20.01119
INFO:root:6782
INFO:root:-20.031235
INFO:root:6756
INFO:root:-20.05128
INFO:root:6731
INFO:root:-20.1679
INFO:root:6703
INFO:root:-20.60025
INFO:root:6594
INFO:root:-20.90261
INFO:root:6545
INFO:root:x scan done: has max
INFO:root:-20.04118
INFO:root:Monitor start (loss then pos)
INFO:root:-20.04118
INFO:root:51590
INFO:root:-20.02746
INFO:root:51589
INFO:root:-20.02548
INFO:root:51589
INFO:root:-20.0235
INFO:root:51589
INFO:root:-20.04013
INFO:root:51577
INFO:root:-20.076655000000002
INFO:root:51561
INFO:root:-20.11318
INFO:root:51546
INFO:root:-20.27318
INFO:root:51529
INFO:root:-20.3786
INFO:root:51512
INFO:root:-20.821235
INFO:root:51441
INFO:root:y scan done: decreasing
INFO:root:Monitor start (loss then pos)
INFO:root:-20.821235
INFO:root:51512
INFO:root:-20.814680000000003
INFO:root:51512
INFO:root:-20.72688
INFO:root:51514
INFO:root:-20.6836
INFO:root:51520
INFO:root:-20.645035
INFO:root:51527
INFO:root:-20.60647
INFO:root:51537
INFO:root:-20.48241
INFO:root:51550
INFO:root:-20.402135
INFO:root:51563
INFO:root:-20.32186
INFO:root:51578
INFO:root:-20.14899
INFO:root:51596
INFO:root:-20.073805
INFO:root:51619
INFO:root:-19.99862
INFO:root:51642
INFO:root:-19.90997
INFO:root:51664
INFO:root:-20.09994
INFO:root:51767
INFO:root:-20.39465
INFO:root:51816
INFO:root:-20.589714999999998
INFO:root:51848
INFO:root:-20.78478
INFO:root:51882
INFO:root:y scan done: has max
INFO:root:Scan update ends at: [-0.33665, -0.10765, 138.19709999999998, 2, 0.6, 0]
INFO:root:X change: -121; Y change: 52
INFO:root:Z optim starts at (pos then loss): [-0.33665, -0.10765, 138.19709999999998, 2, 0.6, 0]
INFO:root:-19.90126
INFO:root:[-0.33665, -0.10765, 138.25679999999997, 2, 0.6, 0]
INFO:root:-19.44313
INFO:root:[-0.33665, -0.10765, 138.31649999999996, 2, 0.6, 0]
INFO:root:-19.00222
INFO:root:[-0.33665, -0.10765, 138.37619999999995, 2, 0.6, 0]
INFO:root:-18.69051
INFO:root:[-0.33665, -0.10765, 138.43589999999995, 2, 0.6, 0]
INFO:root:-18.165405
INFO:root:[-0.33665, -0.10765, 138.49559999999994, 2, 0.6, 0]
INFO:root:-18.21812
INFO:root:[-0.33665, -0.10765, 138.43589999999995, 2, 0.6, 0]
INFO:root:Z optim ends at: [-0.33665, -0.10765, 138.43589999999995, 2, 0.6, 0]
INFO:root:Scan update starts at: [-0.33665, -0.10765, 138.43589999999995, 2, 0.6, 0]
INFO:root:Start Tcounts: [13854, 51809, -22058, -8273, 72093, -20694]
INFO:root:-18.23516
INFO:root:Monitor start (loss then pos)
INFO:root:-18.23516
INFO:root:13854
INFO:root:-18.245365
INFO:root:13854
INFO:root:-18.25557
INFO:root:13854
INFO:root:-18.26369
INFO:root:13855
INFO:root:-18.263984999999998
INFO:root:13861
INFO:root:-18.26428
INFO:root:13834
INFO:root:-18.24815
INFO:root:13817
INFO:root:-18.195025
INFO:root:13802
INFO:root:-18.1419
INFO:root:13787
INFO:root:-18.089685
INFO:root:13770
INFO:root:-18.03747
INFO:root:13751
INFO:root:-17.94755
INFO:root:13729
INFO:root:-17.891585
INFO:root:13705
INFO:root:-17.83562
INFO:root:13678
INFO:root:-17.69179
INFO:root:13648
INFO:root:-17.54024
INFO:root:13547
INFO:root:-17.66412
INFO:root:13510
INFO:root:-17.788
INFO:root:13476
INFO:root:-18.33205
INFO:root:13442
INFO:root:x scan done: has max
INFO:root:-17.4914
INFO:root:Monitor start (loss then pos)
INFO:root:-17.4914
INFO:root:51809
INFO:root:-17.49413
INFO:root:51808
INFO:root:-17.49376
INFO:root:51812
INFO:root:-17.49339
INFO:root:51820
INFO:root:-17.46349
INFO:root:51830
INFO:root:-17.4265
INFO:root:51842
INFO:root:-17.38951
INFO:root:51856
INFO:root:-17.29495
INFO:root:51872
INFO:root:-17.2483
INFO:root:51933
INFO:root:-17.30842
INFO:root:51966
INFO:root:-17.385935000000003
INFO:root:51992
INFO:root:-17.46345
INFO:root:52021
INFO:root:-17.591655000000003
INFO:root:52053
INFO:root:-17.71986
INFO:root:52087
INFO:root:-18.0765
INFO:root:52120
INFO:root:y scan done: has max
INFO:root:Scan update ends at: [-0.34695, -0.1045, 138.43589999999995, 2, 0.6, 0]
INFO:root:X change: -206; Y change: 63
INFO:root:Z optim starts at (pos then loss): [-0.34695, -0.1045, 138.43589999999995, 2, 0.6, 0]
INFO:root:-17.24173
INFO:root:[-0.34695, -0.1045, 138.48749999999995, 2, 0.6, 0]
INFO:root:-16.62799
INFO:root:[-0.34695, -0.1045, 138.53909999999996, 2, 0.6, 0]
INFO:root:-15.85141
INFO:root:[-0.34695, -0.1045, 138.59069999999997, 2, 0.6, 0]
INFO:root:-15.40961
INFO:root:[-0.34695, -0.1045, 138.64229999999998, 2, 0.6, 0]
INFO:root:-14.615545000000001
INFO:root:[-0.34695, -0.1045, 138.69389999999999, 2, 0.6, 0]
INFO:root:-14.60166
INFO:root:[-0.34695, -0.1045, 138.64229999999998, 2, 0.6, 0]
INFO:root:Z optim ends at: [-0.34695, -0.1045, 138.64229999999998, 2, 0.6, 0]
INFO:root:Scan update starts at: [-0.34695, -0.1045, 138.64229999999998, 2, 0.6, 0]
INFO:root:Start Tcounts: [19808, 52016, -19122, -3413, 75583, -26105]
INFO:root:-14.73186
INFO:root:Monitor start (loss then pos)
INFO:root:-14.73186
INFO:root:19808
INFO:root:-14.77997
INFO:root:19808
INFO:root:-14.78823
INFO:root:19808
INFO:root:-14.79649
INFO:root:19808
INFO:root:-14.80333
INFO:root:19808
INFO:root:-14.80285
INFO:root:19787
INFO:root:-14.4387
INFO:root:19734
INFO:root:-14.195545
INFO:root:19703
INFO:root:-14.09171
INFO:root:19681
INFO:root:-13.96341
INFO:root:19658
INFO:root:-13.971535
INFO:root:19633
INFO:root:-13.97966
INFO:root:19606
INFO:root:-14.21707
INFO:root:19575
INFO:root:-14.496815
INFO:root:19543
INFO:root:x scan done: has max
INFO:root:-13.93625
INFO:root:Monitor start (loss then pos)
INFO:root:-13.93625
INFO:root:52016
INFO:root:-13.91507
INFO:root:52014
INFO:root:-13.90962
INFO:root:52016
INFO:root:-13.89931
INFO:root:52026
INFO:root:-13.737605
INFO:root:52065
INFO:root:-13.60951
INFO:root:52089
INFO:root:-13.520444999999999
INFO:root:52115
INFO:root:-13.48725
INFO:root:52135
INFO:root:-13.48054
INFO:root:52159
INFO:root:-13.48054
INFO:root:52185
INFO:root:-13.56984
INFO:root:52214
INFO:root:-13.68946
INFO:root:52246
INFO:root:-14.050425
INFO:root:52278
INFO:root:y scan done: has max
INFO:root:Scan update ends at: [-0.3533, -0.09855, 138.64229999999998, 2, 0.6, 0]
INFO:root:X change: -127; Y change: 119
INFO:root:Z optim starts at (pos then loss): [-0.3533, -0.09855, 138.64229999999998, 2, 0.6, 0]
INFO:root:-13.5123
INFO:root:[-0.3533, -0.09855, 138.6828, 2, 0.6, 0]
INFO:root:-12.44186
INFO:root:[-0.3533, -0.09855, 138.7233, 2, 0.6, 0]
INFO:root:-11.22765
INFO:root:[-0.3533, -0.09855, 138.7638, 2, 0.6, 0]
INFO:root:-11.123635
INFO:root:[-0.3533, -0.09855, 138.7233, 2, 0.6, 0]
INFO:root:Z optim ends at: [-0.3533, -0.09855, 138.7233, 2, 0.6, 0]
INFO:root:Scan update starts at: [-0.3533, -0.09855, 138.7233, 2, 0.6, 0]
INFO:root:Start Tcounts: [22115, 52192, -17917, -1399, 77008, -28151]
INFO:root:-11.18677
INFO:root:Monitor start (loss then pos)
INFO:root:-11.18677
INFO:root:22115
INFO:root:-11.26546
INFO:root:22114
INFO:root:-11.26546
INFO:root:22114
INFO:root:-11.28356
INFO:root:22098
INFO:root:-11.28201
INFO:root:22071
INFO:root:-11.15522
INFO:root:22050
INFO:root:-11.14041
INFO:root:22032
INFO:root:-11.220514999999999
INFO:root:22012
INFO:root:-11.30062
INFO:root:21989
INFO:root:-11.65403
INFO:root:21966
INFO:root:-11.96559
INFO:root:21938
INFO:root:x scan done: decreasing
INFO:root:Monitor start (loss then pos)
INFO:root:-11.96559
INFO:root:21966
INFO:root:-12.481215
INFO:root:21968
INFO:root:-12.32896
INFO:root:21973
INFO:root:-12.21086
INFO:root:21980
INFO:root:-12.126305
INFO:root:21989
INFO:root:-11.55471
INFO:root:22030
INFO:root:-11.55471
INFO:root:22053
INFO:root:-11.31225
INFO:root:22076
INFO:root:-11.14892
INFO:root:22098
INFO:root:-11.154395000000001
INFO:root:22123
INFO:root:-11.15987
INFO:root:22151
INFO:root:-11.47528
INFO:root:22180
INFO:root:-11.866995
INFO:root:22212
INFO:root:x scan done: has max
INFO:root:-11.14351
INFO:root:Monitor start (loss then pos)
INFO:root:-11.14351
INFO:root:52192
INFO:root:-11.11559
INFO:root:52193
INFO:root:-11.11525
INFO:root:52196
INFO:root:-11.11551
INFO:root:52205
INFO:root:-11.19653
INFO:root:52242
INFO:root:-11.280185
INFO:root:52261
INFO:root:-11.36384
INFO:root:52280
INFO:root:-11.679
INFO:root:52301
INFO:root:y scan done: decreasing
INFO:root:Monitor start (loss then pos)
INFO:root:-11.679
INFO:root:52280
INFO:root:-12.097995000000001
INFO:root:52279
INFO:root:-11.95679
INFO:root:52277
INFO:root:-11.87883
INFO:root:52271
INFO:root:-11.820170000000001
INFO:root:52263
INFO:root:-11.76151
INFO:root:52253
INFO:root:-11.58601
INFO:root:52240
INFO:root:-11.484964999999999
INFO:root:52226
INFO:root:-11.38392
INFO:root:52209
INFO:root:-11.16513
INFO:root:52142
INFO:root:-11.20287
INFO:root:52115
INFO:root:-11.366495
INFO:root:52087
INFO:root:-11.53012
INFO:root:52056
INFO:root:y scan done: has max
INFO:root:Scan update ends at: [-0.35525, -0.0977, 138.7233, 2, 0.6, 0]
INFO:root:X change: -39; Y change: 17
INFO:root:Z optim starts at (pos then loss): [-0.35525, -0.0977, 138.7233, 2, 0.6, 0]
INFO:root:-11.12601
INFO:root:[-0.35525, -0.0977, 138.7566, 2, 0.6, 0]
INFO:root:-10.13541
INFO:root:[-0.35525, -0.0977, 138.7899, 2, 0.6, 0]
INFO:root:-9.455168
INFO:root:[-0.35525, -0.0977, 138.82319999999999, 2, 0.6, 0]
INFO:root:-9.891372
INFO:root:[-0.35525, -0.0977, 138.7899, 2, 0.6, 0]
INFO:root:Z optim ends at: [-0.35525, -0.0977, 138.7899, 2, 0.6, 0]
INFO:root:Scan update starts at: [-0.35525, -0.0977, 138.7899, 2, 0.6, 0]
INFO:root:Start Tcounts: [24086, 52256, -16988, 181, 78118, -29920]
INFO:root:-9.723142
INFO:root:Monitor start (loss then pos)
INFO:root:-9.723142
INFO:root:24086
INFO:root:-9.7069745
INFO:root:24086
INFO:root:-9.690807
INFO:root:24093
INFO:root:-9.715286
INFO:root:24100
INFO:root:-9.715286
INFO:root:24110
INFO:root:-10.08006
INFO:root:24122
INFO:root:-12.03402
INFO:root:24175
INFO:root:x scan done: decreasing
INFO:root:Monitor start (loss then pos)
INFO:root:-12.03402
INFO:root:24122
INFO:root:-11.70727
INFO:root:24121
INFO:root:-11.2277
INFO:root:24118
INFO:root:-11.137465
INFO:root:24112
INFO:root:-11.04723
INFO:root:24104
INFO:root:-10.67279
INFO:root:24094
INFO:root:-10.418805
INFO:root:24082
INFO:root:-10.16482
INFO:root:24067
INFO:root:-9.587158
INFO:root:24051
INFO:root:-9.326326
INFO:root:24032
INFO:root:-9.065494
INFO:root:24011
INFO:root:-8.725205
INFO:root:23988
INFO:root:-9.222654
INFO:root:23902
INFO:root:-10.35774
INFO:root:23847
INFO:root:x scan done: has max
INFO:root:-8.713166
INFO:root:Monitor start (loss then pos)
INFO:root:-8.713166
INFO:root:52256
INFO:root:-8.656032
INFO:root:52256
INFO:root:-8.652224
INFO:root:52256
INFO:root:-8.656863
INFO:root:52254
INFO:root:-8.6893005
INFO:root:52236
INFO:root:-8.721738
INFO:root:52220
INFO:root:-8.869869000000001
INFO:root:52203
INFO:root:-9.2565715
INFO:root:52185
INFO:root:y scan done: decreasing
INFO:root:Monitor start (loss then pos)
INFO:root:-9.2565715
INFO:root:52203
INFO:root:-9.77571
INFO:root:52203
INFO:root:-9.482757
INFO:root:52206
INFO:root:-9.4177875
INFO:root:52212
INFO:root:-9.352818
INFO:root:52221
INFO:root:-9.166429
INFO:root:52231
INFO:root:-9.046001
INFO:root:52244
INFO:root:-8.925573
INFO:root:52259
INFO:root:-8.709188
INFO:root:52276
INFO:root:-8.665279
INFO:root:52295
INFO:root:-8.62137
INFO:root:52317
INFO:root:-8.805531
INFO:root:52341
INFO:root:-9.123489
INFO:root:52368
INFO:root:-9.441447
INFO:root:52395
INFO:root:y scan done: has max
INFO:root:Scan update ends at: [-0.359, -0.09575, 138.7899, 2, 0.6, 0]
INFO:root:X change: -75; Y change: 39
INFO:root:Z optim starts at (pos then loss): [-0.359, -0.09575, 138.7899, 2, 0.6, 0]
INFO:root:-8.753349499999999
INFO:root:[-0.359, -0.09575, 138.81629999999998, 2, 0.6, 0]
INFO:root:-7.654556
INFO:root:[-0.359, -0.09575, 138.84269999999998, 2, 0.6, 0]
INFO:root:-6.507203
INFO:root:[-0.359, -0.09575, 138.86909999999997, 2, 0.6, 0]
INFO:root:-6.398794
INFO:root:[-0.359, -0.09575, 138.89549999999997, 2, 0.6, 0]
INFO:root:-6.795673
INFO:root:[-0.359, -0.09575, 138.86909999999997, 2, 0.6, 0]
INFO:root:Z optim ends at: [-0.359, -0.09575, 138.86909999999997, 2, 0.6, 0]
INFO:root:Scan update starts at: [-0.359, -0.09575, 138.86909999999997, 2, 0.6, 0]
INFO:root:Start Tcounts: [26409, 52350, -15852, 2085, 79471, -32014]
INFO:root:-6.899683
INFO:root:Monitor start (loss then pos)
INFO:root:-6.899683
INFO:root:26409
INFO:root:-6.58664
INFO:root:26408
INFO:root:-6.5096975
INFO:root:26408
INFO:root:-6.432755
INFO:root:26410
INFO:root:-6.123192
INFO:root:26394
INFO:root:-5.811021500000001
INFO:root:26372
INFO:root:-5.498851
INFO:root:26356
INFO:root:-4.832048
INFO:root:26339
INFO:root:-4.790565
INFO:root:26320
INFO:root:-5.811728499999999
INFO:root:26246
INFO:root:-6.874375
INFO:root:26216
INFO:root:x scan done: has max
INFO:root:-4.753984
INFO:root:Monitor start (loss then pos)
INFO:root:-4.753984
INFO:root:52350
INFO:root:-4.699245
INFO:root:52349
INFO:root:-4.694995
INFO:root:52349
INFO:root:-4.6933915
INFO:root:52355
INFO:root:-4.691788
INFO:root:52370
INFO:root:-4.793644
INFO:root:52384
INFO:root:-4.9902774999999995
INFO:root:52399
INFO:root:y scan done: has max
INFO:root:Scan update ends at: [-0.3625, -0.0955, 138.86909999999997, 2, 0.6, 0]
INFO:root:X change: -70; Y change: 5
INFO:root:Z optim starts at (pos then loss): [-0.3625, -0.0955, 138.86909999999997, 2, 0.6, 0]
INFO:root:-4.692488
INFO:root:[-0.3625, -0.0955, 138.8832, 2, 0.6, 0]
INFO:root:-3.92243
INFO:root:[-0.3625, -0.0955, 138.8973, 2, 0.6, 0]
INFO:root:-3.612767
INFO:root:[-0.3625, -0.0955, 138.91140000000001, 2, 0.6, 0]
INFO:root:-3.3091855
INFO:root:[-0.3625, -0.0955, 138.92550000000003, 2, 0.6, 0]
INFO:root:-2.0475399999999997
INFO:root:[-0.3625, -0.0955, 138.93960000000004, 2, 0.6, 0]
INFO:root:-3.552861
INFO:root:[-0.3625, -0.0955, 138.92550000000003, 2, 0.6, 0]
INFO:root:Z optim ends at: [-0.3625, -0.0955, 138.92550000000003, 2, 0.6, 0]
INFO:root:Scan update starts at: [-0.3625, -0.0955, 138.92550000000003, 2, 0.6, 0]
INFO:root:Start Tcounts: [28052, 52394, -15023, 3423, 80455, -33534]
INFO:root:Start Xstep (loss then pos)
INFO:root:-2.23598
INFO:root:28052
INFO:root:-1.79596
INFO:root:28042
INFO:root:-1.187216
INFO:root:28032
INFO:root:-1.117776
INFO:root:28022
INFO:root:-1.162875
INFO:root:28012
INFO:root:Over
INFO:root:Start Ystep (loss then pos)
INFO:root:-1.089147
INFO:root:52394
INFO:root:-1.1109345
INFO:root:52404
INFO:root:Change direction
INFO:root:-1.365192
INFO:root:52384
INFO:root:Over
INFO:root:Scan update ends at: [-0.364, -0.09545000000000001, 138.92550000000003, 2, 0.6, 0]
INFO:root:X change: -30; Y change: 1
INFO:root:Change to Final_adjust
INFO:root:Z optim starts at (pos then loss): [-0.364, -0.09545000000000001, 138.92550000000003, 2, 0.6, 0]
INFO:root:-1.096631
INFO:root:[-0.364, -0.09545000000000001, 138.92600000000002, 2, 0.6, 0]
INFO:root:-1.097591
INFO:root:[-0.364, -0.09545000000000001, 138.92570000000003, 2, 0.6, 0]
INFO:root:-1.0443835
INFO:root:[-0.364, -0.09545000000000001, 138.92590000000004, 2, 0.6, 0]
INFO:root:-1.109699
INFO:root:Z step is too small
INFO:root:Scan update starts at: [-0.364, -0.09545000000000001, 138.92550000000003, 2, 0.6, 0]
INFO:root:Start Tcounts: [28022, 52395, -14993, 3424, 80485, -33533]
INFO:root:Start Xstep (loss then pos)
INFO:root:-1.100757
INFO:root:28022
INFO:root:-1.065428
INFO:root:28018
INFO:root:-1.106038
INFO:root:28014
INFO:root:Over
INFO:root:Start Ystep (loss then pos)
INFO:root:-1.0478844999999999
INFO:root:52395
INFO:root:-1.111408
INFO:root:52391
INFO:root:Change direction
INFO:root:-1.029065
INFO:root:52399
INFO:root:-1.055598
INFO:root:52403
INFO:root:Over
INFO:root:Scan update ends at: [-0.36419999999999997, -0.09525, 138.92550000000003, 2, 0.6, 0]
INFO:root:X change: -4; Y change: 4
