INFO:root:[-0.3, -0.02, 138.6, 2, 0.5, 0]
INFO:root:Scan update starts at: [-0.3, -0.02, 138.6, 2, 0.5, 0]
INFO:root:Start Tcounts: [17838, 53677, -22647, -787, 71856, -25410]
INFO:root:-45.41021
INFO:root:Monitor start (loss then pos)
INFO:root:-45.41021
INFO:root:17838
INFO:root:-45.42395
INFO:root:17837
INFO:root:-45.40966
INFO:root:17823
INFO:root:-45.47631
INFO:root:17807
INFO:root:-45.67441
INFO:root:17793
INFO:root:-45.842245000000005
INFO:root:17779
INFO:root:-46.01008
INFO:root:17764
INFO:root:-46.28515
INFO:root:17747
INFO:root:-46.56022
INFO:root:17728
INFO:root:-47.47699
INFO:root:17703
INFO:root:-48.083600000000004
INFO:root:17679
INFO:root:-50.799350000000004
INFO:root:17576
INFO:root:x scan done: decreasing
INFO:root:Monitor start (loss then pos)
INFO:root:-50.799350000000004
INFO:root:17679
INFO:root:-51.02952
INFO:root:17678
INFO:root:-50.92323
INFO:root:17681
INFO:root:-50.75704
INFO:root:17687
INFO:root:-50.588405
INFO:root:17694
INFO:root:-50.41977
INFO:root:17702
INFO:root:-49.91131
INFO:root:17713
INFO:root:-49.91131
INFO:root:17726
INFO:root:-49.04977
INFO:root:17740
INFO:root:-48.563770000000005
INFO:root:17755
INFO:root:-48.07777
INFO:root:17773
INFO:root:-48.07777
INFO:root:17793
INFO:root:-46.55004
INFO:root:17814
INFO:root:-45.4516
INFO:root:17905
INFO:root:-45.4791
INFO:root:17940
INFO:root:-45.77592
INFO:root:17971
INFO:root:-46.07274
INFO:root:18006
INFO:root:-47.09441
INFO:root:18044
INFO:root:-47.61426
INFO:root:18074
INFO:root:-48.13411
INFO:root:18104
INFO:root:-48.65318
INFO:root:18135
INFO:root:-49.17225
INFO:root:18164
INFO:root:-49.711045
INFO:root:18193
INFO:root:x scan done: has max
INFO:root:-45.53423
INFO:root:Monitor start (loss then pos)
INFO:root:-45.53423
INFO:root:53677
INFO:root:-45.5843
INFO:root:53677
INFO:root:-45.568615
INFO:root:53654
INFO:root:-45.027315
INFO:root:53643
INFO:root:-44.5017
INFO:root:53630
INFO:root:-43.34551
INFO:root:53616
INFO:root:-43.34551
INFO:root:53600
INFO:root:-43.20745
INFO:root:53583
INFO:root:-43.516194999999996
INFO:root:53564
INFO:root:-43.82494
INFO:root:53543
INFO:root:-43.15621
INFO:root:53519
INFO:root:-41.651655000000005
INFO:root:53493
INFO:root:-40.1471
INFO:root:53467
INFO:root:-40.1471
INFO:root:53437
INFO:root:-40.1471
INFO:root:53407
INFO:root:-36.21253
INFO:root:53377
INFO:root:-34.86728
INFO:root:53348
INFO:root:-33.52203
INFO:root:53319
INFO:root:-32.248605
INFO:root:53289
INFO:root:-28.354215000000003
INFO:root:53142
INFO:root:-23.51217
INFO:root:53094
INFO:root:-22.75792
INFO:root:53063
INFO:root:-22.00367
INFO:root:53032
INFO:root:-20.71053
INFO:root:53001
INFO:root:-20.029925
INFO:root:52971
INFO:root:-19.34932
INFO:root:52943
INFO:root:-18.09649
INFO:root:52912
INFO:root:-18.09649
INFO:root:52883
INFO:root:-17.403475
INFO:root:52853
INFO:root:-16.71046
INFO:root:52824
INFO:root:-16.362920000000003
INFO:root:52794
INFO:root:-16.01538
INFO:root:52763
INFO:root:-15.57767
INFO:root:52734
INFO:root:-15.46074
INFO:root:52704
INFO:root:-15.34381
INFO:root:52675
INFO:root:-15.72397
INFO:root:52525
INFO:root:-16.19084
INFO:root:52493
INFO:root:y scan done: has max
INFO:root:Scan update ends at: [-0.30119999999999997, -0.06865, 138.6, 2, 0.5, 0]
INFO:root:X change: -24; Y change: -973
INFO:root:Z optim starts at (pos then loss): [-0.30119999999999997, -0.06865, 138.6, 2, 0.5, 0]
INFO:root:-15.214414999999999
INFO:root:[-0.30119999999999997, -0.06865, 138.6456, 2, 0.5, 0]
INFO:root:-14.30095
INFO:root:[-0.30119999999999997, -0.06865, 138.6912, 2, 0.5, 0]
INFO:root:-13.25498
INFO:root:[-0.30119999999999997, -0.06865, 138.73680000000002, 2, 0.5, 0]
INFO:root:-12.23588
INFO:root:[-0.30119999999999997, -0.06865, 138.78240000000002, 2, 0.5, 0]
INFO:root:-11.75243
INFO:root:[-0.30119999999999997, -0.06865, 138.82800000000003, 2, 0.5, 0]
INFO:root:-11.69532
INFO:root:[-0.30119999999999997, -0.06865, 138.78240000000002, 2, 0.5, 0]
INFO:root:Z optim ends at: [-0.30119999999999997, -0.06865, 138.78240000000002, 2, 0.5, 0]
INFO:root:Scan update starts at: [-0.30119999999999997, -0.06865, 138.78240000000002, 2, 0.5, 0]
INFO:root:Start Tcounts: [23275, 52831, -20193, 2520, 74805, -31273]
INFO:root:-11.64837
INFO:root:Monitor start (loss then pos)
INFO:root:-11.64837
INFO:root:23275
INFO:root:-11.66023
INFO:root:23275
INFO:root:-11.67267
INFO:root:23281
INFO:root:-11.6838
INFO:root:23287
INFO:root:-11.69493
INFO:root:23295
INFO:root:-11.73528
INFO:root:23305
INFO:root:-11.785805
INFO:root:23316
INFO:root:-11.83633
INFO:root:23329
INFO:root:-12.26075
INFO:root:23346
INFO:root:x scan done: decreasing
INFO:root:Monitor start (loss then pos)
INFO:root:-12.26075
INFO:root:23329
INFO:root:-12.81056
INFO:root:23327
INFO:root:-12.73309
INFO:root:23321
INFO:root:-12.65562
INFO:root:23314
INFO:root:-12.48555
INFO:root:23306
INFO:root:-12.346745
INFO:root:23296
INFO:root:-12.20794
INFO:root:23284
INFO:root:-12.049975
INFO:root:23270
INFO:root:-11.89201
INFO:root:23254
INFO:root:-11.61585
INFO:root:23234
INFO:root:-11.5326
INFO:root:23214
INFO:root:-11.44935
INFO:root:23194
INFO:root:-11.48678
INFO:root:23171
INFO:root:-11.667860000000001
INFO:root:23146
INFO:root:-11.84894
INFO:root:23114
INFO:root:x scan done: has max
INFO:root:-11.47332
INFO:root:Monitor start (loss then pos)
INFO:root:-11.47332
INFO:root:52831
INFO:root:-11.46118
INFO:root:52830
INFO:root:-11.45787
INFO:root:52830
INFO:root:-11.489745
INFO:root:52830
INFO:root:-11.52162
INFO:root:52815
INFO:root:-11.679925
INFO:root:52799
INFO:root:-11.83823
INFO:root:52786
INFO:root:y scan done: decreasing
INFO:root:Monitor start (loss then pos)
INFO:root:-11.83823
INFO:root:52799
INFO:root:-12.60961
INFO:root:52797
INFO:root:-12.451365
INFO:root:52801
INFO:root:-12.29312
INFO:root:52806
INFO:root:-12.08887
INFO:root:52812
INFO:root:-11.948509999999999
INFO:root:52821
INFO:root:-11.427595
INFO:root:52866
INFO:root:-10.857885
INFO:root:52894
INFO:root:-10.66873
INFO:root:52915
INFO:root:-10.38879
INFO:root:52937
INFO:root:-10.38879
INFO:root:52960
INFO:root:-10.33276
INFO:root:52985
INFO:root:-10.505155
INFO:root:53011
INFO:root:-10.67755
INFO:root:53039
INFO:root:-11.12893
INFO:root:53069
INFO:root:y scan done: has max
INFO:root:Scan update ends at: [-0.30424999999999996, -0.062200000000000005, 138.78240000000002, 2, 0.5, 0]
INFO:root:X change: -61; Y change: 129
INFO:root:Z optim starts at (pos then loss): [-0.30424999999999996, -0.062200000000000005, 138.78240000000002, 2, 0.5, 0]
INFO:root:-10.521315000000001
INFO:root:[-0.30424999999999996, -0.062200000000000005, 138.81390000000002, 2, 0.5, 0]
INFO:root:-9.222278
INFO:root:[-0.30424999999999996, -0.062200000000000005, 138.8454, 2, 0.5, 0]
INFO:root:-8.141988
INFO:root:[-0.30424999999999996, -0.062200000000000005, 138.8769, 2, 0.5, 0]
INFO:root:-8.597695
INFO:root:[-0.30424999999999996, -0.062200000000000005, 138.8454, 2, 0.5, 0]
INFO:root:Z optim ends at: [-0.30424999999999996, -0.062200000000000005, 138.8454, 2, 0.5, 0]
INFO:root:Scan update starts at: [-0.30424999999999996, -0.062200000000000005, 138.8454, 2, 0.5, 0]
INFO:root:Start Tcounts: [25112, 53004, -19289, 4135, 75883, -32843]
INFO:root:-8.304675
INFO:root:Monitor start (loss then pos)
INFO:root:-8.304675
INFO:root:25112
INFO:root:-8.20628
INFO:root:25111
INFO:root:-8.205869
INFO:root:25115
INFO:root:-8.190594
INFO:root:25088
INFO:root:-8.084631
INFO:root:25070
INFO:root:-8.084631
INFO:root:25054
INFO:root:-7.869211
INFO:root:25038
INFO:root:-7.892733
INFO:root:25021
INFO:root:-7.916255
INFO:root:25001
INFO:root:-8.33958
INFO:root:24981
INFO:root:-8.33958
INFO:root:24958
INFO:root:-9.274281
INFO:root:24934
INFO:root:x scan done: has max
INFO:root:-8.0881715
INFO:root:Monitor start (loss then pos)
INFO:root:-8.0881715
INFO:root:53004
INFO:root:-7.892217
INFO:root:53003
INFO:root:-7.890387
INFO:root:53003
INFO:root:-8.008666999999999
INFO:root:53037
INFO:root:-8.123282
INFO:root:53050
INFO:root:y scan done: has max
INFO:root:Scan update ends at: [-0.30715, -0.06225000000000001, 138.8454, 2, 0.5, 0]
INFO:root:X change: -58; Y change: -1
INFO:root:Z optim starts at (pos then loss): [-0.30715, -0.06225000000000001, 138.8454, 2, 0.5, 0]
INFO:root:-7.903478
INFO:root:[-0.30715, -0.06225000000000001, 138.8691, 2, 0.5, 0]
INFO:root:-6.815582
INFO:root:[-0.30715, -0.06225000000000001, 138.8928, 2, 0.5, 0]
INFO:root:-6.4966985
INFO:root:[-0.30715, -0.06225000000000001, 138.91649999999998, 2, 0.5, 0]
INFO:root:-7.26651
INFO:root:[-0.30715, -0.06225000000000001, 138.8928, 2, 0.5, 0]
INFO:root:Z optim ends at: [-0.30715, -0.06225000000000001, 138.8928, 2, 0.5, 0]
INFO:root:Scan update starts at: [-0.30715, -0.06225000000000001, 138.8928, 2, 0.5, 0]
INFO:root:Start Tcounts: [26485, 53036, -18594, 5255, 76708, -34127]
INFO:root:-6.391399
INFO:root:Monitor start (loss then pos)
INFO:root:-6.391399
INFO:root:26485
INFO:root:-6.4242495
INFO:root:26484
INFO:root:-6.4571
INFO:root:26484
INFO:root:-6.457479
INFO:root:26484
INFO:root:-6.442764
INFO:root:26486
INFO:root:-6.428049
INFO:root:26473
INFO:root:-6.240835
INFO:root:26452
INFO:root:-6.240835
INFO:root:26436
INFO:root:-5.708412
INFO:root:26421
INFO:root:-5.713019
INFO:root:26405
INFO:root:-7.053602
INFO:root:26329
INFO:root:-7.769582
INFO:root:26305
INFO:root:x scan done: has max
INFO:root:-5.745838
INFO:root:Monitor start (loss then pos)
INFO:root:-5.745838
INFO:root:53036
INFO:root:-5.723322
INFO:root:53035
INFO:root:-5.700806
INFO:root:53035
INFO:root:-5.69698
INFO:root:53035
INFO:root:-5.69698
INFO:root:53042
INFO:root:-5.700603
INFO:root:53054
INFO:root:-5.8155795
INFO:root:53066
INFO:root:-5.930556
INFO:root:53079
INFO:root:-7.006861
INFO:root:53094
INFO:root:y scan done: decreasing
INFO:root:Monitor start (loss then pos)
INFO:root:-7.006861
INFO:root:53079
INFO:root:-7.655089
INFO:root:53074
INFO:root:-7.445031
INFO:root:53067
INFO:root:-7.01395
INFO:root:53058
INFO:root:-6.7262975
INFO:root:53048
INFO:root:-6.438645
INFO:root:53037
INFO:root:-6.1425125000000005
INFO:root:53023
INFO:root:-5.84638
INFO:root:53008
INFO:root:-5.431563
INFO:root:52992
INFO:root:-5.4311419999999995
INFO:root:52973
INFO:root:-5.430721
INFO:root:52952
INFO:root:-5.7889669999999995
INFO:root:52930
INFO:root:-6.147213
INFO:root:52906
INFO:root:y scan done: has max
INFO:root:Scan update ends at: [-0.3096, -0.06540000000000001, 138.8928, 2, 0.5, 0]
INFO:root:X change: -49; Y change: -63
INFO:root:Z optim starts at (pos then loss): [-0.3096, -0.06540000000000001, 138.8928, 2, 0.5, 0]
INFO:root:-5.914696
INFO:root:[-0.3096, -0.06540000000000001, 138.91049999999998, 2, 0.5, 0]
INFO:root:-5.1315265
INFO:root:[-0.3096, -0.06540000000000001, 138.92819999999998, 2, 0.5, 0]
INFO:root:-4.509645
INFO:root:[-0.3096, -0.06540000000000001, 138.94589999999997, 2, 0.5, 0]
INFO:root:-8.4674105
INFO:root:[-0.3096, -0.06540000000000001, 138.92819999999998, 2, 0.5, 0]
INFO:root:Z optim ends at: [-0.3096, -0.06540000000000001, 138.92819999999998, 2, 0.5, 0]
INFO:root:Scan update starts at: [-0.3096, -0.06540000000000001, 138.92819999999998, 2, 0.5, 0]
INFO:root:Start Tcounts: [27508, 52998, -18069, 6031, 77331, -35150]
INFO:root:Start Xstep (loss then pos)
INFO:root:-4.476769
INFO:root:27508
INFO:root:-4.471704
INFO:root:27498
INFO:root:-3.979304
INFO:root:27488
INFO:root:-3.891869
INFO:root:27478
INFO:root:-3.7935195
INFO:root:27468
INFO:root:-3.9517555
INFO:root:27458
INFO:root:Over
INFO:root:Start Ystep (loss then pos)
INFO:root:-3.755966
INFO:root:52998
INFO:root:-4.280075
INFO:root:52988
INFO:root:Change direction
INFO:root:-3.450017
INFO:root:53008
INFO:root:-3.280098
INFO:root:53018
INFO:root:-3.235939
INFO:root:53028
INFO:root:-3.313735
INFO:root:53038
INFO:root:Over
INFO:root:Scan update ends at: [-0.3116, -0.06390000000000001, 138.92819999999998, 2, 0.5, 0]
INFO:root:X change: -40; Y change: 30
INFO:root:Z optim starts at (pos then loss): [-0.3116, -0.06390000000000001, 138.92819999999998, 2, 0.5, 0]
INFO:root:-3.239525
INFO:root:[-0.3116, -0.06390000000000001, 138.93075999999996, 2, 0.5, 0]
INFO:root:-3.1295244999999996
INFO:root:[-0.3116, -0.06390000000000001, 138.93331999999995, 2, 0.5, 0]
INFO:root:-2.922438
INFO:root:[-0.3116, -0.06390000000000001, 138.93587999999994, 2, 0.5, 0]
INFO:root:-3.031772
INFO:root:[-0.3116, -0.06390000000000001, 138.93331999999995, 2, 0.5, 0]
INFO:root:Z optim ends at: [-0.3116, -0.06390000000000001, 138.93331999999995, 2, 0.5, 0]
INFO:root:Scan update starts at: [-0.3116, -0.06390000000000001, 138.93331999999995, 2, 0.5, 0]
INFO:root:Start Tcounts: [27623, 53032, -17960, 6182, 77454, -35259]
INFO:root:Start Xstep (loss then pos)
INFO:root:-2.917285
INFO:root:27623
INFO:root:-2.954145
INFO:root:27613
INFO:root:Change direction
INFO:root:-3.212699
INFO:root:27633
INFO:root:Over
INFO:root:Start Ystep (loss then pos)
INFO:root:-3.029132
INFO:root:53032
INFO:root:-2.991507
INFO:root:53042
INFO:root:-3.182693
INFO:root:53052
INFO:root:Over
INFO:root:Scan update ends at: [-0.31155, -0.06340000000000001, 138.93331999999995, 2, 0.5, 0]
INFO:root:X change: 1; Y change: 10
INFO:root:Z optim starts at (pos then loss): [-0.31155, -0.06340000000000001, 138.93331999999995, 2, 0.5, 0]
INFO:root:-2.987119
INFO:root:[-0.31155, -0.06340000000000001, 138.93571999999995, 2, 0.5, 0]
INFO:root:-2.818027
INFO:root:[-0.31155, -0.06340000000000001, 138.93811999999994, 2, 0.5, 0]
INFO:root:-2.71984
INFO:root:[-0.31155, -0.06340000000000001, 138.94051999999994, 2, 0.5, 0]
INFO:root:-2.687597
INFO:root:[-0.31155, -0.06340000000000001, 138.93811999999994, 2, 0.5, 0]
INFO:root:Z optim ends at: [-0.31155, -0.06340000000000001, 138.93811999999994, 2, 0.5, 0]
INFO:root:Scan update starts at: [-0.31155, -0.06340000000000001, 138.93811999999994, 2, 0.5, 0]
INFO:root:Start Tcounts: [27770, 53045, -17896, 6306, 77531, -35379]
INFO:root:Start Xstep (loss then pos)
INFO:root:-2.772652
INFO:root:27770
INFO:root:-3.035944
INFO:root:27780
INFO:root:Change direction
INFO:root:-2.637856
INFO:root:27760
INFO:root:-2.671799
INFO:root:27750
INFO:root:Over
INFO:root:Start Ystep (loss then pos)
INFO:root:-2.656813
INFO:root:53045
INFO:root:-2.884284
INFO:root:53055
INFO:root:Change direction
INFO:root:-2.6537344999999997
INFO:root:53035
INFO:root:-2.8038065000000003
INFO:root:53025
INFO:root:Over
INFO:root:Scan update ends at: [-0.31205, -0.06390000000000001, 138.93811999999994, 2, 0.5, 0]
INFO:root:X change: -10; Y change: -10
INFO:root:Z optim starts at (pos then loss): [-0.31205, -0.06390000000000001, 138.93811999999994, 2, 0.5, 0]
INFO:root:-2.615067
INFO:root:[-0.31205, -0.06390000000000001, 138.94019999999995, 2, 0.5, 0]
INFO:root:-2.6477
INFO:root:[-0.31205, -0.06390000000000001, 138.93895199999994, 2, 0.5, 0]
INFO:root:-2.562248
INFO:root:[-0.31205, -0.06390000000000001, 138.93978399999995, 2, 0.5, 0]
INFO:root:-2.663383
INFO:root:[-0.31205, -0.06390000000000001, 138.93895199999994, 2, 0.5, 0]
INFO:root:Z optim ends at: [-0.31205, -0.06390000000000001, 138.93895199999994, 2, 0.5, 0]
INFO:root:Scan update starts at: [-0.31205, -0.06390000000000001, 138.93895199999994, 2, 0.5, 0]
INFO:root:Start Tcounts: [27785, 53036, -17875, 6316, 77555, -35412]
INFO:root:Start Xstep (loss then pos)
INFO:root:-2.5581885
INFO:root:27785
INFO:root:-2.584132
INFO:root:27775
INFO:root:-2.782867
INFO:root:27765
INFO:root:Over
INFO:root:Start Ystep (loss then pos)
INFO:root:-2.557904
INFO:root:53036
INFO:root:-2.743127
INFO:root:53026
INFO:root:Change direction
INFO:root:-2.591827
INFO:root:53046
INFO:root:-2.802198
INFO:root:53056
INFO:root:Over
INFO:root:Scan update ends at: [-0.31255, -0.06340000000000001, 138.93895199999994, 2, 0.5, 0]
INFO:root:X change: -10; Y change: 10
INFO:root:Z optim starts at (pos then loss): [-0.31255, -0.06340000000000001, 138.93895199999994, 2, 0.5, 0]
INFO:root:-2.577712
INFO:root:[-0.31255, -0.06340000000000001, 138.94103199999995, 2, 0.5, 0]
INFO:root:-2.462638
INFO:root:[-0.31255, -0.06340000000000001, 138.94311199999996, 2, 0.5, 0]
INFO:root:-2.28757
INFO:root:[-0.31255, -0.06340000000000001, 138.94519199999996, 2, 0.5, 0]
INFO:root:-2.246405
INFO:root:[-0.31255, -0.06340000000000001, 138.94727199999997, 2, 0.5, 0]
INFO:root:-2.044598
INFO:root:[-0.31255, -0.06340000000000001, 138.94935199999998, 2, 0.5, 0]
INFO:root:-2.11544
INFO:root:[-0.31255, -0.06340000000000001, 138.94727199999997, 2, 0.5, 0]
INFO:root:Z optim ends at: [-0.31255, -0.06340000000000001, 138.94727199999997, 2, 0.5, 0]
INFO:root:Scan update starts at: [-0.31255, -0.06340000000000001, 138.94727199999997, 2, 0.5, 0]
INFO:root:Start Tcounts: [28027, 53051, -17753, 6524, 77700, -35628]
INFO:root:Start Xstep (loss then pos)
INFO:root:-2.2594209999999997
INFO:root:28027
INFO:root:-2.03308
INFO:root:28017
INFO:root:-2.243235
INFO:root:28007
INFO:root:Over
INFO:root:Start Ystep (loss then pos)
INFO:root:-2.032505
INFO:root:53051
INFO:root:-2.289759
INFO:root:53061
INFO:root:Change direction
INFO:root:-2.0067820000000003
INFO:root:53041
INFO:root:-2.16815
INFO:root:53031
INFO:root:Over
INFO:root:Scan update ends at: [-0.31305, -0.06390000000000001, 138.94727199999997, 2, 0.5, 0]
INFO:root:X change: -10; Y change: -10
INFO:root:Z optim starts at (pos then loss): [-0.31305, -0.06390000000000001, 138.94727199999997, 2, 0.5, 0]
INFO:root:-2.001911
INFO:root:[-0.31305, -0.06390000000000001, 138.94887199999997, 2, 0.5, 0]
INFO:root:-1.939343
INFO:root:[-0.31305, -0.06390000000000001, 138.95047199999996, 2, 0.5, 0]
INFO:root:-1.793421
INFO:root:[-0.31305, -0.06390000000000001, 138.95207199999996, 2, 0.5, 0]
INFO:root:-1.83658
INFO:root:[-0.31305, -0.06390000000000001, 138.95047199999996, 2, 0.5, 0]
INFO:root:Z optim ends at: [-0.31305, -0.06390000000000001, 138.95047199999996, 2, 0.5, 0]
INFO:root:Scan update starts at: [-0.31305, -0.06390000000000001, 138.95047199999996, 2, 0.5, 0]
INFO:root:Start Tcounts: [28114, 53044, -17700, 6589, 77762, -35725]
INFO:root:Start Xstep (loss then pos)
INFO:root:-1.8633765
INFO:root:28114
INFO:root:-1.8642379999999998
INFO:root:28104
INFO:root:-2.229786
INFO:root:28094
INFO:root:Over
INFO:root:Start Ystep (loss then pos)
INFO:root:-1.836696
INFO:root:53044
INFO:root:-2.024361
INFO:root:53034
INFO:root:Change direction
INFO:root:-1.889047
INFO:root:53054
INFO:root:-2.1411205
INFO:root:53064
INFO:root:Over
INFO:root:Scan update ends at: [-0.31355, -0.06340000000000001, 138.95047199999996, 2, 0.5, 0]
INFO:root:X change: -10; Y change: 10
INFO:root:Change to Final_adjust
INFO:root:Z optim starts at (pos then loss): [-0.31355, -0.06340000000000001, 138.95047199999996, 2, 0.5, 0]
INFO:root:-1.856365
INFO:root:[-0.31355, -0.06340000000000001, 138.95199199999996, 2, 0.5, 0]
INFO:root:-1.750797
INFO:root:[-0.31355, -0.06340000000000001, 138.95351199999996, 2, 0.5, 0]
INFO:root:-1.63984
INFO:root:[-0.31355, -0.06340000000000001, 138.95503199999996, 2, 0.5, 0]
INFO:root:-1.518964
INFO:root:[-0.31355, -0.06340000000000001, 138.95655199999996, 2, 0.5, 0]
INFO:root:-1.4252539999999998
INFO:root:[-0.31355, -0.06340000000000001, 138.95807199999996, 2, 0.5, 0]
INFO:root:-1.338097
INFO:root:[-0.31355, -0.06340000000000001, 138.95959199999996, 2, 0.5, 0]
INFO:root:-1.244356
INFO:root:[-0.31355, -0.06340000000000001, 138.96111199999996, 2, 0.5, 0]
INFO:root:-1.166441
INFO:root:[-0.31355, -0.06340000000000001, 138.96263199999996, 2, 0.5, 0]
INFO:root:-1.107971
INFO:root:[-0.31355, -0.06340000000000001, 138.96415199999996, 2, 0.5, 0]
INFO:root:-1.056022
INFO:root:[-0.31355, -0.06340000000000001, 138.96567199999996, 2, 0.5, 0]
INFO:root:-0.9963028999999999
INFO:root:[-0.31355, -0.06340000000000001, 138.96719199999995, 2, 0.5, 0]
INFO:root:-0.96008445
INFO:root:[-0.31355, -0.06340000000000001, 138.96871199999995, 2, 0.5, 0]
INFO:root:-0.94143075
INFO:root:[-0.31355, -0.06340000000000001, 138.97023199999995, 2, 0.5, 0]
INFO:root:-0.9176482
INFO:root:[-0.31355, -0.06340000000000001, 138.97175199999995, 2, 0.5, 0]
INFO:root:-0.9182977
INFO:root:[-0.31355, -0.06340000000000001, 138.97023199999995, 2, 0.5, 0]
INFO:root:Z optim ends at: [-0.31355, -0.06340000000000001, 138.97023199999995, 2, 0.5, 0]
INFO:root:Scan update starts at: [-0.31355, -0.06340000000000001, 138.97023199999995, 2, 0.5, 0]
INFO:root:Start Tcounts: [28704, 53067, -17424, 7069, 78093, -36252]
INFO:root:Start Xstep (loss then pos)
INFO:root:-0.8659925
INFO:root:28704
INFO:root:-0.8057771
INFO:root:28700
INFO:root:-0.749506
INFO:root:28696
INFO:root:-0.7324199
INFO:root:28692
INFO:root:-0.7176153
INFO:root:28688
INFO:root:-0.7673356
INFO:root:28684
INFO:root:Over
INFO:root:Start Ystep (loss then pos)
INFO:root:-0.7368397
INFO:root:53067
INFO:root:-0.8305407
INFO:root:53071
INFO:root:Change direction
INFO:root:-0.6221383
INFO:root:53063
INFO:root:-0.6052474
INFO:root:53059
INFO:root:-0.6151746
INFO:root:53055
INFO:root:Over
INFO:root:Scan update ends at: [-0.31435, -0.06380000000000001, 138.97023199999995, 2, 0.5, 0]
INFO:root:X change: -16; Y change: -8
INFO:root:Change to Final_adjust
INFO:root:Z optim starts at (pos then loss): [-0.31435, -0.06380000000000001, 138.97023199999995, 2, 0.5, 0]
INFO:root:-0.6103438999999999
INFO:root:[-0.31435, -0.06380000000000001, 138.97073199999994, 2, 0.5, 0]
INFO:root:-0.5814045
INFO:root:[-0.31435, -0.06380000000000001, 138.97123199999993, 2, 0.5, 0]
INFO:root:-0.5560796
INFO:root:[-0.31435, -0.06380000000000001, 138.97173199999992, 2, 0.5, 0]
INFO:root:-0.53449455
INFO:root:[-0.31435, -0.06380000000000001, 138.9722319999999, 2, 0.5, 0]
INFO:root:-0.5132301
INFO:root:[-0.31435, -0.06380000000000001, 138.9727319999999, 2, 0.5, 0]
INFO:root:-0.4969555
INFO:root:[-0.31435, -0.06380000000000001, 138.97323199999988, 2, 0.5, 0]
INFO:root:-0.4754646
INFO:root:[-0.31435, -0.06380000000000001, 138.97373199999987, 2, 0.5, 0]
INFO:root:-0.458122
INFO:root:[-0.31435, -0.06380000000000001, 138.97423199999986, 2, 0.5, 0]
INFO:root:-0.440535
INFO:root:[-0.31435, -0.06380000000000001, 138.97473199999985, 2, 0.5, 0]
INFO:root:-0.4251429
INFO:root:[-0.31435, -0.06380000000000001, 138.97523199999983, 2, 0.5, 0]
INFO:root:-0.4112064
INFO:root:[-0.31435, -0.06380000000000001, 138.97573199999982, 2, 0.5, 0]
INFO:root:-0.4015009
INFO:root:[-0.31435, -0.06380000000000001, 138.9762319999998, 2, 0.5, 0]
INFO:root:-0.383186
INFO:root:[-0.31435, -0.06380000000000001, 138.9767319999998, 2, 0.5, 0]
INFO:root:-0.36845905
INFO:root:[-0.31435, -0.06380000000000001, 138.9772319999998, 2, 0.5, 0]
INFO:root:-0.35444640000000005
INFO:root:[-0.31435, -0.06380000000000001, 138.97773199999978, 2, 0.5, 0]
INFO:root:-0.3475788
INFO:root:[-0.31435, -0.06380000000000001, 138.97823199999976, 2, 0.5, 0]
INFO:root:-0.3428965
INFO:root:[-0.31435, -0.06380000000000001, 138.97773199999978, 2, 0.5, 0]
INFO:root:Z optim ends at: [-0.31435, -0.06380000000000001, 138.97773199999978, 2, 0.5, 0]
INFO:root:Scan update starts at: [-0.31435, -0.06380000000000001, 138.97773199999978, 2, 0.5, 0]
INFO:root:Start Tcounts: [28916, 53065, -17306, 7239, 78231, -36464]
INFO:root:Start Xstep (loss then pos)
INFO:root:-0.3303576
INFO:root:28916
INFO:root:-0.3235776
INFO:root:28912
INFO:root:-0.3749593
INFO:root:28908
INFO:root:Over
INFO:root:Start Ystep (loss then pos)
INFO:root:-0.3188198
INFO:root:53065
INFO:root:-0.3514458
INFO:root:53061
INFO:root:Change direction
INFO:root:-0.3380646
INFO:root:53069
INFO:root:-0.4240345
INFO:root:53073
INFO:root:Over
INFO:root:Scan update ends at: [-0.31455, -0.0636, 138.97773199999978, 2, 0.5, 0]
INFO:root:X change: -4; Y change: 4
INFO:root:Change to Final_adjust
INFO:root:Z optim starts at (pos then loss): [-0.31455, -0.0636, 138.97773199999978, 2, 0.5, 0]
INFO:root:-0.3309172
INFO:root:[-0.31455, -0.0636, 138.97823199999976, 2, 0.5, 0]
INFO:root:-0.3269664
INFO:root:[-0.31455, -0.0636, 138.97793199999978, 2, 0.5, 0]
INFO:root:-0.3415405
INFO:root:Z step is too small
INFO:root:Scan update starts at: [-0.31455, -0.0636, 138.97773199999978, 2, 0.5, 0]
INFO:root:Start Tcounts: [28912, 53069, -17302, 7243, 78235, -36460]
INFO:root:Start Xstep (loss then pos)
INFO:root:-0.3309172
INFO:root:28912
INFO:root:-0.3921393
INFO:root:28908
INFO:root:Change direction
INFO:root:-0.3551641
INFO:root:28916
INFO:root:-0.4369007
INFO:root:28920
INFO:root:Over
INFO:root:Start Ystep (loss then pos)
INFO:root:-0.3444314
INFO:root:53069
INFO:root:-0.4267898
INFO:root:53073
INFO:root:Change direction
INFO:root:-0.33833325000000003
INFO:root:53065
INFO:root:-0.35893955
INFO:root:53061
INFO:root:Over
INFO:root:Scan update ends at: [-0.31435, -0.06380000000000001, 138.97773199999978, 2, 0.5, 0]
INFO:root:X change: 4; Y change: -4
