INFO:root:[-0.3, -0.02, 137.8, 2, 0.5, 0]
INFO:root:Scan update starts at: [-0.3, -0.02, 137.8, 2, 0.5, 0]
INFO:root:Start Tcounts: [-5547, 53118, -33070, -19158, 59336, -4501]
INFO:root:-35.23095
INFO:root:Monitor start (loss then pos)
INFO:root:-35.23095
INFO:root:-5547
INFO:root:-35.28942
INFO:root:-5548
INFO:root:-35.2873
INFO:root:-5548
INFO:root:-35.29013
INFO:root:-5547
INFO:root:-35.29013
INFO:root:-5561
INFO:root:-35.27743
INFO:root:-5579
INFO:root:-35.274905000000004
INFO:root:-5593
INFO:root:-35.27238
INFO:root:-5608
INFO:root:-35.26816
INFO:root:-5625
INFO:root:-35.27027
INFO:root:-5643
INFO:root:-35.27238
INFO:root:-5662
INFO:root:-35.27843
INFO:root:-5683
INFO:root:-35.28448
INFO:root:-5707
INFO:root:-35.31505
INFO:root:-5731
INFO:root:-35.374325
INFO:root:-5806
INFO:root:-35.39995
INFO:root:-5836
INFO:root:-35.46194
INFO:root:-5867
INFO:root:-35.52393
INFO:root:-5899
INFO:root:-35.70031
INFO:root:-5929
INFO:root:-35.793045
INFO:root:-5960
INFO:root:-35.88578
INFO:root:-5989
INFO:root:-36.08907
INFO:root:-6018
INFO:root:-36.08907
INFO:root:-6048
INFO:root:-36.32554
INFO:root:-6077
INFO:root:-36.450585
INFO:root:-6107
INFO:root:-36.57563
INFO:root:-6136
INFO:root:x scan done: decreasing
INFO:root:Monitor start (loss then pos)
INFO:root:-36.57563
INFO:root:-6107
INFO:root:-36.82497
INFO:root:-6107
INFO:root:-36.815285
INFO:root:-6104
INFO:root:-36.8056
INFO:root:-6087
INFO:root:-36.7141
INFO:root:-6072
INFO:root:-36.674080000000004
INFO:root:-6059
INFO:root:-36.63406
INFO:root:-6045
INFO:root:-36.53294
INFO:root:-6028
INFO:root:-36.463765
INFO:root:-6009
INFO:root:-36.39459
INFO:root:-5990
INFO:root:-36.24177
INFO:root:-5964
INFO:root:-36.24177
INFO:root:-5940
INFO:root:-36.06264
INFO:root:-5915
INFO:root:-35.97715
INFO:root:-5888
INFO:root:-35.89166
INFO:root:-5859
INFO:root:-35.7324
INFO:root:-5829
INFO:root:-35.7324
INFO:root:-5799
INFO:root:-35.5903
INFO:root:-5769
INFO:root:-35.5193
INFO:root:-5740
INFO:root:-35.4483
INFO:root:-5710
INFO:root:-35.40208
INFO:root:-5681
INFO:root:-35.33972
INFO:root:-5609
INFO:root:-35.28589
INFO:root:-5577
INFO:root:-35.28589
INFO:root:-5547
INFO:root:-35.28448
INFO:root:-5515
INFO:root:-35.297635
INFO:root:-5484
INFO:root:-35.31079
INFO:root:-5454
INFO:root:-35.35873
INFO:root:-5424
INFO:root:-35.390665
INFO:root:-5394
INFO:root:-35.4226
INFO:root:-5364
INFO:root:-35.45575
INFO:root:-5334
INFO:root:-35.4889
INFO:root:-5304
INFO:root:-35.60393
INFO:root:-5275
INFO:root:-35.651345
INFO:root:-5244
INFO:root:-35.69876
INFO:root:-5215
INFO:root:-35.76205
INFO:root:-5185
INFO:root:-35.82534
INFO:root:-5155
INFO:root:-36.0047
INFO:root:-5126
INFO:root:-36.09825
INFO:root:-5096
INFO:root:-36.1918
INFO:root:-5019
INFO:root:-36.58889
INFO:root:-4977
INFO:root:-36.699235
INFO:root:-4946
INFO:root:-36.80958
INFO:root:-4916
INFO:root:-36.92373499999999
INFO:root:-4885
INFO:root:-37.03789
INFO:root:-4855
INFO:root:-37.30944
INFO:root:-4820
INFO:root:x scan done: has max
INFO:root:-35.25132
INFO:root:Monitor start (loss then pos)
INFO:root:-35.25132
INFO:root:53118
INFO:root:-35.247125
INFO:root:53118
INFO:root:-35.24293
INFO:root:53118
INFO:root:-35.24573
INFO:root:53118
INFO:root:-35.223345
INFO:root:53105
INFO:root:-35.20096
INFO:root:53091
INFO:root:-35.07767
INFO:root:53077
INFO:root:-34.74814
INFO:root:53042
INFO:root:-34.43425
INFO:root:53025
INFO:root:-34.250654999999995
INFO:root:53005
INFO:root:-34.06706
INFO:root:52984
INFO:root:-33.82692
INFO:root:52961
INFO:root:-33.58678
INFO:root:52937
INFO:root:-33.03087
INFO:root:52911
INFO:root:-32.729475
INFO:root:52883
INFO:root:-32.42808
INFO:root:52854
INFO:root:-32.10866
INFO:root:52823
INFO:root:-31.78924
INFO:root:52793
INFO:root:-31.17083
INFO:root:52764
INFO:root:-30.88241
INFO:root:52733
INFO:root:-30.59399
INFO:root:52704
INFO:root:-30.315060000000003
INFO:root:52674
INFO:root:-30.03613
INFO:root:52643
INFO:root:-29.46041
INFO:root:52609
INFO:root:-29.169784999999997
INFO:root:52580
INFO:root:-28.572905
INFO:root:52508
INFO:root:-27.64246
INFO:root:52464
INFO:root:-27.36434
INFO:root:52433
INFO:root:-27.08622
INFO:root:52404
INFO:root:-26.85742
INFO:root:52374
INFO:root:-26.62862
INFO:root:52344
INFO:root:-26.26992
INFO:root:52315
INFO:root:-26.138415000000002
INFO:root:52284
INFO:root:-26.00691
INFO:root:52254
INFO:root:-25.903109999999998
INFO:root:52223
INFO:root:-25.79931
INFO:root:52193
INFO:root:-25.60373
INFO:root:52163
INFO:root:-25.484515000000002
INFO:root:52133
INFO:root:-25.3653
INFO:root:52103
INFO:root:-25.20988
INFO:root:52073
INFO:root:-25.05446
INFO:root:52043
INFO:root:-24.66389
INFO:root:52014
INFO:root:-24.433909999999997
INFO:root:51984
INFO:root:-23.71473
INFO:root:51880
INFO:root:-23.22553
INFO:root:51848
INFO:root:-22.8262
INFO:root:51818
INFO:root:-22.679524999999998
INFO:root:51786
INFO:root:-22.53285
INFO:root:51754
INFO:root:-22.450474999999997
INFO:root:51723
INFO:root:-22.3681
INFO:root:51694
INFO:root:-22.32818
INFO:root:51665
INFO:root:-22.3776
INFO:root:51635
INFO:root:-22.42702
INFO:root:51605
INFO:root:-22.531655
INFO:root:51574
INFO:root:-22.63629
INFO:root:51546
INFO:root:-22.93832
INFO:root:51516
INFO:root:-23.1209
INFO:root:51486
INFO:root:-23.30348
INFO:root:51457
INFO:root:y scan done: has max
INFO:root:Scan update ends at: [-0.29995, -0.0912, 137.8, 2, 0.5, 0]
INFO:root:X change: 1; Y change: -1424
INFO:root:Z optim starts at (pos then loss): [-0.29995, -0.0912, 137.8, 2, 0.5, 0]
INFO:root:-22.36275
INFO:root:[-0.29995, -0.0912, 137.86720000000003, 2, 0.5, 0]
INFO:root:-21.6836
INFO:root:[-0.29995, -0.0912, 137.93440000000004, 2, 0.5, 0]
INFO:root:-21.04314
INFO:root:[-0.29995, -0.0912, 138.00160000000005, 2, 0.5, 0]
INFO:root:-20.64406
INFO:root:[-0.29995, -0.0912, 138.06880000000007, 2, 0.5, 0]
INFO:root:-20.518055
INFO:root:[-0.29995, -0.0912, 138.13600000000008, 2, 0.5, 0]
INFO:root:-20.28319
INFO:root:[-0.29995, -0.0912, 138.2032000000001, 2, 0.5, 0]
INFO:root:-20.56279
INFO:root:[-0.29995, -0.0912, 138.13600000000008, 2, 0.5, 0]
INFO:root:Z optim ends at: [-0.29995, -0.0912, 138.13600000000008, 2, 0.5, 0]
INFO:root:Scan update starts at: [-0.29995, -0.0912, 138.13600000000008, 2, 0.5, 0]
INFO:root:Start Tcounts: [4165, 51929, -28738, -12945, 64534, -14603]
INFO:root:-20.5423
INFO:root:Monitor start (loss then pos)
INFO:root:-20.5423
INFO:root:4165
INFO:root:-20.54102
INFO:root:4166
INFO:root:-20.545195
INFO:root:4170
INFO:root:-20.54937
INFO:root:4177
INFO:root:-20.57942
INFO:root:4184
INFO:root:-20.60947
INFO:root:4193
INFO:root:-20.72751
INFO:root:4204
INFO:root:-20.81675
INFO:root:4217
INFO:root:-20.90599
INFO:root:4231
INFO:root:-21.03711
INFO:root:4248
INFO:root:-21.16823
INFO:root:4266
INFO:root:x scan done: decreasing
INFO:root:Monitor start (loss then pos)
INFO:root:-21.16823
INFO:root:4248
INFO:root:-21.554115
INFO:root:4231
INFO:root:-21.34988
INFO:root:4216
INFO:root:-21.250754999999998
INFO:root:4204
INFO:root:-21.15163
INFO:root:4191
INFO:root:-21.036270000000002
INFO:root:4176
INFO:root:-20.92091
INFO:root:4159
INFO:root:-20.6678
INFO:root:4140
INFO:root:-20.541385
INFO:root:4119
INFO:root:-20.41497
INFO:root:4097
INFO:root:-20.30419
INFO:root:4072
INFO:root:-20.19341
INFO:root:4045
INFO:root:-20.02473
INFO:root:4017
INFO:root:-19.970215000000003
INFO:root:3988
INFO:root:-19.9157
INFO:root:3958
INFO:root:-19.8911
INFO:root:3927
INFO:root:-19.8665
INFO:root:3897
INFO:root:-19.87333
INFO:root:3787
INFO:root:-20.07489
INFO:root:3755
INFO:root:-20.3105
INFO:root:3723
INFO:root:-20.465225
INFO:root:3693
INFO:root:-20.61995
INFO:root:3663
INFO:root:x scan done: has max
INFO:root:-19.85504
INFO:root:Monitor start (loss then pos)
INFO:root:-19.85504
INFO:root:51929
INFO:root:-19.851599999999998
INFO:root:51929
INFO:root:-19.84816
INFO:root:51929
INFO:root:-19.84885
INFO:root:51929
INFO:root:-19.84954
INFO:root:51924
INFO:root:-19.85404
INFO:root:51908
INFO:root:-19.912205
INFO:root:51895
INFO:root:-19.97037
INFO:root:51883
INFO:root:-20.10448
INFO:root:51868
INFO:root:-20.84778
INFO:root:51799
INFO:root:y scan done: decreasing
INFO:root:Monitor start (loss then pos)
INFO:root:-20.84778
INFO:root:51868
INFO:root:-20.57385
INFO:root:51868
INFO:root:-20.54833
INFO:root:51871
INFO:root:-20.52281
INFO:root:51875
INFO:root:-20.46749
INFO:root:51882
INFO:root:-20.410255
INFO:root:51891
INFO:root:-20.35302
INFO:root:51905
INFO:root:-20.18821
INFO:root:51918
INFO:root:-20.083315
INFO:root:51932
INFO:root:-19.97842
INFO:root:51949
INFO:root:-19.863495
INFO:root:51967
INFO:root:-19.74857
INFO:root:51987
INFO:root:-19.42917
INFO:root:52075
INFO:root:-19.32812
INFO:root:52103
INFO:root:-19.380294999999997
INFO:root:52133
INFO:root:-19.43247
INFO:root:52163
INFO:root:-19.67943
INFO:root:52193
INFO:root:-19.84533
INFO:root:52223
INFO:root:-20.01123
INFO:root:52252
INFO:root:y scan done: has max
INFO:root:Scan update ends at: [-0.31185, -0.0839, 138.13600000000008, 2, 0.5, 0]
INFO:root:X change: -238; Y change: 146
INFO:root:Z optim starts at (pos then loss): [-0.31185, -0.0839, 138.13600000000008, 2, 0.5, 0]
INFO:root:-19.40539
INFO:root:[-0.31185, -0.0839, 138.19420000000008, 2, 0.5, 0]
INFO:root:-18.89584
INFO:root:[-0.31185, -0.0839, 138.25240000000008, 2, 0.5, 0]
INFO:root:-18.51279
INFO:root:[-0.31185, -0.0839, 138.31060000000008, 2, 0.5, 0]
INFO:root:-18.006875
INFO:root:[-0.31185, -0.0839, 138.36880000000008, 2, 0.5, 0]
INFO:root:-17.3309
INFO:root:[-0.31185, -0.0839, 138.42700000000008, 2, 0.5, 0]
INFO:root:-17.2191
INFO:root:[-0.31185, -0.0839, 138.48520000000008, 2, 0.5, 0]
INFO:root:-17.65215
INFO:root:[-0.31185, -0.0839, 138.42700000000008, 2, 0.5, 0]
INFO:root:Z optim ends at: [-0.31185, -0.0839, 138.42700000000008, 2, 0.5, 0]
INFO:root:Scan update starts at: [-0.31185, -0.0839, 138.42700000000008, 2, 0.5, 0]
INFO:root:Start Tcounts: [12466, 52278, -24695, -6093, 69344, -22094]
INFO:root:-17.551095
INFO:root:Monitor start (loss then pos)
INFO:root:-17.551095
INFO:root:12466
INFO:root:-17.50824
INFO:root:12464
INFO:root:-17.48282
INFO:root:12464
INFO:root:-17.456220000000002
INFO:root:12465
INFO:root:-17.42962
INFO:root:12466
INFO:root:-17.386885
INFO:root:12465
INFO:root:-17.34415
INFO:root:12440
INFO:root:-17.16131
INFO:root:12424
INFO:root:-17.00631
INFO:root:12409
INFO:root:-16.85131
INFO:root:12393
INFO:root:-16.725070000000002
INFO:root:12375
INFO:root:-16.33706
INFO:root:12301
INFO:root:-15.91603
INFO:root:12275
INFO:root:-15.75677
INFO:root:12249
INFO:root:-15.603535
INFO:root:12221
INFO:root:-15.4503
INFO:root:12184
INFO:root:-15.26484
INFO:root:12149
INFO:root:-15.29614
INFO:root:12118
INFO:root:-15.32744
INFO:root:12089
INFO:root:-15.74861
INFO:root:12059
INFO:root:-16.168785
INFO:root:12029
INFO:root:x scan done: has max
INFO:root:-15.27232
INFO:root:Monitor start (loss then pos)
INFO:root:-15.27232
INFO:root:52278
INFO:root:-15.24964
INFO:root:52277
INFO:root:-15.24804
INFO:root:52278
INFO:root:-15.23391
INFO:root:52307
INFO:root:-15.223510000000001
INFO:root:52326
INFO:root:-15.22564
INFO:root:52341
INFO:root:-15.25797
INFO:root:52357
INFO:root:-15.292225
INFO:root:52375
INFO:root:-15.32648
INFO:root:52395
INFO:root:-15.380790000000001
INFO:root:52417
INFO:root:-15.4351
INFO:root:52440
INFO:root:-15.60764
INFO:root:52464
INFO:root:-15.754315
INFO:root:52492
INFO:root:-15.90099
INFO:root:52521
INFO:root:y scan done: decreasing
INFO:root:Monitor start (loss then pos)
INFO:root:-15.90099
INFO:root:52492
INFO:root:-16.24672
INFO:root:52491
INFO:root:-16.22251
INFO:root:52488
INFO:root:-16.10297
INFO:root:52460
INFO:root:-15.93484
INFO:root:52445
INFO:root:-15.86204
INFO:root:52429
INFO:root:-15.70607
INFO:root:52413
INFO:root:-15.70607
INFO:root:52395
INFO:root:-15.55271
INFO:root:52375
INFO:root:-15.484245
INFO:root:52354
INFO:root:-15.41578
INFO:root:52331
INFO:root:-15.29679
INFO:root:52306
INFO:root:-15.29679
INFO:root:52279
INFO:root:-15.22585
INFO:root:52251
INFO:root:-15.271374999999999
INFO:root:52221
INFO:root:-15.3169
INFO:root:52191
INFO:root:-15.75027
INFO:root:52161
INFO:root:-15.75027
INFO:root:52131
INFO:root:-16.67981
INFO:root:52100
INFO:root:y scan done: has max
INFO:root:Scan update ends at: [-0.32595, -0.08385000000000001, 138.42700000000008, 2, 0.5, 0]
INFO:root:X change: -282; Y change: 1
INFO:root:Z optim starts at (pos then loss): [-0.32595, -0.08385000000000001, 138.42700000000008, 2, 0.5, 0]
INFO:root:-15.25259
INFO:root:[-0.32595, -0.08385000000000001, 138.47290000000007, 2, 0.5, 0]
INFO:root:-14.42364
INFO:root:[-0.32595, -0.08385000000000001, 138.51880000000006, 2, 0.5, 0]
INFO:root:-13.570245
INFO:root:[-0.32595, -0.08385000000000001, 138.56470000000004, 2, 0.5, 0]
INFO:root:-12.64196
INFO:root:[-0.32595, -0.08385000000000001, 138.61060000000003, 2, 0.5, 0]
INFO:root:-12.10776
INFO:root:[-0.32595, -0.08385000000000001, 138.65650000000002, 2, 0.5, 0]
INFO:root:-13.05313
INFO:root:[-0.32595, -0.08385000000000001, 138.61060000000003, 2, 0.5, 0]
INFO:root:Z optim ends at: [-0.32595, -0.08385000000000001, 138.61060000000003, 2, 0.5, 0]
INFO:root:Scan update starts at: [-0.32595, -0.08385000000000001, 138.61060000000003, 2, 0.5, 0]
INFO:root:Start Tcounts: [17635, 52407, -21987, -1816, 72545, -26970]
INFO:root:-12.29684
INFO:root:Monitor start (loss then pos)
INFO:root:-12.29684
INFO:root:17635
INFO:root:-12.44048
INFO:root:17634
INFO:root:-12.45984
INFO:root:17634
INFO:root:-12.4792
INFO:root:17634
INFO:root:-12.48024
INFO:root:17634
INFO:root:-12.48024
INFO:root:17636
INFO:root:-12.129755
INFO:root:17564
INFO:root:-11.99542
INFO:root:17545
INFO:root:-11.99934
INFO:root:17526
INFO:root:-12.106835
INFO:root:17505
INFO:root:-12.21433
INFO:root:17482
INFO:root:-12.478045
INFO:root:17457
INFO:root:-13.230944999999998
INFO:root:17425
INFO:root:x scan done: has max
INFO:root:-12.02999
INFO:root:Monitor start (loss then pos)
INFO:root:-12.02999
INFO:root:52407
INFO:root:-11.954989999999999
INFO:root:52405
INFO:root:-11.95093
INFO:root:52405
INFO:root:-11.95062
INFO:root:52405
INFO:root:-11.95031
INFO:root:52392
INFO:root:-12.33707
INFO:root:52346
INFO:root:-13.45949
INFO:root:52322
INFO:root:y scan done: decreasing
INFO:root:Monitor start (loss then pos)
INFO:root:-13.45949
INFO:root:52346
INFO:root:-14.41144
INFO:root:52347
INFO:root:-14.15067
INFO:root:52351
INFO:root:-13.91573
INFO:root:52359
INFO:root:-13.705974999999999
INFO:root:52368
INFO:root:-13.49622
INFO:root:52378
INFO:root:-13.213835
INFO:root:52389
INFO:root:-12.93145
INFO:root:52402
INFO:root:-12.29222
INFO:root:52418
INFO:root:-12.29222
INFO:root:52435
INFO:root:-11.65733
INFO:root:52454
INFO:root:-11.115680000000001
INFO:root:52537
INFO:root:-10.3468
INFO:root:52571
INFO:root:-10.453355
INFO:root:52601
INFO:root:-10.55991
INFO:root:52631
INFO:root:-10.973945
INFO:root:52661
INFO:root:y scan done: has max
INFO:root:Scan update ends at: [-0.3295, -0.07735, 138.61060000000003, 2, 0.5, 0]
INFO:root:X change: -71; Y change: 130
INFO:root:Z optim starts at (pos then loss): [-0.3295, -0.07735, 138.61060000000003, 2, 0.5, 0]
INFO:root:-10.393305000000002
INFO:root:[-0.3295, -0.07735, 138.64180000000005, 2, 0.5, 0]
INFO:root:-9.221912
INFO:root:[-0.3295, -0.07735, 138.67300000000006, 2, 0.5, 0]
INFO:root:-7.8940494999999995
INFO:root:[-0.3295, -0.07735, 138.70420000000007, 2, 0.5, 0]
INFO:root:-7.070767
INFO:root:[-0.3295, -0.07735, 138.73540000000008, 2, 0.5, 0]
INFO:root:-5.649667
INFO:root:[-0.3295, -0.07735, 138.7666000000001, 2, 0.5, 0]
INFO:root:-9.905863
INFO:root:[-0.3295, -0.07735, 138.73540000000008, 2, 0.5, 0]
INFO:root:Z optim ends at: [-0.3295, -0.07735, 138.73540000000008, 2, 0.5, 0]
INFO:root:Scan update starts at: [-0.3295, -0.07735, 138.73540000000008, 2, 0.5, 0]
INFO:root:Start Tcounts: [21297, 52624, -20255, 1240, 74615, -30182]
INFO:root:-5.942287
INFO:root:Monitor start (loss then pos)
INFO:root:-5.942287
INFO:root:21297
INFO:root:-6.169829
INFO:root:21296
INFO:root:-6.214332499999999
INFO:root:21296
INFO:root:-6.258836
INFO:root:21296
INFO:root:x scan done: decreasing
INFO:root:Monitor start (loss then pos)
INFO:root:-6.258836
INFO:root:21296
INFO:root:-6.299853
INFO:root:21296
INFO:root:-6.300532
INFO:root:21296
INFO:root:-6.300532
INFO:root:21304
INFO:root:-6.292601
INFO:root:21314
INFO:root:-6.6110679999999995
INFO:root:21324
INFO:root:-6.929535
INFO:root:21334
INFO:root:x scan done: decreasing
INFO:root:X scan failed
INFO:root:XY continuesly scan failed, change to step scan
INFO:root:Scan update starts at: [-0.3295, -0.07735, 138.73540000000008, 2, 0.5, 0]
INFO:root:Start Tcounts: [21297, 52624, -20255, 1240, 74615, -30182]
INFO:root:Start Xstep (loss then pos)
INFO:root:-6.803545
INFO:root:21297
INFO:root:-6.083997
INFO:root:21287
INFO:root:-5.927086
INFO:root:21277
INFO:root:-5.609396
INFO:root:21267
INFO:root:-5.50129
INFO:root:21257
INFO:root:-5.365567
INFO:root:21247
INFO:root:-5.441715
INFO:root:21237
INFO:root:Over
INFO:root:Start Ystep (loss then pos)
INFO:root:-5.348437
INFO:root:52624
INFO:root:-5.037057
INFO:root:52634
INFO:root:-4.835161
INFO:root:52644
INFO:root:-4.707123
INFO:root:52654
INFO:root:-4.685481
INFO:root:52664
INFO:root:-4.730900500000001
INFO:root:52674
INFO:root:-4.9120635
INFO:root:52684
INFO:root:Over
INFO:root:Scan update ends at: [-0.332, -0.07485, 138.73540000000008, 2, 0.5, 0]
INFO:root:X change: -50; Y change: 50
INFO:root:Z optim starts at (pos then loss): [-0.332, -0.07485, 138.73540000000008, 2, 0.5, 0]
INFO:root:-4.698442
INFO:root:[-0.332, -0.07485, 138.7495000000001, 2, 0.5, 0]
INFO:root:-4.129585
INFO:root:[-0.332, -0.07485, 138.7636000000001, 2, 0.5, 0]
INFO:root:-2.985433
INFO:root:[-0.332, -0.07485, 138.77770000000012, 2, 0.5, 0]
INFO:root:-3.951583
INFO:root:[-0.332, -0.07485, 138.7636000000001, 2, 0.5, 0]
INFO:root:Z optim ends at: [-0.332, -0.07485, 138.7636000000001, 2, 0.5, 0]
INFO:root:Scan update starts at: [-0.332, -0.07485, 138.7636000000001, 2, 0.5, 0]
INFO:root:Start Tcounts: [22094, 52694, -19829, 1953, 75119, -30890]
INFO:root:Start Xstep (loss then pos)
INFO:root:-3.024714
INFO:root:22094
INFO:root:-3.068596
INFO:root:22084
INFO:root:Change direction
INFO:root:-3.516041
INFO:root:22104
INFO:root:Over
INFO:root:Start Ystep (loss then pos)
INFO:root:-3.309112
INFO:root:52694
INFO:root:-3.483629
INFO:root:52704
INFO:root:Change direction
INFO:root:-3.23544
INFO:root:52684
INFO:root:-3.414398
INFO:root:52674
INFO:root:Over
INFO:root:Scan update ends at: [-0.33195, -0.07535, 138.7636000000001, 2, 0.5, 0]
INFO:root:X change: 1; Y change: -10
INFO:root:Z optim starts at (pos then loss): [-0.33195, -0.07535, 138.7636000000001, 2, 0.5, 0]
INFO:root:-3.2531915
INFO:root:[-0.33195, -0.07535, 138.76624000000012, 2, 0.5, 0]
INFO:root:-3.290457
INFO:root:[-0.33195, -0.07535, 138.76888000000014, 2, 0.5, 0]
INFO:root:-3.177391
INFO:root:[-0.33195, -0.07535, 138.77152000000015, 2, 0.5, 0]
INFO:root:-3.231168
INFO:root:[-0.33195, -0.07535, 138.76888000000014, 2, 0.5, 0]
INFO:root:Z optim ends at: [-0.33195, -0.07535, 138.76888000000014, 2, 0.5, 0]
INFO:root:Scan update starts at: [-0.33195, -0.07535, 138.76888000000014, 2, 0.5, 0]
INFO:root:Start Tcounts: [22253, 52688, -19759, 2067, 75203, -31043]
INFO:root:Start Xstep (loss then pos)
INFO:root:-3.055997
INFO:root:22253
INFO:root:-3.46842
INFO:root:22263
INFO:root:Change direction
INFO:root:-2.923708
INFO:root:22243
INFO:root:-2.680617
INFO:root:22233
INFO:root:-2.637718
INFO:root:22223
INFO:root:-2.6960224999999998
INFO:root:22213
INFO:root:Over
INFO:root:Start Ystep (loss then pos)
INFO:root:-2.610097
INFO:root:52688
INFO:root:-2.860674
INFO:root:52678
INFO:root:Change direction
INFO:root:-2.6131465
INFO:root:52698
INFO:root:-2.767232
INFO:root:52708
INFO:root:Over
INFO:root:Scan update ends at: [-0.33345, -0.07485, 138.76888000000014, 2, 0.5, 0]
INFO:root:X change: -30; Y change: 10
INFO:root:Z optim starts at (pos then loss): [-0.33345, -0.07485, 138.76888000000014, 2, 0.5, 0]
INFO:root:-2.60028
INFO:root:[-0.33345, -0.07485, 138.77096000000014, 2, 0.5, 0]
INFO:root:-2.619852
INFO:root:[-0.33345, -0.07485, 138.77304000000015, 2, 0.5, 0]
INFO:root:-2.335488
INFO:root:[-0.33345, -0.07485, 138.77512000000016, 2, 0.5, 0]
INFO:root:-2.3712225
INFO:root:[-0.33345, -0.07485, 138.77304000000015, 2, 0.5, 0]
INFO:root:Z optim ends at: [-0.33345, -0.07485, 138.77304000000015, 2, 0.5, 0]
INFO:root:Scan update starts at: [-0.33345, -0.07485, 138.77304000000015, 2, 0.5, 0]
INFO:root:Start Tcounts: [22348, 52701, -19673, 2175, 75300, -31145]
INFO:root:Start Xstep (loss then pos)
INFO:root:-2.349326
INFO:root:22348
INFO:root:-2.354955
INFO:root:22338
INFO:root:-2.523263
INFO:root:22328
INFO:root:Over
INFO:root:Start Ystep (loss then pos)
INFO:root:-2.367656
INFO:root:52701
INFO:root:-2.501066
INFO:root:52711
INFO:root:Change direction
INFO:root:-2.451188
INFO:root:52691
INFO:root:-2.6804715000000003
INFO:root:52681
INFO:root:Over
INFO:root:Scan update ends at: [-0.33395, -0.07535, 138.77304000000015, 2, 0.5, 0]
INFO:root:X change: -10; Y change: -10
INFO:root:Z optim starts at (pos then loss): [-0.33395, -0.07535, 138.77304000000015, 2, 0.5, 0]
INFO:root:-2.422057
INFO:root:[-0.33395, -0.07535, 138.77496000000016, 2, 0.5, 0]
INFO:root:-2.296555
INFO:root:[-0.33395, -0.07535, 138.77688000000018, 2, 0.5, 0]
INFO:root:-2.2537079999999996
INFO:root:[-0.33395, -0.07535, 138.7788000000002, 2, 0.5, 0]
INFO:root:-2.0911495
INFO:root:[-0.33395, -0.07535, 138.7807200000002, 2, 0.5, 0]
INFO:root:-2.002487
INFO:root:[-0.33395, -0.07535, 138.7826400000002, 2, 0.5, 0]
INFO:root:-1.934917
INFO:root:[-0.33395, -0.07535, 138.78456000000023, 2, 0.5, 0]
INFO:root:-1.753208
INFO:root:[-0.33395, -0.07535, 138.78648000000024, 2, 0.5, 0]
INFO:root:-1.833731
INFO:root:[-0.33395, -0.07535, 138.78456000000023, 2, 0.5, 0]
INFO:root:Z optim ends at: [-0.33395, -0.07535, 138.78456000000023, 2, 0.5, 0]
INFO:root:Change to Final_adjust
INFO:root:Scan update starts at: [-0.33395, -0.07535, 138.78456000000023, 2, 0.5, 0]
INFO:root:Start Tcounts: [22685, 52699, -19509, 2437, 75495, -31465]
INFO:root:Start Xstep (loss then pos)
INFO:root:-1.702825
INFO:root:22685
INFO:root:-1.710107
INFO:root:22681
INFO:root:-1.757343
INFO:root:22677
INFO:root:Over
INFO:root:Start Ystep (loss then pos)
INFO:root:-1.69279
INFO:root:52699
INFO:root:-1.755615
INFO:root:52695
INFO:root:Change direction
INFO:root:-1.576157
INFO:root:52703
INFO:root:-1.558039
INFO:root:52707
INFO:root:-1.549359
INFO:root:52711
INFO:root:-1.5566084999999998
INFO:root:52715
INFO:root:-1.6337350000000002
INFO:root:52719
INFO:root:Over
INFO:root:Scan update ends at: [-0.33415, -0.07455, 138.78456000000023, 2, 0.5, 0]
INFO:root:X change: -4; Y change: 16
INFO:root:Z optim starts at (pos then loss): [-0.33415, -0.07455, 138.78456000000023, 2, 0.5, 0]
INFO:root:-1.5493329999999998
INFO:root:[-0.33415, -0.07455, 138.78606000000022, 2, 0.5, 0]
INFO:root:-1.486365
INFO:root:[-0.33415, -0.07455, 138.7875600000002, 2, 0.5, 0]
INFO:root:-1.4036125
INFO:root:[-0.33415, -0.07455, 138.7890600000002, 2, 0.5, 0]
INFO:root:-1.34719
INFO:root:[-0.33415, -0.07455, 138.7905600000002, 2, 0.5, 0]
INFO:root:-1.284556
INFO:root:[-0.33415, -0.07455, 138.7920600000002, 2, 0.5, 0]
INFO:root:-1.244908
INFO:root:[-0.33415, -0.07455, 138.79356000000018, 2, 0.5, 0]
INFO:root:-1.2013965
INFO:root:[-0.33415, -0.07455, 138.79506000000018, 2, 0.5, 0]
INFO:root:-1.205807
INFO:root:[-0.33415, -0.07455, 138.79656000000017, 2, 0.5, 0]
INFO:root:-1.1887750000000001
INFO:root:[-0.33415, -0.07455, 138.79806000000016, 2, 0.5, 0]
INFO:root:-1.174889
INFO:root:[-0.33415, -0.07455, 138.79956000000016, 2, 0.5, 0]
INFO:root:-1.226867
INFO:root:[-0.33415, -0.07455, 138.79806000000016, 2, 0.5, 0]
INFO:root:Z optim ends at: [-0.33415, -0.07455, 138.79806000000016, 2, 0.5, 0]
INFO:root:Change to Final_adjust
INFO:root:Scan update starts at: [-0.33415, -0.07455, 138.79806000000016, 2, 0.5, 0]
INFO:root:Start Tcounts: [23087, 52724, -19325, 2771, 75717, -31813]
INFO:root:Start Xstep (loss then pos)
INFO:root:-0.9747934
INFO:root:23087
INFO:root:-0.9585215
INFO:root:23083
INFO:root:-0.8652767
INFO:root:23079
INFO:root:-0.7650565
INFO:root:23075
INFO:root:-0.7320023
INFO:root:23071
INFO:root:-0.7188772
INFO:root:23067
INFO:root:-0.7442614000000001
INFO:root:23063
INFO:root:Over
INFO:root:Start Ystep (loss then pos)
INFO:root:-0.7206759
INFO:root:52724
INFO:root:-0.7445257
INFO:root:52728
INFO:root:Change direction
INFO:root:-0.7413313
INFO:root:52720
INFO:root:-0.7755548
INFO:root:52716
INFO:root:Over
INFO:root:Scan update ends at: [-0.33515, -0.07475000000000001, 138.79806000000016, 2, 0.5, 0]
INFO:root:X change: -20; Y change: -4
INFO:root:Z optim starts at (pos then loss): [-0.33515, -0.07475000000000001, 138.79806000000016, 2, 0.5, 0]
INFO:root:-0.7211622
INFO:root:[-0.33515, -0.07475000000000001, 138.79956000000016, 2, 0.5, 0]
INFO:root:-0.6998694
INFO:root:[-0.33515, -0.07475000000000001, 138.80106000000015, 2, 0.5, 0]
INFO:root:-0.6659046
INFO:root:[-0.33515, -0.07475000000000001, 138.80256000000014, 2, 0.5, 0]
INFO:root:-0.627421
INFO:root:[-0.33515, -0.07475000000000001, 138.80406000000013, 2, 0.5, 0]
INFO:root:-0.6138898
INFO:root:[-0.33515, -0.07475000000000001, 138.80556000000013, 2, 0.5, 0]
INFO:root:-0.6054946
INFO:root:[-0.33515, -0.07475000000000001, 138.80706000000012, 2, 0.5, 0]
INFO:root:-0.5756565
INFO:root:[-0.33515, -0.07475000000000001, 138.8085600000001, 2, 0.5, 0]
INFO:root:-0.602561
INFO:root:[-0.33515, -0.07475000000000001, 138.80706000000012, 2, 0.5, 0]
INFO:root:Z optim ends at: [-0.33515, -0.07475000000000001, 138.80706000000012, 2, 0.5, 0]
INFO:root:Change to Final_adjust
INFO:root:Scan update starts at: [-0.33515, -0.07475000000000001, 138.80706000000012, 2, 0.5, 0]
INFO:root:Start Tcounts: [23338, 52726, -19184, 2979, 75882, -32059]
INFO:root:Start Xstep (loss then pos)
INFO:root:-0.39369909999999997
INFO:root:23338
INFO:root:-0.4395837
INFO:root:23334
INFO:root:Change direction
INFO:root:-0.5363430499999999
INFO:root:23342
INFO:root:Over
INFO:root:Start Ystep (loss then pos)
INFO:root:-0.4762322
INFO:root:52726
INFO:root:-0.4863187
INFO:root:52722
INFO:root:Change direction
INFO:root:-0.4275301
INFO:root:52730
INFO:root:-0.46221115
INFO:root:52734
INFO:root:Over
INFO:root:Scan update ends at: [-0.3351, -0.07455, 138.80706000000012, 2, 0.5, 0]
INFO:root:X change: 1; Y change: 4
INFO:root:Z optim starts at (pos then loss): [-0.3351, -0.07455, 138.80706000000012, 2, 0.5, 0]
INFO:root:-0.45999
INFO:root:[-0.3351, -0.07455, 138.8085600000001, 2, 0.5, 0]
INFO:root:-0.5586622
INFO:root:[-0.3351, -0.07455, 138.8076600000001, 2, 0.5, 0]
INFO:root:-0.4502007
INFO:root:[-0.3351, -0.07455, 138.8082600000001, 2, 0.5, 0]
INFO:root:-0.5679997
INFO:root:[-0.3351, -0.07455, 138.8076600000001, 2, 0.5, 0]
INFO:root:Z optim ends at: [-0.3351, -0.07455, 138.8076600000001, 2, 0.5, 0]
INFO:root:Change to Final_adjust
INFO:root:Scan update starts at: [-0.3351, -0.07455, 138.8076600000001, 2, 0.5, 0]
INFO:root:Start Tcounts: [23357, 52731, -19177, 2997, 75891, -32071]
INFO:root:Start Xstep (loss then pos)
INFO:root:-0.47176415
INFO:root:23357
INFO:root:-0.5873365500000001
INFO:root:23361
INFO:root:Change direction
INFO:root:-0.4125341
INFO:root:23353
INFO:root:-0.3757847
INFO:root:23349
INFO:root:-0.3080743
INFO:root:23345
INFO:root:-0.3236299
INFO:root:23341
INFO:root:Over
INFO:root:Start Ystep (loss then pos)
INFO:root:-0.3072625
INFO:root:52731
INFO:root:-0.3405704
INFO:root:52735
INFO:root:Change direction
INFO:root:-0.3218756
INFO:root:52727
INFO:root:-0.43379449999999997
INFO:root:52723
INFO:root:Over
INFO:root:Scan update ends at: [-0.3357, -0.07475000000000001, 138.8076600000001, 2, 0.5, 0]
INFO:root:X change: -12; Y change: -4
INFO:root:Z optim starts at (pos then loss): [-0.3357, -0.07475000000000001, 138.8076600000001, 2, 0.5, 0]
INFO:root:-0.33129390000000003
INFO:root:[-0.3357, -0.07475000000000001, 138.8091600000001, 2, 0.5, 0]
INFO:root:-0.3761465
INFO:root:[-0.3357, -0.07475000000000001, 138.8082600000001, 2, 0.5, 0]
INFO:root:-0.3070368
INFO:root:[-0.3357, -0.07475000000000001, 138.8088600000001, 2, 0.5, 0]
INFO:root:-0.36939955
INFO:root:[-0.3357, -0.07475000000000001, 138.8082600000001, 2, 0.5, 0]
INFO:root:Z optim ends at: [-0.3357, -0.07475000000000001, 138.8082600000001, 2, 0.5, 0]
INFO:root:Change to Final_adjust
INFO:root:Scan update starts at: [-0.3357, -0.07475000000000001, 138.8082600000001, 2, 0.5, 0]
INFO:root:Start Tcounts: [23363, 52727, -19157, 3007, 75912, -32092]
INFO:root:Start Xstep (loss then pos)
INFO:root:-0.3272487
INFO:root:23363
INFO:root:-0.3282421
INFO:root:23359
INFO:root:-0.3491942
INFO:root:23355
INFO:root:Over
INFO:root:Start Ystep (loss then pos)
INFO:root:-0.3110972
INFO:root:52727
INFO:root:-0.4127421
INFO:root:52723
INFO:root:Change direction
INFO:root:-0.29273930000000004
INFO:root:52731
INFO:root:-0.3320424
INFO:root:52735
INFO:root:Over
INFO:root:Scan update ends at: [-0.3359, -0.07455, 138.8082600000001, 2, 0.5, 0]
INFO:root:X change: -4; Y change: 4
INFO:root:Z optim starts at (pos then loss): [-0.3359, -0.07455, 138.8082600000001, 2, 0.5, 0]
INFO:root:-0.2910577
INFO:root:[-0.3359, -0.07455, 138.8097600000001, 2, 0.5, 0]
INFO:root:-0.2806579
INFO:root:[-0.3359, -0.07455, 138.8112600000001, 2, 0.5, 0]
INFO:root:-0.28183315
INFO:root:[-0.3359, -0.07455, 138.81276000000008, 2, 0.5, 0]
INFO:root:-0.2929565
INFO:root:[-0.3359, -0.07455, 138.8112600000001, 2, 0.5, 0]
INFO:root:Z optim ends at: [-0.3359, -0.07455, 138.8112600000001, 2, 0.5, 0]
INFO:root:Change to Final_adjust
INFO:root:Scan update starts at: [-0.3359, -0.07455, 138.8112600000001, 2, 0.5, 0]
INFO:root:Start Tcounts: [23450, 52733, -19113, 3082, 75965, -32168]
INFO:root:Start Xstep (loss then pos)
INFO:root:-0.2404443
INFO:root:23450
INFO:root:-0.2201575
INFO:root:23446
INFO:root:-0.22762349999999998
INFO:root:23442
INFO:root:Over
INFO:root:Start Ystep (loss then pos)
INFO:root:-0.22622825000000002
INFO:root:52733
INFO:root:-0.2578382
INFO:root:52737
INFO:root:Change direction
INFO:root:-0.23803325
INFO:root:52729
INFO:root:-0.28276504999999996
INFO:root:52725
INFO:root:Over
INFO:root:Scan update ends at: [-0.33609999999999995, -0.07475000000000001, 138.8112600000001, 2, 0.5, 0]
INFO:root:X change: -4; Y change: -4
INFO:root:Z optim starts at (pos then loss): [-0.33609999999999995, -0.07475000000000001, 138.8112600000001, 2, 0.5, 0]
INFO:root:-0.2302768
INFO:root:[-0.33609999999999995, -0.07475000000000001, 138.81276000000008, 2, 0.5, 0]
INFO:root:-0.2889616
INFO:root:[-0.33609999999999995, -0.07475000000000001, 138.81186000000008, 2, 0.5, 0]
INFO:root:-0.22135090000000002
INFO:root:[-0.33609999999999995, -0.07475000000000001, 138.81246000000007, 2, 0.5, 0]
INFO:root:-0.29027235
INFO:root:[-0.33609999999999995, -0.07475000000000001, 138.81186000000008, 2, 0.5, 0]
INFO:root:Z optim ends at: [-0.33609999999999995, -0.07475000000000001, 138.81186000000008, 2, 0.5, 0]
INFO:root:Change to Final_adjust
INFO:root:Scan update starts at: [-0.33609999999999995, -0.07475000000000001, 138.81186000000008, 2, 0.5, 0]
INFO:root:Start Tcounts: [23464, 52730, -19101, 3092, 75978, -32189]
INFO:root:Start Xstep (loss then pos)
INFO:root:-0.2178598
INFO:root:23464
INFO:root:-0.2650062
INFO:root:23460
INFO:root:Change direction
INFO:root:-0.3030817
INFO:root:23468
INFO:root:Over
INFO:root:Start Ystep (loss then pos)
INFO:root:-0.2793732
INFO:root:52730
INFO:root:-0.317372
INFO:root:52726
INFO:root:Change direction
INFO:root:-0.2160923
INFO:root:52734
INFO:root:-0.2575502
INFO:root:52738
INFO:root:Over
INFO:root:Scan update ends at: [-0.33604999999999996, -0.07455, 138.81186000000008, 2, 0.5, 0]
INFO:root:X change: 1; Y change: 4
INFO:root:Z optim starts at (pos then loss): [-0.33604999999999996, -0.07455, 138.81186000000008, 2, 0.5, 0]
INFO:root:-0.21059675
INFO:root:[-0.33604999999999996, -0.07455, 138.81336000000007, 2, 0.5, 0]
INFO:root:-0.2405066
INFO:root:[-0.33604999999999996, -0.07455, 138.81246000000007, 2, 0.5, 0]
INFO:root:-0.2046805
INFO:root:[-0.33604999999999996, -0.07455, 138.81306000000006, 2, 0.5, 0]
INFO:root:-0.2474303
INFO:root:[-0.33604999999999996, -0.07455, 138.81246000000007, 2, 0.5, 0]
INFO:root:Z optim ends at: [-0.33604999999999996, -0.07455, 138.81246000000007, 2, 0.5, 0]
INFO:root:Change to Final_adjust
INFO:root:Scan update starts at: [-0.33604999999999996, -0.07455, 138.81246000000007, 2, 0.5, 0]
INFO:root:Start Tcounts: [23483, 52734, -19094, 3110, 75987, -32201]
INFO:root:Start Xstep (loss then pos)
INFO:root:-0.2286562
INFO:root:23483
INFO:root:-0.3193051
INFO:root:23487
INFO:root:Change direction
INFO:root:-0.1991606
INFO:root:23479
INFO:root:-0.2164897
INFO:root:23475
INFO:root:Over
INFO:root:Start Ystep (loss then pos)
INFO:root:-0.2032205
INFO:root:52734
INFO:root:-0.2477046
INFO:root:52738
INFO:root:Change direction
INFO:root:-0.2409562
INFO:root:52730
INFO:root:-0.2960141
INFO:root:52726
INFO:root:Over
INFO:root:Scan update ends at: [-0.33624999999999994, -0.07475000000000001, 138.81246000000007, 2, 0.5, 0]
INFO:root:X change: -4; Y change: -4
INFO:root:Z optim starts at (pos then loss): [-0.33624999999999994, -0.07475000000000001, 138.81246000000007, 2, 0.5, 0]
INFO:root:-0.2154226
INFO:root:[-0.33624999999999994, -0.07475000000000001, 138.81396000000007, 2, 0.5, 0]
INFO:root:-0.2661377
INFO:root:[-0.33624999999999994, -0.07475000000000001, 138.81306000000006, 2, 0.5, 0]
INFO:root:-0.2049572
INFO:root:[-0.33624999999999994, -0.07475000000000001, 138.81366000000006, 2, 0.5, 0]
INFO:root:-0.25612579999999996
INFO:root:[-0.33624999999999994, -0.07475000000000001, 138.81306000000006, 2, 0.5, 0]
INFO:root:Z optim ends at: [-0.33624999999999994, -0.07475000000000001, 138.81306000000006, 2, 0.5, 0]
INFO:root:Change to Final_adjust
INFO:root:Scan update starts at: [-0.33624999999999994, -0.07475000000000001, 138.81306000000006, 2, 0.5, 0]
INFO:root:Start Tcounts: [23497, 52731, -19082, 3121, 76001, -32221]
INFO:root:Start Xstep (loss then pos)
INFO:root:-0.1977285
INFO:root:23497
INFO:root:-0.20601045
INFO:root:23493
INFO:root:Change direction
INFO:root:-0.2446027
INFO:root:23501
INFO:root:Over
INFO:root:Start Ystep (loss then pos)
INFO:root:-0.2105708
INFO:root:52731
INFO:root:-0.28426589999999996
INFO:root:52727
INFO:root:Change direction
INFO:root:-0.20406245
INFO:root:52735
INFO:root:-0.26159095
INFO:root:52739
INFO:root:Over
INFO:root:Scan update ends at: [-0.33619999999999994, -0.07455, 138.81306000000006, 2, 0.5, 0]
INFO:root:X change: 1; Y change: 4
INFO:root:Z optim starts at (pos then loss): [-0.33619999999999994, -0.07455, 138.81306000000006, 2, 0.5, 0]
INFO:root:-0.20271205
INFO:root:[-0.33619999999999994, -0.07455, 138.81456000000006, 2, 0.5, 0]
INFO:root:-0.2251222
INFO:root:[-0.33619999999999994, -0.07455, 138.81366000000006, 2, 0.5, 0]
INFO:root:-0.1922638
INFO:root:[-0.33619999999999994, -0.07455, 138.81426000000005, 2, 0.5, 0]
INFO:root:-0.2222099
INFO:root:[-0.33619999999999994, -0.07455, 138.81366000000006, 2, 0.5, 0]
INFO:root:Z optim ends at: [-0.33619999999999994, -0.07455, 138.81366000000006, 2, 0.5, 0]
INFO:root:Change to Final_adjust
INFO:root:Scan update starts at: [-0.33619999999999994, -0.07455, 138.81366000000006, 2, 0.5, 0]
INFO:root:Start Tcounts: [23516, 52735, -19075, 3139, 76009, -32233]
INFO:root:Start Xstep (loss then pos)
INFO:root:-0.2118476
INFO:root:23516
INFO:root:-0.25057125
INFO:root:23520
INFO:root:Change direction
INFO:root:-0.19697075
INFO:root:23512
INFO:root:-0.20708575
INFO:root:23508
INFO:root:Over
INFO:root:Start Ystep (loss then pos)
INFO:root:-0.2005829
INFO:root:52735
INFO:root:-0.2605868
INFO:root:52739
INFO:root:Change direction
INFO:root:-0.2034184
INFO:root:52731
INFO:root:-0.2332158
INFO:root:52727
INFO:root:Over
INFO:root:Scan update ends at: [-0.3363999999999999, -0.07475000000000001, 138.81366000000006, 2, 0.5, 0]
INFO:root:X change: -4; Y change: -4
INFO:root:Z optim starts at (pos then loss): [-0.3363999999999999, -0.07475000000000001, 138.81366000000006, 2, 0.5, 0]
INFO:root:-0.18466175
INFO:root:[-0.3363999999999999, -0.07475000000000001, 138.81516000000005, 2, 0.5, 0]
INFO:root:-0.2575502
INFO:root:[-0.3363999999999999, -0.07475000000000001, 138.81426000000005, 2, 0.5, 0]
INFO:root:-0.1808162
INFO:root:[-0.3363999999999999, -0.07475000000000001, 138.81486000000004, 2, 0.5, 0]
INFO:root:-0.24936955
INFO:root:[-0.3363999999999999, -0.07475000000000001, 138.81426000000005, 2, 0.5, 0]
INFO:root:Z optim ends at: [-0.3363999999999999, -0.07475000000000001, 138.81426000000005, 2, 0.5, 0]
INFO:root:Change to Final_adjust
INFO:root:Scan update starts at: [-0.3363999999999999, -0.07475000000000001, 138.81426000000005, 2, 0.5, 0]
INFO:root:Start Tcounts: [23530, 52732, -19063, 3149, 76023, -32253]
INFO:root:Start Xstep (loss then pos)
INFO:root:-0.1990875
INFO:root:23530
INFO:root:-0.23789654999999998
INFO:root:23526
INFO:root:Change direction
INFO:root:-0.2467558
INFO:root:23534
INFO:root:Over
INFO:root:Start Ystep (loss then pos)
INFO:root:-0.2493063
INFO:root:52732
INFO:root:-0.2244254
INFO:root:52728
INFO:root:-0.3568588
INFO:root:52724
INFO:root:Over
INFO:root:Scan update ends at: [-0.3363499999999999, -0.07495000000000002, 138.81426000000005, 2, 0.5, 0]
INFO:root:X change: 1; Y change: -4
INFO:root:Z optim starts at (pos then loss): [-0.3363499999999999, -0.07495000000000002, 138.81426000000005, 2, 0.5, 0]
INFO:root:-0.2264642
INFO:root:[-0.3363499999999999, -0.07495000000000002, 138.81576000000004, 2, 0.5, 0]
INFO:root:-0.3750896
INFO:root:[-0.3363499999999999, -0.07495000000000002, 138.81486000000004, 2, 0.5, 0]
INFO:root:-0.2089965
INFO:root:[-0.3363499999999999, -0.07495000000000002, 138.81546000000003, 2, 0.5, 0]
INFO:root:-0.3457426
INFO:root:[-0.3363499999999999, -0.07495000000000002, 138.81486000000004, 2, 0.5, 0]
INFO:root:Z optim ends at: [-0.3363499999999999, -0.07495000000000002, 138.81486000000004, 2, 0.5, 0]
INFO:root:Change to Final_adjust
INFO:root:Scan update starts at: [-0.3363499999999999, -0.07495000000000002, 138.81486000000004, 2, 0.5, 0]
INFO:root:Start Tcounts: [23549, 52728, -19056, 3159, 76032, -32274]
INFO:root:Start Xstep (loss then pos)
INFO:root:-0.2224559
INFO:root:23549
INFO:root:-0.3522426
INFO:root:23553
INFO:root:Change direction
INFO:root:-0.22188515
INFO:root:23545
INFO:root:-0.29363995
INFO:root:23541
INFO:root:Over
INFO:root:Start Ystep (loss then pos)
INFO:root:-0.2697314
INFO:root:52728
INFO:root:-0.34075155
INFO:root:52724
INFO:root:Change direction
INFO:root:-0.1829952
INFO:root:52732
INFO:root:-0.1958201
INFO:root:52736
INFO:root:Over
INFO:root:Scan update ends at: [-0.3365499999999999, -0.07475000000000001, 138.81486000000004, 2, 0.5, 0]
INFO:root:X change: -4; Y change: 4
INFO:root:Better than -0.2
